Running task 192 with seed=21 and percentage=0.25
Epoch 0, Loss Total: 84.1280517578125, Loss Train: 135.8021240234375, Loss Test: 129.9080047607422
Epoch 100, Loss Total: 45.15604782104492, Loss Train: 44.21843338012695, Loss Test: 67.16665649414062
Epoch 200, Loss Total: 41.11447525024414, Loss Train: 20.681819915771484, Loss Test: 40.3157958984375
Epoch 300, Loss Total: 44.3609619140625, Loss Train: 11.109804153442383, Loss Test: 32.693138122558594
Epoch 400, Loss Total: 47.639503479003906, Loss Train: 6.362852096557617, Loss Test: 30.258132934570312
Epoch 500, Loss Total: 50.20025634765625, Loss Train: 3.7731926441192627, Loss Test: 29.45013427734375
Epoch 600, Loss Total: 52.1043586730957, Loss Train: 2.2793428897857666, Loss Test: 29.201194763183594
Epoch 700, Loss Total: 53.51646041870117, Loss Train: 1.3902260065078735, Loss Test: 29.155397415161133
Epoch 800, Loss Total: 54.57355880737305, Loss Train: 0.8521081209182739, Loss Test: 29.183732986450195
Epoch 900, Loss Total: 55.37275695800781, Loss Train: 0.5233134627342224, Loss Test: 29.236501693725586
Epoch 1000, Loss Total: 55.981685638427734, Loss Train: 0.3212044835090637, Loss Test: 29.2940673828125
Epoch 1100, Loss Total: 56.448028564453125, Loss Train: 0.19650326669216156, Loss Test: 29.348655700683594
Epoch 1200, Loss Total: 56.806026458740234, Loss Train: 0.1194562315940857, Loss Test: 29.397294998168945
Epoch 1300, Loss Total: 57.08069610595703, Loss Train: 0.07192161679267883, Loss Test: 29.439054489135742
Epoch 1400, Loss Total: 57.29079818725586, Loss Train: 0.042737893760204315, Loss Test: 29.473962783813477
Epoch 1500, Loss Total: 57.45074462890625, Loss Train: 0.024977996945381165, Loss Test: 29.502534866333008
Epoch 1600, Loss Total: 57.57175064086914, Loss Train: 0.014310364611446857, Loss Test: 29.525516510009766
Epoch 1700, Loss Total: 57.662654876708984, Loss Train: 0.008014246821403503, Loss Test: 29.54372787475586
Epoch 1800, Loss Total: 57.7304573059082, Loss Train: 0.004378662444651127, Loss Test: 29.55797004699707
Epoch 1900, Loss Total: 57.78064727783203, Loss Train: 0.002332831732928753, Loss Test: 29.56897735595703
Epoch 2000, Loss Total: 57.81752395629883, Loss Train: 0.0012153881834819913, Loss Test: 29.577394485473633
Epoch 2100, Loss Total: 57.84442901611328, Loss Train: 0.000624099571723491, Loss Test: 29.58376121520996
Epoch 2200, Loss Total: 57.86391830444336, Loss Train: 0.0003222151717636734, Loss Test: 29.588529586791992
Epoch 2300, Loss Total: 57.87794494628906, Loss Train: 0.0001735532860038802, Loss Test: 29.592073440551758
Epoch 2400, Loss Total: 57.88796615600586, Loss Train: 0.00010277140245307237, Loss Test: 29.59467887878418
Epoch 2500, Loss Total: 57.89509582519531, Loss Train: 7.0264155510813e-05, Loss Test: 29.596580505371094
Epoch 2600, Loss Total: 57.90012741088867, Loss Train: 5.591986337094568e-05, Loss Test: 29.59795379638672
Epoch 2700, Loss Total: 57.90366744995117, Loss Train: 4.945081673213281e-05, Loss Test: 29.59894561767578
Epoch 2800, Loss Total: 57.90614700317383, Loss Train: 4.67095487692859e-05, Loss Test: 29.599658966064453
Epoch 2900, Loss Total: 57.90788269042969, Loss Train: 4.558773071039468e-05, Loss Test: 29.600162506103516
Epoch 3000, Loss Total: 57.90909194946289, Loss Train: 4.493970118346624e-05, Loss Test: 29.600521087646484
Epoch 3100, Loss Total: 57.909934997558594, Loss Train: 4.468286351766437e-05, Loss Test: 29.60077476501465
Epoch 3200, Loss Total: 57.910526275634766, Loss Train: 4.456302849575877e-05, Loss Test: 29.600954055786133
Epoch 3300, Loss Total: 57.91094207763672, Loss Train: 4.452337452676147e-05, Loss Test: 29.60108184814453
Epoch 3400, Loss Total: 57.9111442565918, Loss Train: 4.447923129191622e-05, Loss Test: 29.601146697998047
Epoch 3500, Loss Total: 57.911224365234375, Loss Train: 4.4470871216617525e-05, Loss Test: 29.601171493530273
Epoch 3600, Loss Total: 57.9112548828125, Loss Train: 4.447087485459633e-05, Loss Test: 29.601181030273438
Epoch 3700, Loss Total: 57.9112663269043, Loss Train: 4.4470882130553946e-05, Loss Test: 29.601184844970703
Epoch 3800, Loss Total: 57.91127395629883, Loss Train: 4.4470882130553946e-05, Loss Test: 29.601186752319336
Epoch 3900, Loss Total: 57.91127395629883, Loss Train: 4.4470882130553946e-05, Loss Test: 29.601186752319336
Epoch 4000, Loss Total: 57.91127395629883, Loss Train: 4.4470882130553946e-05, Loss Test: 29.601186752319336
Epoch 4100, Loss Total: 57.91127395629883, Loss Train: 4.4470882130553946e-05, Loss Test: 29.601186752319336
Epoch 4200, Loss Total: 57.91127395629883, Loss Train: 4.4470882130553946e-05, Loss Test: 29.601186752319336
Epoch 4300, Loss Total: 57.91127395629883, Loss Train: 4.4470882130553946e-05, Loss Test: 29.601186752319336
Epoch 4400, Loss Total: 57.91127395629883, Loss Train: 4.4470882130553946e-05, Loss Test: 29.601186752319336
Epoch 4500, Loss Total: 57.91127395629883, Loss Train: 4.4470882130553946e-05, Loss Test: 29.601186752319336
Epoch 4600, Loss Total: 57.91127395629883, Loss Train: 4.4470882130553946e-05, Loss Test: 29.601186752319336
Epoch 4700, Loss Total: 57.91127395629883, Loss Train: 4.4470882130553946e-05, Loss Test: 29.601186752319336
Epoch 4800, Loss Total: 57.91127395629883, Loss Train: 4.4470882130553946e-05, Loss Test: 29.601186752319336
Epoch 4900, Loss Total: 57.91127395629883, Loss Train: 4.4470882130553946e-05, Loss Test: 29.601186752319336
Epoch 5000, Loss Total: 57.91127395629883, Loss Train: 4.4470882130553946e-05, Loss Test: 29.601186752319336
Epoch 5100, Loss Total: 57.91127395629883, Loss Train: 4.4470882130553946e-05, Loss Test: 29.601186752319336
Epoch 5200, Loss Total: 57.91127395629883, Loss Train: 4.4470882130553946e-05, Loss Test: 29.601186752319336
Epoch 5300, Loss Total: 57.91127395629883, Loss Train: 4.4470882130553946e-05, Loss Test: 29.601186752319336
Epoch 5400, Loss Total: 57.91127395629883, Loss Train: 4.4470882130553946e-05, Loss Test: 29.601186752319336
Epoch 5500, Loss Total: 57.91127395629883, Loss Train: 4.4470882130553946e-05, Loss Test: 29.601186752319336
Epoch 5600, Loss Total: 57.91127395629883, Loss Train: 4.4470882130553946e-05, Loss Test: 29.601186752319336
Epoch 5700, Loss Total: 57.91127395629883, Loss Train: 4.4470882130553946e-05, Loss Test: 29.601186752319336
Epoch 5800, Loss Total: 57.91127395629883, Loss Train: 4.4470882130553946e-05, Loss Test: 29.601186752319336
Epoch 5900, Loss Total: 57.91127395629883, Loss Train: 4.4470882130553946e-05, Loss Test: 29.601186752319336
Epoch 6000, Loss Total: 57.91127395629883, Loss Train: 4.4470882130553946e-05, Loss Test: 29.601186752319336
Epoch 6100, Loss Total: 57.91127395629883, Loss Train: 4.4470882130553946e-05, Loss Test: 29.601186752319336
Epoch 6200, Loss Total: 57.91127395629883, Loss Train: 4.4470882130553946e-05, Loss Test: 29.601186752319336
Epoch 6300, Loss Total: 57.91127395629883, Loss Train: 4.4470882130553946e-05, Loss Test: 29.601186752319336
Epoch 6400, Loss Total: 57.91127395629883, Loss Train: 4.4470882130553946e-05, Loss Test: 29.601186752319336
Epoch 6500, Loss Total: 57.91127395629883, Loss Train: 4.4470882130553946e-05, Loss Test: 29.601186752319336
Epoch 6600, Loss Total: 57.91127395629883, Loss Train: 4.4470882130553946e-05, Loss Test: 29.601186752319336
Epoch 6700, Loss Total: 57.91127395629883, Loss Train: 4.4470882130553946e-05, Loss Test: 29.601186752319336
Epoch 6800, Loss Total: 57.91127395629883, Loss Train: 4.4470882130553946e-05, Loss Test: 29.601186752319336
Epoch 6900, Loss Total: 57.91127395629883, Loss Train: 4.4470882130553946e-05, Loss Test: 29.601186752319336
Epoch 7000, Loss Total: 57.91127395629883, Loss Train: 4.4470882130553946e-05, Loss Test: 29.601186752319336
Epoch 7100, Loss Total: 57.91127395629883, Loss Train: 4.4470882130553946e-05, Loss Test: 29.601186752319336
Epoch 7200, Loss Total: 57.91127395629883, Loss Train: 4.4470882130553946e-05, Loss Test: 29.601186752319336
Epoch 7300, Loss Total: 57.91127395629883, Loss Train: 4.4470882130553946e-05, Loss Test: 29.601186752319336
Epoch 7400, Loss Total: 57.91127395629883, Loss Train: 4.4470882130553946e-05, Loss Test: 29.601186752319336
Epoch 7500, Loss Total: 57.91127395629883, Loss Train: 4.4470882130553946e-05, Loss Test: 29.601186752319336
Epoch 7600, Loss Total: 57.91127395629883, Loss Train: 4.4470882130553946e-05, Loss Test: 29.601186752319336
Epoch 7700, Loss Total: 57.91127395629883, Loss Train: 4.4470882130553946e-05, Loss Test: 29.601186752319336
Epoch 7800, Loss Total: 57.91127395629883, Loss Train: 4.4470882130553946e-05, Loss Test: 29.601186752319336
Epoch 7900, Loss Total: 57.91127395629883, Loss Train: 4.4470882130553946e-05, Loss Test: 29.601186752319336
Epoch 8000, Loss Total: 57.91127395629883, Loss Train: 4.4470882130553946e-05, Loss Test: 29.601186752319336
Epoch 8100, Loss Total: 57.91127395629883, Loss Train: 4.4470882130553946e-05, Loss Test: 29.601186752319336
Epoch 8200, Loss Total: 57.91127395629883, Loss Train: 4.4470882130553946e-05, Loss Test: 29.601186752319336
Epoch 8300, Loss Total: 57.91127395629883, Loss Train: 4.4470882130553946e-05, Loss Test: 29.601186752319336
Epoch 8400, Loss Total: 57.91127395629883, Loss Train: 4.4470882130553946e-05, Loss Test: 29.601186752319336
Epoch 8500, Loss Total: 57.91127395629883, Loss Train: 4.4470882130553946e-05, Loss Test: 29.601186752319336
Epoch 8600, Loss Total: 57.91127395629883, Loss Train: 4.4470882130553946e-05, Loss Test: 29.601186752319336
Epoch 8700, Loss Total: 57.91127395629883, Loss Train: 4.4470882130553946e-05, Loss Test: 29.601186752319336
Epoch 8800, Loss Total: 57.91127395629883, Loss Train: 4.4470882130553946e-05, Loss Test: 29.601186752319336
Epoch 8900, Loss Total: 57.91127395629883, Loss Train: 4.4470882130553946e-05, Loss Test: 29.601186752319336
Epoch 9000, Loss Total: 57.91127395629883, Loss Train: 4.4470882130553946e-05, Loss Test: 29.601186752319336
Epoch 9100, Loss Total: 57.91127395629883, Loss Train: 4.4470882130553946e-05, Loss Test: 29.601186752319336
Epoch 9200, Loss Total: 57.91127395629883, Loss Train: 4.4470882130553946e-05, Loss Test: 29.601186752319336
Epoch 9300, Loss Total: 57.91127395629883, Loss Train: 4.4470882130553946e-05, Loss Test: 29.601186752319336
Epoch 9400, Loss Total: 57.91127395629883, Loss Train: 4.4470882130553946e-05, Loss Test: 29.601186752319336
Epoch 9500, Loss Total: 57.91127395629883, Loss Train: 4.4470882130553946e-05, Loss Test: 29.601186752319336
Epoch 9600, Loss Total: 57.91127395629883, Loss Train: 4.4470882130553946e-05, Loss Test: 29.601186752319336
Epoch 9700, Loss Total: 57.91127395629883, Loss Train: 4.4470882130553946e-05, Loss Test: 29.601186752319336
Epoch 9800, Loss Total: 57.91127395629883, Loss Train: 4.4470882130553946e-05, Loss Test: 29.601186752319336
Epoch 9900, Loss Total: 57.91127395629883, Loss Train: 4.4470882130553946e-05, Loss Test: 29.601186752319336
Epoch 10000, Loss Total: 57.91127395629883, Loss Train: 4.4470882130553946e-05, Loss Test: 29.601186752319336
Epoch 10100, Loss Total: 57.91127395629883, Loss Train: 4.4470882130553946e-05, Loss Test: 29.601186752319336
Epoch 10200, Loss Total: 57.91127395629883, Loss Train: 4.4470882130553946e-05, Loss Test: 29.601186752319336
Epoch 10300, Loss Total: 57.91127395629883, Loss Train: 4.4470882130553946e-05, Loss Test: 29.601186752319336
Epoch 10400, Loss Total: 57.91127395629883, Loss Train: 4.4470882130553946e-05, Loss Test: 29.601186752319336
Epoch 10500, Loss Total: 57.91127395629883, Loss Train: 4.4470882130553946e-05, Loss Test: 29.601186752319336
Epoch 10600, Loss Total: 57.91127395629883, Loss Train: 4.4470882130553946e-05, Loss Test: 29.601186752319336
Epoch 10700, Loss Total: 57.91127395629883, Loss Train: 4.4470882130553946e-05, Loss Test: 29.601186752319336
Epoch 10800, Loss Total: 57.91127395629883, Loss Train: 4.4470882130553946e-05, Loss Test: 29.601186752319336
Epoch 10900, Loss Total: 57.91127395629883, Loss Train: 4.4470882130553946e-05, Loss Test: 29.601186752319336
Epoch 11000, Loss Total: 57.91127395629883, Loss Train: 4.4470882130553946e-05, Loss Test: 29.601186752319336
Epoch 11100, Loss Total: 57.91127395629883, Loss Train: 4.4470882130553946e-05, Loss Test: 29.601186752319336
Epoch 11200, Loss Total: 57.91127395629883, Loss Train: 4.4470882130553946e-05, Loss Test: 29.601186752319336
Epoch 11300, Loss Total: 57.91127395629883, Loss Train: 4.4470882130553946e-05, Loss Test: 29.601186752319336
Epoch 11400, Loss Total: 57.91127395629883, Loss Train: 4.4470882130553946e-05, Loss Test: 29.601186752319336
Epoch 11500, Loss Total: 57.91127395629883, Loss Train: 4.4470882130553946e-05, Loss Test: 29.601186752319336
Epoch 11600, Loss Total: 57.91127395629883, Loss Train: 4.4470882130553946e-05, Loss Test: 29.601186752319336
Epoch 11700, Loss Total: 57.91127395629883, Loss Train: 4.4470882130553946e-05, Loss Test: 29.601186752319336
Epoch 11800, Loss Total: 57.91127395629883, Loss Train: 4.4470882130553946e-05, Loss Test: 29.601186752319336
Epoch 11900, Loss Total: 57.91127395629883, Loss Train: 4.4470882130553946e-05, Loss Test: 29.601186752319336
Epoch 12000, Loss Total: 57.91127395629883, Loss Train: 4.4470882130553946e-05, Loss Test: 29.601186752319336
Epoch 12100, Loss Total: 57.91127395629883, Loss Train: 4.4470882130553946e-05, Loss Test: 29.601186752319336
Epoch 12200, Loss Total: 57.91127395629883, Loss Train: 4.4470882130553946e-05, Loss Test: 29.601186752319336
Epoch 12300, Loss Total: 57.91127395629883, Loss Train: 4.4470882130553946e-05, Loss Test: 29.601186752319336
Epoch 12400, Loss Total: 57.91127395629883, Loss Train: 4.4470882130553946e-05, Loss Test: 29.601186752319336
Epoch 12500, Loss Total: 57.91127395629883, Loss Train: 4.4470882130553946e-05, Loss Test: 29.601186752319336
Epoch 12600, Loss Total: 57.91127395629883, Loss Train: 4.4470882130553946e-05, Loss Test: 29.601186752319336
Epoch 12700, Loss Total: 57.91127395629883, Loss Train: 4.4470882130553946e-05, Loss Test: 29.601186752319336
Epoch 12800, Loss Total: 57.91127395629883, Loss Train: 4.4470882130553946e-05, Loss Test: 29.601186752319336
Epoch 12900, Loss Total: 57.91127395629883, Loss Train: 4.4470882130553946e-05, Loss Test: 29.601186752319336
Epoch 13000, Loss Total: 57.91127395629883, Loss Train: 4.4470882130553946e-05, Loss Test: 29.601186752319336
Epoch 13100, Loss Total: 57.91127395629883, Loss Train: 4.4470882130553946e-05, Loss Test: 29.601186752319336
Epoch 13200, Loss Total: 57.91127395629883, Loss Train: 4.4470882130553946e-05, Loss Test: 29.601186752319336
Epoch 13300, Loss Total: 57.91127395629883, Loss Train: 4.4470882130553946e-05, Loss Test: 29.601186752319336
Epoch 13400, Loss Total: 57.91127395629883, Loss Train: 4.4470882130553946e-05, Loss Test: 29.601186752319336
Epoch 13500, Loss Total: 57.91127395629883, Loss Train: 4.4470882130553946e-05, Loss Test: 29.601186752319336
Epoch 13600, Loss Total: 57.91127395629883, Loss Train: 4.4470882130553946e-05, Loss Test: 29.601186752319336
Epoch 13700, Loss Total: 57.91127395629883, Loss Train: 4.4470882130553946e-05, Loss Test: 29.601186752319336
Epoch 13800, Loss Total: 57.91127395629883, Loss Train: 4.4470882130553946e-05, Loss Test: 29.601186752319336
Epoch 13900, Loss Total: 57.91127395629883, Loss Train: 4.4470882130553946e-05, Loss Test: 29.601186752319336
Epoch 14000, Loss Total: 57.91127395629883, Loss Train: 4.4470882130553946e-05, Loss Test: 29.601186752319336
Epoch 14100, Loss Total: 57.91127395629883, Loss Train: 4.4470882130553946e-05, Loss Test: 29.601186752319336
Epoch 14200, Loss Total: 57.91127395629883, Loss Train: 4.4470882130553946e-05, Loss Test: 29.601186752319336
Epoch 14300, Loss Total: 57.91127395629883, Loss Train: 4.4470882130553946e-05, Loss Test: 29.601186752319336
Epoch 14400, Loss Total: 57.91127395629883, Loss Train: 4.4470882130553946e-05, Loss Test: 29.601186752319336
Epoch 14500, Loss Total: 57.91127395629883, Loss Train: 4.4470882130553946e-05, Loss Test: 29.601186752319336
Epoch 14600, Loss Total: 57.91127395629883, Loss Train: 4.4470882130553946e-05, Loss Test: 29.601186752319336
Epoch 14700, Loss Total: 57.91127395629883, Loss Train: 4.4470882130553946e-05, Loss Test: 29.601186752319336
Epoch 14800, Loss Total: 57.91127395629883, Loss Train: 4.4470882130553946e-05, Loss Test: 29.601186752319336
Epoch 14900, Loss Total: 57.91127395629883, Loss Train: 4.4470882130553946e-05, Loss Test: 29.601186752319336
Epoch 15000, Loss Total: 57.91127395629883, Loss Train: 4.4470882130553946e-05, Loss Test: 29.601186752319336
Epoch 15100, Loss Total: 57.91127395629883, Loss Train: 4.4470882130553946e-05, Loss Test: 29.601186752319336
Epoch 15200, Loss Total: 57.91127395629883, Loss Train: 4.4470882130553946e-05, Loss Test: 29.601186752319336
Epoch 15300, Loss Total: 57.91127395629883, Loss Train: 4.4470882130553946e-05, Loss Test: 29.601186752319336
Epoch 15400, Loss Total: 57.91127395629883, Loss Train: 4.4470882130553946e-05, Loss Test: 29.601186752319336
Epoch 15500, Loss Total: 57.91127395629883, Loss Train: 4.4470882130553946e-05, Loss Test: 29.601186752319336
Epoch 15600, Loss Total: 57.91127395629883, Loss Train: 4.4470882130553946e-05, Loss Test: 29.601186752319336
Epoch 15700, Loss Total: 57.91127395629883, Loss Train: 4.4470882130553946e-05, Loss Test: 29.601186752319336
Epoch 15800, Loss Total: 57.91127395629883, Loss Train: 4.4470882130553946e-05, Loss Test: 29.601186752319336
Epoch 15900, Loss Total: 57.91127395629883, Loss Train: 4.4470882130553946e-05, Loss Test: 29.601186752319336
Epoch 16000, Loss Total: 57.91127395629883, Loss Train: 4.4470882130553946e-05, Loss Test: 29.601186752319336
Epoch 16100, Loss Total: 57.91127395629883, Loss Train: 4.4470882130553946e-05, Loss Test: 29.601186752319336
Epoch 16200, Loss Total: 57.91127395629883, Loss Train: 4.4470882130553946e-05, Loss Test: 29.601186752319336
Epoch 16300, Loss Total: 57.91127395629883, Loss Train: 4.4470882130553946e-05, Loss Test: 29.601186752319336
Epoch 16400, Loss Total: 57.91127395629883, Loss Train: 4.4470882130553946e-05, Loss Test: 29.601186752319336
Epoch 16500, Loss Total: 57.91127395629883, Loss Train: 4.4470882130553946e-05, Loss Test: 29.601186752319336
Epoch 16600, Loss Total: 57.91127395629883, Loss Train: 4.4470882130553946e-05, Loss Test: 29.601186752319336
Epoch 16700, Loss Total: 57.91127395629883, Loss Train: 4.4470882130553946e-05, Loss Test: 29.601186752319336
Epoch 16800, Loss Total: 57.91127395629883, Loss Train: 4.4470882130553946e-05, Loss Test: 29.601186752319336
Epoch 16900, Loss Total: 57.91127395629883, Loss Train: 4.4470882130553946e-05, Loss Test: 29.601186752319336
Epoch 17000, Loss Total: 57.91127395629883, Loss Train: 4.4470882130553946e-05, Loss Test: 29.601186752319336
Epoch 17100, Loss Total: 57.91127395629883, Loss Train: 4.4470882130553946e-05, Loss Test: 29.601186752319336
Epoch 17200, Loss Total: 57.91127395629883, Loss Train: 4.4470882130553946e-05, Loss Test: 29.601186752319336
Epoch 17300, Loss Total: 57.91127395629883, Loss Train: 4.4470882130553946e-05, Loss Test: 29.601186752319336
Epoch 17400, Loss Total: 57.91127395629883, Loss Train: 4.4470882130553946e-05, Loss Test: 29.601186752319336
Epoch 17500, Loss Total: 57.91127395629883, Loss Train: 4.4470882130553946e-05, Loss Test: 29.601186752319336
Epoch 17600, Loss Total: 57.91127395629883, Loss Train: 4.4470882130553946e-05, Loss Test: 29.601186752319336
Epoch 17700, Loss Total: 57.91127395629883, Loss Train: 4.4470882130553946e-05, Loss Test: 29.601186752319336
Epoch 17800, Loss Total: 57.91127395629883, Loss Train: 4.4470882130553946e-05, Loss Test: 29.601186752319336
Epoch 17900, Loss Total: 57.91127395629883, Loss Train: 4.4470882130553946e-05, Loss Test: 29.601186752319336
Epoch 18000, Loss Total: 57.91127395629883, Loss Train: 4.4470882130553946e-05, Loss Test: 29.601186752319336
Epoch 18100, Loss Total: 57.91127395629883, Loss Train: 4.4470882130553946e-05, Loss Test: 29.601186752319336
Epoch 18200, Loss Total: 57.91127395629883, Loss Train: 4.4470882130553946e-05, Loss Test: 29.601186752319336
Epoch 18300, Loss Total: 57.91127395629883, Loss Train: 4.4470882130553946e-05, Loss Test: 29.601186752319336
Epoch 18400, Loss Total: 57.91127395629883, Loss Train: 4.4470882130553946e-05, Loss Test: 29.601186752319336
Epoch 18500, Loss Total: 57.91127395629883, Loss Train: 4.4470882130553946e-05, Loss Test: 29.601186752319336
Epoch 18600, Loss Total: 57.91127395629883, Loss Train: 4.4470882130553946e-05, Loss Test: 29.601186752319336
Epoch 18700, Loss Total: 57.91127395629883, Loss Train: 4.4470882130553946e-05, Loss Test: 29.601186752319336
Epoch 18800, Loss Total: 57.91127395629883, Loss Train: 4.4470882130553946e-05, Loss Test: 29.601186752319336
Epoch 18900, Loss Total: 57.91127395629883, Loss Train: 4.4470882130553946e-05, Loss Test: 29.601186752319336
Epoch 19000, Loss Total: 57.91127395629883, Loss Train: 4.4470882130553946e-05, Loss Test: 29.601186752319336
Epoch 19100, Loss Total: 57.91127395629883, Loss Train: 4.4470882130553946e-05, Loss Test: 29.601186752319336
Epoch 19200, Loss Total: 57.91127395629883, Loss Train: 4.4470882130553946e-05, Loss Test: 29.601186752319336
Epoch 19300, Loss Total: 57.91127395629883, Loss Train: 4.4470882130553946e-05, Loss Test: 29.601186752319336
Epoch 19400, Loss Total: 57.91127395629883, Loss Train: 4.4470882130553946e-05, Loss Test: 29.601186752319336
Epoch 19500, Loss Total: 57.91127395629883, Loss Train: 4.4470882130553946e-05, Loss Test: 29.601186752319336
Epoch 19600, Loss Total: 57.91127395629883, Loss Train: 4.4470882130553946e-05, Loss Test: 29.601186752319336
Epoch 19700, Loss Total: 57.91127395629883, Loss Train: 4.4470882130553946e-05, Loss Test: 29.601186752319336
Epoch 19800, Loss Total: 57.91127395629883, Loss Train: 4.4470882130553946e-05, Loss Test: 29.601186752319336
Epoch 19900, Loss Total: 57.91127395629883, Loss Train: 4.4470882130553946e-05, Loss Test: 29.601186752319336
Added results for seed=21 and percentage=0.25
Finished task 192
