Running task 798 with seed=88 and percentage=0.40
Epoch 0, Loss Total: 83.99610137939453, Loss Train: 126.76812744140625, Loss Test: 134.0948486328125
Epoch 100, Loss Total: 41.81656265258789, Loss Train: 37.51049041748047, Loss Test: 63.42498016357422
Epoch 200, Loss Total: 40.540096282958984, Loss Train: 15.764512062072754, Loss Test: 39.15135192871094
Epoch 300, Loss Total: 44.01506423950195, Loss Train: 7.574692726135254, Loss Test: 32.61901092529297
Epoch 400, Loss Total: 46.85200881958008, Loss Train: 3.8639631271362305, Loss Test: 30.390012741088867
Epoch 500, Loss Total: 48.888710021972656, Loss Train: 2.0402183532714844, Loss Test: 29.48567008972168
Epoch 600, Loss Total: 50.31812286376953, Loss Train: 1.0963542461395264, Loss Test: 29.064119338989258
Epoch 700, Loss Total: 51.319732666015625, Loss Train: 0.5917580127716064, Loss Test: 28.850008010864258
Epoch 800, Loss Total: 52.029239654541016, Loss Train: 0.31791871786117554, Loss Test: 28.741270065307617
Epoch 900, Loss Total: 52.53863525390625, Loss Train: 0.1690506488084793, Loss Test: 28.691997528076172
Epoch 1000, Loss Total: 52.90751647949219, Loss Train: 0.08867888897657394, Loss Test: 28.6767578125
Epoch 1100, Loss Total: 53.174983978271484, Loss Train: 0.04580340161919594, Loss Test: 28.67981719970703
Epoch 1200, Loss Total: 53.36799240112305, Loss Train: 0.023265065625309944, Loss Test: 28.69140625
Epoch 1300, Loss Total: 53.50611114501953, Loss Train: 0.011608670465648174, Loss Test: 28.705772399902344
Epoch 1400, Loss Total: 53.60395812988281, Loss Train: 0.005685894284397364, Loss Test: 28.719831466674805
Epoch 1500, Loss Total: 53.67258071899414, Loss Train: 0.002734364941716194, Loss Test: 28.732141494750977
Epoch 1600, Loss Total: 53.72026443481445, Loss Train: 0.0012954705161973834, Loss Test: 28.74224281311035
Epoch 1700, Loss Total: 53.75313949584961, Loss Train: 0.0006112339906394482, Loss Test: 28.75017547607422
Epoch 1800, Loss Total: 53.77566146850586, Loss Train: 0.0002949843474198133, Loss Test: 28.75620460510254
Epoch 1900, Loss Total: 53.791011810302734, Loss Train: 0.00015321746468544006, Loss Test: 28.760677337646484
Epoch 2000, Loss Total: 53.801448822021484, Loss Train: 9.18642763281241e-05, Loss Test: 28.763931274414062
Epoch 2100, Loss Total: 53.80851745605469, Loss Train: 6.605869566556066e-05, Loss Test: 28.76626205444336
Epoch 2200, Loss Total: 53.81330108642578, Loss Train: 5.548602348426357e-05, Loss Test: 28.767908096313477
Epoch 2300, Loss Total: 53.81654357910156, Loss Train: 5.115156091051176e-05, Loss Test: 28.769062042236328
Epoch 2400, Loss Total: 53.81874465942383, Loss Train: 4.954230098519474e-05, Loss Test: 28.769865036010742
Epoch 2500, Loss Total: 53.82023620605469, Loss Train: 4.875911690760404e-05, Loss Test: 28.770421981811523
Epoch 2600, Loss Total: 53.82125473022461, Loss Train: 4.8451838665641844e-05, Loss Test: 28.770801544189453
Epoch 2700, Loss Total: 53.82195281982422, Loss Train: 4.832760532735847e-05, Loss Test: 28.771068572998047
Epoch 2800, Loss Total: 53.82243347167969, Loss Train: 4.822049959329888e-05, Loss Test: 28.771251678466797
Epoch 2900, Loss Total: 53.8227653503418, Loss Train: 4.8207963118329644e-05, Loss Test: 28.771377563476562
Epoch 3000, Loss Total: 53.82291030883789, Loss Train: 4.818954039365053e-05, Loss Test: 28.771432876586914
Epoch 3100, Loss Total: 53.82297897338867, Loss Train: 4.818953311769292e-05, Loss Test: 28.77145767211914
Epoch 3200, Loss Total: 53.8230094909668, Loss Train: 4.818953311769292e-05, Loss Test: 28.771467208862305
Epoch 3300, Loss Total: 53.8230094909668, Loss Train: 4.818953311769292e-05, Loss Test: 28.77147102355957
Epoch 3400, Loss Total: 53.8230094909668, Loss Train: 4.818952947971411e-05, Loss Test: 28.771472930908203
Epoch 3500, Loss Total: 53.8230094909668, Loss Train: 4.818953311769292e-05, Loss Test: 28.771472930908203
Epoch 3600, Loss Total: 53.8230094909668, Loss Train: 4.818953311769292e-05, Loss Test: 28.771472930908203
Epoch 3700, Loss Total: 53.8230094909668, Loss Train: 4.818953311769292e-05, Loss Test: 28.771472930908203
Epoch 3800, Loss Total: 53.8230094909668, Loss Train: 4.818953311769292e-05, Loss Test: 28.771472930908203
Epoch 3900, Loss Total: 53.8230094909668, Loss Train: 4.818953311769292e-05, Loss Test: 28.771472930908203
Epoch 4000, Loss Total: 53.8230094909668, Loss Train: 4.818953311769292e-05, Loss Test: 28.771472930908203
Epoch 4100, Loss Total: 53.8230094909668, Loss Train: 4.818953311769292e-05, Loss Test: 28.771472930908203
Epoch 4200, Loss Total: 53.8230094909668, Loss Train: 4.818953311769292e-05, Loss Test: 28.771472930908203
Epoch 4300, Loss Total: 53.8230094909668, Loss Train: 4.818953311769292e-05, Loss Test: 28.771472930908203
Epoch 4400, Loss Total: 53.8230094909668, Loss Train: 4.818953311769292e-05, Loss Test: 28.771472930908203
Epoch 4500, Loss Total: 53.8230094909668, Loss Train: 4.818953311769292e-05, Loss Test: 28.771472930908203
Epoch 4600, Loss Total: 53.8230094909668, Loss Train: 4.818953311769292e-05, Loss Test: 28.771472930908203
Epoch 4700, Loss Total: 53.8230094909668, Loss Train: 4.818953311769292e-05, Loss Test: 28.771472930908203
Epoch 4800, Loss Total: 53.8230094909668, Loss Train: 4.818953311769292e-05, Loss Test: 28.771472930908203
Epoch 4900, Loss Total: 53.8230094909668, Loss Train: 4.818953311769292e-05, Loss Test: 28.771472930908203
Epoch 5000, Loss Total: 53.8230094909668, Loss Train: 4.818953311769292e-05, Loss Test: 28.771472930908203
Epoch 5100, Loss Total: 53.8230094909668, Loss Train: 4.818953311769292e-05, Loss Test: 28.771472930908203
Epoch 5200, Loss Total: 53.8230094909668, Loss Train: 4.818953311769292e-05, Loss Test: 28.771472930908203
Epoch 5300, Loss Total: 53.8230094909668, Loss Train: 4.818953311769292e-05, Loss Test: 28.771472930908203
Epoch 5400, Loss Total: 53.8230094909668, Loss Train: 4.818953311769292e-05, Loss Test: 28.771472930908203
Epoch 5500, Loss Total: 53.8230094909668, Loss Train: 4.818953311769292e-05, Loss Test: 28.771472930908203
Epoch 5600, Loss Total: 53.8230094909668, Loss Train: 4.818953311769292e-05, Loss Test: 28.771472930908203
Epoch 5700, Loss Total: 53.8230094909668, Loss Train: 4.818953311769292e-05, Loss Test: 28.771472930908203
Epoch 5800, Loss Total: 53.8230094909668, Loss Train: 4.818953311769292e-05, Loss Test: 28.771472930908203
Epoch 5900, Loss Total: 53.8230094909668, Loss Train: 4.818953311769292e-05, Loss Test: 28.771472930908203
Epoch 6000, Loss Total: 53.8230094909668, Loss Train: 4.818953311769292e-05, Loss Test: 28.771472930908203
Epoch 6100, Loss Total: 53.8230094909668, Loss Train: 4.818953311769292e-05, Loss Test: 28.771472930908203
Epoch 6200, Loss Total: 53.8230094909668, Loss Train: 4.818953311769292e-05, Loss Test: 28.771472930908203
Epoch 6300, Loss Total: 53.8230094909668, Loss Train: 4.818953311769292e-05, Loss Test: 28.771472930908203
Epoch 6400, Loss Total: 53.8230094909668, Loss Train: 4.818953311769292e-05, Loss Test: 28.771472930908203
Epoch 6500, Loss Total: 53.8230094909668, Loss Train: 4.818953311769292e-05, Loss Test: 28.771472930908203
Epoch 6600, Loss Total: 53.8230094909668, Loss Train: 4.818953311769292e-05, Loss Test: 28.771472930908203
Epoch 6700, Loss Total: 53.8230094909668, Loss Train: 4.818953311769292e-05, Loss Test: 28.771472930908203
Epoch 6800, Loss Total: 53.8230094909668, Loss Train: 4.818953311769292e-05, Loss Test: 28.771472930908203
Epoch 6900, Loss Total: 53.8230094909668, Loss Train: 4.818953311769292e-05, Loss Test: 28.771472930908203
Epoch 7000, Loss Total: 53.8230094909668, Loss Train: 4.818953311769292e-05, Loss Test: 28.771472930908203
Epoch 7100, Loss Total: 53.8230094909668, Loss Train: 4.818953311769292e-05, Loss Test: 28.771472930908203
Epoch 7200, Loss Total: 53.8230094909668, Loss Train: 4.818953311769292e-05, Loss Test: 28.771472930908203
Epoch 7300, Loss Total: 53.8230094909668, Loss Train: 4.818953311769292e-05, Loss Test: 28.771472930908203
Epoch 7400, Loss Total: 53.8230094909668, Loss Train: 4.818953311769292e-05, Loss Test: 28.771472930908203
Epoch 7500, Loss Total: 53.8230094909668, Loss Train: 4.818953311769292e-05, Loss Test: 28.771472930908203
Epoch 7600, Loss Total: 53.8230094909668, Loss Train: 4.818953311769292e-05, Loss Test: 28.771472930908203
Epoch 7700, Loss Total: 53.8230094909668, Loss Train: 4.818953311769292e-05, Loss Test: 28.771472930908203
Epoch 7800, Loss Total: 53.8230094909668, Loss Train: 4.818953311769292e-05, Loss Test: 28.771472930908203
Epoch 7900, Loss Total: 53.8230094909668, Loss Train: 4.818953311769292e-05, Loss Test: 28.771472930908203
Epoch 8000, Loss Total: 53.8230094909668, Loss Train: 4.818953311769292e-05, Loss Test: 28.771472930908203
Epoch 8100, Loss Total: 53.8230094909668, Loss Train: 4.818953311769292e-05, Loss Test: 28.771472930908203
Epoch 8200, Loss Total: 53.8230094909668, Loss Train: 4.818953311769292e-05, Loss Test: 28.771472930908203
Epoch 8300, Loss Total: 53.8230094909668, Loss Train: 4.818953311769292e-05, Loss Test: 28.771472930908203
Epoch 8400, Loss Total: 53.8230094909668, Loss Train: 4.818953311769292e-05, Loss Test: 28.771472930908203
Epoch 8500, Loss Total: 53.8230094909668, Loss Train: 4.818953311769292e-05, Loss Test: 28.771472930908203
Epoch 8600, Loss Total: 53.8230094909668, Loss Train: 4.818953311769292e-05, Loss Test: 28.771472930908203
Epoch 8700, Loss Total: 53.8230094909668, Loss Train: 4.818953311769292e-05, Loss Test: 28.771472930908203
Epoch 8800, Loss Total: 53.8230094909668, Loss Train: 4.818953311769292e-05, Loss Test: 28.771472930908203
Epoch 8900, Loss Total: 53.8230094909668, Loss Train: 4.818953311769292e-05, Loss Test: 28.771472930908203
Epoch 9000, Loss Total: 53.8230094909668, Loss Train: 4.818953311769292e-05, Loss Test: 28.771472930908203
Epoch 9100, Loss Total: 53.8230094909668, Loss Train: 4.818953311769292e-05, Loss Test: 28.771472930908203
Epoch 9200, Loss Total: 53.8230094909668, Loss Train: 4.818953311769292e-05, Loss Test: 28.771472930908203
Epoch 9300, Loss Total: 53.8230094909668, Loss Train: 4.818953311769292e-05, Loss Test: 28.771472930908203
Epoch 9400, Loss Total: 53.8230094909668, Loss Train: 4.818953311769292e-05, Loss Test: 28.771472930908203
Epoch 9500, Loss Total: 53.8230094909668, Loss Train: 4.818953311769292e-05, Loss Test: 28.771472930908203
Epoch 9600, Loss Total: 53.8230094909668, Loss Train: 4.818953311769292e-05, Loss Test: 28.771472930908203
Epoch 9700, Loss Total: 53.8230094909668, Loss Train: 4.818953311769292e-05, Loss Test: 28.771472930908203
Epoch 9800, Loss Total: 53.8230094909668, Loss Train: 4.818953311769292e-05, Loss Test: 28.771472930908203
Epoch 9900, Loss Total: 53.8230094909668, Loss Train: 4.818953311769292e-05, Loss Test: 28.771472930908203
Epoch 10000, Loss Total: 53.8230094909668, Loss Train: 4.818953311769292e-05, Loss Test: 28.771472930908203
Epoch 10100, Loss Total: 53.8230094909668, Loss Train: 4.818953311769292e-05, Loss Test: 28.771472930908203
Epoch 10200, Loss Total: 53.8230094909668, Loss Train: 4.818953311769292e-05, Loss Test: 28.771472930908203
Epoch 10300, Loss Total: 53.8230094909668, Loss Train: 4.818953311769292e-05, Loss Test: 28.771472930908203
Epoch 10400, Loss Total: 53.8230094909668, Loss Train: 4.818953311769292e-05, Loss Test: 28.771472930908203
Epoch 10500, Loss Total: 53.8230094909668, Loss Train: 4.818953311769292e-05, Loss Test: 28.771472930908203
Epoch 10600, Loss Total: 53.8230094909668, Loss Train: 4.818953311769292e-05, Loss Test: 28.771472930908203
Epoch 10700, Loss Total: 53.8230094909668, Loss Train: 4.818953311769292e-05, Loss Test: 28.771472930908203
Epoch 10800, Loss Total: 53.8230094909668, Loss Train: 4.818953311769292e-05, Loss Test: 28.771472930908203
Epoch 10900, Loss Total: 53.8230094909668, Loss Train: 4.818953311769292e-05, Loss Test: 28.771472930908203
Epoch 11000, Loss Total: 53.8230094909668, Loss Train: 4.818953311769292e-05, Loss Test: 28.771472930908203
Epoch 11100, Loss Total: 53.8230094909668, Loss Train: 4.818953311769292e-05, Loss Test: 28.771472930908203
Epoch 11200, Loss Total: 53.8230094909668, Loss Train: 4.818953311769292e-05, Loss Test: 28.771472930908203
Epoch 11300, Loss Total: 53.8230094909668, Loss Train: 4.818953311769292e-05, Loss Test: 28.771472930908203
Epoch 11400, Loss Total: 53.8230094909668, Loss Train: 4.818953311769292e-05, Loss Test: 28.771472930908203
Epoch 11500, Loss Total: 53.8230094909668, Loss Train: 4.818953311769292e-05, Loss Test: 28.771472930908203
Epoch 11600, Loss Total: 53.8230094909668, Loss Train: 4.818953311769292e-05, Loss Test: 28.771472930908203
Epoch 11700, Loss Total: 53.8230094909668, Loss Train: 4.818953311769292e-05, Loss Test: 28.771472930908203
Epoch 11800, Loss Total: 53.8230094909668, Loss Train: 4.818953311769292e-05, Loss Test: 28.771472930908203
Epoch 11900, Loss Total: 53.8230094909668, Loss Train: 4.818953311769292e-05, Loss Test: 28.771472930908203
Epoch 12000, Loss Total: 53.8230094909668, Loss Train: 4.818953311769292e-05, Loss Test: 28.771472930908203
Epoch 12100, Loss Total: 53.8230094909668, Loss Train: 4.818953311769292e-05, Loss Test: 28.771472930908203
Epoch 12200, Loss Total: 53.8230094909668, Loss Train: 4.818953311769292e-05, Loss Test: 28.771472930908203
Epoch 12300, Loss Total: 53.8230094909668, Loss Train: 4.818953311769292e-05, Loss Test: 28.771472930908203
Epoch 12400, Loss Total: 53.8230094909668, Loss Train: 4.818953311769292e-05, Loss Test: 28.771472930908203
Epoch 12500, Loss Total: 53.8230094909668, Loss Train: 4.818953311769292e-05, Loss Test: 28.771472930908203
Epoch 12600, Loss Total: 53.8230094909668, Loss Train: 4.818953311769292e-05, Loss Test: 28.771472930908203
Epoch 12700, Loss Total: 53.8230094909668, Loss Train: 4.818953311769292e-05, Loss Test: 28.771472930908203
Epoch 12800, Loss Total: 53.8230094909668, Loss Train: 4.818953311769292e-05, Loss Test: 28.771472930908203
Epoch 12900, Loss Total: 53.8230094909668, Loss Train: 4.818953311769292e-05, Loss Test: 28.771472930908203
Epoch 13000, Loss Total: 53.8230094909668, Loss Train: 4.818953311769292e-05, Loss Test: 28.771472930908203
Epoch 13100, Loss Total: 53.8230094909668, Loss Train: 4.818953311769292e-05, Loss Test: 28.771472930908203
Epoch 13200, Loss Total: 53.8230094909668, Loss Train: 4.818953311769292e-05, Loss Test: 28.771472930908203
Epoch 13300, Loss Total: 53.8230094909668, Loss Train: 4.818953311769292e-05, Loss Test: 28.771472930908203
Epoch 13400, Loss Total: 53.8230094909668, Loss Train: 4.818953311769292e-05, Loss Test: 28.771472930908203
Epoch 13500, Loss Total: 53.8230094909668, Loss Train: 4.818953311769292e-05, Loss Test: 28.771472930908203
Epoch 13600, Loss Total: 53.8230094909668, Loss Train: 4.818953311769292e-05, Loss Test: 28.771472930908203
Epoch 13700, Loss Total: 53.8230094909668, Loss Train: 4.818953311769292e-05, Loss Test: 28.771472930908203
Epoch 13800, Loss Total: 53.8230094909668, Loss Train: 4.818953311769292e-05, Loss Test: 28.771472930908203
Epoch 13900, Loss Total: 53.8230094909668, Loss Train: 4.818953311769292e-05, Loss Test: 28.771472930908203
Epoch 14000, Loss Total: 53.8230094909668, Loss Train: 4.818953311769292e-05, Loss Test: 28.771472930908203
Epoch 14100, Loss Total: 53.8230094909668, Loss Train: 4.818953311769292e-05, Loss Test: 28.771472930908203
Epoch 14200, Loss Total: 53.8230094909668, Loss Train: 4.818953311769292e-05, Loss Test: 28.771472930908203
Epoch 14300, Loss Total: 53.8230094909668, Loss Train: 4.818953311769292e-05, Loss Test: 28.771472930908203
Epoch 14400, Loss Total: 53.8230094909668, Loss Train: 4.818953311769292e-05, Loss Test: 28.771472930908203
Epoch 14500, Loss Total: 53.8230094909668, Loss Train: 4.818953311769292e-05, Loss Test: 28.771472930908203
Epoch 14600, Loss Total: 53.8230094909668, Loss Train: 4.818953311769292e-05, Loss Test: 28.771472930908203
Epoch 14700, Loss Total: 53.8230094909668, Loss Train: 4.818953311769292e-05, Loss Test: 28.771472930908203
Epoch 14800, Loss Total: 53.8230094909668, Loss Train: 4.818953311769292e-05, Loss Test: 28.771472930908203
Epoch 14900, Loss Total: 53.8230094909668, Loss Train: 4.818953311769292e-05, Loss Test: 28.771472930908203
Epoch 15000, Loss Total: 53.8230094909668, Loss Train: 4.818953311769292e-05, Loss Test: 28.771472930908203
Epoch 15100, Loss Total: 53.8230094909668, Loss Train: 4.818953311769292e-05, Loss Test: 28.771472930908203
Epoch 15200, Loss Total: 53.8230094909668, Loss Train: 4.818953311769292e-05, Loss Test: 28.771472930908203
Epoch 15300, Loss Total: 53.8230094909668, Loss Train: 4.818953311769292e-05, Loss Test: 28.771472930908203
Epoch 15400, Loss Total: 53.8230094909668, Loss Train: 4.818953311769292e-05, Loss Test: 28.771472930908203
Epoch 15500, Loss Total: 53.8230094909668, Loss Train: 4.818953311769292e-05, Loss Test: 28.771472930908203
Epoch 15600, Loss Total: 53.8230094909668, Loss Train: 4.818953311769292e-05, Loss Test: 28.771472930908203
Epoch 15700, Loss Total: 53.8230094909668, Loss Train: 4.818953311769292e-05, Loss Test: 28.771472930908203
Epoch 15800, Loss Total: 53.8230094909668, Loss Train: 4.818953311769292e-05, Loss Test: 28.771472930908203
Epoch 15900, Loss Total: 53.8230094909668, Loss Train: 4.818953311769292e-05, Loss Test: 28.771472930908203
Epoch 16000, Loss Total: 53.8230094909668, Loss Train: 4.818953311769292e-05, Loss Test: 28.771472930908203
Epoch 16100, Loss Total: 53.8230094909668, Loss Train: 4.818953311769292e-05, Loss Test: 28.771472930908203
Epoch 16200, Loss Total: 53.8230094909668, Loss Train: 4.818953311769292e-05, Loss Test: 28.771472930908203
Epoch 16300, Loss Total: 53.8230094909668, Loss Train: 4.818953311769292e-05, Loss Test: 28.771472930908203
Epoch 16400, Loss Total: 53.8230094909668, Loss Train: 4.818953311769292e-05, Loss Test: 28.771472930908203
Epoch 16500, Loss Total: 53.8230094909668, Loss Train: 4.818953311769292e-05, Loss Test: 28.771472930908203
Epoch 16600, Loss Total: 53.8230094909668, Loss Train: 4.818953311769292e-05, Loss Test: 28.771472930908203
Epoch 16700, Loss Total: 53.8230094909668, Loss Train: 4.818953311769292e-05, Loss Test: 28.771472930908203
Epoch 16800, Loss Total: 53.8230094909668, Loss Train: 4.818953311769292e-05, Loss Test: 28.771472930908203
Epoch 16900, Loss Total: 53.8230094909668, Loss Train: 4.818953311769292e-05, Loss Test: 28.771472930908203
Epoch 17000, Loss Total: 53.8230094909668, Loss Train: 4.818953311769292e-05, Loss Test: 28.771472930908203
Epoch 17100, Loss Total: 53.8230094909668, Loss Train: 4.818953311769292e-05, Loss Test: 28.771472930908203
Epoch 17200, Loss Total: 53.8230094909668, Loss Train: 4.818953311769292e-05, Loss Test: 28.771472930908203
Epoch 17300, Loss Total: 53.8230094909668, Loss Train: 4.818953311769292e-05, Loss Test: 28.771472930908203
Epoch 17400, Loss Total: 53.8230094909668, Loss Train: 4.818953311769292e-05, Loss Test: 28.771472930908203
Epoch 17500, Loss Total: 53.8230094909668, Loss Train: 4.818953311769292e-05, Loss Test: 28.771472930908203
Epoch 17600, Loss Total: 53.8230094909668, Loss Train: 4.818953311769292e-05, Loss Test: 28.771472930908203
Epoch 17700, Loss Total: 53.8230094909668, Loss Train: 4.818953311769292e-05, Loss Test: 28.771472930908203
Epoch 17800, Loss Total: 53.8230094909668, Loss Train: 4.818953311769292e-05, Loss Test: 28.771472930908203
Epoch 17900, Loss Total: 53.8230094909668, Loss Train: 4.818953311769292e-05, Loss Test: 28.771472930908203
Epoch 18000, Loss Total: 53.8230094909668, Loss Train: 4.818953311769292e-05, Loss Test: 28.771472930908203
Epoch 18100, Loss Total: 53.8230094909668, Loss Train: 4.818953311769292e-05, Loss Test: 28.771472930908203
Epoch 18200, Loss Total: 53.8230094909668, Loss Train: 4.818953311769292e-05, Loss Test: 28.771472930908203
Epoch 18300, Loss Total: 53.8230094909668, Loss Train: 4.818953311769292e-05, Loss Test: 28.771472930908203
Epoch 18400, Loss Total: 53.8230094909668, Loss Train: 4.818953311769292e-05, Loss Test: 28.771472930908203
Epoch 18500, Loss Total: 53.8230094909668, Loss Train: 4.818953311769292e-05, Loss Test: 28.771472930908203
Epoch 18600, Loss Total: 53.8230094909668, Loss Train: 4.818953311769292e-05, Loss Test: 28.771472930908203
Epoch 18700, Loss Total: 53.8230094909668, Loss Train: 4.818953311769292e-05, Loss Test: 28.771472930908203
Epoch 18800, Loss Total: 53.8230094909668, Loss Train: 4.818953311769292e-05, Loss Test: 28.771472930908203
Epoch 18900, Loss Total: 53.8230094909668, Loss Train: 4.818953311769292e-05, Loss Test: 28.771472930908203
Epoch 19000, Loss Total: 53.8230094909668, Loss Train: 4.818953311769292e-05, Loss Test: 28.771472930908203
Epoch 19100, Loss Total: 53.8230094909668, Loss Train: 4.818953311769292e-05, Loss Test: 28.771472930908203
Epoch 19200, Loss Total: 53.8230094909668, Loss Train: 4.818953311769292e-05, Loss Test: 28.771472930908203
Epoch 19300, Loss Total: 53.8230094909668, Loss Train: 4.818953311769292e-05, Loss Test: 28.771472930908203
Epoch 19400, Loss Total: 53.8230094909668, Loss Train: 4.818953311769292e-05, Loss Test: 28.771472930908203
Epoch 19500, Loss Total: 53.8230094909668, Loss Train: 4.818953311769292e-05, Loss Test: 28.771472930908203
Epoch 19600, Loss Total: 53.8230094909668, Loss Train: 4.818953311769292e-05, Loss Test: 28.771472930908203
Epoch 19700, Loss Total: 53.8230094909668, Loss Train: 4.818953311769292e-05, Loss Test: 28.771472930908203
Epoch 19800, Loss Total: 53.8230094909668, Loss Train: 4.818953311769292e-05, Loss Test: 28.771472930908203
Epoch 19900, Loss Total: 53.8230094909668, Loss Train: 4.818953311769292e-05, Loss Test: 28.771472930908203
Added results for seed=88 and percentage=0.4
Finished task 798
