Running task 244 with seed=27 and percentage=0.15
Epoch 0, Loss Total: 84.2706527709961, Loss Train: 137.25172424316406, Loss Test: 130.6126251220703
Epoch 100, Loss Total: 50.47800827026367, Loss Train: 42.27329635620117, Loss Test: 78.44123077392578
Epoch 200, Loss Total: 42.28012466430664, Loss Train: 17.476015090942383, Loss Test: 48.283260345458984
Epoch 300, Loss Total: 44.914974212646484, Loss Train: 8.005326271057129, Loss Test: 38.88831329345703
Epoch 400, Loss Total: 48.72163009643555, Loss Train: 3.8418610095977783, Loss Test: 36.05716323852539
Epoch 500, Loss Total: 51.957801818847656, Loss Train: 1.900887131690979, Loss Test: 35.38382339477539
Epoch 600, Loss Total: 54.517417907714844, Loss Train: 0.9567931294441223, Loss Test: 35.48765182495117
Epoch 700, Loss Total: 56.53235626220703, Loss Train: 0.48353394865989685, Loss Test: 35.877986907958984
Epoch 800, Loss Total: 58.13045120239258, Loss Train: 0.24276268482208252, Loss Test: 36.35458755493164
Epoch 900, Loss Total: 59.406734466552734, Loss Train: 0.12013532221317291, Loss Test: 36.82929229736328
Epoch 1000, Loss Total: 60.43141555786133, Loss Train: 0.0582568384706974, Loss Test: 37.26553726196289
Epoch 1100, Loss Total: 61.25825500488281, Loss Train: 0.027558540925383568, Loss Test: 37.65203094482422
Epoch 1200, Loss Total: 61.92897033691406, Loss Train: 0.012674529105424881, Loss Test: 37.98883056640625
Epoch 1300, Loss Total: 62.47563552856445, Loss Train: 0.005656715016812086, Loss Test: 38.28001022338867
Epoch 1400, Loss Total: 62.92266845703125, Loss Train: 0.002452634973451495, Loss Test: 38.530372619628906
Epoch 1500, Loss Total: 63.28874588012695, Loss Train: 0.0010411511175334454, Loss Test: 38.744380950927734
Epoch 1600, Loss Total: 63.58839416503906, Loss Train: 0.00044276207336224616, Loss Test: 38.926021575927734
Epoch 1700, Loss Total: 63.833152770996094, Loss Train: 0.00019865484500769526, Loss Test: 39.0789680480957
Epoch 1800, Loss Total: 64.03244018554688, Loss Train: 0.00010272907093167305, Loss Test: 39.206668853759766
Epoch 1900, Loss Total: 64.19409942626953, Loss Train: 6.6111191699747e-05, Loss Test: 39.31242752075195
Epoch 2000, Loss Total: 64.32469177246094, Loss Train: 5.2359475375851616e-05, Loss Test: 39.39934158325195
Epoch 2100, Loss Total: 64.42974090576172, Loss Train: 4.716794137493707e-05, Loss Test: 39.470237731933594
Epoch 2200, Loss Total: 64.51387786865234, Loss Train: 4.5193704863777384e-05, Loss Test: 39.527687072753906
Epoch 2300, Loss Total: 64.58099365234375, Loss Train: 4.434619768289849e-05, Loss Test: 39.573974609375
Epoch 2400, Loss Total: 64.63431549072266, Loss Train: 4.417466334416531e-05, Loss Test: 39.61105728149414
Epoch 2500, Loss Total: 64.676513671875, Loss Train: 4.3861029553227127e-05, Loss Test: 39.640621185302734
Epoch 2600, Loss Total: 64.70978546142578, Loss Train: 4.378912126412615e-05, Loss Test: 39.66408157348633
Epoch 2700, Loss Total: 64.73593139648438, Loss Train: 4.378513040137477e-05, Loss Test: 39.68260955810547
Epoch 2800, Loss Total: 64.75418090820312, Loss Train: 4.37520575360395e-05, Loss Test: 39.69561004638672
Epoch 2900, Loss Total: 64.76188659667969, Loss Train: 4.375245043775067e-05, Loss Test: 39.70112228393555
Epoch 3000, Loss Total: 64.76543426513672, Loss Train: 4.375245771370828e-05, Loss Test: 39.70366668701172
Epoch 3100, Loss Total: 64.76715087890625, Loss Train: 4.375245771370828e-05, Loss Test: 39.704898834228516
Epoch 3200, Loss Total: 64.76799011230469, Loss Train: 4.375245771370828e-05, Loss Test: 39.70550537109375
Epoch 3300, Loss Total: 64.76841735839844, Loss Train: 4.375245771370828e-05, Loss Test: 39.70581817626953
Epoch 3400, Loss Total: 64.76862335205078, Loss Train: 4.375245771370828e-05, Loss Test: 39.70596694946289
Epoch 3500, Loss Total: 64.76871490478516, Loss Train: 4.375245771370828e-05, Loss Test: 39.706024169921875
Epoch 3600, Loss Total: 64.76876068115234, Loss Train: 4.375245771370828e-05, Loss Test: 39.70606231689453
Epoch 3700, Loss Total: 64.76876068115234, Loss Train: 4.375245771370828e-05, Loss Test: 39.70606231689453
Epoch 3800, Loss Total: 64.76876068115234, Loss Train: 4.375245771370828e-05, Loss Test: 39.70606231689453
Epoch 3900, Loss Total: 64.76876068115234, Loss Train: 4.375245771370828e-05, Loss Test: 39.70606231689453
Epoch 4000, Loss Total: 64.76876068115234, Loss Train: 4.375245771370828e-05, Loss Test: 39.70606231689453
Epoch 4100, Loss Total: 64.76876068115234, Loss Train: 4.375245771370828e-05, Loss Test: 39.70606231689453
Epoch 4200, Loss Total: 64.76876068115234, Loss Train: 4.375245771370828e-05, Loss Test: 39.70606231689453
Epoch 4300, Loss Total: 64.76876068115234, Loss Train: 4.375245771370828e-05, Loss Test: 39.70606231689453
Epoch 4400, Loss Total: 64.76876068115234, Loss Train: 4.375245771370828e-05, Loss Test: 39.70606231689453
Epoch 4500, Loss Total: 64.76876068115234, Loss Train: 4.375245771370828e-05, Loss Test: 39.70606231689453
Epoch 4600, Loss Total: 64.76876068115234, Loss Train: 4.375245771370828e-05, Loss Test: 39.70606231689453
Epoch 4700, Loss Total: 64.76876068115234, Loss Train: 4.375245771370828e-05, Loss Test: 39.70606231689453
Epoch 4800, Loss Total: 64.76876068115234, Loss Train: 4.375245771370828e-05, Loss Test: 39.70606231689453
Epoch 4900, Loss Total: 64.76876068115234, Loss Train: 4.375245771370828e-05, Loss Test: 39.70606231689453
Epoch 5000, Loss Total: 64.76876068115234, Loss Train: 4.375245771370828e-05, Loss Test: 39.70606231689453
Epoch 5100, Loss Total: 64.76876068115234, Loss Train: 4.375245771370828e-05, Loss Test: 39.70606231689453
Epoch 5200, Loss Total: 64.76876068115234, Loss Train: 4.375245771370828e-05, Loss Test: 39.70606231689453
Epoch 5300, Loss Total: 64.76876068115234, Loss Train: 4.375245771370828e-05, Loss Test: 39.70606231689453
Epoch 5400, Loss Total: 64.76876068115234, Loss Train: 4.375245771370828e-05, Loss Test: 39.70606231689453
Epoch 5500, Loss Total: 64.76876068115234, Loss Train: 4.375245771370828e-05, Loss Test: 39.70606231689453
Epoch 5600, Loss Total: 64.76876068115234, Loss Train: 4.375245771370828e-05, Loss Test: 39.70606231689453
Epoch 5700, Loss Total: 64.76876068115234, Loss Train: 4.375245771370828e-05, Loss Test: 39.70606231689453
Epoch 5800, Loss Total: 64.76876068115234, Loss Train: 4.375245771370828e-05, Loss Test: 39.70606231689453
Epoch 5900, Loss Total: 64.76876068115234, Loss Train: 4.375245771370828e-05, Loss Test: 39.70606231689453
Epoch 6000, Loss Total: 64.76876068115234, Loss Train: 4.375245771370828e-05, Loss Test: 39.70606231689453
Epoch 6100, Loss Total: 64.76876068115234, Loss Train: 4.375245771370828e-05, Loss Test: 39.70606231689453
Epoch 6200, Loss Total: 64.76876068115234, Loss Train: 4.375245771370828e-05, Loss Test: 39.70606231689453
Epoch 6300, Loss Total: 64.76876068115234, Loss Train: 4.375245771370828e-05, Loss Test: 39.70606231689453
Epoch 6400, Loss Total: 64.76876068115234, Loss Train: 4.375245771370828e-05, Loss Test: 39.70606231689453
Epoch 6500, Loss Total: 64.76876068115234, Loss Train: 4.375245771370828e-05, Loss Test: 39.70606231689453
Epoch 6600, Loss Total: 64.76876068115234, Loss Train: 4.375245771370828e-05, Loss Test: 39.70606231689453
Epoch 6700, Loss Total: 64.76876068115234, Loss Train: 4.375245771370828e-05, Loss Test: 39.70606231689453
Epoch 6800, Loss Total: 64.76876068115234, Loss Train: 4.375245771370828e-05, Loss Test: 39.70606231689453
Epoch 6900, Loss Total: 64.76876068115234, Loss Train: 4.375245771370828e-05, Loss Test: 39.70606231689453
Epoch 7000, Loss Total: 64.76876068115234, Loss Train: 4.375245771370828e-05, Loss Test: 39.70606231689453
Epoch 7100, Loss Total: 64.76876068115234, Loss Train: 4.375245771370828e-05, Loss Test: 39.70606231689453
Epoch 7200, Loss Total: 64.76876068115234, Loss Train: 4.375245771370828e-05, Loss Test: 39.70606231689453
Epoch 7300, Loss Total: 64.76876068115234, Loss Train: 4.375245771370828e-05, Loss Test: 39.70606231689453
Epoch 7400, Loss Total: 64.76876068115234, Loss Train: 4.375245771370828e-05, Loss Test: 39.70606231689453
Epoch 7500, Loss Total: 64.76876068115234, Loss Train: 4.375245771370828e-05, Loss Test: 39.70606231689453
Epoch 7600, Loss Total: 64.76876068115234, Loss Train: 4.375245771370828e-05, Loss Test: 39.70606231689453
Epoch 7700, Loss Total: 64.76876068115234, Loss Train: 4.375245771370828e-05, Loss Test: 39.70606231689453
Epoch 7800, Loss Total: 64.76876068115234, Loss Train: 4.375245771370828e-05, Loss Test: 39.70606231689453
Epoch 7900, Loss Total: 64.76876068115234, Loss Train: 4.375245771370828e-05, Loss Test: 39.70606231689453
Epoch 8000, Loss Total: 64.76876068115234, Loss Train: 4.375245771370828e-05, Loss Test: 39.70606231689453
Epoch 8100, Loss Total: 64.76876068115234, Loss Train: 4.375245771370828e-05, Loss Test: 39.70606231689453
Epoch 8200, Loss Total: 64.76876068115234, Loss Train: 4.375245771370828e-05, Loss Test: 39.70606231689453
Epoch 8300, Loss Total: 64.76876068115234, Loss Train: 4.375245771370828e-05, Loss Test: 39.70606231689453
Epoch 8400, Loss Total: 64.76876068115234, Loss Train: 4.375245771370828e-05, Loss Test: 39.70606231689453
Epoch 8500, Loss Total: 64.76876068115234, Loss Train: 4.375245771370828e-05, Loss Test: 39.70606231689453
Epoch 8600, Loss Total: 64.76876068115234, Loss Train: 4.375245771370828e-05, Loss Test: 39.70606231689453
Epoch 8700, Loss Total: 64.76876068115234, Loss Train: 4.375245771370828e-05, Loss Test: 39.70606231689453
Epoch 8800, Loss Total: 64.76876068115234, Loss Train: 4.375245771370828e-05, Loss Test: 39.70606231689453
Epoch 8900, Loss Total: 64.76876068115234, Loss Train: 4.375245771370828e-05, Loss Test: 39.70606231689453
Epoch 9000, Loss Total: 64.76876068115234, Loss Train: 4.375245771370828e-05, Loss Test: 39.70606231689453
Epoch 9100, Loss Total: 64.76876068115234, Loss Train: 4.375245771370828e-05, Loss Test: 39.70606231689453
Epoch 9200, Loss Total: 64.76876068115234, Loss Train: 4.375245771370828e-05, Loss Test: 39.70606231689453
Epoch 9300, Loss Total: 64.76876068115234, Loss Train: 4.375245771370828e-05, Loss Test: 39.70606231689453
Epoch 9400, Loss Total: 64.76876068115234, Loss Train: 4.375245771370828e-05, Loss Test: 39.70606231689453
Epoch 9500, Loss Total: 64.76876068115234, Loss Train: 4.375245771370828e-05, Loss Test: 39.70606231689453
Epoch 9600, Loss Total: 64.76876068115234, Loss Train: 4.375245771370828e-05, Loss Test: 39.70606231689453
Epoch 9700, Loss Total: 64.76876068115234, Loss Train: 4.375245771370828e-05, Loss Test: 39.70606231689453
Epoch 9800, Loss Total: 64.76876068115234, Loss Train: 4.375245771370828e-05, Loss Test: 39.70606231689453
Epoch 9900, Loss Total: 64.76876068115234, Loss Train: 4.375245771370828e-05, Loss Test: 39.70606231689453
Epoch 10000, Loss Total: 64.76876068115234, Loss Train: 4.375245771370828e-05, Loss Test: 39.70606231689453
Epoch 10100, Loss Total: 64.76876068115234, Loss Train: 4.375245771370828e-05, Loss Test: 39.70606231689453
Epoch 10200, Loss Total: 64.76876068115234, Loss Train: 4.375245771370828e-05, Loss Test: 39.70606231689453
Epoch 10300, Loss Total: 64.76876068115234, Loss Train: 4.375245771370828e-05, Loss Test: 39.70606231689453
Epoch 10400, Loss Total: 64.76876068115234, Loss Train: 4.375245771370828e-05, Loss Test: 39.70606231689453
Epoch 10500, Loss Total: 64.76876068115234, Loss Train: 4.375245771370828e-05, Loss Test: 39.70606231689453
Epoch 10600, Loss Total: 64.76876068115234, Loss Train: 4.375245771370828e-05, Loss Test: 39.70606231689453
Epoch 10700, Loss Total: 64.76876068115234, Loss Train: 4.375245771370828e-05, Loss Test: 39.70606231689453
Epoch 10800, Loss Total: 64.76876068115234, Loss Train: 4.375245771370828e-05, Loss Test: 39.70606231689453
Epoch 10900, Loss Total: 64.76876068115234, Loss Train: 4.375245771370828e-05, Loss Test: 39.70606231689453
Epoch 11000, Loss Total: 64.76876068115234, Loss Train: 4.375245771370828e-05, Loss Test: 39.70606231689453
Epoch 11100, Loss Total: 64.76876068115234, Loss Train: 4.375245771370828e-05, Loss Test: 39.70606231689453
Epoch 11200, Loss Total: 64.76876068115234, Loss Train: 4.375245771370828e-05, Loss Test: 39.70606231689453
Epoch 11300, Loss Total: 64.76876068115234, Loss Train: 4.375245771370828e-05, Loss Test: 39.70606231689453
Epoch 11400, Loss Total: 64.76876068115234, Loss Train: 4.375245771370828e-05, Loss Test: 39.70606231689453
Epoch 11500, Loss Total: 64.76876068115234, Loss Train: 4.375245771370828e-05, Loss Test: 39.70606231689453
Epoch 11600, Loss Total: 64.76876068115234, Loss Train: 4.375245771370828e-05, Loss Test: 39.70606231689453
Epoch 11700, Loss Total: 64.76876068115234, Loss Train: 4.375245771370828e-05, Loss Test: 39.70606231689453
Epoch 11800, Loss Total: 64.76876068115234, Loss Train: 4.375245771370828e-05, Loss Test: 39.70606231689453
Epoch 11900, Loss Total: 64.76876068115234, Loss Train: 4.375245771370828e-05, Loss Test: 39.70606231689453
Epoch 12000, Loss Total: 64.76876068115234, Loss Train: 4.375245771370828e-05, Loss Test: 39.70606231689453
Epoch 12100, Loss Total: 64.76876068115234, Loss Train: 4.375245771370828e-05, Loss Test: 39.70606231689453
Epoch 12200, Loss Total: 64.76876068115234, Loss Train: 4.375245771370828e-05, Loss Test: 39.70606231689453
Epoch 12300, Loss Total: 64.76876068115234, Loss Train: 4.375245771370828e-05, Loss Test: 39.70606231689453
Epoch 12400, Loss Total: 64.76876068115234, Loss Train: 4.375245771370828e-05, Loss Test: 39.70606231689453
Epoch 12500, Loss Total: 64.76876068115234, Loss Train: 4.375245771370828e-05, Loss Test: 39.70606231689453
Epoch 12600, Loss Total: 64.76876068115234, Loss Train: 4.375245771370828e-05, Loss Test: 39.70606231689453
Epoch 12700, Loss Total: 64.76876068115234, Loss Train: 4.375245771370828e-05, Loss Test: 39.70606231689453
Epoch 12800, Loss Total: 64.76876068115234, Loss Train: 4.375245771370828e-05, Loss Test: 39.70606231689453
Epoch 12900, Loss Total: 64.76876068115234, Loss Train: 4.375245771370828e-05, Loss Test: 39.70606231689453
Epoch 13000, Loss Total: 64.76876068115234, Loss Train: 4.375245771370828e-05, Loss Test: 39.70606231689453
Epoch 13100, Loss Total: 64.76876068115234, Loss Train: 4.375245771370828e-05, Loss Test: 39.70606231689453
Epoch 13200, Loss Total: 64.76876068115234, Loss Train: 4.375245771370828e-05, Loss Test: 39.70606231689453
Epoch 13300, Loss Total: 64.76876068115234, Loss Train: 4.375245771370828e-05, Loss Test: 39.70606231689453
Epoch 13400, Loss Total: 64.76876068115234, Loss Train: 4.375245771370828e-05, Loss Test: 39.70606231689453
Epoch 13500, Loss Total: 64.76876068115234, Loss Train: 4.375245771370828e-05, Loss Test: 39.70606231689453
Epoch 13600, Loss Total: 64.76876068115234, Loss Train: 4.375245771370828e-05, Loss Test: 39.70606231689453
Epoch 13700, Loss Total: 64.76876068115234, Loss Train: 4.375245771370828e-05, Loss Test: 39.70606231689453
Epoch 13800, Loss Total: 64.76876068115234, Loss Train: 4.375245771370828e-05, Loss Test: 39.70606231689453
Epoch 13900, Loss Total: 64.76876068115234, Loss Train: 4.375245771370828e-05, Loss Test: 39.70606231689453
Epoch 14000, Loss Total: 64.76876068115234, Loss Train: 4.375245771370828e-05, Loss Test: 39.70606231689453
Epoch 14100, Loss Total: 64.76876068115234, Loss Train: 4.375245771370828e-05, Loss Test: 39.70606231689453
Epoch 14200, Loss Total: 64.76876068115234, Loss Train: 4.375245771370828e-05, Loss Test: 39.70606231689453
Epoch 14300, Loss Total: 64.76876068115234, Loss Train: 4.375245771370828e-05, Loss Test: 39.70606231689453
Epoch 14400, Loss Total: 64.76876068115234, Loss Train: 4.375245771370828e-05, Loss Test: 39.70606231689453
Epoch 14500, Loss Total: 64.76876068115234, Loss Train: 4.375245771370828e-05, Loss Test: 39.70606231689453
Epoch 14600, Loss Total: 64.76876068115234, Loss Train: 4.375245771370828e-05, Loss Test: 39.70606231689453
Epoch 14700, Loss Total: 64.76876068115234, Loss Train: 4.375245771370828e-05, Loss Test: 39.70606231689453
Epoch 14800, Loss Total: 64.76876068115234, Loss Train: 4.375245771370828e-05, Loss Test: 39.70606231689453
Epoch 14900, Loss Total: 64.76876068115234, Loss Train: 4.375245771370828e-05, Loss Test: 39.70606231689453
Epoch 15000, Loss Total: 64.76876068115234, Loss Train: 4.375245771370828e-05, Loss Test: 39.70606231689453
Epoch 15100, Loss Total: 64.76876068115234, Loss Train: 4.375245771370828e-05, Loss Test: 39.70606231689453
Epoch 15200, Loss Total: 64.76876068115234, Loss Train: 4.375245771370828e-05, Loss Test: 39.70606231689453
Epoch 15300, Loss Total: 64.76876068115234, Loss Train: 4.375245771370828e-05, Loss Test: 39.70606231689453
Epoch 15400, Loss Total: 64.76876068115234, Loss Train: 4.375245771370828e-05, Loss Test: 39.70606231689453
Epoch 15500, Loss Total: 64.76876068115234, Loss Train: 4.375245771370828e-05, Loss Test: 39.70606231689453
Epoch 15600, Loss Total: 64.76876068115234, Loss Train: 4.375245771370828e-05, Loss Test: 39.70606231689453
Epoch 15700, Loss Total: 64.76876068115234, Loss Train: 4.375245771370828e-05, Loss Test: 39.70606231689453
Epoch 15800, Loss Total: 64.76876068115234, Loss Train: 4.375245771370828e-05, Loss Test: 39.70606231689453
Epoch 15900, Loss Total: 64.76876068115234, Loss Train: 4.375245771370828e-05, Loss Test: 39.70606231689453
Epoch 16000, Loss Total: 64.76876068115234, Loss Train: 4.375245771370828e-05, Loss Test: 39.70606231689453
Epoch 16100, Loss Total: 64.76876068115234, Loss Train: 4.375245771370828e-05, Loss Test: 39.70606231689453
Epoch 16200, Loss Total: 64.76876068115234, Loss Train: 4.375245771370828e-05, Loss Test: 39.70606231689453
Epoch 16300, Loss Total: 64.76876068115234, Loss Train: 4.375245771370828e-05, Loss Test: 39.70606231689453
Epoch 16400, Loss Total: 64.76876068115234, Loss Train: 4.375245771370828e-05, Loss Test: 39.70606231689453
Epoch 16500, Loss Total: 64.76876068115234, Loss Train: 4.375245771370828e-05, Loss Test: 39.70606231689453
Epoch 16600, Loss Total: 64.76876068115234, Loss Train: 4.375245771370828e-05, Loss Test: 39.70606231689453
Epoch 16700, Loss Total: 64.76876068115234, Loss Train: 4.375245771370828e-05, Loss Test: 39.70606231689453
Epoch 16800, Loss Total: 64.76876068115234, Loss Train: 4.375245771370828e-05, Loss Test: 39.70606231689453
Epoch 16900, Loss Total: 64.76876068115234, Loss Train: 4.375245771370828e-05, Loss Test: 39.70606231689453
Epoch 17000, Loss Total: 64.76876068115234, Loss Train: 4.375245771370828e-05, Loss Test: 39.70606231689453
Epoch 17100, Loss Total: 64.76876068115234, Loss Train: 4.375245771370828e-05, Loss Test: 39.70606231689453
Epoch 17200, Loss Total: 64.76876068115234, Loss Train: 4.375245771370828e-05, Loss Test: 39.70606231689453
Epoch 17300, Loss Total: 64.76876068115234, Loss Train: 4.375245771370828e-05, Loss Test: 39.70606231689453
Epoch 17400, Loss Total: 64.76876068115234, Loss Train: 4.375245771370828e-05, Loss Test: 39.70606231689453
Epoch 17500, Loss Total: 64.76876068115234, Loss Train: 4.375245771370828e-05, Loss Test: 39.70606231689453
Epoch 17600, Loss Total: 64.76876068115234, Loss Train: 4.375245771370828e-05, Loss Test: 39.70606231689453
Epoch 17700, Loss Total: 64.76876068115234, Loss Train: 4.375245771370828e-05, Loss Test: 39.70606231689453
Epoch 17800, Loss Total: 64.76876068115234, Loss Train: 4.375245771370828e-05, Loss Test: 39.70606231689453
Epoch 17900, Loss Total: 64.76876068115234, Loss Train: 4.375245771370828e-05, Loss Test: 39.70606231689453
Epoch 18000, Loss Total: 64.76876068115234, Loss Train: 4.375245771370828e-05, Loss Test: 39.70606231689453
Epoch 18100, Loss Total: 64.76876068115234, Loss Train: 4.375245771370828e-05, Loss Test: 39.70606231689453
Epoch 18200, Loss Total: 64.76876068115234, Loss Train: 4.375245771370828e-05, Loss Test: 39.70606231689453
Epoch 18300, Loss Total: 64.76876068115234, Loss Train: 4.375245771370828e-05, Loss Test: 39.70606231689453
Epoch 18400, Loss Total: 64.76876068115234, Loss Train: 4.375245771370828e-05, Loss Test: 39.70606231689453
Epoch 18500, Loss Total: 64.76876068115234, Loss Train: 4.375245771370828e-05, Loss Test: 39.70606231689453
Epoch 18600, Loss Total: 64.76876068115234, Loss Train: 4.375245771370828e-05, Loss Test: 39.70606231689453
Epoch 18700, Loss Total: 64.76876068115234, Loss Train: 4.375245771370828e-05, Loss Test: 39.70606231689453
Epoch 18800, Loss Total: 64.76876068115234, Loss Train: 4.375245771370828e-05, Loss Test: 39.70606231689453
Epoch 18900, Loss Total: 64.76876068115234, Loss Train: 4.375245771370828e-05, Loss Test: 39.70606231689453
Epoch 19000, Loss Total: 64.76876068115234, Loss Train: 4.375245771370828e-05, Loss Test: 39.70606231689453
Epoch 19100, Loss Total: 64.76876068115234, Loss Train: 4.375245771370828e-05, Loss Test: 39.70606231689453
Epoch 19200, Loss Total: 64.76876068115234, Loss Train: 4.375245771370828e-05, Loss Test: 39.70606231689453
Epoch 19300, Loss Total: 64.76876068115234, Loss Train: 4.375245771370828e-05, Loss Test: 39.70606231689453
Epoch 19400, Loss Total: 64.76876068115234, Loss Train: 4.375245771370828e-05, Loss Test: 39.70606231689453
Epoch 19500, Loss Total: 64.76876068115234, Loss Train: 4.375245771370828e-05, Loss Test: 39.70606231689453
Epoch 19600, Loss Total: 64.76876068115234, Loss Train: 4.375245771370828e-05, Loss Test: 39.70606231689453
Epoch 19700, Loss Total: 64.76876068115234, Loss Train: 4.375245771370828e-05, Loss Test: 39.70606231689453
Epoch 19800, Loss Total: 64.76876068115234, Loss Train: 4.375245771370828e-05, Loss Test: 39.70606231689453
Epoch 19900, Loss Total: 64.76876068115234, Loss Train: 4.375245771370828e-05, Loss Test: 39.70606231689453
Added results for seed=27 and percentage=0.15
Finished task 244
