Running task 539 with seed=59 and percentage=0.50
Epoch 0, Loss Total: 83.79973602294922, Loss Train: 131.55755615234375, Loss Test: 130.13528442382812
Epoch 100, Loss Total: 40.32675552368164, Loss Train: 40.42720413208008, Loss Test: 58.37244415283203
Epoch 200, Loss Total: 39.53489303588867, Loss Train: 17.366025924682617, Loss Test: 36.87751007080078
Epoch 300, Loss Total: 42.32814025878906, Loss Train: 8.464613914489746, Loss Test: 30.942981719970703
Epoch 400, Loss Total: 44.70097732543945, Loss Train: 4.412224769592285, Loss Test: 28.736995697021484
Epoch 500, Loss Total: 46.519935607910156, Loss Train: 2.417746067047119, Loss Test: 27.75684356689453
Epoch 600, Loss Total: 47.85867691040039, Loss Train: 1.3773906230926514, Loss Test: 27.260623931884766
Epoch 700, Loss Total: 48.82311248779297, Loss Train: 0.8086448311805725, Loss Test: 26.984821319580078
Epoch 800, Loss Total: 49.51295852661133, Loss Train: 0.485996276140213, Loss Test: 26.82278823852539
Epoch 900, Loss Total: 50.005714416503906, Loss Train: 0.29734888672828674, Loss Test: 26.72466468811035
Epoch 1000, Loss Total: 50.357025146484375, Loss Train: 0.18414071202278137, Loss Test: 26.663864135742188
Epoch 1100, Loss Total: 50.60637283325195, Loss Train: 0.1146705374121666, Loss Test: 26.625110626220703
Epoch 1200, Loss Total: 50.782196044921875, Loss Train: 0.0713082030415535, Loss Test: 26.599428176879883
Epoch 1300, Loss Total: 50.905311584472656, Loss Train: 0.04398103430867195, Loss Test: 26.581565856933594
Epoch 1400, Loss Total: 50.99098205566406, Loss Train: 0.026743996888399124, Loss Test: 26.56853485107422
Epoch 1500, Loss Total: 51.05036544799805, Loss Train: 0.015955599024891853, Loss Test: 26.55864143371582
Epoch 1600, Loss Total: 51.09147262573242, Loss Train: 0.009305791929364204, Loss Test: 26.55093002319336
Epoch 1700, Loss Total: 51.11996078491211, Loss Train: 0.005293892230838537, Loss Test: 26.544862747192383
Epoch 1800, Loss Total: 51.13977813720703, Loss Train: 0.0029357601888477802, Loss Test: 26.540098190307617
Epoch 1900, Loss Total: 51.15364074707031, Loss Train: 0.0015900578582659364, Loss Test: 26.53639793395996
Epoch 2000, Loss Total: 51.16339874267578, Loss Train: 0.0008462891564704478, Loss Test: 26.53358268737793
Epoch 2100, Loss Total: 51.1702995300293, Loss Train: 0.0004490040591917932, Loss Test: 26.531490325927734
Epoch 2200, Loss Total: 51.175201416015625, Loss Train: 0.00024404082796536386, Loss Test: 26.529979705810547
Epoch 2300, Loss Total: 51.178707122802734, Loss Train: 0.0001420580956619233, Loss Test: 26.52892303466797
Epoch 2400, Loss Total: 51.18121337890625, Loss Train: 9.303241677116603e-05, Loss Test: 26.52821922302246
Epoch 2500, Loss Total: 51.183006286621094, Loss Train: 7.030847336864099e-05, Loss Test: 26.52776527404785
Epoch 2600, Loss Total: 51.184295654296875, Loss Train: 5.998673805152066e-05, Loss Test: 26.52749252319336
Epoch 2700, Loss Total: 51.18522262573242, Loss Train: 5.535375385079533e-05, Loss Test: 26.52734375
Epoch 2800, Loss Total: 51.185882568359375, Loss Train: 5.3346760978456587e-05, Loss Test: 26.52726936340332
Epoch 2900, Loss Total: 51.18635940551758, Loss Train: 5.2465955377556384e-05, Loss Test: 26.52724266052246
Epoch 3000, Loss Total: 51.18669509887695, Loss Train: 5.2079536544624716e-05, Loss Test: 26.527244567871094
Epoch 3100, Loss Total: 51.18693923950195, Loss Train: 5.189999137655832e-05, Loss Test: 26.527254104614258
Epoch 3200, Loss Total: 51.187110900878906, Loss Train: 5.180611333344132e-05, Loss Test: 26.527271270751953
Epoch 3300, Loss Total: 51.18723678588867, Loss Train: 5.1897543016821146e-05, Loss Test: 26.52729034423828
Epoch 3400, Loss Total: 51.18732833862305, Loss Train: 5.173635872779414e-05, Loss Test: 26.527305603027344
Epoch 3500, Loss Total: 51.18735885620117, Loss Train: 5.169788346393034e-05, Loss Test: 26.527315139770508
Epoch 3600, Loss Total: 51.187374114990234, Loss Train: 5.169787254999392e-05, Loss Test: 26.527318954467773
Epoch 3700, Loss Total: 51.187374114990234, Loss Train: 5.169787254999392e-05, Loss Test: 26.527318954467773
Epoch 3800, Loss Total: 51.187374114990234, Loss Train: 5.169787254999392e-05, Loss Test: 26.527318954467773
Epoch 3900, Loss Total: 51.187374114990234, Loss Train: 5.169787982595153e-05, Loss Test: 26.527318954467773
Epoch 4000, Loss Total: 51.187374114990234, Loss Train: 5.169787982595153e-05, Loss Test: 26.527318954467773
Epoch 4100, Loss Total: 51.187374114990234, Loss Train: 5.169787982595153e-05, Loss Test: 26.527318954467773
Epoch 4200, Loss Total: 51.187374114990234, Loss Train: 5.169787982595153e-05, Loss Test: 26.527318954467773
Epoch 4300, Loss Total: 51.187374114990234, Loss Train: 5.169787982595153e-05, Loss Test: 26.527318954467773
Epoch 4400, Loss Total: 51.187374114990234, Loss Train: 5.169787982595153e-05, Loss Test: 26.527318954467773
Epoch 4500, Loss Total: 51.187374114990234, Loss Train: 5.169787982595153e-05, Loss Test: 26.527318954467773
Epoch 4600, Loss Total: 51.187374114990234, Loss Train: 5.169787982595153e-05, Loss Test: 26.527318954467773
Epoch 4700, Loss Total: 51.187374114990234, Loss Train: 5.169787982595153e-05, Loss Test: 26.527318954467773
Epoch 4800, Loss Total: 51.187374114990234, Loss Train: 5.169787982595153e-05, Loss Test: 26.527318954467773
Epoch 4900, Loss Total: 51.187374114990234, Loss Train: 5.169787982595153e-05, Loss Test: 26.527318954467773
Epoch 5000, Loss Total: 51.187374114990234, Loss Train: 5.169787982595153e-05, Loss Test: 26.527318954467773
Epoch 5100, Loss Total: 51.187374114990234, Loss Train: 5.169787982595153e-05, Loss Test: 26.527318954467773
Epoch 5200, Loss Total: 51.187374114990234, Loss Train: 5.169787982595153e-05, Loss Test: 26.527318954467773
Epoch 5300, Loss Total: 51.187374114990234, Loss Train: 5.169787982595153e-05, Loss Test: 26.527318954467773
Epoch 5400, Loss Total: 51.187374114990234, Loss Train: 5.169787982595153e-05, Loss Test: 26.527318954467773
Epoch 5500, Loss Total: 51.187374114990234, Loss Train: 5.169787982595153e-05, Loss Test: 26.527318954467773
Epoch 5600, Loss Total: 51.187374114990234, Loss Train: 5.169787982595153e-05, Loss Test: 26.527318954467773
Epoch 5700, Loss Total: 51.187374114990234, Loss Train: 5.169787982595153e-05, Loss Test: 26.527318954467773
Epoch 5800, Loss Total: 51.187374114990234, Loss Train: 5.169787982595153e-05, Loss Test: 26.527318954467773
Epoch 5900, Loss Total: 51.187374114990234, Loss Train: 5.169787982595153e-05, Loss Test: 26.527318954467773
Epoch 6000, Loss Total: 51.187374114990234, Loss Train: 5.169787982595153e-05, Loss Test: 26.527318954467773
Epoch 6100, Loss Total: 51.187374114990234, Loss Train: 5.169787982595153e-05, Loss Test: 26.527318954467773
Epoch 6200, Loss Total: 51.187374114990234, Loss Train: 5.169787982595153e-05, Loss Test: 26.527318954467773
Epoch 6300, Loss Total: 51.187374114990234, Loss Train: 5.169787982595153e-05, Loss Test: 26.527318954467773
Epoch 6400, Loss Total: 51.187374114990234, Loss Train: 5.169787982595153e-05, Loss Test: 26.527318954467773
Epoch 6500, Loss Total: 51.187374114990234, Loss Train: 5.169787982595153e-05, Loss Test: 26.527318954467773
Epoch 6600, Loss Total: 51.187374114990234, Loss Train: 5.169787982595153e-05, Loss Test: 26.527318954467773
Epoch 6700, Loss Total: 51.187374114990234, Loss Train: 5.169787982595153e-05, Loss Test: 26.527318954467773
Epoch 6800, Loss Total: 51.187374114990234, Loss Train: 5.169787982595153e-05, Loss Test: 26.527318954467773
Epoch 6900, Loss Total: 51.187374114990234, Loss Train: 5.169787982595153e-05, Loss Test: 26.527318954467773
Epoch 7000, Loss Total: 51.187374114990234, Loss Train: 5.169787982595153e-05, Loss Test: 26.527318954467773
Epoch 7100, Loss Total: 51.187374114990234, Loss Train: 5.169787982595153e-05, Loss Test: 26.527318954467773
Epoch 7200, Loss Total: 51.187374114990234, Loss Train: 5.169787982595153e-05, Loss Test: 26.527318954467773
Epoch 7300, Loss Total: 51.187374114990234, Loss Train: 5.169787982595153e-05, Loss Test: 26.527318954467773
Epoch 7400, Loss Total: 51.187374114990234, Loss Train: 5.169787982595153e-05, Loss Test: 26.527318954467773
Epoch 7500, Loss Total: 51.187374114990234, Loss Train: 5.169787982595153e-05, Loss Test: 26.527318954467773
Epoch 7600, Loss Total: 51.187374114990234, Loss Train: 5.169787982595153e-05, Loss Test: 26.527318954467773
Epoch 7700, Loss Total: 51.187374114990234, Loss Train: 5.169787982595153e-05, Loss Test: 26.527318954467773
Epoch 7800, Loss Total: 51.187374114990234, Loss Train: 5.169787982595153e-05, Loss Test: 26.527318954467773
Epoch 7900, Loss Total: 51.187374114990234, Loss Train: 5.169787982595153e-05, Loss Test: 26.527318954467773
Epoch 8000, Loss Total: 51.187374114990234, Loss Train: 5.169787982595153e-05, Loss Test: 26.527318954467773
Epoch 8100, Loss Total: 51.187374114990234, Loss Train: 5.169787982595153e-05, Loss Test: 26.527318954467773
Epoch 8200, Loss Total: 51.187374114990234, Loss Train: 5.169787982595153e-05, Loss Test: 26.527318954467773
Epoch 8300, Loss Total: 51.187374114990234, Loss Train: 5.169787982595153e-05, Loss Test: 26.527318954467773
Epoch 8400, Loss Total: 51.187374114990234, Loss Train: 5.169787982595153e-05, Loss Test: 26.527318954467773
Epoch 8500, Loss Total: 51.187374114990234, Loss Train: 5.169787982595153e-05, Loss Test: 26.527318954467773
Epoch 8600, Loss Total: 51.187374114990234, Loss Train: 5.169787982595153e-05, Loss Test: 26.527318954467773
Epoch 8700, Loss Total: 51.187374114990234, Loss Train: 5.169787982595153e-05, Loss Test: 26.527318954467773
Epoch 8800, Loss Total: 51.187374114990234, Loss Train: 5.169787982595153e-05, Loss Test: 26.527318954467773
Epoch 8900, Loss Total: 51.187374114990234, Loss Train: 5.169787982595153e-05, Loss Test: 26.527318954467773
Epoch 9000, Loss Total: 51.187374114990234, Loss Train: 5.169787982595153e-05, Loss Test: 26.527318954467773
Epoch 9100, Loss Total: 51.187374114990234, Loss Train: 5.169787982595153e-05, Loss Test: 26.527318954467773
Epoch 9200, Loss Total: 51.187374114990234, Loss Train: 5.169787982595153e-05, Loss Test: 26.527318954467773
Epoch 9300, Loss Total: 51.187374114990234, Loss Train: 5.169787982595153e-05, Loss Test: 26.527318954467773
Epoch 9400, Loss Total: 51.187374114990234, Loss Train: 5.169787982595153e-05, Loss Test: 26.527318954467773
Epoch 9500, Loss Total: 51.187374114990234, Loss Train: 5.169787982595153e-05, Loss Test: 26.527318954467773
Epoch 9600, Loss Total: 51.187374114990234, Loss Train: 5.169787982595153e-05, Loss Test: 26.527318954467773
Epoch 9700, Loss Total: 51.187374114990234, Loss Train: 5.169787982595153e-05, Loss Test: 26.527318954467773
Epoch 9800, Loss Total: 51.187374114990234, Loss Train: 5.169787982595153e-05, Loss Test: 26.527318954467773
Epoch 9900, Loss Total: 51.187374114990234, Loss Train: 5.169787982595153e-05, Loss Test: 26.527318954467773
Epoch 10000, Loss Total: 51.187374114990234, Loss Train: 5.169787982595153e-05, Loss Test: 26.527318954467773
Epoch 10100, Loss Total: 51.187374114990234, Loss Train: 5.169787982595153e-05, Loss Test: 26.527318954467773
Epoch 10200, Loss Total: 51.187374114990234, Loss Train: 5.169787982595153e-05, Loss Test: 26.527318954467773
Epoch 10300, Loss Total: 51.187374114990234, Loss Train: 5.169787982595153e-05, Loss Test: 26.527318954467773
Epoch 10400, Loss Total: 51.187374114990234, Loss Train: 5.169787982595153e-05, Loss Test: 26.527318954467773
Epoch 10500, Loss Total: 51.187374114990234, Loss Train: 5.169787982595153e-05, Loss Test: 26.527318954467773
Epoch 10600, Loss Total: 51.187374114990234, Loss Train: 5.169787982595153e-05, Loss Test: 26.527318954467773
Epoch 10700, Loss Total: 51.187374114990234, Loss Train: 5.169787982595153e-05, Loss Test: 26.527318954467773
Epoch 10800, Loss Total: 51.187374114990234, Loss Train: 5.169787982595153e-05, Loss Test: 26.527318954467773
Epoch 10900, Loss Total: 51.187374114990234, Loss Train: 5.169787982595153e-05, Loss Test: 26.527318954467773
Epoch 11000, Loss Total: 51.187374114990234, Loss Train: 5.169787982595153e-05, Loss Test: 26.527318954467773
Epoch 11100, Loss Total: 51.187374114990234, Loss Train: 5.169787982595153e-05, Loss Test: 26.527318954467773
Epoch 11200, Loss Total: 51.187374114990234, Loss Train: 5.169787982595153e-05, Loss Test: 26.527318954467773
Epoch 11300, Loss Total: 51.187374114990234, Loss Train: 5.169787982595153e-05, Loss Test: 26.527318954467773
Epoch 11400, Loss Total: 51.187374114990234, Loss Train: 5.169787982595153e-05, Loss Test: 26.527318954467773
Epoch 11500, Loss Total: 51.187374114990234, Loss Train: 5.169787982595153e-05, Loss Test: 26.527318954467773
Epoch 11600, Loss Total: 51.187374114990234, Loss Train: 5.169787982595153e-05, Loss Test: 26.527318954467773
Epoch 11700, Loss Total: 51.187374114990234, Loss Train: 5.169787982595153e-05, Loss Test: 26.527318954467773
Epoch 11800, Loss Total: 51.187374114990234, Loss Train: 5.169787982595153e-05, Loss Test: 26.527318954467773
Epoch 11900, Loss Total: 51.187374114990234, Loss Train: 5.169787982595153e-05, Loss Test: 26.527318954467773
Epoch 12000, Loss Total: 51.187374114990234, Loss Train: 5.169787982595153e-05, Loss Test: 26.527318954467773
Epoch 12100, Loss Total: 51.187374114990234, Loss Train: 5.169787982595153e-05, Loss Test: 26.527318954467773
Epoch 12200, Loss Total: 51.187374114990234, Loss Train: 5.169787982595153e-05, Loss Test: 26.527318954467773
Epoch 12300, Loss Total: 51.187374114990234, Loss Train: 5.169787982595153e-05, Loss Test: 26.527318954467773
Epoch 12400, Loss Total: 51.187374114990234, Loss Train: 5.169787982595153e-05, Loss Test: 26.527318954467773
Epoch 12500, Loss Total: 51.187374114990234, Loss Train: 5.169787982595153e-05, Loss Test: 26.527318954467773
Epoch 12600, Loss Total: 51.187374114990234, Loss Train: 5.169787982595153e-05, Loss Test: 26.527318954467773
Epoch 12700, Loss Total: 51.187374114990234, Loss Train: 5.169787982595153e-05, Loss Test: 26.527318954467773
Epoch 12800, Loss Total: 51.187374114990234, Loss Train: 5.169787982595153e-05, Loss Test: 26.527318954467773
Epoch 12900, Loss Total: 51.187374114990234, Loss Train: 5.169787982595153e-05, Loss Test: 26.527318954467773
Epoch 13000, Loss Total: 51.187374114990234, Loss Train: 5.169787982595153e-05, Loss Test: 26.527318954467773
Epoch 13100, Loss Total: 51.187374114990234, Loss Train: 5.169787982595153e-05, Loss Test: 26.527318954467773
Epoch 13200, Loss Total: 51.187374114990234, Loss Train: 5.169787982595153e-05, Loss Test: 26.527318954467773
Epoch 13300, Loss Total: 51.187374114990234, Loss Train: 5.169787982595153e-05, Loss Test: 26.527318954467773
Epoch 13400, Loss Total: 51.187374114990234, Loss Train: 5.169787982595153e-05, Loss Test: 26.527318954467773
Epoch 13500, Loss Total: 51.187374114990234, Loss Train: 5.169787982595153e-05, Loss Test: 26.527318954467773
Epoch 13600, Loss Total: 51.187374114990234, Loss Train: 5.169787982595153e-05, Loss Test: 26.527318954467773
Epoch 13700, Loss Total: 51.187374114990234, Loss Train: 5.169787982595153e-05, Loss Test: 26.527318954467773
Epoch 13800, Loss Total: 51.187374114990234, Loss Train: 5.169787982595153e-05, Loss Test: 26.527318954467773
Epoch 13900, Loss Total: 51.187374114990234, Loss Train: 5.169787982595153e-05, Loss Test: 26.527318954467773
Epoch 14000, Loss Total: 51.187374114990234, Loss Train: 5.169787982595153e-05, Loss Test: 26.527318954467773
Epoch 14100, Loss Total: 51.187374114990234, Loss Train: 5.169787982595153e-05, Loss Test: 26.527318954467773
Epoch 14200, Loss Total: 51.187374114990234, Loss Train: 5.169787982595153e-05, Loss Test: 26.527318954467773
Epoch 14300, Loss Total: 51.187374114990234, Loss Train: 5.169787982595153e-05, Loss Test: 26.527318954467773
Epoch 14400, Loss Total: 51.187374114990234, Loss Train: 5.169787982595153e-05, Loss Test: 26.527318954467773
Epoch 14500, Loss Total: 51.187374114990234, Loss Train: 5.169787982595153e-05, Loss Test: 26.527318954467773
Epoch 14600, Loss Total: 51.187374114990234, Loss Train: 5.169787982595153e-05, Loss Test: 26.527318954467773
Epoch 14700, Loss Total: 51.187374114990234, Loss Train: 5.169787982595153e-05, Loss Test: 26.527318954467773
Epoch 14800, Loss Total: 51.187374114990234, Loss Train: 5.169787982595153e-05, Loss Test: 26.527318954467773
Epoch 14900, Loss Total: 51.187374114990234, Loss Train: 5.169787982595153e-05, Loss Test: 26.527318954467773
Epoch 15000, Loss Total: 51.187374114990234, Loss Train: 5.169787982595153e-05, Loss Test: 26.527318954467773
Epoch 15100, Loss Total: 51.187374114990234, Loss Train: 5.169787982595153e-05, Loss Test: 26.527318954467773
Epoch 15200, Loss Total: 51.187374114990234, Loss Train: 5.169787982595153e-05, Loss Test: 26.527318954467773
Epoch 15300, Loss Total: 51.187374114990234, Loss Train: 5.169787982595153e-05, Loss Test: 26.527318954467773
Epoch 15400, Loss Total: 51.187374114990234, Loss Train: 5.169787982595153e-05, Loss Test: 26.527318954467773
Epoch 15500, Loss Total: 51.187374114990234, Loss Train: 5.169787982595153e-05, Loss Test: 26.527318954467773
Epoch 15600, Loss Total: 51.187374114990234, Loss Train: 5.169787982595153e-05, Loss Test: 26.527318954467773
Epoch 15700, Loss Total: 51.187374114990234, Loss Train: 5.169787982595153e-05, Loss Test: 26.527318954467773
Epoch 15800, Loss Total: 51.187374114990234, Loss Train: 5.169787982595153e-05, Loss Test: 26.527318954467773
Epoch 15900, Loss Total: 51.187374114990234, Loss Train: 5.169787982595153e-05, Loss Test: 26.527318954467773
Epoch 16000, Loss Total: 51.187374114990234, Loss Train: 5.169787982595153e-05, Loss Test: 26.527318954467773
Epoch 16100, Loss Total: 51.187374114990234, Loss Train: 5.169787982595153e-05, Loss Test: 26.527318954467773
Epoch 16200, Loss Total: 51.187374114990234, Loss Train: 5.169787982595153e-05, Loss Test: 26.527318954467773
Epoch 16300, Loss Total: 51.187374114990234, Loss Train: 5.169787982595153e-05, Loss Test: 26.527318954467773
Epoch 16400, Loss Total: 51.187374114990234, Loss Train: 5.169787982595153e-05, Loss Test: 26.527318954467773
Epoch 16500, Loss Total: 51.187374114990234, Loss Train: 5.169787982595153e-05, Loss Test: 26.527318954467773
Epoch 16600, Loss Total: 51.187374114990234, Loss Train: 5.169787982595153e-05, Loss Test: 26.527318954467773
Epoch 16700, Loss Total: 51.187374114990234, Loss Train: 5.169787982595153e-05, Loss Test: 26.527318954467773
Epoch 16800, Loss Total: 51.187374114990234, Loss Train: 5.169787982595153e-05, Loss Test: 26.527318954467773
Epoch 16900, Loss Total: 51.187374114990234, Loss Train: 5.169787982595153e-05, Loss Test: 26.527318954467773
Epoch 17000, Loss Total: 51.187374114990234, Loss Train: 5.169787982595153e-05, Loss Test: 26.527318954467773
Epoch 17100, Loss Total: 51.187374114990234, Loss Train: 5.169787982595153e-05, Loss Test: 26.527318954467773
Epoch 17200, Loss Total: 51.187374114990234, Loss Train: 5.169787982595153e-05, Loss Test: 26.527318954467773
Epoch 17300, Loss Total: 51.187374114990234, Loss Train: 5.169787982595153e-05, Loss Test: 26.527318954467773
Epoch 17400, Loss Total: 51.187374114990234, Loss Train: 5.169787982595153e-05, Loss Test: 26.527318954467773
Epoch 17500, Loss Total: 51.187374114990234, Loss Train: 5.169787982595153e-05, Loss Test: 26.527318954467773
Epoch 17600, Loss Total: 51.187374114990234, Loss Train: 5.169787982595153e-05, Loss Test: 26.527318954467773
Epoch 17700, Loss Total: 51.187374114990234, Loss Train: 5.169787982595153e-05, Loss Test: 26.527318954467773
Epoch 17800, Loss Total: 51.187374114990234, Loss Train: 5.169787982595153e-05, Loss Test: 26.527318954467773
Epoch 17900, Loss Total: 51.187374114990234, Loss Train: 5.169787982595153e-05, Loss Test: 26.527318954467773
Epoch 18000, Loss Total: 51.187374114990234, Loss Train: 5.169787982595153e-05, Loss Test: 26.527318954467773
Epoch 18100, Loss Total: 51.187374114990234, Loss Train: 5.169787982595153e-05, Loss Test: 26.527318954467773
Epoch 18200, Loss Total: 51.187374114990234, Loss Train: 5.169787982595153e-05, Loss Test: 26.527318954467773
Epoch 18300, Loss Total: 51.187374114990234, Loss Train: 5.169787982595153e-05, Loss Test: 26.527318954467773
Epoch 18400, Loss Total: 51.187374114990234, Loss Train: 5.169787982595153e-05, Loss Test: 26.527318954467773
Epoch 18500, Loss Total: 51.187374114990234, Loss Train: 5.169787982595153e-05, Loss Test: 26.527318954467773
Epoch 18600, Loss Total: 51.187374114990234, Loss Train: 5.169787982595153e-05, Loss Test: 26.527318954467773
Epoch 18700, Loss Total: 51.187374114990234, Loss Train: 5.169787982595153e-05, Loss Test: 26.527318954467773
Epoch 18800, Loss Total: 51.187374114990234, Loss Train: 5.169787982595153e-05, Loss Test: 26.527318954467773
Epoch 18900, Loss Total: 51.187374114990234, Loss Train: 5.169787982595153e-05, Loss Test: 26.527318954467773
Epoch 19000, Loss Total: 51.187374114990234, Loss Train: 5.169787982595153e-05, Loss Test: 26.527318954467773
Epoch 19100, Loss Total: 51.187374114990234, Loss Train: 5.169787982595153e-05, Loss Test: 26.527318954467773
Epoch 19200, Loss Total: 51.187374114990234, Loss Train: 5.169787982595153e-05, Loss Test: 26.527318954467773
Epoch 19300, Loss Total: 51.187374114990234, Loss Train: 5.169787982595153e-05, Loss Test: 26.527318954467773
Epoch 19400, Loss Total: 51.187374114990234, Loss Train: 5.169787982595153e-05, Loss Test: 26.527318954467773
Epoch 19500, Loss Total: 51.187374114990234, Loss Train: 5.169787982595153e-05, Loss Test: 26.527318954467773
Epoch 19600, Loss Total: 51.187374114990234, Loss Train: 5.169787982595153e-05, Loss Test: 26.527318954467773
Epoch 19700, Loss Total: 51.187374114990234, Loss Train: 5.169787982595153e-05, Loss Test: 26.527318954467773
Epoch 19800, Loss Total: 51.187374114990234, Loss Train: 5.169787982595153e-05, Loss Test: 26.527318954467773
Epoch 19900, Loss Total: 51.187374114990234, Loss Train: 5.169787982595153e-05, Loss Test: 26.527318954467773
Added results for seed=59 and percentage=0.5
Finished task 539
