Running task 892 with seed=99 and percentage=0.15
Epoch 0, Loss Total: 83.92493438720703, Loss Train: 126.198974609375, Loss Test: 131.9142303466797
Epoch 100, Loss Total: 51.204349517822266, Loss Train: 37.787437438964844, Loss Test: 80.70011901855469
Epoch 200, Loss Total: 42.7706184387207, Loss Train: 15.791163444519043, Loss Test: 49.489707946777344
Epoch 300, Loss Total: 45.11599349975586, Loss Train: 7.275447845458984, Loss Test: 39.11009216308594
Epoch 400, Loss Total: 48.87999725341797, Loss Train: 3.434788227081299, Loss Test: 35.817832946777344
Epoch 500, Loss Total: 52.24840545654297, Loss Train: 1.6246135234832764, Loss Test: 35.05553436279297
Epoch 600, Loss Total: 54.955657958984375, Loss Train: 0.757965624332428, Loss Test: 35.207313537597656
Epoch 700, Loss Total: 57.0443000793457, Loss Train: 0.34416747093200684, Loss Test: 35.645084381103516
Epoch 800, Loss Total: 58.61537170410156, Loss Train: 0.15055377781391144, Loss Test: 36.11397171020508
Epoch 900, Loss Total: 59.774375915527344, Loss Train: 0.06302438676357269, Loss Test: 36.51709747314453
Epoch 1000, Loss Total: 60.61722946166992, Loss Train: 0.025158105418086052, Loss Test: 36.829681396484375
Epoch 1100, Loss Total: 61.22512435913086, Loss Train: 0.009572429582476616, Loss Test: 37.058685302734375
Epoch 1200, Loss Total: 61.66286849975586, Loss Train: 0.003486345987766981, Loss Test: 37.22190475463867
Epoch 1300, Loss Total: 61.979496002197266, Loss Train: 0.00123279367107898, Loss Test: 37.337669372558594
Epoch 1400, Loss Total: 62.21054458618164, Loss Train: 0.000439810159150511, Loss Test: 37.42075729370117
Epoch 1500, Loss Total: 62.38094711303711, Loss Train: 0.00017309490067418665, Loss Test: 37.48167419433594
Epoch 1600, Loss Total: 62.507938385009766, Loss Train: 8.62281522131525e-05, Loss Test: 37.52738952636719
Epoch 1700, Loss Total: 62.60337448120117, Loss Train: 5.8293386246077716e-05, Loss Test: 37.562347412109375
Epoch 1800, Loss Total: 62.675514221191406, Loss Train: 4.910217830911279e-05, Loss Test: 37.58939743041992
Epoch 1900, Loss Total: 62.73021697998047, Loss Train: 4.594061101670377e-05, Loss Test: 37.61044692993164
Epoch 2000, Loss Total: 62.771724700927734, Loss Train: 4.498075941228308e-05, Loss Test: 37.6268310546875
Epoch 2100, Loss Total: 62.80320358276367, Loss Train: 4.4360840547597036e-05, Loss Test: 37.63954544067383
Epoch 2200, Loss Total: 62.82701873779297, Loss Train: 4.419985634740442e-05, Loss Test: 37.64936065673828
Epoch 2300, Loss Total: 62.84501647949219, Loss Train: 4.417279706103727e-05, Loss Test: 37.656917572021484
Epoch 2400, Loss Total: 62.854454040527344, Loss Train: 4.411885674926452e-05, Loss Test: 37.660945892333984
Epoch 2500, Loss Total: 62.85852813720703, Loss Train: 4.4118591176811606e-05, Loss Test: 37.66270446777344
Epoch 2600, Loss Total: 62.860435485839844, Loss Train: 4.4118591176811606e-05, Loss Test: 37.663536071777344
Epoch 2700, Loss Total: 62.861351013183594, Loss Train: 4.41185875388328e-05, Loss Test: 37.6639404296875
Epoch 2800, Loss Total: 62.8618049621582, Loss Train: 4.41185875388328e-05, Loss Test: 37.66414260864258
Epoch 2900, Loss Total: 62.862037658691406, Loss Train: 4.4118591176811606e-05, Loss Test: 37.664241790771484
Epoch 3000, Loss Total: 62.86214828491211, Loss Train: 4.4118591176811606e-05, Loss Test: 37.6642951965332
Epoch 3100, Loss Total: 62.8621940612793, Loss Train: 4.4118591176811606e-05, Loss Test: 37.6643180847168
Epoch 3200, Loss Total: 62.86220932006836, Loss Train: 4.4118591176811606e-05, Loss Test: 37.664329528808594
Epoch 3300, Loss Total: 62.862220764160156, Loss Train: 4.4118591176811606e-05, Loss Test: 37.664329528808594
Epoch 3400, Loss Total: 62.862220764160156, Loss Train: 4.4118591176811606e-05, Loss Test: 37.664329528808594
Epoch 3500, Loss Total: 62.862220764160156, Loss Train: 4.4118591176811606e-05, Loss Test: 37.664329528808594
Epoch 3600, Loss Total: 62.862220764160156, Loss Train: 4.4118591176811606e-05, Loss Test: 37.664329528808594
Epoch 3700, Loss Total: 62.862220764160156, Loss Train: 4.4118591176811606e-05, Loss Test: 37.664329528808594
Epoch 3800, Loss Total: 62.862220764160156, Loss Train: 4.4118591176811606e-05, Loss Test: 37.664329528808594
Epoch 3900, Loss Total: 62.862220764160156, Loss Train: 4.4118591176811606e-05, Loss Test: 37.664329528808594
Epoch 4000, Loss Total: 62.862220764160156, Loss Train: 4.4118591176811606e-05, Loss Test: 37.664329528808594
Epoch 4100, Loss Total: 62.862220764160156, Loss Train: 4.4118591176811606e-05, Loss Test: 37.664329528808594
Epoch 4200, Loss Total: 62.862220764160156, Loss Train: 4.4118591176811606e-05, Loss Test: 37.664329528808594
Epoch 4300, Loss Total: 62.862220764160156, Loss Train: 4.4118591176811606e-05, Loss Test: 37.664329528808594
Epoch 4400, Loss Total: 62.862220764160156, Loss Train: 4.4118591176811606e-05, Loss Test: 37.664329528808594
Epoch 4500, Loss Total: 62.862220764160156, Loss Train: 4.4118591176811606e-05, Loss Test: 37.664329528808594
Epoch 4600, Loss Total: 62.862220764160156, Loss Train: 4.4118591176811606e-05, Loss Test: 37.664329528808594
Epoch 4700, Loss Total: 62.862220764160156, Loss Train: 4.4118591176811606e-05, Loss Test: 37.664329528808594
Epoch 4800, Loss Total: 62.862220764160156, Loss Train: 4.4118591176811606e-05, Loss Test: 37.664329528808594
Epoch 4900, Loss Total: 62.862220764160156, Loss Train: 4.4118591176811606e-05, Loss Test: 37.664329528808594
Epoch 5000, Loss Total: 62.862220764160156, Loss Train: 4.4118591176811606e-05, Loss Test: 37.664329528808594
Epoch 5100, Loss Total: 62.862220764160156, Loss Train: 4.4118591176811606e-05, Loss Test: 37.664329528808594
Epoch 5200, Loss Total: 62.862220764160156, Loss Train: 4.4118591176811606e-05, Loss Test: 37.664329528808594
Epoch 5300, Loss Total: 62.862220764160156, Loss Train: 4.4118591176811606e-05, Loss Test: 37.664329528808594
Epoch 5400, Loss Total: 62.862220764160156, Loss Train: 4.4118591176811606e-05, Loss Test: 37.664329528808594
Epoch 5500, Loss Total: 62.862220764160156, Loss Train: 4.4118591176811606e-05, Loss Test: 37.664329528808594
Epoch 5600, Loss Total: 62.862220764160156, Loss Train: 4.4118591176811606e-05, Loss Test: 37.664329528808594
Epoch 5700, Loss Total: 62.862220764160156, Loss Train: 4.4118591176811606e-05, Loss Test: 37.664329528808594
Epoch 5800, Loss Total: 62.862220764160156, Loss Train: 4.4118591176811606e-05, Loss Test: 37.664329528808594
Epoch 5900, Loss Total: 62.862220764160156, Loss Train: 4.4118591176811606e-05, Loss Test: 37.664329528808594
Epoch 6000, Loss Total: 62.862220764160156, Loss Train: 4.4118591176811606e-05, Loss Test: 37.664329528808594
Epoch 6100, Loss Total: 62.862220764160156, Loss Train: 4.4118591176811606e-05, Loss Test: 37.664329528808594
Epoch 6200, Loss Total: 62.862220764160156, Loss Train: 4.4118591176811606e-05, Loss Test: 37.664329528808594
Epoch 6300, Loss Total: 62.862220764160156, Loss Train: 4.4118591176811606e-05, Loss Test: 37.664329528808594
Epoch 6400, Loss Total: 62.862220764160156, Loss Train: 4.4118591176811606e-05, Loss Test: 37.664329528808594
Epoch 6500, Loss Total: 62.862220764160156, Loss Train: 4.4118591176811606e-05, Loss Test: 37.664329528808594
Epoch 6600, Loss Total: 62.862220764160156, Loss Train: 4.4118591176811606e-05, Loss Test: 37.664329528808594
Epoch 6700, Loss Total: 62.862220764160156, Loss Train: 4.4118591176811606e-05, Loss Test: 37.664329528808594
Epoch 6800, Loss Total: 62.862220764160156, Loss Train: 4.4118591176811606e-05, Loss Test: 37.664329528808594
Epoch 6900, Loss Total: 62.862220764160156, Loss Train: 4.4118591176811606e-05, Loss Test: 37.664329528808594
Epoch 7000, Loss Total: 62.862220764160156, Loss Train: 4.4118591176811606e-05, Loss Test: 37.664329528808594
Epoch 7100, Loss Total: 62.862220764160156, Loss Train: 4.4118591176811606e-05, Loss Test: 37.664329528808594
Epoch 7200, Loss Total: 62.862220764160156, Loss Train: 4.4118591176811606e-05, Loss Test: 37.664329528808594
Epoch 7300, Loss Total: 62.862220764160156, Loss Train: 4.4118591176811606e-05, Loss Test: 37.664329528808594
Epoch 7400, Loss Total: 62.862220764160156, Loss Train: 4.4118591176811606e-05, Loss Test: 37.664329528808594
Epoch 7500, Loss Total: 62.862220764160156, Loss Train: 4.4118591176811606e-05, Loss Test: 37.664329528808594
Epoch 7600, Loss Total: 62.862220764160156, Loss Train: 4.4118591176811606e-05, Loss Test: 37.664329528808594
Epoch 7700, Loss Total: 62.862220764160156, Loss Train: 4.4118591176811606e-05, Loss Test: 37.664329528808594
Epoch 7800, Loss Total: 62.862220764160156, Loss Train: 4.4118591176811606e-05, Loss Test: 37.664329528808594
Epoch 7900, Loss Total: 62.862220764160156, Loss Train: 4.4118591176811606e-05, Loss Test: 37.664329528808594
Epoch 8000, Loss Total: 62.862220764160156, Loss Train: 4.4118591176811606e-05, Loss Test: 37.664329528808594
Epoch 8100, Loss Total: 62.862220764160156, Loss Train: 4.4118591176811606e-05, Loss Test: 37.664329528808594
Epoch 8200, Loss Total: 62.862220764160156, Loss Train: 4.4118591176811606e-05, Loss Test: 37.664329528808594
Epoch 8300, Loss Total: 62.862220764160156, Loss Train: 4.4118591176811606e-05, Loss Test: 37.664329528808594
Epoch 8400, Loss Total: 62.862220764160156, Loss Train: 4.4118591176811606e-05, Loss Test: 37.664329528808594
Epoch 8500, Loss Total: 62.862220764160156, Loss Train: 4.4118591176811606e-05, Loss Test: 37.664329528808594
Epoch 8600, Loss Total: 62.862220764160156, Loss Train: 4.4118591176811606e-05, Loss Test: 37.664329528808594
Epoch 8700, Loss Total: 62.862220764160156, Loss Train: 4.4118591176811606e-05, Loss Test: 37.664329528808594
Epoch 8800, Loss Total: 62.862220764160156, Loss Train: 4.4118591176811606e-05, Loss Test: 37.664329528808594
Epoch 8900, Loss Total: 62.862220764160156, Loss Train: 4.4118591176811606e-05, Loss Test: 37.664329528808594
Epoch 9000, Loss Total: 62.862220764160156, Loss Train: 4.4118591176811606e-05, Loss Test: 37.664329528808594
Epoch 9100, Loss Total: 62.862220764160156, Loss Train: 4.4118591176811606e-05, Loss Test: 37.664329528808594
Epoch 9200, Loss Total: 62.862220764160156, Loss Train: 4.4118591176811606e-05, Loss Test: 37.664329528808594
Epoch 9300, Loss Total: 62.862220764160156, Loss Train: 4.4118591176811606e-05, Loss Test: 37.664329528808594
Epoch 9400, Loss Total: 62.862220764160156, Loss Train: 4.4118591176811606e-05, Loss Test: 37.664329528808594
Epoch 9500, Loss Total: 62.862220764160156, Loss Train: 4.4118591176811606e-05, Loss Test: 37.664329528808594
Epoch 9600, Loss Total: 62.862220764160156, Loss Train: 4.4118591176811606e-05, Loss Test: 37.664329528808594
Epoch 9700, Loss Total: 62.862220764160156, Loss Train: 4.4118591176811606e-05, Loss Test: 37.664329528808594
Epoch 9800, Loss Total: 62.862220764160156, Loss Train: 4.4118591176811606e-05, Loss Test: 37.664329528808594
Epoch 9900, Loss Total: 62.862220764160156, Loss Train: 4.4118591176811606e-05, Loss Test: 37.664329528808594
Epoch 10000, Loss Total: 62.862220764160156, Loss Train: 4.4118591176811606e-05, Loss Test: 37.664329528808594
Epoch 10100, Loss Total: 62.862220764160156, Loss Train: 4.4118591176811606e-05, Loss Test: 37.664329528808594
Epoch 10200, Loss Total: 62.862220764160156, Loss Train: 4.4118591176811606e-05, Loss Test: 37.664329528808594
Epoch 10300, Loss Total: 62.862220764160156, Loss Train: 4.4118591176811606e-05, Loss Test: 37.664329528808594
Epoch 10400, Loss Total: 62.862220764160156, Loss Train: 4.4118591176811606e-05, Loss Test: 37.664329528808594
Epoch 10500, Loss Total: 62.862220764160156, Loss Train: 4.4118591176811606e-05, Loss Test: 37.664329528808594
Epoch 10600, Loss Total: 62.862220764160156, Loss Train: 4.4118591176811606e-05, Loss Test: 37.664329528808594
Epoch 10700, Loss Total: 62.862220764160156, Loss Train: 4.4118591176811606e-05, Loss Test: 37.664329528808594
Epoch 10800, Loss Total: 62.862220764160156, Loss Train: 4.4118591176811606e-05, Loss Test: 37.664329528808594
Epoch 10900, Loss Total: 62.862220764160156, Loss Train: 4.4118591176811606e-05, Loss Test: 37.664329528808594
Epoch 11000, Loss Total: 62.862220764160156, Loss Train: 4.4118591176811606e-05, Loss Test: 37.664329528808594
Epoch 11100, Loss Total: 62.862220764160156, Loss Train: 4.4118591176811606e-05, Loss Test: 37.664329528808594
Epoch 11200, Loss Total: 62.862220764160156, Loss Train: 4.4118591176811606e-05, Loss Test: 37.664329528808594
Epoch 11300, Loss Total: 62.862220764160156, Loss Train: 4.4118591176811606e-05, Loss Test: 37.664329528808594
Epoch 11400, Loss Total: 62.862220764160156, Loss Train: 4.4118591176811606e-05, Loss Test: 37.664329528808594
Epoch 11500, Loss Total: 62.862220764160156, Loss Train: 4.4118591176811606e-05, Loss Test: 37.664329528808594
Epoch 11600, Loss Total: 62.862220764160156, Loss Train: 4.4118591176811606e-05, Loss Test: 37.664329528808594
Epoch 11700, Loss Total: 62.862220764160156, Loss Train: 4.4118591176811606e-05, Loss Test: 37.664329528808594
Epoch 11800, Loss Total: 62.862220764160156, Loss Train: 4.4118591176811606e-05, Loss Test: 37.664329528808594
Epoch 11900, Loss Total: 62.862220764160156, Loss Train: 4.4118591176811606e-05, Loss Test: 37.664329528808594
Epoch 12000, Loss Total: 62.862220764160156, Loss Train: 4.4118591176811606e-05, Loss Test: 37.664329528808594
Epoch 12100, Loss Total: 62.862220764160156, Loss Train: 4.4118591176811606e-05, Loss Test: 37.664329528808594
Epoch 12200, Loss Total: 62.862220764160156, Loss Train: 4.4118591176811606e-05, Loss Test: 37.664329528808594
Epoch 12300, Loss Total: 62.862220764160156, Loss Train: 4.4118591176811606e-05, Loss Test: 37.664329528808594
Epoch 12400, Loss Total: 62.862220764160156, Loss Train: 4.4118591176811606e-05, Loss Test: 37.664329528808594
Epoch 12500, Loss Total: 62.862220764160156, Loss Train: 4.4118591176811606e-05, Loss Test: 37.664329528808594
Epoch 12600, Loss Total: 62.862220764160156, Loss Train: 4.4118591176811606e-05, Loss Test: 37.664329528808594
Epoch 12700, Loss Total: 62.862220764160156, Loss Train: 4.4118591176811606e-05, Loss Test: 37.664329528808594
Epoch 12800, Loss Total: 62.862220764160156, Loss Train: 4.4118591176811606e-05, Loss Test: 37.664329528808594
Epoch 12900, Loss Total: 62.862220764160156, Loss Train: 4.4118591176811606e-05, Loss Test: 37.664329528808594
Epoch 13000, Loss Total: 62.862220764160156, Loss Train: 4.4118591176811606e-05, Loss Test: 37.664329528808594
Epoch 13100, Loss Total: 62.862220764160156, Loss Train: 4.4118591176811606e-05, Loss Test: 37.664329528808594
Epoch 13200, Loss Total: 62.862220764160156, Loss Train: 4.4118591176811606e-05, Loss Test: 37.664329528808594
Epoch 13300, Loss Total: 62.862220764160156, Loss Train: 4.4118591176811606e-05, Loss Test: 37.664329528808594
Epoch 13400, Loss Total: 62.862220764160156, Loss Train: 4.4118591176811606e-05, Loss Test: 37.664329528808594
Epoch 13500, Loss Total: 62.862220764160156, Loss Train: 4.4118591176811606e-05, Loss Test: 37.664329528808594
Epoch 13600, Loss Total: 62.862220764160156, Loss Train: 4.4118591176811606e-05, Loss Test: 37.664329528808594
Epoch 13700, Loss Total: 62.862220764160156, Loss Train: 4.4118591176811606e-05, Loss Test: 37.664329528808594
Epoch 13800, Loss Total: 62.862220764160156, Loss Train: 4.4118591176811606e-05, Loss Test: 37.664329528808594
Epoch 13900, Loss Total: 62.862220764160156, Loss Train: 4.4118591176811606e-05, Loss Test: 37.664329528808594
Epoch 14000, Loss Total: 62.862220764160156, Loss Train: 4.4118591176811606e-05, Loss Test: 37.664329528808594
Epoch 14100, Loss Total: 62.862220764160156, Loss Train: 4.4118591176811606e-05, Loss Test: 37.664329528808594
Epoch 14200, Loss Total: 62.862220764160156, Loss Train: 4.4118591176811606e-05, Loss Test: 37.664329528808594
Epoch 14300, Loss Total: 62.862220764160156, Loss Train: 4.4118591176811606e-05, Loss Test: 37.664329528808594
Epoch 14400, Loss Total: 62.862220764160156, Loss Train: 4.4118591176811606e-05, Loss Test: 37.664329528808594
Epoch 14500, Loss Total: 62.862220764160156, Loss Train: 4.4118591176811606e-05, Loss Test: 37.664329528808594
Epoch 14600, Loss Total: 62.862220764160156, Loss Train: 4.4118591176811606e-05, Loss Test: 37.664329528808594
Epoch 14700, Loss Total: 62.862220764160156, Loss Train: 4.4118591176811606e-05, Loss Test: 37.664329528808594
Epoch 14800, Loss Total: 62.862220764160156, Loss Train: 4.4118591176811606e-05, Loss Test: 37.664329528808594
Epoch 14900, Loss Total: 62.862220764160156, Loss Train: 4.4118591176811606e-05, Loss Test: 37.664329528808594
Epoch 15000, Loss Total: 62.862220764160156, Loss Train: 4.4118591176811606e-05, Loss Test: 37.664329528808594
Epoch 15100, Loss Total: 62.862220764160156, Loss Train: 4.4118591176811606e-05, Loss Test: 37.664329528808594
Epoch 15200, Loss Total: 62.862220764160156, Loss Train: 4.4118591176811606e-05, Loss Test: 37.664329528808594
Epoch 15300, Loss Total: 62.862220764160156, Loss Train: 4.4118591176811606e-05, Loss Test: 37.664329528808594
Epoch 15400, Loss Total: 62.862220764160156, Loss Train: 4.4118591176811606e-05, Loss Test: 37.664329528808594
Epoch 15500, Loss Total: 62.862220764160156, Loss Train: 4.4118591176811606e-05, Loss Test: 37.664329528808594
Epoch 15600, Loss Total: 62.862220764160156, Loss Train: 4.4118591176811606e-05, Loss Test: 37.664329528808594
Epoch 15700, Loss Total: 62.862220764160156, Loss Train: 4.4118591176811606e-05, Loss Test: 37.664329528808594
Epoch 15800, Loss Total: 62.862220764160156, Loss Train: 4.4118591176811606e-05, Loss Test: 37.664329528808594
Epoch 15900, Loss Total: 62.862220764160156, Loss Train: 4.4118591176811606e-05, Loss Test: 37.664329528808594
Epoch 16000, Loss Total: 62.862220764160156, Loss Train: 4.4118591176811606e-05, Loss Test: 37.664329528808594
Epoch 16100, Loss Total: 62.862220764160156, Loss Train: 4.4118591176811606e-05, Loss Test: 37.664329528808594
Epoch 16200, Loss Total: 62.862220764160156, Loss Train: 4.4118591176811606e-05, Loss Test: 37.664329528808594
Epoch 16300, Loss Total: 62.862220764160156, Loss Train: 4.4118591176811606e-05, Loss Test: 37.664329528808594
Epoch 16400, Loss Total: 62.862220764160156, Loss Train: 4.4118591176811606e-05, Loss Test: 37.664329528808594
Epoch 16500, Loss Total: 62.862220764160156, Loss Train: 4.4118591176811606e-05, Loss Test: 37.664329528808594
Epoch 16600, Loss Total: 62.862220764160156, Loss Train: 4.4118591176811606e-05, Loss Test: 37.664329528808594
Epoch 16700, Loss Total: 62.862220764160156, Loss Train: 4.4118591176811606e-05, Loss Test: 37.664329528808594
Epoch 16800, Loss Total: 62.862220764160156, Loss Train: 4.4118591176811606e-05, Loss Test: 37.664329528808594
Epoch 16900, Loss Total: 62.862220764160156, Loss Train: 4.4118591176811606e-05, Loss Test: 37.664329528808594
Epoch 17000, Loss Total: 62.862220764160156, Loss Train: 4.4118591176811606e-05, Loss Test: 37.664329528808594
Epoch 17100, Loss Total: 62.862220764160156, Loss Train: 4.4118591176811606e-05, Loss Test: 37.664329528808594
Epoch 17200, Loss Total: 62.862220764160156, Loss Train: 4.4118591176811606e-05, Loss Test: 37.664329528808594
Epoch 17300, Loss Total: 62.862220764160156, Loss Train: 4.4118591176811606e-05, Loss Test: 37.664329528808594
Epoch 17400, Loss Total: 62.862220764160156, Loss Train: 4.4118591176811606e-05, Loss Test: 37.664329528808594
Epoch 17500, Loss Total: 62.862220764160156, Loss Train: 4.4118591176811606e-05, Loss Test: 37.664329528808594
Epoch 17600, Loss Total: 62.862220764160156, Loss Train: 4.4118591176811606e-05, Loss Test: 37.664329528808594
Epoch 17700, Loss Total: 62.862220764160156, Loss Train: 4.4118591176811606e-05, Loss Test: 37.664329528808594
Epoch 17800, Loss Total: 62.862220764160156, Loss Train: 4.4118591176811606e-05, Loss Test: 37.664329528808594
Epoch 17900, Loss Total: 62.862220764160156, Loss Train: 4.4118591176811606e-05, Loss Test: 37.664329528808594
Epoch 18000, Loss Total: 62.862220764160156, Loss Train: 4.4118591176811606e-05, Loss Test: 37.664329528808594
Epoch 18100, Loss Total: 62.862220764160156, Loss Train: 4.4118591176811606e-05, Loss Test: 37.664329528808594
Epoch 18200, Loss Total: 62.862220764160156, Loss Train: 4.4118591176811606e-05, Loss Test: 37.664329528808594
Epoch 18300, Loss Total: 62.862220764160156, Loss Train: 4.4118591176811606e-05, Loss Test: 37.664329528808594
Epoch 18400, Loss Total: 62.862220764160156, Loss Train: 4.4118591176811606e-05, Loss Test: 37.664329528808594
Epoch 18500, Loss Total: 62.862220764160156, Loss Train: 4.4118591176811606e-05, Loss Test: 37.664329528808594
Epoch 18600, Loss Total: 62.862220764160156, Loss Train: 4.4118591176811606e-05, Loss Test: 37.664329528808594
Epoch 18700, Loss Total: 62.862220764160156, Loss Train: 4.4118591176811606e-05, Loss Test: 37.664329528808594
Epoch 18800, Loss Total: 62.862220764160156, Loss Train: 4.4118591176811606e-05, Loss Test: 37.664329528808594
Epoch 18900, Loss Total: 62.862220764160156, Loss Train: 4.4118591176811606e-05, Loss Test: 37.664329528808594
Epoch 19000, Loss Total: 62.862220764160156, Loss Train: 4.4118591176811606e-05, Loss Test: 37.664329528808594
Epoch 19100, Loss Total: 62.862220764160156, Loss Train: 4.4118591176811606e-05, Loss Test: 37.664329528808594
Epoch 19200, Loss Total: 62.862220764160156, Loss Train: 4.4118591176811606e-05, Loss Test: 37.664329528808594
Epoch 19300, Loss Total: 62.862220764160156, Loss Train: 4.4118591176811606e-05, Loss Test: 37.664329528808594
Epoch 19400, Loss Total: 62.862220764160156, Loss Train: 4.4118591176811606e-05, Loss Test: 37.664329528808594
Epoch 19500, Loss Total: 62.862220764160156, Loss Train: 4.4118591176811606e-05, Loss Test: 37.664329528808594
Epoch 19600, Loss Total: 62.862220764160156, Loss Train: 4.4118591176811606e-05, Loss Test: 37.664329528808594
Epoch 19700, Loss Total: 62.862220764160156, Loss Train: 4.4118591176811606e-05, Loss Test: 37.664329528808594
Epoch 19800, Loss Total: 62.862220764160156, Loss Train: 4.4118591176811606e-05, Loss Test: 37.664329528808594
Epoch 19900, Loss Total: 62.862220764160156, Loss Train: 4.4118591176811606e-05, Loss Test: 37.664329528808594
Added results for seed=99 and percentage=0.15
Finished task 892
