Running task 644 with seed=71 and percentage=0.35
Epoch 0, Loss Total: 80.30457305908203, Loss Train: 117.33674621582031, Loss Test: 130.04461669921875
Epoch 100, Loss Total: 55.100704193115234, Loss Train: 0.08682001382112503, Loss Test: 18.42478370666504
Epoch 200, Loss Total: 56.463783264160156, Loss Train: 3.5939676308771595e-05, Loss Test: 18.351333618164062
Epoch 300, Loss Total: 56.60444259643555, Loss Train: 1.7745373042998835e-05, Loss Test: 18.35143280029297
Epoch 400, Loss Total: 56.62579345703125, Loss Train: 1.7763126379577443e-05, Loss Test: 18.35172462463379
Epoch 500, Loss Total: 56.629215240478516, Loss Train: 1.7763137293513864e-05, Loss Test: 18.351776123046875
Epoch 600, Loss Total: 56.63024139404297, Loss Train: 1.7763139112503268e-05, Loss Test: 18.351791381835938
Epoch 700, Loss Total: 56.630645751953125, Loss Train: 1.7763139112503268e-05, Loss Test: 18.351797103881836
Epoch 800, Loss Total: 56.630828857421875, Loss Train: 1.7763139112503268e-05, Loss Test: 18.35179901123047
Epoch 900, Loss Total: 56.63092041015625, Loss Train: 1.7763139112503268e-05, Loss Test: 18.3518009185791
Epoch 1000, Loss Total: 56.63096237182617, Loss Train: 1.7763139112503268e-05, Loss Test: 18.3518009185791
Epoch 1100, Loss Total: 56.6309814453125, Loss Train: 1.7763139112503268e-05, Loss Test: 18.3518009185791
Epoch 1200, Loss Total: 56.6309928894043, Loss Train: 1.7763139112503268e-05, Loss Test: 18.3518009185791
Epoch 1300, Loss Total: 56.6309928894043, Loss Train: 1.7763139112503268e-05, Loss Test: 18.3518009185791
Epoch 1400, Loss Total: 56.6309928894043, Loss Train: 1.7763139112503268e-05, Loss Test: 18.3518009185791
Epoch 1500, Loss Total: 56.6309928894043, Loss Train: 1.7763139112503268e-05, Loss Test: 18.3518009185791
Epoch 1600, Loss Total: 56.6309928894043, Loss Train: 1.7763139112503268e-05, Loss Test: 18.3518009185791
Epoch 1700, Loss Total: 56.6309928894043, Loss Train: 1.7763139112503268e-05, Loss Test: 18.3518009185791
Epoch 1800, Loss Total: 56.6309928894043, Loss Train: 1.7763139112503268e-05, Loss Test: 18.3518009185791
Epoch 1900, Loss Total: 56.6309928894043, Loss Train: 1.7763139112503268e-05, Loss Test: 18.3518009185791
Epoch 2000, Loss Total: 56.6309928894043, Loss Train: 1.7763139112503268e-05, Loss Test: 18.3518009185791
Epoch 2100, Loss Total: 56.6309928894043, Loss Train: 1.7763139112503268e-05, Loss Test: 18.3518009185791
Epoch 2200, Loss Total: 56.6309928894043, Loss Train: 1.7763139112503268e-05, Loss Test: 18.3518009185791
Epoch 2300, Loss Total: 56.6309928894043, Loss Train: 1.7763139112503268e-05, Loss Test: 18.3518009185791
Epoch 2400, Loss Total: 56.6309928894043, Loss Train: 1.7763139112503268e-05, Loss Test: 18.3518009185791
Epoch 2500, Loss Total: 56.6309928894043, Loss Train: 1.7763139112503268e-05, Loss Test: 18.3518009185791
Epoch 2600, Loss Total: 56.6309928894043, Loss Train: 1.7763139112503268e-05, Loss Test: 18.3518009185791
Epoch 2700, Loss Total: 56.6309928894043, Loss Train: 1.7763139112503268e-05, Loss Test: 18.3518009185791
Epoch 2800, Loss Total: 56.6309928894043, Loss Train: 1.7763139112503268e-05, Loss Test: 18.3518009185791
Epoch 2900, Loss Total: 56.6309928894043, Loss Train: 1.7763139112503268e-05, Loss Test: 18.3518009185791
Epoch 3000, Loss Total: 56.6309928894043, Loss Train: 1.7763139112503268e-05, Loss Test: 18.3518009185791
Epoch 3100, Loss Total: 56.6309928894043, Loss Train: 1.7763139112503268e-05, Loss Test: 18.3518009185791
Epoch 3200, Loss Total: 56.6309928894043, Loss Train: 1.7763139112503268e-05, Loss Test: 18.3518009185791
Epoch 3300, Loss Total: 56.6309928894043, Loss Train: 1.7763139112503268e-05, Loss Test: 18.3518009185791
Epoch 3400, Loss Total: 56.6309928894043, Loss Train: 1.7763139112503268e-05, Loss Test: 18.3518009185791
Epoch 3500, Loss Total: 56.6309928894043, Loss Train: 1.7763139112503268e-05, Loss Test: 18.3518009185791
Epoch 3600, Loss Total: 56.6309928894043, Loss Train: 1.7763139112503268e-05, Loss Test: 18.3518009185791
Epoch 3700, Loss Total: 56.6309928894043, Loss Train: 1.7763139112503268e-05, Loss Test: 18.3518009185791
Epoch 3800, Loss Total: 56.6309928894043, Loss Train: 1.7763139112503268e-05, Loss Test: 18.3518009185791
Epoch 3900, Loss Total: 56.6309928894043, Loss Train: 1.7763139112503268e-05, Loss Test: 18.3518009185791
Epoch 4000, Loss Total: 56.6309928894043, Loss Train: 1.7763139112503268e-05, Loss Test: 18.3518009185791
Epoch 4100, Loss Total: 56.6309928894043, Loss Train: 1.7763139112503268e-05, Loss Test: 18.3518009185791
Epoch 4200, Loss Total: 56.6309928894043, Loss Train: 1.7763139112503268e-05, Loss Test: 18.3518009185791
Epoch 4300, Loss Total: 56.6309928894043, Loss Train: 1.7763139112503268e-05, Loss Test: 18.3518009185791
Epoch 4400, Loss Total: 56.6309928894043, Loss Train: 1.7763139112503268e-05, Loss Test: 18.3518009185791
Epoch 4500, Loss Total: 56.6309928894043, Loss Train: 1.7763139112503268e-05, Loss Test: 18.3518009185791
Epoch 4600, Loss Total: 56.6309928894043, Loss Train: 1.7763139112503268e-05, Loss Test: 18.3518009185791
Epoch 4700, Loss Total: 56.6309928894043, Loss Train: 1.7763139112503268e-05, Loss Test: 18.3518009185791
Epoch 4800, Loss Total: 56.6309928894043, Loss Train: 1.7763139112503268e-05, Loss Test: 18.3518009185791
Epoch 4900, Loss Total: 56.6309928894043, Loss Train: 1.7763139112503268e-05, Loss Test: 18.3518009185791
Epoch 5000, Loss Total: 56.6309928894043, Loss Train: 1.7763139112503268e-05, Loss Test: 18.3518009185791
Epoch 5100, Loss Total: 56.6309928894043, Loss Train: 1.7763139112503268e-05, Loss Test: 18.3518009185791
Epoch 5200, Loss Total: 56.6309928894043, Loss Train: 1.7763139112503268e-05, Loss Test: 18.3518009185791
Epoch 5300, Loss Total: 56.6309928894043, Loss Train: 1.7763139112503268e-05, Loss Test: 18.3518009185791
Epoch 5400, Loss Total: 56.6309928894043, Loss Train: 1.7763139112503268e-05, Loss Test: 18.3518009185791
Epoch 5500, Loss Total: 56.6309928894043, Loss Train: 1.7763139112503268e-05, Loss Test: 18.3518009185791
Epoch 5600, Loss Total: 56.6309928894043, Loss Train: 1.7763139112503268e-05, Loss Test: 18.3518009185791
Epoch 5700, Loss Total: 56.6309928894043, Loss Train: 1.7763139112503268e-05, Loss Test: 18.3518009185791
Epoch 5800, Loss Total: 56.6309928894043, Loss Train: 1.7763139112503268e-05, Loss Test: 18.3518009185791
Epoch 5900, Loss Total: 56.6309928894043, Loss Train: 1.7763139112503268e-05, Loss Test: 18.3518009185791
Epoch 6000, Loss Total: 56.6309928894043, Loss Train: 1.7763139112503268e-05, Loss Test: 18.3518009185791
Epoch 6100, Loss Total: 56.6309928894043, Loss Train: 1.7763139112503268e-05, Loss Test: 18.3518009185791
Epoch 6200, Loss Total: 56.6309928894043, Loss Train: 1.7763139112503268e-05, Loss Test: 18.3518009185791
Epoch 6300, Loss Total: 56.6309928894043, Loss Train: 1.7763139112503268e-05, Loss Test: 18.3518009185791
Epoch 6400, Loss Total: 56.6309928894043, Loss Train: 1.7763139112503268e-05, Loss Test: 18.3518009185791
Epoch 6500, Loss Total: 56.6309928894043, Loss Train: 1.7763139112503268e-05, Loss Test: 18.3518009185791
Epoch 6600, Loss Total: 56.6309928894043, Loss Train: 1.7763139112503268e-05, Loss Test: 18.3518009185791
Epoch 6700, Loss Total: 56.6309928894043, Loss Train: 1.7763139112503268e-05, Loss Test: 18.3518009185791
Epoch 6800, Loss Total: 56.6309928894043, Loss Train: 1.7763139112503268e-05, Loss Test: 18.3518009185791
Epoch 6900, Loss Total: 56.6309928894043, Loss Train: 1.7763139112503268e-05, Loss Test: 18.3518009185791
Epoch 7000, Loss Total: 56.6309928894043, Loss Train: 1.7763139112503268e-05, Loss Test: 18.3518009185791
Epoch 7100, Loss Total: 56.6309928894043, Loss Train: 1.7763139112503268e-05, Loss Test: 18.3518009185791
Epoch 7200, Loss Total: 56.6309928894043, Loss Train: 1.7763139112503268e-05, Loss Test: 18.3518009185791
Epoch 7300, Loss Total: 56.6309928894043, Loss Train: 1.7763139112503268e-05, Loss Test: 18.3518009185791
Epoch 7400, Loss Total: 56.6309928894043, Loss Train: 1.7763139112503268e-05, Loss Test: 18.3518009185791
Epoch 7500, Loss Total: 56.6309928894043, Loss Train: 1.7763139112503268e-05, Loss Test: 18.3518009185791
Epoch 7600, Loss Total: 56.6309928894043, Loss Train: 1.7763139112503268e-05, Loss Test: 18.3518009185791
Epoch 7700, Loss Total: 56.6309928894043, Loss Train: 1.7763139112503268e-05, Loss Test: 18.3518009185791
Epoch 7800, Loss Total: 56.6309928894043, Loss Train: 1.7763139112503268e-05, Loss Test: 18.3518009185791
Epoch 7900, Loss Total: 56.6309928894043, Loss Train: 1.7763139112503268e-05, Loss Test: 18.3518009185791
Epoch 8000, Loss Total: 56.6309928894043, Loss Train: 1.7763139112503268e-05, Loss Test: 18.3518009185791
Epoch 8100, Loss Total: 56.6309928894043, Loss Train: 1.7763139112503268e-05, Loss Test: 18.3518009185791
Epoch 8200, Loss Total: 56.6309928894043, Loss Train: 1.7763139112503268e-05, Loss Test: 18.3518009185791
Epoch 8300, Loss Total: 56.6309928894043, Loss Train: 1.7763139112503268e-05, Loss Test: 18.3518009185791
Epoch 8400, Loss Total: 56.6309928894043, Loss Train: 1.7763139112503268e-05, Loss Test: 18.3518009185791
Epoch 8500, Loss Total: 56.6309928894043, Loss Train: 1.7763139112503268e-05, Loss Test: 18.3518009185791
Epoch 8600, Loss Total: 56.6309928894043, Loss Train: 1.7763139112503268e-05, Loss Test: 18.3518009185791
Epoch 8700, Loss Total: 56.6309928894043, Loss Train: 1.7763139112503268e-05, Loss Test: 18.3518009185791
Epoch 8800, Loss Total: 56.6309928894043, Loss Train: 1.7763139112503268e-05, Loss Test: 18.3518009185791
Epoch 8900, Loss Total: 56.6309928894043, Loss Train: 1.7763139112503268e-05, Loss Test: 18.3518009185791
Epoch 9000, Loss Total: 56.6309928894043, Loss Train: 1.7763139112503268e-05, Loss Test: 18.3518009185791
Epoch 9100, Loss Total: 56.6309928894043, Loss Train: 1.7763139112503268e-05, Loss Test: 18.3518009185791
Epoch 9200, Loss Total: 56.6309928894043, Loss Train: 1.7763139112503268e-05, Loss Test: 18.3518009185791
Epoch 9300, Loss Total: 56.6309928894043, Loss Train: 1.7763139112503268e-05, Loss Test: 18.3518009185791
Epoch 9400, Loss Total: 56.6309928894043, Loss Train: 1.7763139112503268e-05, Loss Test: 18.3518009185791
Epoch 9500, Loss Total: 56.6309928894043, Loss Train: 1.7763139112503268e-05, Loss Test: 18.3518009185791
Epoch 9600, Loss Total: 56.6309928894043, Loss Train: 1.7763139112503268e-05, Loss Test: 18.3518009185791
Epoch 9700, Loss Total: 56.6309928894043, Loss Train: 1.7763139112503268e-05, Loss Test: 18.3518009185791
Epoch 9800, Loss Total: 56.6309928894043, Loss Train: 1.7763139112503268e-05, Loss Test: 18.3518009185791
Epoch 9900, Loss Total: 56.6309928894043, Loss Train: 1.7763139112503268e-05, Loss Test: 18.3518009185791
Epoch 10000, Loss Total: 56.6309928894043, Loss Train: 1.7763139112503268e-05, Loss Test: 18.3518009185791
Epoch 10100, Loss Total: 56.6309928894043, Loss Train: 1.7763139112503268e-05, Loss Test: 18.3518009185791
Epoch 10200, Loss Total: 56.6309928894043, Loss Train: 1.7763139112503268e-05, Loss Test: 18.3518009185791
Epoch 10300, Loss Total: 56.6309928894043, Loss Train: 1.7763139112503268e-05, Loss Test: 18.3518009185791
Epoch 10400, Loss Total: 56.6309928894043, Loss Train: 1.7763139112503268e-05, Loss Test: 18.3518009185791
Epoch 10500, Loss Total: 56.6309928894043, Loss Train: 1.7763139112503268e-05, Loss Test: 18.3518009185791
Epoch 10600, Loss Total: 56.6309928894043, Loss Train: 1.7763139112503268e-05, Loss Test: 18.3518009185791
Epoch 10700, Loss Total: 56.6309928894043, Loss Train: 1.7763139112503268e-05, Loss Test: 18.3518009185791
Epoch 10800, Loss Total: 56.6309928894043, Loss Train: 1.7763139112503268e-05, Loss Test: 18.3518009185791
Epoch 10900, Loss Total: 56.6309928894043, Loss Train: 1.7763139112503268e-05, Loss Test: 18.3518009185791
Epoch 11000, Loss Total: 56.6309928894043, Loss Train: 1.7763139112503268e-05, Loss Test: 18.3518009185791
Epoch 11100, Loss Total: 56.6309928894043, Loss Train: 1.7763139112503268e-05, Loss Test: 18.3518009185791
Epoch 11200, Loss Total: 56.6309928894043, Loss Train: 1.7763139112503268e-05, Loss Test: 18.3518009185791
Epoch 11300, Loss Total: 56.6309928894043, Loss Train: 1.7763139112503268e-05, Loss Test: 18.3518009185791
Epoch 11400, Loss Total: 56.6309928894043, Loss Train: 1.7763139112503268e-05, Loss Test: 18.3518009185791
Epoch 11500, Loss Total: 56.6309928894043, Loss Train: 1.7763139112503268e-05, Loss Test: 18.3518009185791
Epoch 11600, Loss Total: 56.6309928894043, Loss Train: 1.7763139112503268e-05, Loss Test: 18.3518009185791
Epoch 11700, Loss Total: 56.6309928894043, Loss Train: 1.7763139112503268e-05, Loss Test: 18.3518009185791
Epoch 11800, Loss Total: 56.6309928894043, Loss Train: 1.7763139112503268e-05, Loss Test: 18.3518009185791
Epoch 11900, Loss Total: 56.6309928894043, Loss Train: 1.7763139112503268e-05, Loss Test: 18.3518009185791
Epoch 12000, Loss Total: 56.6309928894043, Loss Train: 1.7763139112503268e-05, Loss Test: 18.3518009185791
Epoch 12100, Loss Total: 56.6309928894043, Loss Train: 1.7763139112503268e-05, Loss Test: 18.3518009185791
Epoch 12200, Loss Total: 56.6309928894043, Loss Train: 1.7763139112503268e-05, Loss Test: 18.3518009185791
Epoch 12300, Loss Total: 56.6309928894043, Loss Train: 1.7763139112503268e-05, Loss Test: 18.3518009185791
Epoch 12400, Loss Total: 56.6309928894043, Loss Train: 1.7763139112503268e-05, Loss Test: 18.3518009185791
Epoch 12500, Loss Total: 56.6309928894043, Loss Train: 1.7763139112503268e-05, Loss Test: 18.3518009185791
Epoch 12600, Loss Total: 56.6309928894043, Loss Train: 1.7763139112503268e-05, Loss Test: 18.3518009185791
Epoch 12700, Loss Total: 56.6309928894043, Loss Train: 1.7763139112503268e-05, Loss Test: 18.3518009185791
Epoch 12800, Loss Total: 56.6309928894043, Loss Train: 1.7763139112503268e-05, Loss Test: 18.3518009185791
Epoch 12900, Loss Total: 56.6309928894043, Loss Train: 1.7763139112503268e-05, Loss Test: 18.3518009185791
Epoch 13000, Loss Total: 56.6309928894043, Loss Train: 1.7763139112503268e-05, Loss Test: 18.3518009185791
Epoch 13100, Loss Total: 56.6309928894043, Loss Train: 1.7763139112503268e-05, Loss Test: 18.3518009185791
Epoch 13200, Loss Total: 56.6309928894043, Loss Train: 1.7763139112503268e-05, Loss Test: 18.3518009185791
Epoch 13300, Loss Total: 56.6309928894043, Loss Train: 1.7763139112503268e-05, Loss Test: 18.3518009185791
Epoch 13400, Loss Total: 56.6309928894043, Loss Train: 1.7763139112503268e-05, Loss Test: 18.3518009185791
Epoch 13500, Loss Total: 56.6309928894043, Loss Train: 1.7763139112503268e-05, Loss Test: 18.3518009185791
Epoch 13600, Loss Total: 56.6309928894043, Loss Train: 1.7763139112503268e-05, Loss Test: 18.3518009185791
Epoch 13700, Loss Total: 56.6309928894043, Loss Train: 1.7763139112503268e-05, Loss Test: 18.3518009185791
Epoch 13800, Loss Total: 56.6309928894043, Loss Train: 1.7763139112503268e-05, Loss Test: 18.3518009185791
Epoch 13900, Loss Total: 56.6309928894043, Loss Train: 1.7763139112503268e-05, Loss Test: 18.3518009185791
Epoch 14000, Loss Total: 56.6309928894043, Loss Train: 1.7763139112503268e-05, Loss Test: 18.3518009185791
Epoch 14100, Loss Total: 56.6309928894043, Loss Train: 1.7763139112503268e-05, Loss Test: 18.3518009185791
Epoch 14200, Loss Total: 56.6309928894043, Loss Train: 1.7763139112503268e-05, Loss Test: 18.3518009185791
Epoch 14300, Loss Total: 56.6309928894043, Loss Train: 1.7763139112503268e-05, Loss Test: 18.3518009185791
Epoch 14400, Loss Total: 56.6309928894043, Loss Train: 1.7763139112503268e-05, Loss Test: 18.3518009185791
Epoch 14500, Loss Total: 56.6309928894043, Loss Train: 1.7763139112503268e-05, Loss Test: 18.3518009185791
Epoch 14600, Loss Total: 56.6309928894043, Loss Train: 1.7763139112503268e-05, Loss Test: 18.3518009185791
Epoch 14700, Loss Total: 56.6309928894043, Loss Train: 1.7763139112503268e-05, Loss Test: 18.3518009185791
Epoch 14800, Loss Total: 56.6309928894043, Loss Train: 1.7763139112503268e-05, Loss Test: 18.3518009185791
Epoch 14900, Loss Total: 56.6309928894043, Loss Train: 1.7763139112503268e-05, Loss Test: 18.3518009185791
Epoch 15000, Loss Total: 56.6309928894043, Loss Train: 1.7763139112503268e-05, Loss Test: 18.3518009185791
Epoch 15100, Loss Total: 56.6309928894043, Loss Train: 1.7763139112503268e-05, Loss Test: 18.3518009185791
Epoch 15200, Loss Total: 56.6309928894043, Loss Train: 1.7763139112503268e-05, Loss Test: 18.3518009185791
Epoch 15300, Loss Total: 56.6309928894043, Loss Train: 1.7763139112503268e-05, Loss Test: 18.3518009185791
Epoch 15400, Loss Total: 56.6309928894043, Loss Train: 1.7763139112503268e-05, Loss Test: 18.3518009185791
Epoch 15500, Loss Total: 56.6309928894043, Loss Train: 1.7763139112503268e-05, Loss Test: 18.3518009185791
Epoch 15600, Loss Total: 56.6309928894043, Loss Train: 1.7763139112503268e-05, Loss Test: 18.3518009185791
Epoch 15700, Loss Total: 56.6309928894043, Loss Train: 1.7763139112503268e-05, Loss Test: 18.3518009185791
Epoch 15800, Loss Total: 56.6309928894043, Loss Train: 1.7763139112503268e-05, Loss Test: 18.3518009185791
Epoch 15900, Loss Total: 56.6309928894043, Loss Train: 1.7763139112503268e-05, Loss Test: 18.3518009185791
Epoch 16000, Loss Total: 56.6309928894043, Loss Train: 1.7763139112503268e-05, Loss Test: 18.3518009185791
Epoch 16100, Loss Total: 56.6309928894043, Loss Train: 1.7763139112503268e-05, Loss Test: 18.3518009185791
Epoch 16200, Loss Total: 56.6309928894043, Loss Train: 1.7763139112503268e-05, Loss Test: 18.3518009185791
Epoch 16300, Loss Total: 56.6309928894043, Loss Train: 1.7763139112503268e-05, Loss Test: 18.3518009185791
Epoch 16400, Loss Total: 56.6309928894043, Loss Train: 1.7763139112503268e-05, Loss Test: 18.3518009185791
Epoch 16500, Loss Total: 56.6309928894043, Loss Train: 1.7763139112503268e-05, Loss Test: 18.3518009185791
Epoch 16600, Loss Total: 56.6309928894043, Loss Train: 1.7763139112503268e-05, Loss Test: 18.3518009185791
Epoch 16700, Loss Total: 56.6309928894043, Loss Train: 1.7763139112503268e-05, Loss Test: 18.3518009185791
Epoch 16800, Loss Total: 56.6309928894043, Loss Train: 1.7763139112503268e-05, Loss Test: 18.3518009185791
Epoch 16900, Loss Total: 56.6309928894043, Loss Train: 1.7763139112503268e-05, Loss Test: 18.3518009185791
Epoch 17000, Loss Total: 56.6309928894043, Loss Train: 1.7763139112503268e-05, Loss Test: 18.3518009185791
Epoch 17100, Loss Total: 56.6309928894043, Loss Train: 1.7763139112503268e-05, Loss Test: 18.3518009185791
Epoch 17200, Loss Total: 56.6309928894043, Loss Train: 1.7763139112503268e-05, Loss Test: 18.3518009185791
Epoch 17300, Loss Total: 56.6309928894043, Loss Train: 1.7763139112503268e-05, Loss Test: 18.3518009185791
Epoch 17400, Loss Total: 56.6309928894043, Loss Train: 1.7763139112503268e-05, Loss Test: 18.3518009185791
Epoch 17500, Loss Total: 56.6309928894043, Loss Train: 1.7763139112503268e-05, Loss Test: 18.3518009185791
Epoch 17600, Loss Total: 56.6309928894043, Loss Train: 1.7763139112503268e-05, Loss Test: 18.3518009185791
Epoch 17700, Loss Total: 56.6309928894043, Loss Train: 1.7763139112503268e-05, Loss Test: 18.3518009185791
Epoch 17800, Loss Total: 56.6309928894043, Loss Train: 1.7763139112503268e-05, Loss Test: 18.3518009185791
Epoch 17900, Loss Total: 56.6309928894043, Loss Train: 1.7763139112503268e-05, Loss Test: 18.3518009185791
Epoch 18000, Loss Total: 56.6309928894043, Loss Train: 1.7763139112503268e-05, Loss Test: 18.3518009185791
Epoch 18100, Loss Total: 56.6309928894043, Loss Train: 1.7763139112503268e-05, Loss Test: 18.3518009185791
Epoch 18200, Loss Total: 56.6309928894043, Loss Train: 1.7763139112503268e-05, Loss Test: 18.3518009185791
Epoch 18300, Loss Total: 56.6309928894043, Loss Train: 1.7763139112503268e-05, Loss Test: 18.3518009185791
Epoch 18400, Loss Total: 56.6309928894043, Loss Train: 1.7763139112503268e-05, Loss Test: 18.3518009185791
Epoch 18500, Loss Total: 56.6309928894043, Loss Train: 1.7763139112503268e-05, Loss Test: 18.3518009185791
Epoch 18600, Loss Total: 56.6309928894043, Loss Train: 1.7763139112503268e-05, Loss Test: 18.3518009185791
Epoch 18700, Loss Total: 56.6309928894043, Loss Train: 1.7763139112503268e-05, Loss Test: 18.3518009185791
Epoch 18800, Loss Total: 56.6309928894043, Loss Train: 1.7763139112503268e-05, Loss Test: 18.3518009185791
Epoch 18900, Loss Total: 56.6309928894043, Loss Train: 1.7763139112503268e-05, Loss Test: 18.3518009185791
Epoch 19000, Loss Total: 56.6309928894043, Loss Train: 1.7763139112503268e-05, Loss Test: 18.3518009185791
Epoch 19100, Loss Total: 56.6309928894043, Loss Train: 1.7763139112503268e-05, Loss Test: 18.3518009185791
Epoch 19200, Loss Total: 56.6309928894043, Loss Train: 1.7763139112503268e-05, Loss Test: 18.3518009185791
Epoch 19300, Loss Total: 56.6309928894043, Loss Train: 1.7763139112503268e-05, Loss Test: 18.3518009185791
Epoch 19400, Loss Total: 56.6309928894043, Loss Train: 1.7763139112503268e-05, Loss Test: 18.3518009185791
Epoch 19500, Loss Total: 56.6309928894043, Loss Train: 1.7763139112503268e-05, Loss Test: 18.3518009185791
Epoch 19600, Loss Total: 56.6309928894043, Loss Train: 1.7763139112503268e-05, Loss Test: 18.3518009185791
Epoch 19700, Loss Total: 56.6309928894043, Loss Train: 1.7763139112503268e-05, Loss Test: 18.3518009185791
Epoch 19800, Loss Total: 56.6309928894043, Loss Train: 1.7763139112503268e-05, Loss Test: 18.3518009185791
Epoch 19900, Loss Total: 56.6309928894043, Loss Train: 1.7763139112503268e-05, Loss Test: 18.3518009185791
Added results for seed=71 and percentage=0.35
Finished task 644
