Running task 117 with seed=13 and percentage=0.10
Epoch 0, Loss Total: 84.1509780883789, Loss Train: 134.21987915039062, Loss Test: 131.08201599121094
Epoch 100, Loss Total: 56.01490783691406, Loss Train: 41.38087463378906, Loss Test: 88.40062713623047
Epoch 200, Loss Total: 44.77775192260742, Loss Train: 17.25503158569336, Loss Test: 56.97943115234375
Epoch 300, Loss Total: 45.53636932373047, Loss Train: 7.866853713989258, Loss Test: 45.39805221557617
Epoch 400, Loss Total: 49.14529037475586, Loss Train: 3.7009799480438232, Loss Test: 41.65275192260742
Epoch 500, Loss Total: 52.90571975708008, Loss Train: 1.7631431818008423, Loss Test: 40.793094635009766
Epoch 600, Loss Total: 56.10105895996094, Loss Train: 0.8373892903327942, Loss Test: 40.935218811035156
Epoch 700, Loss Total: 58.614871978759766, Loss Train: 0.390854150056839, Loss Test: 41.36528396606445
Epoch 800, Loss Total: 60.519901275634766, Loss Train: 0.17746911942958832, Loss Test: 41.82392120361328
Epoch 900, Loss Total: 61.933204650878906, Loss Train: 0.0779290571808815, Loss Test: 42.225128173828125
Epoch 1000, Loss Total: 62.966575622558594, Loss Train: 0.03298741579055786, Loss Test: 42.54761505126953
Epoch 1100, Loss Total: 63.713748931884766, Loss Train: 0.013433928601443768, Loss Test: 42.794307708740234
Epoch 1200, Loss Total: 64.24959564208984, Loss Train: 0.005258261226117611, Loss Test: 42.97677993774414
Epoch 1300, Loss Total: 64.63213348388672, Loss Train: 0.0019824597984552383, Loss Test: 43.108612060546875
Epoch 1400, Loss Total: 64.90504455566406, Loss Train: 0.0007284176535904408, Loss Test: 43.202396392822266
Epoch 1500, Loss Total: 65.1003646850586, Loss Train: 0.00027091093943454325, Loss Test: 43.2685661315918
Epoch 1600, Loss Total: 65.24108123779297, Loss Train: 0.00011197269486729056, Loss Test: 43.315162658691406
Epoch 1700, Loss Total: 65.34330749511719, Loss Train: 5.9180612879572436e-05, Loss Test: 43.34810256958008
Epoch 1800, Loss Total: 65.41830444335938, Loss Train: 4.222737698000856e-05, Loss Test: 43.37158966064453
Epoch 1900, Loss Total: 65.47383117675781, Loss Train: 3.6843201087322086e-05, Loss Test: 43.388511657714844
Epoch 2000, Loss Total: 65.51528930664062, Loss Train: 3.5105011193081737e-05, Loss Test: 43.40085983276367
Epoch 2100, Loss Total: 65.5464859008789, Loss Train: 3.451299562584609e-05, Loss Test: 43.40998840332031
Epoch 2200, Loss Total: 65.57011413574219, Loss Train: 3.428808486205526e-05, Loss Test: 43.41682052612305
Epoch 2300, Loss Total: 65.58809661865234, Loss Train: 3.420586290303618e-05, Loss Test: 43.421993255615234
Epoch 2400, Loss Total: 65.60186004638672, Loss Train: 3.416961772018112e-05, Loss Test: 43.42594909667969
Epoch 2500, Loss Total: 65.61245727539062, Loss Train: 3.417500192881562e-05, Loss Test: 43.42901611328125
Epoch 2600, Loss Total: 65.62063598632812, Loss Train: 3.4152577427448705e-05, Loss Test: 43.431400299072266
Epoch 2700, Loss Total: 65.62406158447266, Loss Train: 3.415298124309629e-05, Loss Test: 43.432411193847656
Epoch 2800, Loss Total: 65.62560272216797, Loss Train: 3.415298124309629e-05, Loss Test: 43.43287658691406
Epoch 2900, Loss Total: 65.62633514404297, Loss Train: 3.415298124309629e-05, Loss Test: 43.433101654052734
Epoch 3000, Loss Total: 65.62670135498047, Loss Train: 3.41529848810751e-05, Loss Test: 43.43321228027344
Epoch 3100, Loss Total: 65.62686920166016, Loss Train: 3.41529848810751e-05, Loss Test: 43.433265686035156
Epoch 3200, Loss Total: 65.62694549560547, Loss Train: 3.41529848810751e-05, Loss Test: 43.43328857421875
Epoch 3300, Loss Total: 65.62698364257812, Loss Train: 3.41529848810751e-05, Loss Test: 43.43330001831055
Epoch 3400, Loss Total: 65.62699127197266, Loss Train: 3.41529848810751e-05, Loss Test: 43.43330001831055
Epoch 3500, Loss Total: 65.62699890136719, Loss Train: 3.41529848810751e-05, Loss Test: 43.43330001831055
Epoch 3600, Loss Total: 65.62699890136719, Loss Train: 3.41529848810751e-05, Loss Test: 43.43330383300781
Epoch 3700, Loss Total: 65.62699890136719, Loss Train: 3.41529848810751e-05, Loss Test: 43.43330383300781
Epoch 3800, Loss Total: 65.62699890136719, Loss Train: 3.41529848810751e-05, Loss Test: 43.43330383300781
Epoch 3900, Loss Total: 65.62699890136719, Loss Train: 3.41529848810751e-05, Loss Test: 43.43330383300781
Epoch 4000, Loss Total: 65.62699890136719, Loss Train: 3.41529848810751e-05, Loss Test: 43.43330383300781
Epoch 4100, Loss Total: 65.62699890136719, Loss Train: 3.41529848810751e-05, Loss Test: 43.43330383300781
Epoch 4200, Loss Total: 65.62699890136719, Loss Train: 3.41529848810751e-05, Loss Test: 43.43330383300781
Epoch 4300, Loss Total: 65.62699890136719, Loss Train: 3.41529848810751e-05, Loss Test: 43.43330383300781
Epoch 4400, Loss Total: 65.62699890136719, Loss Train: 3.41529848810751e-05, Loss Test: 43.43330383300781
Epoch 4500, Loss Total: 65.62699890136719, Loss Train: 3.41529848810751e-05, Loss Test: 43.43330383300781
Epoch 4600, Loss Total: 65.62699890136719, Loss Train: 3.41529848810751e-05, Loss Test: 43.43330383300781
Epoch 4700, Loss Total: 65.62699890136719, Loss Train: 3.41529848810751e-05, Loss Test: 43.43330383300781
Epoch 4800, Loss Total: 65.62699890136719, Loss Train: 3.41529848810751e-05, Loss Test: 43.43330383300781
Epoch 4900, Loss Total: 65.62699890136719, Loss Train: 3.41529848810751e-05, Loss Test: 43.43330383300781
Epoch 5000, Loss Total: 65.62699890136719, Loss Train: 3.41529848810751e-05, Loss Test: 43.43330383300781
Epoch 5100, Loss Total: 65.62699890136719, Loss Train: 3.41529848810751e-05, Loss Test: 43.43330383300781
Epoch 5200, Loss Total: 65.62699890136719, Loss Train: 3.41529848810751e-05, Loss Test: 43.43330383300781
Epoch 5300, Loss Total: 65.62699890136719, Loss Train: 3.41529848810751e-05, Loss Test: 43.43330383300781
Epoch 5400, Loss Total: 65.62699890136719, Loss Train: 3.41529848810751e-05, Loss Test: 43.43330383300781
Epoch 5500, Loss Total: 65.62699890136719, Loss Train: 3.41529848810751e-05, Loss Test: 43.43330383300781
Epoch 5600, Loss Total: 65.62699890136719, Loss Train: 3.41529848810751e-05, Loss Test: 43.43330383300781
Epoch 5700, Loss Total: 65.62699890136719, Loss Train: 3.41529848810751e-05, Loss Test: 43.43330383300781
Epoch 5800, Loss Total: 65.62699890136719, Loss Train: 3.41529848810751e-05, Loss Test: 43.43330383300781
Epoch 5900, Loss Total: 65.62699890136719, Loss Train: 3.41529848810751e-05, Loss Test: 43.43330383300781
Epoch 6000, Loss Total: 65.62699890136719, Loss Train: 3.41529848810751e-05, Loss Test: 43.43330383300781
Epoch 6100, Loss Total: 65.62699890136719, Loss Train: 3.41529848810751e-05, Loss Test: 43.43330383300781
Epoch 6200, Loss Total: 65.62699890136719, Loss Train: 3.41529848810751e-05, Loss Test: 43.43330383300781
Epoch 6300, Loss Total: 65.62699890136719, Loss Train: 3.41529848810751e-05, Loss Test: 43.43330383300781
Epoch 6400, Loss Total: 65.62699890136719, Loss Train: 3.41529848810751e-05, Loss Test: 43.43330383300781
Epoch 6500, Loss Total: 65.62699890136719, Loss Train: 3.41529848810751e-05, Loss Test: 43.43330383300781
Epoch 6600, Loss Total: 65.62699890136719, Loss Train: 3.41529848810751e-05, Loss Test: 43.43330383300781
Epoch 6700, Loss Total: 65.62699890136719, Loss Train: 3.41529848810751e-05, Loss Test: 43.43330383300781
Epoch 6800, Loss Total: 65.62699890136719, Loss Train: 3.41529848810751e-05, Loss Test: 43.43330383300781
Epoch 6900, Loss Total: 65.62699890136719, Loss Train: 3.41529848810751e-05, Loss Test: 43.43330383300781
Epoch 7000, Loss Total: 65.62699890136719, Loss Train: 3.41529848810751e-05, Loss Test: 43.43330383300781
Epoch 7100, Loss Total: 65.62699890136719, Loss Train: 3.41529848810751e-05, Loss Test: 43.43330383300781
Epoch 7200, Loss Total: 65.62699890136719, Loss Train: 3.41529848810751e-05, Loss Test: 43.43330383300781
Epoch 7300, Loss Total: 65.62699890136719, Loss Train: 3.41529848810751e-05, Loss Test: 43.43330383300781
Epoch 7400, Loss Total: 65.62699890136719, Loss Train: 3.41529848810751e-05, Loss Test: 43.43330383300781
Epoch 7500, Loss Total: 65.62699890136719, Loss Train: 3.41529848810751e-05, Loss Test: 43.43330383300781
Epoch 7600, Loss Total: 65.62699890136719, Loss Train: 3.41529848810751e-05, Loss Test: 43.43330383300781
Epoch 7700, Loss Total: 65.62699890136719, Loss Train: 3.41529848810751e-05, Loss Test: 43.43330383300781
Epoch 7800, Loss Total: 65.62699890136719, Loss Train: 3.41529848810751e-05, Loss Test: 43.43330383300781
Epoch 7900, Loss Total: 65.62699890136719, Loss Train: 3.41529848810751e-05, Loss Test: 43.43330383300781
Epoch 8000, Loss Total: 65.62699890136719, Loss Train: 3.41529848810751e-05, Loss Test: 43.43330383300781
Epoch 8100, Loss Total: 65.62699890136719, Loss Train: 3.41529848810751e-05, Loss Test: 43.43330383300781
Epoch 8200, Loss Total: 65.62699890136719, Loss Train: 3.41529848810751e-05, Loss Test: 43.43330383300781
Epoch 8300, Loss Total: 65.62699890136719, Loss Train: 3.41529848810751e-05, Loss Test: 43.43330383300781
Epoch 8400, Loss Total: 65.62699890136719, Loss Train: 3.41529848810751e-05, Loss Test: 43.43330383300781
Epoch 8500, Loss Total: 65.62699890136719, Loss Train: 3.41529848810751e-05, Loss Test: 43.43330383300781
Epoch 8600, Loss Total: 65.62699890136719, Loss Train: 3.41529848810751e-05, Loss Test: 43.43330383300781
Epoch 8700, Loss Total: 65.62699890136719, Loss Train: 3.41529848810751e-05, Loss Test: 43.43330383300781
Epoch 8800, Loss Total: 65.62699890136719, Loss Train: 3.41529848810751e-05, Loss Test: 43.43330383300781
Epoch 8900, Loss Total: 65.62699890136719, Loss Train: 3.41529848810751e-05, Loss Test: 43.43330383300781
Epoch 9000, Loss Total: 65.62699890136719, Loss Train: 3.41529848810751e-05, Loss Test: 43.43330383300781
Epoch 9100, Loss Total: 65.62699890136719, Loss Train: 3.41529848810751e-05, Loss Test: 43.43330383300781
Epoch 9200, Loss Total: 65.62699890136719, Loss Train: 3.41529848810751e-05, Loss Test: 43.43330383300781
Epoch 9300, Loss Total: 65.62699890136719, Loss Train: 3.41529848810751e-05, Loss Test: 43.43330383300781
Epoch 9400, Loss Total: 65.62699890136719, Loss Train: 3.41529848810751e-05, Loss Test: 43.43330383300781
Epoch 9500, Loss Total: 65.62699890136719, Loss Train: 3.41529848810751e-05, Loss Test: 43.43330383300781
Epoch 9600, Loss Total: 65.62699890136719, Loss Train: 3.41529848810751e-05, Loss Test: 43.43330383300781
Epoch 9700, Loss Total: 65.62699890136719, Loss Train: 3.41529848810751e-05, Loss Test: 43.43330383300781
Epoch 9800, Loss Total: 65.62699890136719, Loss Train: 3.41529848810751e-05, Loss Test: 43.43330383300781
Epoch 9900, Loss Total: 65.62699890136719, Loss Train: 3.41529848810751e-05, Loss Test: 43.43330383300781
Epoch 10000, Loss Total: 65.62699890136719, Loss Train: 3.41529848810751e-05, Loss Test: 43.43330383300781
Epoch 10100, Loss Total: 65.62699890136719, Loss Train: 3.41529848810751e-05, Loss Test: 43.43330383300781
Epoch 10200, Loss Total: 65.62699890136719, Loss Train: 3.41529848810751e-05, Loss Test: 43.43330383300781
Epoch 10300, Loss Total: 65.62699890136719, Loss Train: 3.41529848810751e-05, Loss Test: 43.43330383300781
Epoch 10400, Loss Total: 65.62699890136719, Loss Train: 3.41529848810751e-05, Loss Test: 43.43330383300781
Epoch 10500, Loss Total: 65.62699890136719, Loss Train: 3.41529848810751e-05, Loss Test: 43.43330383300781
Epoch 10600, Loss Total: 65.62699890136719, Loss Train: 3.41529848810751e-05, Loss Test: 43.43330383300781
Epoch 10700, Loss Total: 65.62699890136719, Loss Train: 3.41529848810751e-05, Loss Test: 43.43330383300781
Epoch 10800, Loss Total: 65.62699890136719, Loss Train: 3.41529848810751e-05, Loss Test: 43.43330383300781
Epoch 10900, Loss Total: 65.62699890136719, Loss Train: 3.41529848810751e-05, Loss Test: 43.43330383300781
Epoch 11000, Loss Total: 65.62699890136719, Loss Train: 3.41529848810751e-05, Loss Test: 43.43330383300781
Epoch 11100, Loss Total: 65.62699890136719, Loss Train: 3.41529848810751e-05, Loss Test: 43.43330383300781
Epoch 11200, Loss Total: 65.62699890136719, Loss Train: 3.41529848810751e-05, Loss Test: 43.43330383300781
Epoch 11300, Loss Total: 65.62699890136719, Loss Train: 3.41529848810751e-05, Loss Test: 43.43330383300781
Epoch 11400, Loss Total: 65.62699890136719, Loss Train: 3.41529848810751e-05, Loss Test: 43.43330383300781
Epoch 11500, Loss Total: 65.62699890136719, Loss Train: 3.41529848810751e-05, Loss Test: 43.43330383300781
Epoch 11600, Loss Total: 65.62699890136719, Loss Train: 3.41529848810751e-05, Loss Test: 43.43330383300781
Epoch 11700, Loss Total: 65.62699890136719, Loss Train: 3.41529848810751e-05, Loss Test: 43.43330383300781
Epoch 11800, Loss Total: 65.62699890136719, Loss Train: 3.41529848810751e-05, Loss Test: 43.43330383300781
Epoch 11900, Loss Total: 65.62699890136719, Loss Train: 3.41529848810751e-05, Loss Test: 43.43330383300781
Epoch 12000, Loss Total: 65.62699890136719, Loss Train: 3.41529848810751e-05, Loss Test: 43.43330383300781
Epoch 12100, Loss Total: 65.62699890136719, Loss Train: 3.41529848810751e-05, Loss Test: 43.43330383300781
Epoch 12200, Loss Total: 65.62699890136719, Loss Train: 3.41529848810751e-05, Loss Test: 43.43330383300781
Epoch 12300, Loss Total: 65.62699890136719, Loss Train: 3.41529848810751e-05, Loss Test: 43.43330383300781
Epoch 12400, Loss Total: 65.62699890136719, Loss Train: 3.41529848810751e-05, Loss Test: 43.43330383300781
Epoch 12500, Loss Total: 65.62699890136719, Loss Train: 3.41529848810751e-05, Loss Test: 43.43330383300781
Epoch 12600, Loss Total: 65.62699890136719, Loss Train: 3.41529848810751e-05, Loss Test: 43.43330383300781
Epoch 12700, Loss Total: 65.62699890136719, Loss Train: 3.41529848810751e-05, Loss Test: 43.43330383300781
Epoch 12800, Loss Total: 65.62699890136719, Loss Train: 3.41529848810751e-05, Loss Test: 43.43330383300781
Epoch 12900, Loss Total: 65.62699890136719, Loss Train: 3.41529848810751e-05, Loss Test: 43.43330383300781
Epoch 13000, Loss Total: 65.62699890136719, Loss Train: 3.41529848810751e-05, Loss Test: 43.43330383300781
Epoch 13100, Loss Total: 65.62699890136719, Loss Train: 3.41529848810751e-05, Loss Test: 43.43330383300781
Epoch 13200, Loss Total: 65.62699890136719, Loss Train: 3.41529848810751e-05, Loss Test: 43.43330383300781
Epoch 13300, Loss Total: 65.62699890136719, Loss Train: 3.41529848810751e-05, Loss Test: 43.43330383300781
Epoch 13400, Loss Total: 65.62699890136719, Loss Train: 3.41529848810751e-05, Loss Test: 43.43330383300781
Epoch 13500, Loss Total: 65.62699890136719, Loss Train: 3.41529848810751e-05, Loss Test: 43.43330383300781
Epoch 13600, Loss Total: 65.62699890136719, Loss Train: 3.41529848810751e-05, Loss Test: 43.43330383300781
Epoch 13700, Loss Total: 65.62699890136719, Loss Train: 3.41529848810751e-05, Loss Test: 43.43330383300781
Epoch 13800, Loss Total: 65.62699890136719, Loss Train: 3.41529848810751e-05, Loss Test: 43.43330383300781
Epoch 13900, Loss Total: 65.62699890136719, Loss Train: 3.41529848810751e-05, Loss Test: 43.43330383300781
Epoch 14000, Loss Total: 65.62699890136719, Loss Train: 3.41529848810751e-05, Loss Test: 43.43330383300781
Epoch 14100, Loss Total: 65.62699890136719, Loss Train: 3.41529848810751e-05, Loss Test: 43.43330383300781
Epoch 14200, Loss Total: 65.62699890136719, Loss Train: 3.41529848810751e-05, Loss Test: 43.43330383300781
Epoch 14300, Loss Total: 65.62699890136719, Loss Train: 3.41529848810751e-05, Loss Test: 43.43330383300781
Epoch 14400, Loss Total: 65.62699890136719, Loss Train: 3.41529848810751e-05, Loss Test: 43.43330383300781
Epoch 14500, Loss Total: 65.62699890136719, Loss Train: 3.41529848810751e-05, Loss Test: 43.43330383300781
Epoch 14600, Loss Total: 65.62699890136719, Loss Train: 3.41529848810751e-05, Loss Test: 43.43330383300781
Epoch 14700, Loss Total: 65.62699890136719, Loss Train: 3.41529848810751e-05, Loss Test: 43.43330383300781
Epoch 14800, Loss Total: 65.62699890136719, Loss Train: 3.41529848810751e-05, Loss Test: 43.43330383300781
Epoch 14900, Loss Total: 65.62699890136719, Loss Train: 3.41529848810751e-05, Loss Test: 43.43330383300781
Epoch 15000, Loss Total: 65.62699890136719, Loss Train: 3.41529848810751e-05, Loss Test: 43.43330383300781
Epoch 15100, Loss Total: 65.62699890136719, Loss Train: 3.41529848810751e-05, Loss Test: 43.43330383300781
Epoch 15200, Loss Total: 65.62699890136719, Loss Train: 3.41529848810751e-05, Loss Test: 43.43330383300781
Epoch 15300, Loss Total: 65.62699890136719, Loss Train: 3.41529848810751e-05, Loss Test: 43.43330383300781
Epoch 15400, Loss Total: 65.62699890136719, Loss Train: 3.41529848810751e-05, Loss Test: 43.43330383300781
Epoch 15500, Loss Total: 65.62699890136719, Loss Train: 3.41529848810751e-05, Loss Test: 43.43330383300781
Epoch 15600, Loss Total: 65.62699890136719, Loss Train: 3.41529848810751e-05, Loss Test: 43.43330383300781
Epoch 15700, Loss Total: 65.62699890136719, Loss Train: 3.41529848810751e-05, Loss Test: 43.43330383300781
Epoch 15800, Loss Total: 65.62699890136719, Loss Train: 3.41529848810751e-05, Loss Test: 43.43330383300781
Epoch 15900, Loss Total: 65.62699890136719, Loss Train: 3.41529848810751e-05, Loss Test: 43.43330383300781
Epoch 16000, Loss Total: 65.62699890136719, Loss Train: 3.41529848810751e-05, Loss Test: 43.43330383300781
Epoch 16100, Loss Total: 65.62699890136719, Loss Train: 3.41529848810751e-05, Loss Test: 43.43330383300781
Epoch 16200, Loss Total: 65.62699890136719, Loss Train: 3.41529848810751e-05, Loss Test: 43.43330383300781
Epoch 16300, Loss Total: 65.62699890136719, Loss Train: 3.41529848810751e-05, Loss Test: 43.43330383300781
Epoch 16400, Loss Total: 65.62699890136719, Loss Train: 3.41529848810751e-05, Loss Test: 43.43330383300781
Epoch 16500, Loss Total: 65.62699890136719, Loss Train: 3.41529848810751e-05, Loss Test: 43.43330383300781
Epoch 16600, Loss Total: 65.62699890136719, Loss Train: 3.41529848810751e-05, Loss Test: 43.43330383300781
Epoch 16700, Loss Total: 65.62699890136719, Loss Train: 3.41529848810751e-05, Loss Test: 43.43330383300781
Epoch 16800, Loss Total: 65.62699890136719, Loss Train: 3.41529848810751e-05, Loss Test: 43.43330383300781
Epoch 16900, Loss Total: 65.62699890136719, Loss Train: 3.41529848810751e-05, Loss Test: 43.43330383300781
Epoch 17000, Loss Total: 65.62699890136719, Loss Train: 3.41529848810751e-05, Loss Test: 43.43330383300781
Epoch 17100, Loss Total: 65.62699890136719, Loss Train: 3.41529848810751e-05, Loss Test: 43.43330383300781
Epoch 17200, Loss Total: 65.62699890136719, Loss Train: 3.41529848810751e-05, Loss Test: 43.43330383300781
Epoch 17300, Loss Total: 65.62699890136719, Loss Train: 3.41529848810751e-05, Loss Test: 43.43330383300781
Epoch 17400, Loss Total: 65.62699890136719, Loss Train: 3.41529848810751e-05, Loss Test: 43.43330383300781
Epoch 17500, Loss Total: 65.62699890136719, Loss Train: 3.41529848810751e-05, Loss Test: 43.43330383300781
Epoch 17600, Loss Total: 65.62699890136719, Loss Train: 3.41529848810751e-05, Loss Test: 43.43330383300781
Epoch 17700, Loss Total: 65.62699890136719, Loss Train: 3.41529848810751e-05, Loss Test: 43.43330383300781
Epoch 17800, Loss Total: 65.62699890136719, Loss Train: 3.41529848810751e-05, Loss Test: 43.43330383300781
Epoch 17900, Loss Total: 65.62699890136719, Loss Train: 3.41529848810751e-05, Loss Test: 43.43330383300781
Epoch 18000, Loss Total: 65.62699890136719, Loss Train: 3.41529848810751e-05, Loss Test: 43.43330383300781
Epoch 18100, Loss Total: 65.62699890136719, Loss Train: 3.41529848810751e-05, Loss Test: 43.43330383300781
Epoch 18200, Loss Total: 65.62699890136719, Loss Train: 3.41529848810751e-05, Loss Test: 43.43330383300781
Epoch 18300, Loss Total: 65.62699890136719, Loss Train: 3.41529848810751e-05, Loss Test: 43.43330383300781
Epoch 18400, Loss Total: 65.62699890136719, Loss Train: 3.41529848810751e-05, Loss Test: 43.43330383300781
Epoch 18500, Loss Total: 65.62699890136719, Loss Train: 3.41529848810751e-05, Loss Test: 43.43330383300781
Epoch 18600, Loss Total: 65.62699890136719, Loss Train: 3.41529848810751e-05, Loss Test: 43.43330383300781
Epoch 18700, Loss Total: 65.62699890136719, Loss Train: 3.41529848810751e-05, Loss Test: 43.43330383300781
Epoch 18800, Loss Total: 65.62699890136719, Loss Train: 3.41529848810751e-05, Loss Test: 43.43330383300781
Epoch 18900, Loss Total: 65.62699890136719, Loss Train: 3.41529848810751e-05, Loss Test: 43.43330383300781
Epoch 19000, Loss Total: 65.62699890136719, Loss Train: 3.41529848810751e-05, Loss Test: 43.43330383300781
Epoch 19100, Loss Total: 65.62699890136719, Loss Train: 3.41529848810751e-05, Loss Test: 43.43330383300781
Epoch 19200, Loss Total: 65.62699890136719, Loss Train: 3.41529848810751e-05, Loss Test: 43.43330383300781
Epoch 19300, Loss Total: 65.62699890136719, Loss Train: 3.41529848810751e-05, Loss Test: 43.43330383300781
Epoch 19400, Loss Total: 65.62699890136719, Loss Train: 3.41529848810751e-05, Loss Test: 43.43330383300781
Epoch 19500, Loss Total: 65.62699890136719, Loss Train: 3.41529848810751e-05, Loss Test: 43.43330383300781
Epoch 19600, Loss Total: 65.62699890136719, Loss Train: 3.41529848810751e-05, Loss Test: 43.43330383300781
Epoch 19700, Loss Total: 65.62699890136719, Loss Train: 3.41529848810751e-05, Loss Test: 43.43330383300781
Epoch 19800, Loss Total: 65.62699890136719, Loss Train: 3.41529848810751e-05, Loss Test: 43.43330383300781
Epoch 19900, Loss Total: 65.62699890136719, Loss Train: 3.41529848810751e-05, Loss Test: 43.43330383300781
Added results for seed=13 and percentage=0.1
Finished task 117
