Running task 538 with seed=59 and percentage=0.45
Epoch 0, Loss Total: 83.85588073730469, Loss Train: 130.44923400878906, Loss Test: 131.3311767578125
Epoch 100, Loss Total: 40.89008712768555, Loss Train: 39.82554244995117, Loss Test: 60.168304443359375
Epoch 200, Loss Total: 39.8423957824707, Loss Train: 17.050251007080078, Loss Test: 37.68620681762695
Epoch 300, Loss Total: 42.80270004272461, Loss Train: 8.311590194702148, Loss Test: 31.438236236572266
Epoch 400, Loss Total: 45.31484603881836, Loss Train: 4.35623836517334, Loss Test: 29.11564064025879
Epoch 500, Loss Total: 47.19482421875, Loss Train: 2.4149248600006104, Loss Test: 28.0628604888916
Epoch 600, Loss Total: 48.53886795043945, Loss Train: 1.3984358310699463, Loss Test: 27.502843856811523
Epoch 700, Loss Total: 49.48158645629883, Loss Train: 0.8362612724304199, Loss Test: 27.167543411254883
Epoch 800, Loss Total: 50.1423454284668, Loss Train: 0.5116497874259949, Loss Test: 26.952213287353516
Epoch 900, Loss Total: 50.608909606933594, Loss Train: 0.3179226517677307, Loss Test: 26.80914306640625
Epoch 1000, Loss Total: 50.94073486328125, Loss Train: 0.19930867850780487, Loss Test: 26.712636947631836
Epoch 1100, Loss Total: 51.17753982543945, Loss Train: 0.1252446472644806, Loss Test: 26.64700698852539
Epoch 1200, Loss Total: 51.346412658691406, Loss Train: 0.07837704569101334, Loss Test: 26.60204315185547
Epoch 1300, Loss Total: 51.466495513916016, Loss Train: 0.04854365810751915, Loss Test: 26.57093048095703
Epoch 1400, Loss Total: 51.55156326293945, Loss Train: 0.02959604561328888, Loss Test: 26.549135208129883
Epoch 1500, Loss Total: 51.611663818359375, Loss Train: 0.017683524638414383, Loss Test: 26.53364372253418
Epoch 1600, Loss Total: 51.654075622558594, Loss Train: 0.010320499539375305, Loss Test: 26.522478103637695
Epoch 1700, Loss Total: 51.68403244018555, Loss Train: 0.005871046334505081, Loss Test: 26.514341354370117
Epoch 1800, Loss Total: 51.705230712890625, Loss Train: 0.003253407310694456, Loss Test: 26.50837516784668
Epoch 1900, Loss Total: 51.72028350830078, Loss Train: 0.0017589360941201448, Loss Test: 26.504005432128906
Epoch 2000, Loss Total: 51.731014251708984, Loss Train: 0.0009328503510914743, Loss Test: 26.50082778930664
Epoch 2100, Loss Total: 51.73867416381836, Loss Train: 0.0004915281315334141, Loss Test: 26.498544692993164
Epoch 2200, Loss Total: 51.7441520690918, Loss Train: 0.00026404025265946984, Loss Test: 26.49694061279297
Epoch 2300, Loss Total: 51.74808120727539, Loss Train: 0.00015071462257765234, Loss Test: 26.4958438873291
Epoch 2400, Loss Total: 51.75090026855469, Loss Train: 9.629171836422756e-05, Loss Test: 26.495115280151367
Epoch 2500, Loss Total: 51.75291442871094, Loss Train: 7.113374886102974e-05, Loss Test: 26.49465560913086
Epoch 2600, Loss Total: 51.75435256958008, Loss Train: 5.9730398788815364e-05, Loss Test: 26.4943790435791
Epoch 2700, Loss Total: 51.75537872314453, Loss Train: 5.462584886117838e-05, Loss Test: 26.494224548339844
Epoch 2800, Loss Total: 51.756103515625, Loss Train: 5.2451381634455174e-05, Loss Test: 26.494150161743164
Epoch 2900, Loss Total: 51.756622314453125, Loss Train: 5.1416111091384664e-05, Loss Test: 26.494123458862305
Epoch 3000, Loss Total: 51.756988525390625, Loss Train: 5.096702079754323e-05, Loss Test: 26.494123458862305
Epoch 3100, Loss Total: 51.757259368896484, Loss Train: 5.076057277619839e-05, Loss Test: 26.49413299560547
Epoch 3200, Loss Total: 51.757442474365234, Loss Train: 5.069162943982519e-05, Loss Test: 26.494152069091797
Epoch 3300, Loss Total: 51.75757598876953, Loss Train: 5.068006066721864e-05, Loss Test: 26.494169235229492
Epoch 3400, Loss Total: 51.75764846801758, Loss Train: 5.060195690020919e-05, Loss Test: 26.49418067932129
Epoch 3500, Loss Total: 51.75767517089844, Loss Train: 5.059571049059741e-05, Loss Test: 26.49418830871582
Epoch 3600, Loss Total: 51.757686614990234, Loss Train: 5.059571049059741e-05, Loss Test: 26.49418830871582
Epoch 3700, Loss Total: 51.757686614990234, Loss Train: 5.05957032146398e-05, Loss Test: 26.49418830871582
Epoch 3800, Loss Total: 51.757686614990234, Loss Train: 5.059571049059741e-05, Loss Test: 26.49418830871582
Epoch 3900, Loss Total: 51.757686614990234, Loss Train: 5.059571049059741e-05, Loss Test: 26.49418830871582
Epoch 4000, Loss Total: 51.757686614990234, Loss Train: 5.059571049059741e-05, Loss Test: 26.49418830871582
Epoch 4100, Loss Total: 51.757686614990234, Loss Train: 5.059571049059741e-05, Loss Test: 26.49418830871582
Epoch 4200, Loss Total: 51.757686614990234, Loss Train: 5.059571049059741e-05, Loss Test: 26.49418830871582
Epoch 4300, Loss Total: 51.757686614990234, Loss Train: 5.059571049059741e-05, Loss Test: 26.49418830871582
Epoch 4400, Loss Total: 51.757686614990234, Loss Train: 5.059571049059741e-05, Loss Test: 26.49418830871582
Epoch 4500, Loss Total: 51.757686614990234, Loss Train: 5.059571049059741e-05, Loss Test: 26.49418830871582
Epoch 4600, Loss Total: 51.757686614990234, Loss Train: 5.059571049059741e-05, Loss Test: 26.49418830871582
Epoch 4700, Loss Total: 51.757686614990234, Loss Train: 5.059571049059741e-05, Loss Test: 26.49418830871582
Epoch 4800, Loss Total: 51.757686614990234, Loss Train: 5.059571049059741e-05, Loss Test: 26.49418830871582
Epoch 4900, Loss Total: 51.757686614990234, Loss Train: 5.059571049059741e-05, Loss Test: 26.49418830871582
Epoch 5000, Loss Total: 51.757686614990234, Loss Train: 5.059571049059741e-05, Loss Test: 26.49418830871582
Epoch 5100, Loss Total: 51.757686614990234, Loss Train: 5.059571049059741e-05, Loss Test: 26.49418830871582
Epoch 5200, Loss Total: 51.757686614990234, Loss Train: 5.059571049059741e-05, Loss Test: 26.49418830871582
Epoch 5300, Loss Total: 51.757686614990234, Loss Train: 5.059571049059741e-05, Loss Test: 26.49418830871582
Epoch 5400, Loss Total: 51.757686614990234, Loss Train: 5.059571049059741e-05, Loss Test: 26.49418830871582
Epoch 5500, Loss Total: 51.757686614990234, Loss Train: 5.059571049059741e-05, Loss Test: 26.49418830871582
Epoch 5600, Loss Total: 51.757686614990234, Loss Train: 5.059571049059741e-05, Loss Test: 26.49418830871582
Epoch 5700, Loss Total: 51.757686614990234, Loss Train: 5.059571049059741e-05, Loss Test: 26.49418830871582
Epoch 5800, Loss Total: 51.757686614990234, Loss Train: 5.059571049059741e-05, Loss Test: 26.49418830871582
Epoch 5900, Loss Total: 51.757686614990234, Loss Train: 5.059571049059741e-05, Loss Test: 26.49418830871582
Epoch 6000, Loss Total: 51.757686614990234, Loss Train: 5.059571049059741e-05, Loss Test: 26.49418830871582
Epoch 6100, Loss Total: 51.757686614990234, Loss Train: 5.059571049059741e-05, Loss Test: 26.49418830871582
Epoch 6200, Loss Total: 51.757686614990234, Loss Train: 5.059571049059741e-05, Loss Test: 26.49418830871582
Epoch 6300, Loss Total: 51.757686614990234, Loss Train: 5.059571049059741e-05, Loss Test: 26.49418830871582
Epoch 6400, Loss Total: 51.757686614990234, Loss Train: 5.059571049059741e-05, Loss Test: 26.49418830871582
Epoch 6500, Loss Total: 51.757686614990234, Loss Train: 5.059571049059741e-05, Loss Test: 26.49418830871582
Epoch 6600, Loss Total: 51.757686614990234, Loss Train: 5.059571049059741e-05, Loss Test: 26.49418830871582
Epoch 6700, Loss Total: 51.757686614990234, Loss Train: 5.059571049059741e-05, Loss Test: 26.49418830871582
Epoch 6800, Loss Total: 51.757686614990234, Loss Train: 5.059571049059741e-05, Loss Test: 26.49418830871582
Epoch 6900, Loss Total: 51.757686614990234, Loss Train: 5.059571049059741e-05, Loss Test: 26.49418830871582
Epoch 7000, Loss Total: 51.757686614990234, Loss Train: 5.059571049059741e-05, Loss Test: 26.49418830871582
Epoch 7100, Loss Total: 51.757686614990234, Loss Train: 5.059571049059741e-05, Loss Test: 26.49418830871582
Epoch 7200, Loss Total: 51.757686614990234, Loss Train: 5.059571049059741e-05, Loss Test: 26.49418830871582
Epoch 7300, Loss Total: 51.757686614990234, Loss Train: 5.059571049059741e-05, Loss Test: 26.49418830871582
Epoch 7400, Loss Total: 51.757686614990234, Loss Train: 5.059571049059741e-05, Loss Test: 26.49418830871582
Epoch 7500, Loss Total: 51.757686614990234, Loss Train: 5.059571049059741e-05, Loss Test: 26.49418830871582
Epoch 7600, Loss Total: 51.757686614990234, Loss Train: 5.059571049059741e-05, Loss Test: 26.49418830871582
Epoch 7700, Loss Total: 51.757686614990234, Loss Train: 5.059571049059741e-05, Loss Test: 26.49418830871582
Epoch 7800, Loss Total: 51.757686614990234, Loss Train: 5.059571049059741e-05, Loss Test: 26.49418830871582
Epoch 7900, Loss Total: 51.757686614990234, Loss Train: 5.059571049059741e-05, Loss Test: 26.49418830871582
Epoch 8000, Loss Total: 51.757686614990234, Loss Train: 5.059571049059741e-05, Loss Test: 26.49418830871582
Epoch 8100, Loss Total: 51.757686614990234, Loss Train: 5.059571049059741e-05, Loss Test: 26.49418830871582
Epoch 8200, Loss Total: 51.757686614990234, Loss Train: 5.059571049059741e-05, Loss Test: 26.49418830871582
Epoch 8300, Loss Total: 51.757686614990234, Loss Train: 5.059571049059741e-05, Loss Test: 26.49418830871582
Epoch 8400, Loss Total: 51.757686614990234, Loss Train: 5.059571049059741e-05, Loss Test: 26.49418830871582
Epoch 8500, Loss Total: 51.757686614990234, Loss Train: 5.059571049059741e-05, Loss Test: 26.49418830871582
Epoch 8600, Loss Total: 51.757686614990234, Loss Train: 5.059571049059741e-05, Loss Test: 26.49418830871582
Epoch 8700, Loss Total: 51.757686614990234, Loss Train: 5.059571049059741e-05, Loss Test: 26.49418830871582
Epoch 8800, Loss Total: 51.757686614990234, Loss Train: 5.059571049059741e-05, Loss Test: 26.49418830871582
Epoch 8900, Loss Total: 51.757686614990234, Loss Train: 5.059571049059741e-05, Loss Test: 26.49418830871582
Epoch 9000, Loss Total: 51.757686614990234, Loss Train: 5.059571049059741e-05, Loss Test: 26.49418830871582
Epoch 9100, Loss Total: 51.757686614990234, Loss Train: 5.059571049059741e-05, Loss Test: 26.49418830871582
Epoch 9200, Loss Total: 51.757686614990234, Loss Train: 5.059571049059741e-05, Loss Test: 26.49418830871582
Epoch 9300, Loss Total: 51.757686614990234, Loss Train: 5.059571049059741e-05, Loss Test: 26.49418830871582
Epoch 9400, Loss Total: 51.757686614990234, Loss Train: 5.059571049059741e-05, Loss Test: 26.49418830871582
Epoch 9500, Loss Total: 51.757686614990234, Loss Train: 5.059571049059741e-05, Loss Test: 26.49418830871582
Epoch 9600, Loss Total: 51.757686614990234, Loss Train: 5.059571049059741e-05, Loss Test: 26.49418830871582
Epoch 9700, Loss Total: 51.757686614990234, Loss Train: 5.059571049059741e-05, Loss Test: 26.49418830871582
Epoch 9800, Loss Total: 51.757686614990234, Loss Train: 5.059571049059741e-05, Loss Test: 26.49418830871582
Epoch 9900, Loss Total: 51.757686614990234, Loss Train: 5.059571049059741e-05, Loss Test: 26.49418830871582
Epoch 10000, Loss Total: 51.757686614990234, Loss Train: 5.059571049059741e-05, Loss Test: 26.49418830871582
Epoch 10100, Loss Total: 51.757686614990234, Loss Train: 5.059571049059741e-05, Loss Test: 26.49418830871582
Epoch 10200, Loss Total: 51.757686614990234, Loss Train: 5.059571049059741e-05, Loss Test: 26.49418830871582
Epoch 10300, Loss Total: 51.757686614990234, Loss Train: 5.059571049059741e-05, Loss Test: 26.49418830871582
Epoch 10400, Loss Total: 51.757686614990234, Loss Train: 5.059571049059741e-05, Loss Test: 26.49418830871582
Epoch 10500, Loss Total: 51.757686614990234, Loss Train: 5.059571049059741e-05, Loss Test: 26.49418830871582
Epoch 10600, Loss Total: 51.757686614990234, Loss Train: 5.059571049059741e-05, Loss Test: 26.49418830871582
Epoch 10700, Loss Total: 51.757686614990234, Loss Train: 5.059571049059741e-05, Loss Test: 26.49418830871582
Epoch 10800, Loss Total: 51.757686614990234, Loss Train: 5.059571049059741e-05, Loss Test: 26.49418830871582
Epoch 10900, Loss Total: 51.757686614990234, Loss Train: 5.059571049059741e-05, Loss Test: 26.49418830871582
Epoch 11000, Loss Total: 51.757686614990234, Loss Train: 5.059571049059741e-05, Loss Test: 26.49418830871582
Epoch 11100, Loss Total: 51.757686614990234, Loss Train: 5.059571049059741e-05, Loss Test: 26.49418830871582
Epoch 11200, Loss Total: 51.757686614990234, Loss Train: 5.059571049059741e-05, Loss Test: 26.49418830871582
Epoch 11300, Loss Total: 51.757686614990234, Loss Train: 5.059571049059741e-05, Loss Test: 26.49418830871582
Epoch 11400, Loss Total: 51.757686614990234, Loss Train: 5.059571049059741e-05, Loss Test: 26.49418830871582
Epoch 11500, Loss Total: 51.757686614990234, Loss Train: 5.059571049059741e-05, Loss Test: 26.49418830871582
Epoch 11600, Loss Total: 51.757686614990234, Loss Train: 5.059571049059741e-05, Loss Test: 26.49418830871582
Epoch 11700, Loss Total: 51.757686614990234, Loss Train: 5.059571049059741e-05, Loss Test: 26.49418830871582
Epoch 11800, Loss Total: 51.757686614990234, Loss Train: 5.059571049059741e-05, Loss Test: 26.49418830871582
Epoch 11900, Loss Total: 51.757686614990234, Loss Train: 5.059571049059741e-05, Loss Test: 26.49418830871582
Epoch 12000, Loss Total: 51.757686614990234, Loss Train: 5.059571049059741e-05, Loss Test: 26.49418830871582
Epoch 12100, Loss Total: 51.757686614990234, Loss Train: 5.059571049059741e-05, Loss Test: 26.49418830871582
Epoch 12200, Loss Total: 51.757686614990234, Loss Train: 5.059571049059741e-05, Loss Test: 26.49418830871582
Epoch 12300, Loss Total: 51.757686614990234, Loss Train: 5.059571049059741e-05, Loss Test: 26.49418830871582
Epoch 12400, Loss Total: 51.757686614990234, Loss Train: 5.059571049059741e-05, Loss Test: 26.49418830871582
Epoch 12500, Loss Total: 51.757686614990234, Loss Train: 5.059571049059741e-05, Loss Test: 26.49418830871582
Epoch 12600, Loss Total: 51.757686614990234, Loss Train: 5.059571049059741e-05, Loss Test: 26.49418830871582
Epoch 12700, Loss Total: 51.757686614990234, Loss Train: 5.059571049059741e-05, Loss Test: 26.49418830871582
Epoch 12800, Loss Total: 51.757686614990234, Loss Train: 5.059571049059741e-05, Loss Test: 26.49418830871582
Epoch 12900, Loss Total: 51.757686614990234, Loss Train: 5.059571049059741e-05, Loss Test: 26.49418830871582
Epoch 13000, Loss Total: 51.757686614990234, Loss Train: 5.059571049059741e-05, Loss Test: 26.49418830871582
Epoch 13100, Loss Total: 51.757686614990234, Loss Train: 5.059571049059741e-05, Loss Test: 26.49418830871582
Epoch 13200, Loss Total: 51.757686614990234, Loss Train: 5.059571049059741e-05, Loss Test: 26.49418830871582
Epoch 13300, Loss Total: 51.757686614990234, Loss Train: 5.059571049059741e-05, Loss Test: 26.49418830871582
Epoch 13400, Loss Total: 51.757686614990234, Loss Train: 5.059571049059741e-05, Loss Test: 26.49418830871582
Epoch 13500, Loss Total: 51.757686614990234, Loss Train: 5.059571049059741e-05, Loss Test: 26.49418830871582
Epoch 13600, Loss Total: 51.757686614990234, Loss Train: 5.059571049059741e-05, Loss Test: 26.49418830871582
Epoch 13700, Loss Total: 51.757686614990234, Loss Train: 5.059571049059741e-05, Loss Test: 26.49418830871582
Epoch 13800, Loss Total: 51.757686614990234, Loss Train: 5.059571049059741e-05, Loss Test: 26.49418830871582
Epoch 13900, Loss Total: 51.757686614990234, Loss Train: 5.059571049059741e-05, Loss Test: 26.49418830871582
Epoch 14000, Loss Total: 51.757686614990234, Loss Train: 5.059571049059741e-05, Loss Test: 26.49418830871582
Epoch 14100, Loss Total: 51.757686614990234, Loss Train: 5.059571049059741e-05, Loss Test: 26.49418830871582
Epoch 14200, Loss Total: 51.757686614990234, Loss Train: 5.059571049059741e-05, Loss Test: 26.49418830871582
Epoch 14300, Loss Total: 51.757686614990234, Loss Train: 5.059571049059741e-05, Loss Test: 26.49418830871582
Epoch 14400, Loss Total: 51.757686614990234, Loss Train: 5.059571049059741e-05, Loss Test: 26.49418830871582
Epoch 14500, Loss Total: 51.757686614990234, Loss Train: 5.059571049059741e-05, Loss Test: 26.49418830871582
Epoch 14600, Loss Total: 51.757686614990234, Loss Train: 5.059571049059741e-05, Loss Test: 26.49418830871582
Epoch 14700, Loss Total: 51.757686614990234, Loss Train: 5.059571049059741e-05, Loss Test: 26.49418830871582
Epoch 14800, Loss Total: 51.757686614990234, Loss Train: 5.059571049059741e-05, Loss Test: 26.49418830871582
Epoch 14900, Loss Total: 51.757686614990234, Loss Train: 5.059571049059741e-05, Loss Test: 26.49418830871582
Epoch 15000, Loss Total: 51.757686614990234, Loss Train: 5.059571049059741e-05, Loss Test: 26.49418830871582
Epoch 15100, Loss Total: 51.757686614990234, Loss Train: 5.059571049059741e-05, Loss Test: 26.49418830871582
Epoch 15200, Loss Total: 51.757686614990234, Loss Train: 5.059571049059741e-05, Loss Test: 26.49418830871582
Epoch 15300, Loss Total: 51.757686614990234, Loss Train: 5.059571049059741e-05, Loss Test: 26.49418830871582
Epoch 15400, Loss Total: 51.757686614990234, Loss Train: 5.059571049059741e-05, Loss Test: 26.49418830871582
Epoch 15500, Loss Total: 51.757686614990234, Loss Train: 5.059571049059741e-05, Loss Test: 26.49418830871582
Epoch 15600, Loss Total: 51.757686614990234, Loss Train: 5.059571049059741e-05, Loss Test: 26.49418830871582
Epoch 15700, Loss Total: 51.757686614990234, Loss Train: 5.059571049059741e-05, Loss Test: 26.49418830871582
Epoch 15800, Loss Total: 51.757686614990234, Loss Train: 5.059571049059741e-05, Loss Test: 26.49418830871582
Epoch 15900, Loss Total: 51.757686614990234, Loss Train: 5.059571049059741e-05, Loss Test: 26.49418830871582
Epoch 16000, Loss Total: 51.757686614990234, Loss Train: 5.059571049059741e-05, Loss Test: 26.49418830871582
Epoch 16100, Loss Total: 51.757686614990234, Loss Train: 5.059571049059741e-05, Loss Test: 26.49418830871582
Epoch 16200, Loss Total: 51.757686614990234, Loss Train: 5.059571049059741e-05, Loss Test: 26.49418830871582
Epoch 16300, Loss Total: 51.757686614990234, Loss Train: 5.059571049059741e-05, Loss Test: 26.49418830871582
Epoch 16400, Loss Total: 51.757686614990234, Loss Train: 5.059571049059741e-05, Loss Test: 26.49418830871582
Epoch 16500, Loss Total: 51.757686614990234, Loss Train: 5.059571049059741e-05, Loss Test: 26.49418830871582
Epoch 16600, Loss Total: 51.757686614990234, Loss Train: 5.059571049059741e-05, Loss Test: 26.49418830871582
Epoch 16700, Loss Total: 51.757686614990234, Loss Train: 5.059571049059741e-05, Loss Test: 26.49418830871582
Epoch 16800, Loss Total: 51.757686614990234, Loss Train: 5.059571049059741e-05, Loss Test: 26.49418830871582
Epoch 16900, Loss Total: 51.757686614990234, Loss Train: 5.059571049059741e-05, Loss Test: 26.49418830871582
Epoch 17000, Loss Total: 51.757686614990234, Loss Train: 5.059571049059741e-05, Loss Test: 26.49418830871582
Epoch 17100, Loss Total: 51.757686614990234, Loss Train: 5.059571049059741e-05, Loss Test: 26.49418830871582
Epoch 17200, Loss Total: 51.757686614990234, Loss Train: 5.059571049059741e-05, Loss Test: 26.49418830871582
Epoch 17300, Loss Total: 51.757686614990234, Loss Train: 5.059571049059741e-05, Loss Test: 26.49418830871582
Epoch 17400, Loss Total: 51.757686614990234, Loss Train: 5.059571049059741e-05, Loss Test: 26.49418830871582
Epoch 17500, Loss Total: 51.757686614990234, Loss Train: 5.059571049059741e-05, Loss Test: 26.49418830871582
Epoch 17600, Loss Total: 51.757686614990234, Loss Train: 5.059571049059741e-05, Loss Test: 26.49418830871582
Epoch 17700, Loss Total: 51.757686614990234, Loss Train: 5.059571049059741e-05, Loss Test: 26.49418830871582
Epoch 17800, Loss Total: 51.757686614990234, Loss Train: 5.059571049059741e-05, Loss Test: 26.49418830871582
Epoch 17900, Loss Total: 51.757686614990234, Loss Train: 5.059571049059741e-05, Loss Test: 26.49418830871582
Epoch 18000, Loss Total: 51.757686614990234, Loss Train: 5.059571049059741e-05, Loss Test: 26.49418830871582
Epoch 18100, Loss Total: 51.757686614990234, Loss Train: 5.059571049059741e-05, Loss Test: 26.49418830871582
Epoch 18200, Loss Total: 51.757686614990234, Loss Train: 5.059571049059741e-05, Loss Test: 26.49418830871582
Epoch 18300, Loss Total: 51.757686614990234, Loss Train: 5.059571049059741e-05, Loss Test: 26.49418830871582
Epoch 18400, Loss Total: 51.757686614990234, Loss Train: 5.059571049059741e-05, Loss Test: 26.49418830871582
Epoch 18500, Loss Total: 51.757686614990234, Loss Train: 5.059571049059741e-05, Loss Test: 26.49418830871582
Epoch 18600, Loss Total: 51.757686614990234, Loss Train: 5.059571049059741e-05, Loss Test: 26.49418830871582
Epoch 18700, Loss Total: 51.757686614990234, Loss Train: 5.059571049059741e-05, Loss Test: 26.49418830871582
Epoch 18800, Loss Total: 51.757686614990234, Loss Train: 5.059571049059741e-05, Loss Test: 26.49418830871582
Epoch 18900, Loss Total: 51.757686614990234, Loss Train: 5.059571049059741e-05, Loss Test: 26.49418830871582
Epoch 19000, Loss Total: 51.757686614990234, Loss Train: 5.059571049059741e-05, Loss Test: 26.49418830871582
Epoch 19100, Loss Total: 51.757686614990234, Loss Train: 5.059571049059741e-05, Loss Test: 26.49418830871582
Epoch 19200, Loss Total: 51.757686614990234, Loss Train: 5.059571049059741e-05, Loss Test: 26.49418830871582
Epoch 19300, Loss Total: 51.757686614990234, Loss Train: 5.059571049059741e-05, Loss Test: 26.49418830871582
Epoch 19400, Loss Total: 51.757686614990234, Loss Train: 5.059571049059741e-05, Loss Test: 26.49418830871582
Epoch 19500, Loss Total: 51.757686614990234, Loss Train: 5.059571049059741e-05, Loss Test: 26.49418830871582
Epoch 19600, Loss Total: 51.757686614990234, Loss Train: 5.059571049059741e-05, Loss Test: 26.49418830871582
Epoch 19700, Loss Total: 51.757686614990234, Loss Train: 5.059571049059741e-05, Loss Test: 26.49418830871582
Epoch 19800, Loss Total: 51.757686614990234, Loss Train: 5.059571049059741e-05, Loss Test: 26.49418830871582
Epoch 19900, Loss Total: 51.757686614990234, Loss Train: 5.059571049059741e-05, Loss Test: 26.49418830871582
Added results for seed=59 and percentage=0.45
Finished task 538
