Running task 83 with seed=9 and percentage=0.20
Epoch 0, Loss Total: 83.78197479248047, Loss Train: 135.31312561035156, Loss Test: 129.68899536132812
Epoch 100, Loss Total: 47.004547119140625, Loss Train: 43.3974723815918, Loss Test: 71.75155639648438
Epoch 200, Loss Total: 40.9577522277832, Loss Train: 19.350486755371094, Loss Test: 42.80281448364258
Epoch 300, Loss Total: 44.72393798828125, Loss Train: 9.812457084655762, Loss Test: 34.542537689208984
Epoch 400, Loss Total: 48.96385955810547, Loss Train: 5.327018737792969, Loss Test: 32.09475326538086
Epoch 500, Loss Total: 52.28203201293945, Loss Train: 3.0163321495056152, Loss Test: 31.36566734313965
Epoch 600, Loss Total: 54.6743278503418, Loss Train: 1.7470800876617432, Loss Test: 31.154129028320312
Epoch 700, Loss Total: 56.368812561035156, Loss Train: 1.0213348865509033, Loss Test: 31.10877227783203
Epoch 800, Loss Total: 57.577964782714844, Loss Train: 0.5982868075370789, Loss Test: 31.125520706176758
Epoch 900, Loss Total: 58.451271057128906, Loss Train: 0.3500845432281494, Loss Test: 31.16776466369629
Epoch 1000, Loss Total: 59.08684158325195, Loss Train: 0.20432186126708984, Loss Test: 31.21856689453125
Epoch 1100, Loss Total: 59.5503044128418, Loss Train: 0.11874829232692719, Loss Test: 31.26892852783203
Epoch 1200, Loss Total: 59.887725830078125, Loss Train: 0.06853307783603668, Loss Test: 31.3143253326416
Epoch 1300, Loss Total: 60.132686614990234, Loss Train: 0.03911765292286873, Loss Test: 31.353002548217773
Epoch 1400, Loss Total: 60.31007385253906, Loss Train: 0.0219745971262455, Loss Test: 31.38477897644043
Epoch 1500, Loss Total: 60.43830871582031, Loss Train: 0.012089507654309273, Loss Test: 31.410261154174805
Epoch 1600, Loss Total: 60.53095626831055, Loss Train: 0.006486689671874046, Loss Test: 31.430347442626953
Epoch 1700, Loss Total: 60.59789276123047, Loss Train: 0.0033858036622405052, Loss Test: 31.44597053527832
Epoch 1800, Loss Total: 60.646236419677734, Loss Train: 0.001719771302305162, Loss Test: 31.457979202270508
Epoch 1900, Loss Total: 60.681148529052734, Loss Train: 0.0008547711768187582, Loss Test: 31.467119216918945
Epoch 2000, Loss Total: 60.70630645751953, Loss Train: 0.0004222305433358997, Loss Test: 31.473997116088867
Epoch 2100, Loss Total: 60.7243766784668, Loss Train: 0.00021424250735435635, Loss Test: 31.479127883911133
Epoch 2200, Loss Total: 60.737335205078125, Loss Train: 0.00011802926746895537, Loss Test: 31.4829158782959
Epoch 2300, Loss Total: 60.74656677246094, Loss Train: 7.509917486459017e-05, Loss Test: 31.485687255859375
Epoch 2400, Loss Total: 60.75312805175781, Loss Train: 5.6497108744224533e-05, Loss Test: 31.48770523071289
Epoch 2500, Loss Total: 60.75776672363281, Loss Train: 4.8615595005685464e-05, Loss Test: 31.489160537719727
Epoch 2600, Loss Total: 60.76103591918945, Loss Train: 4.522592280409299e-05, Loss Test: 31.49020767211914
Epoch 2700, Loss Total: 60.76333236694336, Loss Train: 4.375830394565128e-05, Loss Test: 31.490951538085938
Epoch 2800, Loss Total: 60.76494598388672, Loss Train: 4.308354982640594e-05, Loss Test: 31.491485595703125
Epoch 2900, Loss Total: 60.766082763671875, Loss Train: 4.280011489754543e-05, Loss Test: 31.491865158081055
Epoch 3000, Loss Total: 60.76688003540039, Loss Train: 4.262929724063724e-05, Loss Test: 31.492128372192383
Epoch 3100, Loss Total: 60.7674446105957, Loss Train: 4.257445834809914e-05, Loss Test: 31.49232292175293
Epoch 3200, Loss Total: 60.76784133911133, Loss Train: 4.2540094000287354e-05, Loss Test: 31.49245834350586
Epoch 3300, Loss Total: 60.76811981201172, Loss Train: 4.251401696819812e-05, Loss Test: 31.4925537109375
Epoch 3400, Loss Total: 60.76831817626953, Loss Train: 4.252110738889314e-05, Loss Test: 31.492626190185547
Epoch 3500, Loss Total: 60.7684211730957, Loss Train: 4.251180507708341e-05, Loss Test: 31.492658615112305
Epoch 3600, Loss Total: 60.76845169067383, Loss Train: 4.2511710489634424e-05, Loss Test: 31.492673873901367
Epoch 3700, Loss Total: 60.768463134765625, Loss Train: 4.2511710489634424e-05, Loss Test: 31.49267578125
Epoch 3800, Loss Total: 60.768463134765625, Loss Train: 4.2511710489634424e-05, Loss Test: 31.49267578125
Epoch 3900, Loss Total: 60.768463134765625, Loss Train: 4.2511710489634424e-05, Loss Test: 31.49267578125
Epoch 4000, Loss Total: 60.768463134765625, Loss Train: 4.2511710489634424e-05, Loss Test: 31.49267578125
Epoch 4100, Loss Total: 60.768463134765625, Loss Train: 4.2511710489634424e-05, Loss Test: 31.49267578125
Epoch 4200, Loss Total: 60.768463134765625, Loss Train: 4.2511710489634424e-05, Loss Test: 31.49267578125
Epoch 4300, Loss Total: 60.768463134765625, Loss Train: 4.2511710489634424e-05, Loss Test: 31.49267578125
Epoch 4400, Loss Total: 60.768463134765625, Loss Train: 4.2511710489634424e-05, Loss Test: 31.49267578125
Epoch 4500, Loss Total: 60.768463134765625, Loss Train: 4.2511710489634424e-05, Loss Test: 31.49267578125
Epoch 4600, Loss Total: 60.768463134765625, Loss Train: 4.2511710489634424e-05, Loss Test: 31.49267578125
Epoch 4700, Loss Total: 60.768463134765625, Loss Train: 4.2511710489634424e-05, Loss Test: 31.49267578125
Epoch 4800, Loss Total: 60.768463134765625, Loss Train: 4.2511710489634424e-05, Loss Test: 31.49267578125
Epoch 4900, Loss Total: 60.768463134765625, Loss Train: 4.2511710489634424e-05, Loss Test: 31.49267578125
Epoch 5000, Loss Total: 60.768463134765625, Loss Train: 4.2511710489634424e-05, Loss Test: 31.49267578125
Epoch 5100, Loss Total: 60.768463134765625, Loss Train: 4.2511710489634424e-05, Loss Test: 31.49267578125
Epoch 5200, Loss Total: 60.768463134765625, Loss Train: 4.2511710489634424e-05, Loss Test: 31.49267578125
Epoch 5300, Loss Total: 60.768463134765625, Loss Train: 4.2511710489634424e-05, Loss Test: 31.49267578125
Epoch 5400, Loss Total: 60.768463134765625, Loss Train: 4.2511710489634424e-05, Loss Test: 31.49267578125
Epoch 5500, Loss Total: 60.768463134765625, Loss Train: 4.2511710489634424e-05, Loss Test: 31.49267578125
Epoch 5600, Loss Total: 60.768463134765625, Loss Train: 4.2511710489634424e-05, Loss Test: 31.49267578125
Epoch 5700, Loss Total: 60.768463134765625, Loss Train: 4.2511710489634424e-05, Loss Test: 31.49267578125
Epoch 5800, Loss Total: 60.768463134765625, Loss Train: 4.2511710489634424e-05, Loss Test: 31.49267578125
Epoch 5900, Loss Total: 60.768463134765625, Loss Train: 4.2511710489634424e-05, Loss Test: 31.49267578125
Epoch 6000, Loss Total: 60.768463134765625, Loss Train: 4.2511710489634424e-05, Loss Test: 31.49267578125
Epoch 6100, Loss Total: 60.768463134765625, Loss Train: 4.2511710489634424e-05, Loss Test: 31.49267578125
Epoch 6200, Loss Total: 60.768463134765625, Loss Train: 4.2511710489634424e-05, Loss Test: 31.49267578125
Epoch 6300, Loss Total: 60.768463134765625, Loss Train: 4.2511710489634424e-05, Loss Test: 31.49267578125
Epoch 6400, Loss Total: 60.768463134765625, Loss Train: 4.2511710489634424e-05, Loss Test: 31.49267578125
Epoch 6500, Loss Total: 60.768463134765625, Loss Train: 4.2511710489634424e-05, Loss Test: 31.49267578125
Epoch 6600, Loss Total: 60.768463134765625, Loss Train: 4.2511710489634424e-05, Loss Test: 31.49267578125
Epoch 6700, Loss Total: 60.768463134765625, Loss Train: 4.2511710489634424e-05, Loss Test: 31.49267578125
Epoch 6800, Loss Total: 60.768463134765625, Loss Train: 4.2511710489634424e-05, Loss Test: 31.49267578125
Epoch 6900, Loss Total: 60.768463134765625, Loss Train: 4.2511710489634424e-05, Loss Test: 31.49267578125
Epoch 7000, Loss Total: 60.768463134765625, Loss Train: 4.2511710489634424e-05, Loss Test: 31.49267578125
Epoch 7100, Loss Total: 60.768463134765625, Loss Train: 4.2511710489634424e-05, Loss Test: 31.49267578125
Epoch 7200, Loss Total: 60.768463134765625, Loss Train: 4.2511710489634424e-05, Loss Test: 31.49267578125
Epoch 7300, Loss Total: 60.768463134765625, Loss Train: 4.2511710489634424e-05, Loss Test: 31.49267578125
Epoch 7400, Loss Total: 60.768463134765625, Loss Train: 4.2511710489634424e-05, Loss Test: 31.49267578125
Epoch 7500, Loss Total: 60.768463134765625, Loss Train: 4.2511710489634424e-05, Loss Test: 31.49267578125
Epoch 7600, Loss Total: 60.768463134765625, Loss Train: 4.2511710489634424e-05, Loss Test: 31.49267578125
Epoch 7700, Loss Total: 60.768463134765625, Loss Train: 4.2511710489634424e-05, Loss Test: 31.49267578125
Epoch 7800, Loss Total: 60.768463134765625, Loss Train: 4.2511710489634424e-05, Loss Test: 31.49267578125
Epoch 7900, Loss Total: 60.768463134765625, Loss Train: 4.2511710489634424e-05, Loss Test: 31.49267578125
Epoch 8000, Loss Total: 60.768463134765625, Loss Train: 4.2511710489634424e-05, Loss Test: 31.49267578125
Epoch 8100, Loss Total: 60.768463134765625, Loss Train: 4.2511710489634424e-05, Loss Test: 31.49267578125
Epoch 8200, Loss Total: 60.768463134765625, Loss Train: 4.2511710489634424e-05, Loss Test: 31.49267578125
Epoch 8300, Loss Total: 60.768463134765625, Loss Train: 4.2511710489634424e-05, Loss Test: 31.49267578125
Epoch 8400, Loss Total: 60.768463134765625, Loss Train: 4.2511710489634424e-05, Loss Test: 31.49267578125
Epoch 8500, Loss Total: 60.768463134765625, Loss Train: 4.2511710489634424e-05, Loss Test: 31.49267578125
Epoch 8600, Loss Total: 60.768463134765625, Loss Train: 4.2511710489634424e-05, Loss Test: 31.49267578125
Epoch 8700, Loss Total: 60.768463134765625, Loss Train: 4.2511710489634424e-05, Loss Test: 31.49267578125
Epoch 8800, Loss Total: 60.768463134765625, Loss Train: 4.2511710489634424e-05, Loss Test: 31.49267578125
Epoch 8900, Loss Total: 60.768463134765625, Loss Train: 4.2511710489634424e-05, Loss Test: 31.49267578125
Epoch 9000, Loss Total: 60.768463134765625, Loss Train: 4.2511710489634424e-05, Loss Test: 31.49267578125
Epoch 9100, Loss Total: 60.768463134765625, Loss Train: 4.2511710489634424e-05, Loss Test: 31.49267578125
Epoch 9200, Loss Total: 60.768463134765625, Loss Train: 4.2511710489634424e-05, Loss Test: 31.49267578125
Epoch 9300, Loss Total: 60.768463134765625, Loss Train: 4.2511710489634424e-05, Loss Test: 31.49267578125
Epoch 9400, Loss Total: 60.768463134765625, Loss Train: 4.2511710489634424e-05, Loss Test: 31.49267578125
Epoch 9500, Loss Total: 60.768463134765625, Loss Train: 4.2511710489634424e-05, Loss Test: 31.49267578125
Epoch 9600, Loss Total: 60.768463134765625, Loss Train: 4.2511710489634424e-05, Loss Test: 31.49267578125
Epoch 9700, Loss Total: 60.768463134765625, Loss Train: 4.2511710489634424e-05, Loss Test: 31.49267578125
Epoch 9800, Loss Total: 60.768463134765625, Loss Train: 4.2511710489634424e-05, Loss Test: 31.49267578125
Epoch 9900, Loss Total: 60.768463134765625, Loss Train: 4.2511710489634424e-05, Loss Test: 31.49267578125
Epoch 10000, Loss Total: 60.768463134765625, Loss Train: 4.2511710489634424e-05, Loss Test: 31.49267578125
Epoch 10100, Loss Total: 60.768463134765625, Loss Train: 4.2511710489634424e-05, Loss Test: 31.49267578125
Epoch 10200, Loss Total: 60.768463134765625, Loss Train: 4.2511710489634424e-05, Loss Test: 31.49267578125
Epoch 10300, Loss Total: 60.768463134765625, Loss Train: 4.2511710489634424e-05, Loss Test: 31.49267578125
Epoch 10400, Loss Total: 60.768463134765625, Loss Train: 4.2511710489634424e-05, Loss Test: 31.49267578125
Epoch 10500, Loss Total: 60.768463134765625, Loss Train: 4.2511710489634424e-05, Loss Test: 31.49267578125
Epoch 10600, Loss Total: 60.768463134765625, Loss Train: 4.2511710489634424e-05, Loss Test: 31.49267578125
Epoch 10700, Loss Total: 60.768463134765625, Loss Train: 4.2511710489634424e-05, Loss Test: 31.49267578125
Epoch 10800, Loss Total: 60.768463134765625, Loss Train: 4.2511710489634424e-05, Loss Test: 31.49267578125
Epoch 10900, Loss Total: 60.768463134765625, Loss Train: 4.2511710489634424e-05, Loss Test: 31.49267578125
Epoch 11000, Loss Total: 60.768463134765625, Loss Train: 4.2511710489634424e-05, Loss Test: 31.49267578125
Epoch 11100, Loss Total: 60.768463134765625, Loss Train: 4.2511710489634424e-05, Loss Test: 31.49267578125
Epoch 11200, Loss Total: 60.768463134765625, Loss Train: 4.2511710489634424e-05, Loss Test: 31.49267578125
Epoch 11300, Loss Total: 60.768463134765625, Loss Train: 4.2511710489634424e-05, Loss Test: 31.49267578125
Epoch 11400, Loss Total: 60.768463134765625, Loss Train: 4.2511710489634424e-05, Loss Test: 31.49267578125
Epoch 11500, Loss Total: 60.768463134765625, Loss Train: 4.2511710489634424e-05, Loss Test: 31.49267578125
Epoch 11600, Loss Total: 60.768463134765625, Loss Train: 4.2511710489634424e-05, Loss Test: 31.49267578125
Epoch 11700, Loss Total: 60.768463134765625, Loss Train: 4.2511710489634424e-05, Loss Test: 31.49267578125
Epoch 11800, Loss Total: 60.768463134765625, Loss Train: 4.2511710489634424e-05, Loss Test: 31.49267578125
Epoch 11900, Loss Total: 60.768463134765625, Loss Train: 4.2511710489634424e-05, Loss Test: 31.49267578125
Epoch 12000, Loss Total: 60.768463134765625, Loss Train: 4.2511710489634424e-05, Loss Test: 31.49267578125
Epoch 12100, Loss Total: 60.768463134765625, Loss Train: 4.2511710489634424e-05, Loss Test: 31.49267578125
Epoch 12200, Loss Total: 60.768463134765625, Loss Train: 4.2511710489634424e-05, Loss Test: 31.49267578125
Epoch 12300, Loss Total: 60.768463134765625, Loss Train: 4.2511710489634424e-05, Loss Test: 31.49267578125
Epoch 12400, Loss Total: 60.768463134765625, Loss Train: 4.2511710489634424e-05, Loss Test: 31.49267578125
Epoch 12500, Loss Total: 60.768463134765625, Loss Train: 4.2511710489634424e-05, Loss Test: 31.49267578125
Epoch 12600, Loss Total: 60.768463134765625, Loss Train: 4.2511710489634424e-05, Loss Test: 31.49267578125
Epoch 12700, Loss Total: 60.768463134765625, Loss Train: 4.2511710489634424e-05, Loss Test: 31.49267578125
Epoch 12800, Loss Total: 60.768463134765625, Loss Train: 4.2511710489634424e-05, Loss Test: 31.49267578125
Epoch 12900, Loss Total: 60.768463134765625, Loss Train: 4.2511710489634424e-05, Loss Test: 31.49267578125
Epoch 13000, Loss Total: 60.768463134765625, Loss Train: 4.2511710489634424e-05, Loss Test: 31.49267578125
Epoch 13100, Loss Total: 60.768463134765625, Loss Train: 4.2511710489634424e-05, Loss Test: 31.49267578125
Epoch 13200, Loss Total: 60.768463134765625, Loss Train: 4.2511710489634424e-05, Loss Test: 31.49267578125
Epoch 13300, Loss Total: 60.768463134765625, Loss Train: 4.2511710489634424e-05, Loss Test: 31.49267578125
Epoch 13400, Loss Total: 60.768463134765625, Loss Train: 4.2511710489634424e-05, Loss Test: 31.49267578125
Epoch 13500, Loss Total: 60.768463134765625, Loss Train: 4.2511710489634424e-05, Loss Test: 31.49267578125
Epoch 13600, Loss Total: 60.768463134765625, Loss Train: 4.2511710489634424e-05, Loss Test: 31.49267578125
Epoch 13700, Loss Total: 60.768463134765625, Loss Train: 4.2511710489634424e-05, Loss Test: 31.49267578125
Epoch 13800, Loss Total: 60.768463134765625, Loss Train: 4.2511710489634424e-05, Loss Test: 31.49267578125
Epoch 13900, Loss Total: 60.768463134765625, Loss Train: 4.2511710489634424e-05, Loss Test: 31.49267578125
Epoch 14000, Loss Total: 60.768463134765625, Loss Train: 4.2511710489634424e-05, Loss Test: 31.49267578125
Epoch 14100, Loss Total: 60.768463134765625, Loss Train: 4.2511710489634424e-05, Loss Test: 31.49267578125
Epoch 14200, Loss Total: 60.768463134765625, Loss Train: 4.2511710489634424e-05, Loss Test: 31.49267578125
Epoch 14300, Loss Total: 60.768463134765625, Loss Train: 4.2511710489634424e-05, Loss Test: 31.49267578125
Epoch 14400, Loss Total: 60.768463134765625, Loss Train: 4.2511710489634424e-05, Loss Test: 31.49267578125
Epoch 14500, Loss Total: 60.768463134765625, Loss Train: 4.2511710489634424e-05, Loss Test: 31.49267578125
Epoch 14600, Loss Total: 60.768463134765625, Loss Train: 4.2511710489634424e-05, Loss Test: 31.49267578125
Epoch 14700, Loss Total: 60.768463134765625, Loss Train: 4.2511710489634424e-05, Loss Test: 31.49267578125
Epoch 14800, Loss Total: 60.768463134765625, Loss Train: 4.2511710489634424e-05, Loss Test: 31.49267578125
Epoch 14900, Loss Total: 60.768463134765625, Loss Train: 4.2511710489634424e-05, Loss Test: 31.49267578125
Epoch 15000, Loss Total: 60.768463134765625, Loss Train: 4.2511710489634424e-05, Loss Test: 31.49267578125
Epoch 15100, Loss Total: 60.768463134765625, Loss Train: 4.2511710489634424e-05, Loss Test: 31.49267578125
Epoch 15200, Loss Total: 60.768463134765625, Loss Train: 4.2511710489634424e-05, Loss Test: 31.49267578125
Epoch 15300, Loss Total: 60.768463134765625, Loss Train: 4.2511710489634424e-05, Loss Test: 31.49267578125
Epoch 15400, Loss Total: 60.768463134765625, Loss Train: 4.2511710489634424e-05, Loss Test: 31.49267578125
Epoch 15500, Loss Total: 60.768463134765625, Loss Train: 4.2511710489634424e-05, Loss Test: 31.49267578125
Epoch 15600, Loss Total: 60.768463134765625, Loss Train: 4.2511710489634424e-05, Loss Test: 31.49267578125
Epoch 15700, Loss Total: 60.768463134765625, Loss Train: 4.2511710489634424e-05, Loss Test: 31.49267578125
Epoch 15800, Loss Total: 60.768463134765625, Loss Train: 4.2511710489634424e-05, Loss Test: 31.49267578125
Epoch 15900, Loss Total: 60.768463134765625, Loss Train: 4.2511710489634424e-05, Loss Test: 31.49267578125
Epoch 16000, Loss Total: 60.768463134765625, Loss Train: 4.2511710489634424e-05, Loss Test: 31.49267578125
Epoch 16100, Loss Total: 60.768463134765625, Loss Train: 4.2511710489634424e-05, Loss Test: 31.49267578125
Epoch 16200, Loss Total: 60.768463134765625, Loss Train: 4.2511710489634424e-05, Loss Test: 31.49267578125
Epoch 16300, Loss Total: 60.768463134765625, Loss Train: 4.2511710489634424e-05, Loss Test: 31.49267578125
Epoch 16400, Loss Total: 60.768463134765625, Loss Train: 4.2511710489634424e-05, Loss Test: 31.49267578125
Epoch 16500, Loss Total: 60.768463134765625, Loss Train: 4.2511710489634424e-05, Loss Test: 31.49267578125
Epoch 16600, Loss Total: 60.768463134765625, Loss Train: 4.2511710489634424e-05, Loss Test: 31.49267578125
Epoch 16700, Loss Total: 60.768463134765625, Loss Train: 4.2511710489634424e-05, Loss Test: 31.49267578125
Epoch 16800, Loss Total: 60.768463134765625, Loss Train: 4.2511710489634424e-05, Loss Test: 31.49267578125
Epoch 16900, Loss Total: 60.768463134765625, Loss Train: 4.2511710489634424e-05, Loss Test: 31.49267578125
Epoch 17000, Loss Total: 60.768463134765625, Loss Train: 4.2511710489634424e-05, Loss Test: 31.49267578125
Epoch 17100, Loss Total: 60.768463134765625, Loss Train: 4.2511710489634424e-05, Loss Test: 31.49267578125
Epoch 17200, Loss Total: 60.768463134765625, Loss Train: 4.2511710489634424e-05, Loss Test: 31.49267578125
Epoch 17300, Loss Total: 60.768463134765625, Loss Train: 4.2511710489634424e-05, Loss Test: 31.49267578125
Epoch 17400, Loss Total: 60.768463134765625, Loss Train: 4.2511710489634424e-05, Loss Test: 31.49267578125
Epoch 17500, Loss Total: 60.768463134765625, Loss Train: 4.2511710489634424e-05, Loss Test: 31.49267578125
Epoch 17600, Loss Total: 60.768463134765625, Loss Train: 4.2511710489634424e-05, Loss Test: 31.49267578125
Epoch 17700, Loss Total: 60.768463134765625, Loss Train: 4.2511710489634424e-05, Loss Test: 31.49267578125
Epoch 17800, Loss Total: 60.768463134765625, Loss Train: 4.2511710489634424e-05, Loss Test: 31.49267578125
Epoch 17900, Loss Total: 60.768463134765625, Loss Train: 4.2511710489634424e-05, Loss Test: 31.49267578125
Epoch 18000, Loss Total: 60.768463134765625, Loss Train: 4.2511710489634424e-05, Loss Test: 31.49267578125
Epoch 18100, Loss Total: 60.768463134765625, Loss Train: 4.2511710489634424e-05, Loss Test: 31.49267578125
Epoch 18200, Loss Total: 60.768463134765625, Loss Train: 4.2511710489634424e-05, Loss Test: 31.49267578125
Epoch 18300, Loss Total: 60.768463134765625, Loss Train: 4.2511710489634424e-05, Loss Test: 31.49267578125
Epoch 18400, Loss Total: 60.768463134765625, Loss Train: 4.2511710489634424e-05, Loss Test: 31.49267578125
Epoch 18500, Loss Total: 60.768463134765625, Loss Train: 4.2511710489634424e-05, Loss Test: 31.49267578125
Epoch 18600, Loss Total: 60.768463134765625, Loss Train: 4.2511710489634424e-05, Loss Test: 31.49267578125
Epoch 18700, Loss Total: 60.768463134765625, Loss Train: 4.2511710489634424e-05, Loss Test: 31.49267578125
Epoch 18800, Loss Total: 60.768463134765625, Loss Train: 4.2511710489634424e-05, Loss Test: 31.49267578125
Epoch 18900, Loss Total: 60.768463134765625, Loss Train: 4.2511710489634424e-05, Loss Test: 31.49267578125
Epoch 19000, Loss Total: 60.768463134765625, Loss Train: 4.2511710489634424e-05, Loss Test: 31.49267578125
Epoch 19100, Loss Total: 60.768463134765625, Loss Train: 4.2511710489634424e-05, Loss Test: 31.49267578125
Epoch 19200, Loss Total: 60.768463134765625, Loss Train: 4.2511710489634424e-05, Loss Test: 31.49267578125
Epoch 19300, Loss Total: 60.768463134765625, Loss Train: 4.2511710489634424e-05, Loss Test: 31.49267578125
Epoch 19400, Loss Total: 60.768463134765625, Loss Train: 4.2511710489634424e-05, Loss Test: 31.49267578125
Epoch 19500, Loss Total: 60.768463134765625, Loss Train: 4.2511710489634424e-05, Loss Test: 31.49267578125
Epoch 19600, Loss Total: 60.768463134765625, Loss Train: 4.2511710489634424e-05, Loss Test: 31.49267578125
Epoch 19700, Loss Total: 60.768463134765625, Loss Train: 4.2511710489634424e-05, Loss Test: 31.49267578125
Epoch 19800, Loss Total: 60.768463134765625, Loss Train: 4.2511710489634424e-05, Loss Test: 31.49267578125
Epoch 19900, Loss Total: 60.768463134765625, Loss Train: 4.2511710489634424e-05, Loss Test: 31.49267578125
Results for seed=9 and percentage=0.2 already exist, skipping.
Finished task 83
