Running task 618 with seed=68 and percentage=0.40
Epoch 0, Loss Total: 83.82659912109375, Loss Train: 132.3726348876953, Loss Test: 129.8968048095703
Epoch 100, Loss Total: 41.59748840332031, Loss Train: 42.723533630371094, Loss Test: 59.82158660888672
Epoch 200, Loss Total: 40.2442626953125, Loss Train: 20.058134078979492, Loss Test: 35.889984130859375
Epoch 300, Loss Total: 43.80805206298828, Loss Train: 10.848963737487793, Loss Test: 29.24529266357422
Epoch 400, Loss Total: 46.88881301879883, Loss Train: 6.261384963989258, Loss Test: 26.97327423095703
Epoch 500, Loss Total: 49.24087142944336, Loss Train: 3.760759115219116, Loss Test: 26.113115310668945
Epoch 600, Loss Total: 50.98569869995117, Loss Train: 2.319283962249756, Loss Test: 25.765268325805664
Epoch 700, Loss Total: 52.25754165649414, Loss Train: 1.4545930624008179, Loss Test: 25.611656188964844
Epoch 800, Loss Total: 53.176822662353516, Loss Train: 0.9210418462753296, Loss Test: 25.534395217895508
Epoch 900, Loss Total: 53.84077072143555, Loss Train: 0.5853632092475891, Loss Test: 25.48928451538086
Epoch 1000, Loss Total: 54.32273864746094, Loss Train: 0.3715100586414337, Loss Test: 25.459760665893555
Epoch 1100, Loss Total: 54.67558288574219, Loss Train: 0.234366312623024, Loss Test: 25.439422607421875
Epoch 1200, Loss Total: 54.936283111572266, Loss Train: 0.1463317573070526, Loss Test: 25.425336837768555
Epoch 1300, Loss Total: 55.13039016723633, Loss Train: 0.0900765061378479, Loss Test: 25.41573715209961
Epoch 1400, Loss Total: 55.275634765625, Loss Train: 0.05447929725050926, Loss Test: 25.409324645996094
Epoch 1500, Loss Total: 55.38455581665039, Loss Train: 0.03228110447525978, Loss Test: 25.40510368347168
Epoch 1600, Loss Total: 55.466190338134766, Loss Train: 0.018696777522563934, Loss Test: 25.40235137939453
Epoch 1700, Loss Total: 55.52718734741211, Loss Train: 0.010567506775259972, Loss Test: 25.400558471679688
Epoch 1800, Loss Total: 55.572532653808594, Loss Train: 0.005824020132422447, Loss Test: 25.399391174316406
Epoch 1900, Loss Total: 55.60602569580078, Loss Train: 0.00313176610507071, Loss Test: 25.398635864257812
Epoch 2000, Loss Total: 55.63054656982422, Loss Train: 0.0016477899625897408, Loss Test: 25.39815330505371
Epoch 2100, Loss Total: 55.6483268737793, Loss Train: 0.0008549074991606176, Loss Test: 25.397857666015625
Epoch 2200, Loss Total: 55.66108322143555, Loss Train: 0.00044466706458479166, Loss Test: 25.397689819335938
Epoch 2300, Loss Total: 55.67012405395508, Loss Train: 0.0002392334572505206, Loss Test: 25.397605895996094
Epoch 2400, Loss Total: 55.676456451416016, Loss Train: 0.00013967951235827059, Loss Test: 25.397579193115234
Epoch 2500, Loss Total: 55.68082809448242, Loss Train: 9.297892393078655e-05, Loss Test: 25.39759063720703
Epoch 2600, Loss Total: 55.68380355834961, Loss Train: 7.166307477746159e-05, Loss Test: 25.397613525390625
Epoch 2700, Loss Total: 55.6858024597168, Loss Train: 6.212572770891711e-05, Loss Test: 25.39764976501465
Epoch 2800, Loss Total: 55.6871337890625, Loss Train: 5.807498746435158e-05, Loss Test: 25.397686004638672
Epoch 2900, Loss Total: 55.68801498413086, Loss Train: 5.6227825552923605e-05, Loss Test: 25.39771842956543
Epoch 3000, Loss Total: 55.688575744628906, Loss Train: 5.542181679629721e-05, Loss Test: 25.39774513244629
Epoch 3100, Loss Total: 55.68893814086914, Loss Train: 5.5111308029154316e-05, Loss Test: 25.397768020629883
Epoch 3200, Loss Total: 55.68916702270508, Loss Train: 5.493772914633155e-05, Loss Test: 25.397783279418945
Epoch 3300, Loss Total: 55.6893196105957, Loss Train: 5.480380423250608e-05, Loss Test: 25.397798538208008
Epoch 3400, Loss Total: 55.68941879272461, Loss Train: 5.479672472574748e-05, Loss Test: 25.397808074951172
Epoch 3500, Loss Total: 55.689456939697266, Loss Train: 5.476038859342225e-05, Loss Test: 25.397811889648438
Epoch 3600, Loss Total: 55.68946838378906, Loss Train: 5.4757154430262744e-05, Loss Test: 25.39781379699707
Epoch 3700, Loss Total: 55.68947982788086, Loss Train: 5.4757154430262744e-05, Loss Test: 25.397815704345703
Epoch 3800, Loss Total: 55.68947982788086, Loss Train: 5.475715079228394e-05, Loss Test: 25.397815704345703
Epoch 3900, Loss Total: 55.68947982788086, Loss Train: 5.475715079228394e-05, Loss Test: 25.397815704345703
Epoch 4000, Loss Total: 55.68947982788086, Loss Train: 5.475715079228394e-05, Loss Test: 25.397815704345703
Epoch 4100, Loss Total: 55.68947982788086, Loss Train: 5.475715079228394e-05, Loss Test: 25.397815704345703
Epoch 4200, Loss Total: 55.68947982788086, Loss Train: 5.475715079228394e-05, Loss Test: 25.397815704345703
Epoch 4300, Loss Total: 55.68947982788086, Loss Train: 5.475715079228394e-05, Loss Test: 25.397815704345703
Epoch 4400, Loss Total: 55.68947982788086, Loss Train: 5.475715079228394e-05, Loss Test: 25.397815704345703
Epoch 4500, Loss Total: 55.68947982788086, Loss Train: 5.475715079228394e-05, Loss Test: 25.397815704345703
Epoch 4600, Loss Total: 55.68947982788086, Loss Train: 5.475715079228394e-05, Loss Test: 25.397815704345703
Epoch 4700, Loss Total: 55.68947982788086, Loss Train: 5.475715079228394e-05, Loss Test: 25.397815704345703
Epoch 4800, Loss Total: 55.68947982788086, Loss Train: 5.475715079228394e-05, Loss Test: 25.397815704345703
Epoch 4900, Loss Total: 55.68947982788086, Loss Train: 5.475715079228394e-05, Loss Test: 25.397815704345703
Epoch 5000, Loss Total: 55.68947982788086, Loss Train: 5.475715079228394e-05, Loss Test: 25.397815704345703
Epoch 5100, Loss Total: 55.68947982788086, Loss Train: 5.475715079228394e-05, Loss Test: 25.397815704345703
Epoch 5200, Loss Total: 55.68947982788086, Loss Train: 5.475715079228394e-05, Loss Test: 25.397815704345703
Epoch 5300, Loss Total: 55.68947982788086, Loss Train: 5.475715079228394e-05, Loss Test: 25.397815704345703
Epoch 5400, Loss Total: 55.68947982788086, Loss Train: 5.475715079228394e-05, Loss Test: 25.397815704345703
Epoch 5500, Loss Total: 55.68947982788086, Loss Train: 5.475715079228394e-05, Loss Test: 25.397815704345703
Epoch 5600, Loss Total: 55.68947982788086, Loss Train: 5.475715079228394e-05, Loss Test: 25.397815704345703
Epoch 5700, Loss Total: 55.68947982788086, Loss Train: 5.475715079228394e-05, Loss Test: 25.397815704345703
Epoch 5800, Loss Total: 55.68947982788086, Loss Train: 5.475715079228394e-05, Loss Test: 25.397815704345703
Epoch 5900, Loss Total: 55.68947982788086, Loss Train: 5.475715079228394e-05, Loss Test: 25.397815704345703
Epoch 6000, Loss Total: 55.68947982788086, Loss Train: 5.475715079228394e-05, Loss Test: 25.397815704345703
Epoch 6100, Loss Total: 55.68947982788086, Loss Train: 5.475715079228394e-05, Loss Test: 25.397815704345703
Epoch 6200, Loss Total: 55.68947982788086, Loss Train: 5.475715079228394e-05, Loss Test: 25.397815704345703
Epoch 6300, Loss Total: 55.68947982788086, Loss Train: 5.475715079228394e-05, Loss Test: 25.397815704345703
Epoch 6400, Loss Total: 55.68947982788086, Loss Train: 5.475715079228394e-05, Loss Test: 25.397815704345703
Epoch 6500, Loss Total: 55.68947982788086, Loss Train: 5.475715079228394e-05, Loss Test: 25.397815704345703
Epoch 6600, Loss Total: 55.68947982788086, Loss Train: 5.475715079228394e-05, Loss Test: 25.397815704345703
Epoch 6700, Loss Total: 55.68947982788086, Loss Train: 5.475715079228394e-05, Loss Test: 25.397815704345703
Epoch 6800, Loss Total: 55.68947982788086, Loss Train: 5.475715079228394e-05, Loss Test: 25.397815704345703
Epoch 6900, Loss Total: 55.68947982788086, Loss Train: 5.475715079228394e-05, Loss Test: 25.397815704345703
Epoch 7000, Loss Total: 55.68947982788086, Loss Train: 5.475715079228394e-05, Loss Test: 25.397815704345703
Epoch 7100, Loss Total: 55.68947982788086, Loss Train: 5.475715079228394e-05, Loss Test: 25.397815704345703
Epoch 7200, Loss Total: 55.68947982788086, Loss Train: 5.475715079228394e-05, Loss Test: 25.397815704345703
Epoch 7300, Loss Total: 55.68947982788086, Loss Train: 5.475715079228394e-05, Loss Test: 25.397815704345703
Epoch 7400, Loss Total: 55.68947982788086, Loss Train: 5.475715079228394e-05, Loss Test: 25.397815704345703
Epoch 7500, Loss Total: 55.68947982788086, Loss Train: 5.475715079228394e-05, Loss Test: 25.397815704345703
Epoch 7600, Loss Total: 55.68947982788086, Loss Train: 5.475715079228394e-05, Loss Test: 25.397815704345703
Epoch 7700, Loss Total: 55.68947982788086, Loss Train: 5.475715079228394e-05, Loss Test: 25.397815704345703
Epoch 7800, Loss Total: 55.68947982788086, Loss Train: 5.475715079228394e-05, Loss Test: 25.397815704345703
Epoch 7900, Loss Total: 55.68947982788086, Loss Train: 5.475715079228394e-05, Loss Test: 25.397815704345703
Epoch 8000, Loss Total: 55.68947982788086, Loss Train: 5.475715079228394e-05, Loss Test: 25.397815704345703
Epoch 8100, Loss Total: 55.68947982788086, Loss Train: 5.475715079228394e-05, Loss Test: 25.397815704345703
Epoch 8200, Loss Total: 55.68947982788086, Loss Train: 5.475715079228394e-05, Loss Test: 25.397815704345703
Epoch 8300, Loss Total: 55.68947982788086, Loss Train: 5.475715079228394e-05, Loss Test: 25.397815704345703
Epoch 8400, Loss Total: 55.68947982788086, Loss Train: 5.475715079228394e-05, Loss Test: 25.397815704345703
Epoch 8500, Loss Total: 55.68947982788086, Loss Train: 5.475715079228394e-05, Loss Test: 25.397815704345703
Epoch 8600, Loss Total: 55.68947982788086, Loss Train: 5.475715079228394e-05, Loss Test: 25.397815704345703
Epoch 8700, Loss Total: 55.68947982788086, Loss Train: 5.475715079228394e-05, Loss Test: 25.397815704345703
Epoch 8800, Loss Total: 55.68947982788086, Loss Train: 5.475715079228394e-05, Loss Test: 25.397815704345703
Epoch 8900, Loss Total: 55.68947982788086, Loss Train: 5.475715079228394e-05, Loss Test: 25.397815704345703
Epoch 9000, Loss Total: 55.68947982788086, Loss Train: 5.475715079228394e-05, Loss Test: 25.397815704345703
Epoch 9100, Loss Total: 55.68947982788086, Loss Train: 5.475715079228394e-05, Loss Test: 25.397815704345703
Epoch 9200, Loss Total: 55.68947982788086, Loss Train: 5.475715079228394e-05, Loss Test: 25.397815704345703
Epoch 9300, Loss Total: 55.68947982788086, Loss Train: 5.475715079228394e-05, Loss Test: 25.397815704345703
Epoch 9400, Loss Total: 55.68947982788086, Loss Train: 5.475715079228394e-05, Loss Test: 25.397815704345703
Epoch 9500, Loss Total: 55.68947982788086, Loss Train: 5.475715079228394e-05, Loss Test: 25.397815704345703
Epoch 9600, Loss Total: 55.68947982788086, Loss Train: 5.475715079228394e-05, Loss Test: 25.397815704345703
Epoch 9700, Loss Total: 55.68947982788086, Loss Train: 5.475715079228394e-05, Loss Test: 25.397815704345703
Epoch 9800, Loss Total: 55.68947982788086, Loss Train: 5.475715079228394e-05, Loss Test: 25.397815704345703
Epoch 9900, Loss Total: 55.68947982788086, Loss Train: 5.475715079228394e-05, Loss Test: 25.397815704345703
Epoch 10000, Loss Total: 55.68947982788086, Loss Train: 5.475715079228394e-05, Loss Test: 25.397815704345703
Epoch 10100, Loss Total: 55.68947982788086, Loss Train: 5.475715079228394e-05, Loss Test: 25.397815704345703
Epoch 10200, Loss Total: 55.68947982788086, Loss Train: 5.475715079228394e-05, Loss Test: 25.397815704345703
Epoch 10300, Loss Total: 55.68947982788086, Loss Train: 5.475715079228394e-05, Loss Test: 25.397815704345703
Epoch 10400, Loss Total: 55.68947982788086, Loss Train: 5.475715079228394e-05, Loss Test: 25.397815704345703
Epoch 10500, Loss Total: 55.68947982788086, Loss Train: 5.475715079228394e-05, Loss Test: 25.397815704345703
Epoch 10600, Loss Total: 55.68947982788086, Loss Train: 5.475715079228394e-05, Loss Test: 25.397815704345703
Epoch 10700, Loss Total: 55.68947982788086, Loss Train: 5.475715079228394e-05, Loss Test: 25.397815704345703
Epoch 10800, Loss Total: 55.68947982788086, Loss Train: 5.475715079228394e-05, Loss Test: 25.397815704345703
Epoch 10900, Loss Total: 55.68947982788086, Loss Train: 5.475715079228394e-05, Loss Test: 25.397815704345703
Epoch 11000, Loss Total: 55.68947982788086, Loss Train: 5.475715079228394e-05, Loss Test: 25.397815704345703
Epoch 11100, Loss Total: 55.68947982788086, Loss Train: 5.475715079228394e-05, Loss Test: 25.397815704345703
Epoch 11200, Loss Total: 55.68947982788086, Loss Train: 5.475715079228394e-05, Loss Test: 25.397815704345703
Epoch 11300, Loss Total: 55.68947982788086, Loss Train: 5.475715079228394e-05, Loss Test: 25.397815704345703
Epoch 11400, Loss Total: 55.68947982788086, Loss Train: 5.475715079228394e-05, Loss Test: 25.397815704345703
Epoch 11500, Loss Total: 55.68947982788086, Loss Train: 5.475715079228394e-05, Loss Test: 25.397815704345703
Epoch 11600, Loss Total: 55.68947982788086, Loss Train: 5.475715079228394e-05, Loss Test: 25.397815704345703
Epoch 11700, Loss Total: 55.68947982788086, Loss Train: 5.475715079228394e-05, Loss Test: 25.397815704345703
Epoch 11800, Loss Total: 55.68947982788086, Loss Train: 5.475715079228394e-05, Loss Test: 25.397815704345703
Epoch 11900, Loss Total: 55.68947982788086, Loss Train: 5.475715079228394e-05, Loss Test: 25.397815704345703
Epoch 12000, Loss Total: 55.68947982788086, Loss Train: 5.475715079228394e-05, Loss Test: 25.397815704345703
Epoch 12100, Loss Total: 55.68947982788086, Loss Train: 5.475715079228394e-05, Loss Test: 25.397815704345703
Epoch 12200, Loss Total: 55.68947982788086, Loss Train: 5.475715079228394e-05, Loss Test: 25.397815704345703
Epoch 12300, Loss Total: 55.68947982788086, Loss Train: 5.475715079228394e-05, Loss Test: 25.397815704345703
Epoch 12400, Loss Total: 55.68947982788086, Loss Train: 5.475715079228394e-05, Loss Test: 25.397815704345703
Epoch 12500, Loss Total: 55.68947982788086, Loss Train: 5.475715079228394e-05, Loss Test: 25.397815704345703
Epoch 12600, Loss Total: 55.68947982788086, Loss Train: 5.475715079228394e-05, Loss Test: 25.397815704345703
Epoch 12700, Loss Total: 55.68947982788086, Loss Train: 5.475715079228394e-05, Loss Test: 25.397815704345703
Epoch 12800, Loss Total: 55.68947982788086, Loss Train: 5.475715079228394e-05, Loss Test: 25.397815704345703
Epoch 12900, Loss Total: 55.68947982788086, Loss Train: 5.475715079228394e-05, Loss Test: 25.397815704345703
Epoch 13000, Loss Total: 55.68947982788086, Loss Train: 5.475715079228394e-05, Loss Test: 25.397815704345703
Epoch 13100, Loss Total: 55.68947982788086, Loss Train: 5.475715079228394e-05, Loss Test: 25.397815704345703
Epoch 13200, Loss Total: 55.68947982788086, Loss Train: 5.475715079228394e-05, Loss Test: 25.397815704345703
Epoch 13300, Loss Total: 55.68947982788086, Loss Train: 5.475715079228394e-05, Loss Test: 25.397815704345703
Epoch 13400, Loss Total: 55.68947982788086, Loss Train: 5.475715079228394e-05, Loss Test: 25.397815704345703
Epoch 13500, Loss Total: 55.68947982788086, Loss Train: 5.475715079228394e-05, Loss Test: 25.397815704345703
Epoch 13600, Loss Total: 55.68947982788086, Loss Train: 5.475715079228394e-05, Loss Test: 25.397815704345703
Epoch 13700, Loss Total: 55.68947982788086, Loss Train: 5.475715079228394e-05, Loss Test: 25.397815704345703
Epoch 13800, Loss Total: 55.68947982788086, Loss Train: 5.475715079228394e-05, Loss Test: 25.397815704345703
Epoch 13900, Loss Total: 55.68947982788086, Loss Train: 5.475715079228394e-05, Loss Test: 25.397815704345703
Epoch 14000, Loss Total: 55.68947982788086, Loss Train: 5.475715079228394e-05, Loss Test: 25.397815704345703
Epoch 14100, Loss Total: 55.68947982788086, Loss Train: 5.475715079228394e-05, Loss Test: 25.397815704345703
Epoch 14200, Loss Total: 55.68947982788086, Loss Train: 5.475715079228394e-05, Loss Test: 25.397815704345703
Epoch 14300, Loss Total: 55.68947982788086, Loss Train: 5.475715079228394e-05, Loss Test: 25.397815704345703
Epoch 14400, Loss Total: 55.68947982788086, Loss Train: 5.475715079228394e-05, Loss Test: 25.397815704345703
Epoch 14500, Loss Total: 55.68947982788086, Loss Train: 5.475715079228394e-05, Loss Test: 25.397815704345703
Epoch 14600, Loss Total: 55.68947982788086, Loss Train: 5.475715079228394e-05, Loss Test: 25.397815704345703
Epoch 14700, Loss Total: 55.68947982788086, Loss Train: 5.475715079228394e-05, Loss Test: 25.397815704345703
Epoch 14800, Loss Total: 55.68947982788086, Loss Train: 5.475715079228394e-05, Loss Test: 25.397815704345703
Epoch 14900, Loss Total: 55.68947982788086, Loss Train: 5.475715079228394e-05, Loss Test: 25.397815704345703
Epoch 15000, Loss Total: 55.68947982788086, Loss Train: 5.475715079228394e-05, Loss Test: 25.397815704345703
Epoch 15100, Loss Total: 55.68947982788086, Loss Train: 5.475715079228394e-05, Loss Test: 25.397815704345703
Epoch 15200, Loss Total: 55.68947982788086, Loss Train: 5.475715079228394e-05, Loss Test: 25.397815704345703
Epoch 15300, Loss Total: 55.68947982788086, Loss Train: 5.475715079228394e-05, Loss Test: 25.397815704345703
Epoch 15400, Loss Total: 55.68947982788086, Loss Train: 5.475715079228394e-05, Loss Test: 25.397815704345703
Epoch 15500, Loss Total: 55.68947982788086, Loss Train: 5.475715079228394e-05, Loss Test: 25.397815704345703
Epoch 15600, Loss Total: 55.68947982788086, Loss Train: 5.475715079228394e-05, Loss Test: 25.397815704345703
Epoch 15700, Loss Total: 55.68947982788086, Loss Train: 5.475715079228394e-05, Loss Test: 25.397815704345703
Epoch 15800, Loss Total: 55.68947982788086, Loss Train: 5.475715079228394e-05, Loss Test: 25.397815704345703
Epoch 15900, Loss Total: 55.68947982788086, Loss Train: 5.475715079228394e-05, Loss Test: 25.397815704345703
Epoch 16000, Loss Total: 55.68947982788086, Loss Train: 5.475715079228394e-05, Loss Test: 25.397815704345703
Epoch 16100, Loss Total: 55.68947982788086, Loss Train: 5.475715079228394e-05, Loss Test: 25.397815704345703
Epoch 16200, Loss Total: 55.68947982788086, Loss Train: 5.475715079228394e-05, Loss Test: 25.397815704345703
Epoch 16300, Loss Total: 55.68947982788086, Loss Train: 5.475715079228394e-05, Loss Test: 25.397815704345703
Epoch 16400, Loss Total: 55.68947982788086, Loss Train: 5.475715079228394e-05, Loss Test: 25.397815704345703
Epoch 16500, Loss Total: 55.68947982788086, Loss Train: 5.475715079228394e-05, Loss Test: 25.397815704345703
Epoch 16600, Loss Total: 55.68947982788086, Loss Train: 5.475715079228394e-05, Loss Test: 25.397815704345703
Epoch 16700, Loss Total: 55.68947982788086, Loss Train: 5.475715079228394e-05, Loss Test: 25.397815704345703
Epoch 16800, Loss Total: 55.68947982788086, Loss Train: 5.475715079228394e-05, Loss Test: 25.397815704345703
Epoch 16900, Loss Total: 55.68947982788086, Loss Train: 5.475715079228394e-05, Loss Test: 25.397815704345703
Epoch 17000, Loss Total: 55.68947982788086, Loss Train: 5.475715079228394e-05, Loss Test: 25.397815704345703
Epoch 17100, Loss Total: 55.68947982788086, Loss Train: 5.475715079228394e-05, Loss Test: 25.397815704345703
Epoch 17200, Loss Total: 55.68947982788086, Loss Train: 5.475715079228394e-05, Loss Test: 25.397815704345703
Epoch 17300, Loss Total: 55.68947982788086, Loss Train: 5.475715079228394e-05, Loss Test: 25.397815704345703
Epoch 17400, Loss Total: 55.68947982788086, Loss Train: 5.475715079228394e-05, Loss Test: 25.397815704345703
Epoch 17500, Loss Total: 55.68947982788086, Loss Train: 5.475715079228394e-05, Loss Test: 25.397815704345703
Epoch 17600, Loss Total: 55.68947982788086, Loss Train: 5.475715079228394e-05, Loss Test: 25.397815704345703
Epoch 17700, Loss Total: 55.68947982788086, Loss Train: 5.475715079228394e-05, Loss Test: 25.397815704345703
Epoch 17800, Loss Total: 55.68947982788086, Loss Train: 5.475715079228394e-05, Loss Test: 25.397815704345703
Epoch 17900, Loss Total: 55.68947982788086, Loss Train: 5.475715079228394e-05, Loss Test: 25.397815704345703
Epoch 18000, Loss Total: 55.68947982788086, Loss Train: 5.475715079228394e-05, Loss Test: 25.397815704345703
Epoch 18100, Loss Total: 55.68947982788086, Loss Train: 5.475715079228394e-05, Loss Test: 25.397815704345703
Epoch 18200, Loss Total: 55.68947982788086, Loss Train: 5.475715079228394e-05, Loss Test: 25.397815704345703
Epoch 18300, Loss Total: 55.68947982788086, Loss Train: 5.475715079228394e-05, Loss Test: 25.397815704345703
Epoch 18400, Loss Total: 55.68947982788086, Loss Train: 5.475715079228394e-05, Loss Test: 25.397815704345703
Epoch 18500, Loss Total: 55.68947982788086, Loss Train: 5.475715079228394e-05, Loss Test: 25.397815704345703
Epoch 18600, Loss Total: 55.68947982788086, Loss Train: 5.475715079228394e-05, Loss Test: 25.397815704345703
Epoch 18700, Loss Total: 55.68947982788086, Loss Train: 5.475715079228394e-05, Loss Test: 25.397815704345703
Epoch 18800, Loss Total: 55.68947982788086, Loss Train: 5.475715079228394e-05, Loss Test: 25.397815704345703
Epoch 18900, Loss Total: 55.68947982788086, Loss Train: 5.475715079228394e-05, Loss Test: 25.397815704345703
Epoch 19000, Loss Total: 55.68947982788086, Loss Train: 5.475715079228394e-05, Loss Test: 25.397815704345703
Epoch 19100, Loss Total: 55.68947982788086, Loss Train: 5.475715079228394e-05, Loss Test: 25.397815704345703
Epoch 19200, Loss Total: 55.68947982788086, Loss Train: 5.475715079228394e-05, Loss Test: 25.397815704345703
Epoch 19300, Loss Total: 55.68947982788086, Loss Train: 5.475715079228394e-05, Loss Test: 25.397815704345703
Epoch 19400, Loss Total: 55.68947982788086, Loss Train: 5.475715079228394e-05, Loss Test: 25.397815704345703
Epoch 19500, Loss Total: 55.68947982788086, Loss Train: 5.475715079228394e-05, Loss Test: 25.397815704345703
Epoch 19600, Loss Total: 55.68947982788086, Loss Train: 5.475715079228394e-05, Loss Test: 25.397815704345703
Epoch 19700, Loss Total: 55.68947982788086, Loss Train: 5.475715079228394e-05, Loss Test: 25.397815704345703
Epoch 19800, Loss Total: 55.68947982788086, Loss Train: 5.475715079228394e-05, Loss Test: 25.397815704345703
Epoch 19900, Loss Total: 55.68947982788086, Loss Train: 5.475715079228394e-05, Loss Test: 25.397815704345703
Added results for seed=68 and percentage=0.4
Finished task 618
