Running task 522 with seed=58 and percentage=0.10
Epoch 0, Loss Total: 84.19856262207031, Loss Train: 140.78758239746094, Loss Test: 130.46542358398438
Epoch 100, Loss Total: 55.726566314697266, Loss Train: 47.79483413696289, Loss Test: 87.04985046386719
Epoch 200, Loss Total: 44.73775863647461, Loss Train: 23.876049041748047, Loss Test: 55.627201080322266
Epoch 300, Loss Total: 45.491519927978516, Loss Train: 14.132037162780762, Loss Test: 43.75699996948242
Epoch 400, Loss Total: 48.8072509765625, Loss Train: 9.119734764099121, Loss Test: 39.51142120361328
Epoch 500, Loss Total: 52.19821548461914, Loss Train: 6.174463748931885, Loss Test: 38.162925720214844
Epoch 600, Loss Total: 55.01790237426758, Loss Train: 4.275974273681641, Loss Test: 37.847145080566406
Epoch 700, Loss Total: 57.19193649291992, Loss Train: 2.979663610458374, Loss Test: 37.8508186340332
Epoch 800, Loss Total: 58.83136749267578, Loss Train: 2.0677125453948975, Loss Test: 37.935699462890625
Epoch 900, Loss Total: 60.07056427001953, Loss Train: 1.4191763401031494, Loss Test: 38.03511047363281
Epoch 1000, Loss Total: 61.01617431640625, Loss Train: 0.9588882327079773, Loss Test: 38.1328239440918
Epoch 1100, Loss Total: 61.74382400512695, Loss Train: 0.6357048153877258, Loss Test: 38.22431564331055
Epoch 1200, Loss Total: 62.306793212890625, Loss Train: 0.4125523865222931, Loss Test: 38.30741500854492
Epoch 1300, Loss Total: 62.743648529052734, Loss Train: 0.2616361677646637, Loss Test: 38.38084411621094
Epoch 1400, Loss Total: 63.08305358886719, Loss Train: 0.16193346679210663, Loss Test: 38.44413757324219
Epoch 1500, Loss Total: 63.34671401977539, Loss Train: 0.09770622104406357, Loss Test: 38.49750518798828
Epoch 1600, Loss Total: 63.55122375488281, Loss Train: 0.057414621114730835, Loss Test: 38.54167175292969
Epoch 1700, Loss Total: 63.709373474121094, Loss Train: 0.032825399190187454, Loss Test: 38.577613830566406
Epoch 1800, Loss Total: 63.831172943115234, Loss Train: 0.0182426068931818, Loss Test: 38.6064567565918
Epoch 1900, Loss Total: 63.924461364746094, Loss Train: 0.009847310371696949, Loss Test: 38.629337310791016
Epoch 2000, Loss Total: 63.99550247192383, Loss Train: 0.005161390174180269, Loss Test: 38.647300720214844
Epoch 2100, Loss Total: 64.04924011230469, Loss Train: 0.002628312213346362, Loss Test: 38.66130065917969
Epoch 2200, Loss Total: 64.08965301513672, Loss Train: 0.0013049263507127762, Loss Test: 38.67216110229492
Epoch 2300, Loss Total: 64.11986541748047, Loss Train: 0.0006367915775626898, Loss Test: 38.6805534362793
Epoch 2400, Loss Total: 64.14234924316406, Loss Train: 0.0003115274594165385, Loss Test: 38.687042236328125
Epoch 2500, Loss Total: 64.15904998779297, Loss Train: 0.0001587981969350949, Loss Test: 38.69206237792969
Epoch 2600, Loss Total: 64.1714096069336, Loss Train: 8.966586028691381e-05, Loss Test: 38.695960998535156
Epoch 2700, Loss Total: 64.1805648803711, Loss Train: 5.935706940363161e-05, Loss Test: 38.69900131225586
Epoch 2800, Loss Total: 64.1873550415039, Loss Train: 4.666459790314548e-05, Loss Test: 38.701377868652344
Epoch 2900, Loss Total: 64.19241333007812, Loss Train: 4.102653474546969e-05, Loss Test: 38.703250885009766
Epoch 3000, Loss Total: 64.19618225097656, Loss Train: 3.874004687531851e-05, Loss Test: 38.70473098754883
Epoch 3100, Loss Total: 64.19901275634766, Loss Train: 3.802097853622399e-05, Loss Test: 38.70589828491211
Epoch 3200, Loss Total: 64.20114135742188, Loss Train: 3.7365593016147614e-05, Loss Test: 38.70683288574219
Epoch 3300, Loss Total: 64.2027587890625, Loss Train: 3.7303459976101294e-05, Loss Test: 38.70757293701172
Epoch 3400, Loss Total: 64.20399475097656, Loss Train: 3.70196758012753e-05, Loss Test: 38.708168029785156
Epoch 3500, Loss Total: 64.20494842529297, Loss Train: 3.707100040628575e-05, Loss Test: 38.708641052246094
Epoch 3600, Loss Total: 64.20532989501953, Loss Train: 3.704308983287774e-05, Loss Test: 38.70884323120117
Epoch 3700, Loss Total: 64.20549011230469, Loss Train: 3.704303162521683e-05, Loss Test: 38.70893478393555
Epoch 3800, Loss Total: 64.20556640625, Loss Train: 3.704304253915325e-05, Loss Test: 38.70897674560547
Epoch 3900, Loss Total: 64.2055892944336, Loss Train: 3.704303890117444e-05, Loss Test: 38.70899963378906
Epoch 4000, Loss Total: 64.20561218261719, Loss Train: 3.704303890117444e-05, Loss Test: 38.709007263183594
Epoch 4100, Loss Total: 64.20561981201172, Loss Train: 3.704303890117444e-05, Loss Test: 38.70901870727539
Epoch 4200, Loss Total: 64.20561981201172, Loss Train: 3.704303890117444e-05, Loss Test: 38.70901870727539
Epoch 4300, Loss Total: 64.20561981201172, Loss Train: 3.704303890117444e-05, Loss Test: 38.70901870727539
Epoch 4400, Loss Total: 64.20561981201172, Loss Train: 3.704303890117444e-05, Loss Test: 38.70901870727539
Epoch 4500, Loss Total: 64.20561981201172, Loss Train: 3.704303890117444e-05, Loss Test: 38.70901870727539
Epoch 4600, Loss Total: 64.20561981201172, Loss Train: 3.704303890117444e-05, Loss Test: 38.70901870727539
Epoch 4700, Loss Total: 64.20561981201172, Loss Train: 3.704303890117444e-05, Loss Test: 38.70901870727539
Epoch 4800, Loss Total: 64.20561981201172, Loss Train: 3.704303890117444e-05, Loss Test: 38.70901870727539
Epoch 4900, Loss Total: 64.20561981201172, Loss Train: 3.704303890117444e-05, Loss Test: 38.70901870727539
Epoch 5000, Loss Total: 64.20561981201172, Loss Train: 3.704303890117444e-05, Loss Test: 38.70901870727539
Epoch 5100, Loss Total: 64.20561981201172, Loss Train: 3.704303890117444e-05, Loss Test: 38.70901870727539
Epoch 5200, Loss Total: 64.20561981201172, Loss Train: 3.704303890117444e-05, Loss Test: 38.70901870727539
Epoch 5300, Loss Total: 64.20561981201172, Loss Train: 3.704303890117444e-05, Loss Test: 38.70901870727539
Epoch 5400, Loss Total: 64.20561981201172, Loss Train: 3.704303890117444e-05, Loss Test: 38.70901870727539
Epoch 5500, Loss Total: 64.20561981201172, Loss Train: 3.704303890117444e-05, Loss Test: 38.70901870727539
Epoch 5600, Loss Total: 64.20561981201172, Loss Train: 3.704303890117444e-05, Loss Test: 38.70901870727539
Epoch 5700, Loss Total: 64.20561981201172, Loss Train: 3.704303890117444e-05, Loss Test: 38.70901870727539
Epoch 5800, Loss Total: 64.20561981201172, Loss Train: 3.704303890117444e-05, Loss Test: 38.70901870727539
Epoch 5900, Loss Total: 64.20561981201172, Loss Train: 3.704303890117444e-05, Loss Test: 38.70901870727539
Epoch 6000, Loss Total: 64.20561981201172, Loss Train: 3.704303890117444e-05, Loss Test: 38.70901870727539
Epoch 6100, Loss Total: 64.20561981201172, Loss Train: 3.704303890117444e-05, Loss Test: 38.70901870727539
Epoch 6200, Loss Total: 64.20561981201172, Loss Train: 3.704303890117444e-05, Loss Test: 38.70901870727539
Epoch 6300, Loss Total: 64.20561981201172, Loss Train: 3.704303890117444e-05, Loss Test: 38.70901870727539
Epoch 6400, Loss Total: 64.20561981201172, Loss Train: 3.704303890117444e-05, Loss Test: 38.70901870727539
Epoch 6500, Loss Total: 64.20561981201172, Loss Train: 3.704303890117444e-05, Loss Test: 38.70901870727539
Epoch 6600, Loss Total: 64.20561981201172, Loss Train: 3.704303890117444e-05, Loss Test: 38.70901870727539
Epoch 6700, Loss Total: 64.20561981201172, Loss Train: 3.704303890117444e-05, Loss Test: 38.70901870727539
Epoch 6800, Loss Total: 64.20561981201172, Loss Train: 3.704303890117444e-05, Loss Test: 38.70901870727539
Epoch 6900, Loss Total: 64.20561981201172, Loss Train: 3.704303890117444e-05, Loss Test: 38.70901870727539
Epoch 7000, Loss Total: 64.20561981201172, Loss Train: 3.704303890117444e-05, Loss Test: 38.70901870727539
Epoch 7100, Loss Total: 64.20561981201172, Loss Train: 3.704303890117444e-05, Loss Test: 38.70901870727539
Epoch 7200, Loss Total: 64.20561981201172, Loss Train: 3.704303890117444e-05, Loss Test: 38.70901870727539
Epoch 7300, Loss Total: 64.20561981201172, Loss Train: 3.704303890117444e-05, Loss Test: 38.70901870727539
Epoch 7400, Loss Total: 64.20561981201172, Loss Train: 3.704303890117444e-05, Loss Test: 38.70901870727539
Epoch 7500, Loss Total: 64.20561981201172, Loss Train: 3.704303890117444e-05, Loss Test: 38.70901870727539
Epoch 7600, Loss Total: 64.20561981201172, Loss Train: 3.704303890117444e-05, Loss Test: 38.70901870727539
Epoch 7700, Loss Total: 64.20561981201172, Loss Train: 3.704303890117444e-05, Loss Test: 38.70901870727539
Epoch 7800, Loss Total: 64.20561981201172, Loss Train: 3.704303890117444e-05, Loss Test: 38.70901870727539
Epoch 7900, Loss Total: 64.20561981201172, Loss Train: 3.704303890117444e-05, Loss Test: 38.70901870727539
Epoch 8000, Loss Total: 64.20561981201172, Loss Train: 3.704303890117444e-05, Loss Test: 38.70901870727539
Epoch 8100, Loss Total: 64.20561981201172, Loss Train: 3.704303890117444e-05, Loss Test: 38.70901870727539
Epoch 8200, Loss Total: 64.20561981201172, Loss Train: 3.704303890117444e-05, Loss Test: 38.70901870727539
Epoch 8300, Loss Total: 64.20561981201172, Loss Train: 3.704303890117444e-05, Loss Test: 38.70901870727539
Epoch 8400, Loss Total: 64.20561981201172, Loss Train: 3.704303890117444e-05, Loss Test: 38.70901870727539
Epoch 8500, Loss Total: 64.20561981201172, Loss Train: 3.704303890117444e-05, Loss Test: 38.70901870727539
Epoch 8600, Loss Total: 64.20561981201172, Loss Train: 3.704303890117444e-05, Loss Test: 38.70901870727539
Epoch 8700, Loss Total: 64.20561981201172, Loss Train: 3.704303890117444e-05, Loss Test: 38.70901870727539
Epoch 8800, Loss Total: 64.20561981201172, Loss Train: 3.704303890117444e-05, Loss Test: 38.70901870727539
Epoch 8900, Loss Total: 64.20561981201172, Loss Train: 3.704303890117444e-05, Loss Test: 38.70901870727539
Epoch 9000, Loss Total: 64.20561981201172, Loss Train: 3.704303890117444e-05, Loss Test: 38.70901870727539
Epoch 9100, Loss Total: 64.20561981201172, Loss Train: 3.704303890117444e-05, Loss Test: 38.70901870727539
Epoch 9200, Loss Total: 64.20561981201172, Loss Train: 3.704303890117444e-05, Loss Test: 38.70901870727539
Epoch 9300, Loss Total: 64.20561981201172, Loss Train: 3.704303890117444e-05, Loss Test: 38.70901870727539
Epoch 9400, Loss Total: 64.20561981201172, Loss Train: 3.704303890117444e-05, Loss Test: 38.70901870727539
Epoch 9500, Loss Total: 64.20561981201172, Loss Train: 3.704303890117444e-05, Loss Test: 38.70901870727539
Epoch 9600, Loss Total: 64.20561981201172, Loss Train: 3.704303890117444e-05, Loss Test: 38.70901870727539
Epoch 9700, Loss Total: 64.20561981201172, Loss Train: 3.704303890117444e-05, Loss Test: 38.70901870727539
Epoch 9800, Loss Total: 64.20561981201172, Loss Train: 3.704303890117444e-05, Loss Test: 38.70901870727539
Epoch 9900, Loss Total: 64.20561981201172, Loss Train: 3.704303890117444e-05, Loss Test: 38.70901870727539
Epoch 10000, Loss Total: 64.20561981201172, Loss Train: 3.704303890117444e-05, Loss Test: 38.70901870727539
Epoch 10100, Loss Total: 64.20561981201172, Loss Train: 3.704303890117444e-05, Loss Test: 38.70901870727539
Epoch 10200, Loss Total: 64.20561981201172, Loss Train: 3.704303890117444e-05, Loss Test: 38.70901870727539
Epoch 10300, Loss Total: 64.20561981201172, Loss Train: 3.704303890117444e-05, Loss Test: 38.70901870727539
Epoch 10400, Loss Total: 64.20561981201172, Loss Train: 3.704303890117444e-05, Loss Test: 38.70901870727539
Epoch 10500, Loss Total: 64.20561981201172, Loss Train: 3.704303890117444e-05, Loss Test: 38.70901870727539
Epoch 10600, Loss Total: 64.20561981201172, Loss Train: 3.704303890117444e-05, Loss Test: 38.70901870727539
Epoch 10700, Loss Total: 64.20561981201172, Loss Train: 3.704303890117444e-05, Loss Test: 38.70901870727539
Epoch 10800, Loss Total: 64.20561981201172, Loss Train: 3.704303890117444e-05, Loss Test: 38.70901870727539
Epoch 10900, Loss Total: 64.20561981201172, Loss Train: 3.704303890117444e-05, Loss Test: 38.70901870727539
Epoch 11000, Loss Total: 64.20561981201172, Loss Train: 3.704303890117444e-05, Loss Test: 38.70901870727539
Epoch 11100, Loss Total: 64.20561981201172, Loss Train: 3.704303890117444e-05, Loss Test: 38.70901870727539
Epoch 11200, Loss Total: 64.20561981201172, Loss Train: 3.704303890117444e-05, Loss Test: 38.70901870727539
Epoch 11300, Loss Total: 64.20561981201172, Loss Train: 3.704303890117444e-05, Loss Test: 38.70901870727539
Epoch 11400, Loss Total: 64.20561981201172, Loss Train: 3.704303890117444e-05, Loss Test: 38.70901870727539
Epoch 11500, Loss Total: 64.20561981201172, Loss Train: 3.704303890117444e-05, Loss Test: 38.70901870727539
Epoch 11600, Loss Total: 64.20561981201172, Loss Train: 3.704303890117444e-05, Loss Test: 38.70901870727539
Epoch 11700, Loss Total: 64.20561981201172, Loss Train: 3.704303890117444e-05, Loss Test: 38.70901870727539
Epoch 11800, Loss Total: 64.20561981201172, Loss Train: 3.704303890117444e-05, Loss Test: 38.70901870727539
Epoch 11900, Loss Total: 64.20561981201172, Loss Train: 3.704303890117444e-05, Loss Test: 38.70901870727539
Epoch 12000, Loss Total: 64.20561981201172, Loss Train: 3.704303890117444e-05, Loss Test: 38.70901870727539
Epoch 12100, Loss Total: 64.20561981201172, Loss Train: 3.704303890117444e-05, Loss Test: 38.70901870727539
Epoch 12200, Loss Total: 64.20561981201172, Loss Train: 3.704303890117444e-05, Loss Test: 38.70901870727539
Epoch 12300, Loss Total: 64.20561981201172, Loss Train: 3.704303890117444e-05, Loss Test: 38.70901870727539
Epoch 12400, Loss Total: 64.20561981201172, Loss Train: 3.704303890117444e-05, Loss Test: 38.70901870727539
Epoch 12500, Loss Total: 64.20561981201172, Loss Train: 3.704303890117444e-05, Loss Test: 38.70901870727539
Epoch 12600, Loss Total: 64.20561981201172, Loss Train: 3.704303890117444e-05, Loss Test: 38.70901870727539
Epoch 12700, Loss Total: 64.20561981201172, Loss Train: 3.704303890117444e-05, Loss Test: 38.70901870727539
Epoch 12800, Loss Total: 64.20561981201172, Loss Train: 3.704303890117444e-05, Loss Test: 38.70901870727539
Epoch 12900, Loss Total: 64.20561981201172, Loss Train: 3.704303890117444e-05, Loss Test: 38.70901870727539
Epoch 13000, Loss Total: 64.20561981201172, Loss Train: 3.704303890117444e-05, Loss Test: 38.70901870727539
Epoch 13100, Loss Total: 64.20561981201172, Loss Train: 3.704303890117444e-05, Loss Test: 38.70901870727539
Epoch 13200, Loss Total: 64.20561981201172, Loss Train: 3.704303890117444e-05, Loss Test: 38.70901870727539
Epoch 13300, Loss Total: 64.20561981201172, Loss Train: 3.704303890117444e-05, Loss Test: 38.70901870727539
Epoch 13400, Loss Total: 64.20561981201172, Loss Train: 3.704303890117444e-05, Loss Test: 38.70901870727539
Epoch 13500, Loss Total: 64.20561981201172, Loss Train: 3.704303890117444e-05, Loss Test: 38.70901870727539
Epoch 13600, Loss Total: 64.20561981201172, Loss Train: 3.704303890117444e-05, Loss Test: 38.70901870727539
Epoch 13700, Loss Total: 64.20561981201172, Loss Train: 3.704303890117444e-05, Loss Test: 38.70901870727539
Epoch 13800, Loss Total: 64.20561981201172, Loss Train: 3.704303890117444e-05, Loss Test: 38.70901870727539
Epoch 13900, Loss Total: 64.20561981201172, Loss Train: 3.704303890117444e-05, Loss Test: 38.70901870727539
Epoch 14000, Loss Total: 64.20561981201172, Loss Train: 3.704303890117444e-05, Loss Test: 38.70901870727539
Epoch 14100, Loss Total: 64.20561981201172, Loss Train: 3.704303890117444e-05, Loss Test: 38.70901870727539
Epoch 14200, Loss Total: 64.20561981201172, Loss Train: 3.704303890117444e-05, Loss Test: 38.70901870727539
Epoch 14300, Loss Total: 64.20561981201172, Loss Train: 3.704303890117444e-05, Loss Test: 38.70901870727539
Epoch 14400, Loss Total: 64.20561981201172, Loss Train: 3.704303890117444e-05, Loss Test: 38.70901870727539
Epoch 14500, Loss Total: 64.20561981201172, Loss Train: 3.704303890117444e-05, Loss Test: 38.70901870727539
Epoch 14600, Loss Total: 64.20561981201172, Loss Train: 3.704303890117444e-05, Loss Test: 38.70901870727539
Epoch 14700, Loss Total: 64.20561981201172, Loss Train: 3.704303890117444e-05, Loss Test: 38.70901870727539
Epoch 14800, Loss Total: 64.20561981201172, Loss Train: 3.704303890117444e-05, Loss Test: 38.70901870727539
Epoch 14900, Loss Total: 64.20561981201172, Loss Train: 3.704303890117444e-05, Loss Test: 38.70901870727539
Epoch 15000, Loss Total: 64.20561981201172, Loss Train: 3.704303890117444e-05, Loss Test: 38.70901870727539
Epoch 15100, Loss Total: 64.20561981201172, Loss Train: 3.704303890117444e-05, Loss Test: 38.70901870727539
Epoch 15200, Loss Total: 64.20561981201172, Loss Train: 3.704303890117444e-05, Loss Test: 38.70901870727539
Epoch 15300, Loss Total: 64.20561981201172, Loss Train: 3.704303890117444e-05, Loss Test: 38.70901870727539
Epoch 15400, Loss Total: 64.20561981201172, Loss Train: 3.704303890117444e-05, Loss Test: 38.70901870727539
Epoch 15500, Loss Total: 64.20561981201172, Loss Train: 3.704303890117444e-05, Loss Test: 38.70901870727539
Epoch 15600, Loss Total: 64.20561981201172, Loss Train: 3.704303890117444e-05, Loss Test: 38.70901870727539
Epoch 15700, Loss Total: 64.20561981201172, Loss Train: 3.704303890117444e-05, Loss Test: 38.70901870727539
Epoch 15800, Loss Total: 64.20561981201172, Loss Train: 3.704303890117444e-05, Loss Test: 38.70901870727539
Epoch 15900, Loss Total: 64.20561981201172, Loss Train: 3.704303890117444e-05, Loss Test: 38.70901870727539
Epoch 16000, Loss Total: 64.20561981201172, Loss Train: 3.704303890117444e-05, Loss Test: 38.70901870727539
Epoch 16100, Loss Total: 64.20561981201172, Loss Train: 3.704303890117444e-05, Loss Test: 38.70901870727539
Epoch 16200, Loss Total: 64.20561981201172, Loss Train: 3.704303890117444e-05, Loss Test: 38.70901870727539
Epoch 16300, Loss Total: 64.20561981201172, Loss Train: 3.704303890117444e-05, Loss Test: 38.70901870727539
Epoch 16400, Loss Total: 64.20561981201172, Loss Train: 3.704303890117444e-05, Loss Test: 38.70901870727539
Epoch 16500, Loss Total: 64.20561981201172, Loss Train: 3.704303890117444e-05, Loss Test: 38.70901870727539
Epoch 16600, Loss Total: 64.20561981201172, Loss Train: 3.704303890117444e-05, Loss Test: 38.70901870727539
Epoch 16700, Loss Total: 64.20561981201172, Loss Train: 3.704303890117444e-05, Loss Test: 38.70901870727539
Epoch 16800, Loss Total: 64.20561981201172, Loss Train: 3.704303890117444e-05, Loss Test: 38.70901870727539
Epoch 16900, Loss Total: 64.20561981201172, Loss Train: 3.704303890117444e-05, Loss Test: 38.70901870727539
Epoch 17000, Loss Total: 64.20561981201172, Loss Train: 3.704303890117444e-05, Loss Test: 38.70901870727539
Epoch 17100, Loss Total: 64.20561981201172, Loss Train: 3.704303890117444e-05, Loss Test: 38.70901870727539
Epoch 17200, Loss Total: 64.20561981201172, Loss Train: 3.704303890117444e-05, Loss Test: 38.70901870727539
Epoch 17300, Loss Total: 64.20561981201172, Loss Train: 3.704303890117444e-05, Loss Test: 38.70901870727539
Epoch 17400, Loss Total: 64.20561981201172, Loss Train: 3.704303890117444e-05, Loss Test: 38.70901870727539
Epoch 17500, Loss Total: 64.20561981201172, Loss Train: 3.704303890117444e-05, Loss Test: 38.70901870727539
Epoch 17600, Loss Total: 64.20561981201172, Loss Train: 3.704303890117444e-05, Loss Test: 38.70901870727539
Epoch 17700, Loss Total: 64.20561981201172, Loss Train: 3.704303890117444e-05, Loss Test: 38.70901870727539
Epoch 17800, Loss Total: 64.20561981201172, Loss Train: 3.704303890117444e-05, Loss Test: 38.70901870727539
Epoch 17900, Loss Total: 64.20561981201172, Loss Train: 3.704303890117444e-05, Loss Test: 38.70901870727539
Epoch 18000, Loss Total: 64.20561981201172, Loss Train: 3.704303890117444e-05, Loss Test: 38.70901870727539
Epoch 18100, Loss Total: 64.20561981201172, Loss Train: 3.704303890117444e-05, Loss Test: 38.70901870727539
Epoch 18200, Loss Total: 64.20561981201172, Loss Train: 3.704303890117444e-05, Loss Test: 38.70901870727539
Epoch 18300, Loss Total: 64.20561981201172, Loss Train: 3.704303890117444e-05, Loss Test: 38.70901870727539
Epoch 18400, Loss Total: 64.20561981201172, Loss Train: 3.704303890117444e-05, Loss Test: 38.70901870727539
Epoch 18500, Loss Total: 64.20561981201172, Loss Train: 3.704303890117444e-05, Loss Test: 38.70901870727539
Epoch 18600, Loss Total: 64.20561981201172, Loss Train: 3.704303890117444e-05, Loss Test: 38.70901870727539
Epoch 18700, Loss Total: 64.20561981201172, Loss Train: 3.704303890117444e-05, Loss Test: 38.70901870727539
Epoch 18800, Loss Total: 64.20561981201172, Loss Train: 3.704303890117444e-05, Loss Test: 38.70901870727539
Epoch 18900, Loss Total: 64.20561981201172, Loss Train: 3.704303890117444e-05, Loss Test: 38.70901870727539
Epoch 19000, Loss Total: 64.20561981201172, Loss Train: 3.704303890117444e-05, Loss Test: 38.70901870727539
Epoch 19100, Loss Total: 64.20561981201172, Loss Train: 3.704303890117444e-05, Loss Test: 38.70901870727539
Epoch 19200, Loss Total: 64.20561981201172, Loss Train: 3.704303890117444e-05, Loss Test: 38.70901870727539
Epoch 19300, Loss Total: 64.20561981201172, Loss Train: 3.704303890117444e-05, Loss Test: 38.70901870727539
Epoch 19400, Loss Total: 64.20561981201172, Loss Train: 3.704303890117444e-05, Loss Test: 38.70901870727539
Epoch 19500, Loss Total: 64.20561981201172, Loss Train: 3.704303890117444e-05, Loss Test: 38.70901870727539
Epoch 19600, Loss Total: 64.20561981201172, Loss Train: 3.704303890117444e-05, Loss Test: 38.70901870727539
Epoch 19700, Loss Total: 64.20561981201172, Loss Train: 3.704303890117444e-05, Loss Test: 38.70901870727539
Epoch 19800, Loss Total: 64.20561981201172, Loss Train: 3.704303890117444e-05, Loss Test: 38.70901870727539
Epoch 19900, Loss Total: 64.20561981201172, Loss Train: 3.704303890117444e-05, Loss Test: 38.70901870727539
Added results for seed=58 and percentage=0.1
Finished task 522
