Running task 479 with seed=53 and percentage=0.20
Epoch 0, Loss Total: 84.08463287353516, Loss Train: 134.63905334472656, Loss Test: 130.4763946533203
Epoch 100, Loss Total: 47.09196472167969, Loss Train: 41.751678466796875, Loss Test: 72.35346221923828
Epoch 200, Loss Total: 41.233009338378906, Loss Train: 17.943885803222656, Loss Test: 43.90180206298828
Epoch 300, Loss Total: 44.6474723815918, Loss Train: 8.796433448791504, Loss Test: 35.763145446777344
Epoch 400, Loss Total: 48.22129821777344, Loss Train: 4.640570640563965, Loss Test: 33.21476745605469
Epoch 500, Loss Total: 50.863224029541016, Loss Train: 2.578544855117798, Loss Test: 32.36091995239258
Epoch 600, Loss Total: 52.71042251586914, Loss Train: 1.4854905605316162, Loss Test: 32.06489944458008
Epoch 700, Loss Total: 54.00579071044922, Loss Train: 0.8764079809188843, Loss Test: 31.972829818725586
Epoch 800, Loss Total: 54.93105697631836, Loss Train: 0.5246824026107788, Loss Test: 31.963428497314453
Epoch 900, Loss Total: 55.60411834716797, Loss Train: 0.31638744473457336, Loss Test: 31.987869262695312
Epoch 1000, Loss Total: 56.10039138793945, Loss Train: 0.19084957242012024, Loss Test: 32.023704528808594
Epoch 1100, Loss Total: 56.469573974609375, Loss Train: 0.11439842730760574, Loss Test: 32.060298919677734
Epoch 1200, Loss Total: 56.745670318603516, Loss Train: 0.06771999597549438, Loss Test: 32.09299850463867
Epoch 1300, Loss Total: 56.95269012451172, Loss Train: 0.03937646374106407, Loss Test: 32.120235443115234
Epoch 1400, Loss Total: 57.10798645019531, Loss Train: 0.02239057794213295, Loss Test: 32.14195251464844
Epoch 1500, Loss Total: 57.22431182861328, Loss Train: 0.012408598326146603, Loss Test: 32.15876388549805
Epoch 1600, Loss Total: 57.311180114746094, Loss Train: 0.0066870758309960365, Loss Test: 32.1715202331543
Epoch 1700, Loss Total: 57.375770568847656, Loss Train: 0.0035017456393688917, Loss Test: 32.18106460571289
Epoch 1800, Loss Total: 57.42353439331055, Loss Train: 0.001785445143468678, Loss Test: 32.188133239746094
Epoch 1900, Loss Total: 57.45865249633789, Loss Train: 0.0008929045288823545, Loss Test: 32.1933479309082
Epoch 2000, Loss Total: 57.48428726196289, Loss Train: 0.0004456316528376192, Loss Test: 32.19719696044922
Epoch 2100, Loss Total: 57.502891540527344, Loss Train: 0.00022974697640165687, Loss Test: 32.200035095214844
Epoch 2200, Loss Total: 57.51628875732422, Loss Train: 0.0001293937093578279, Loss Test: 32.20214080810547
Epoch 2300, Loss Total: 57.52589416503906, Loss Train: 8.407358836848289e-05, Loss Test: 32.20370864868164
Epoch 2400, Loss Total: 57.53273391723633, Loss Train: 6.42045633867383e-05, Loss Test: 32.20488357543945
Epoch 2500, Loss Total: 57.5375862121582, Loss Train: 5.556082396651618e-05, Loss Test: 32.20576095581055
Epoch 2600, Loss Total: 57.541015625, Loss Train: 5.188531940802932e-05, Loss Test: 32.206417083740234
Epoch 2700, Loss Total: 57.543426513671875, Loss Train: 5.01778231409844e-05, Loss Test: 32.206905364990234
Epoch 2800, Loss Total: 57.54512405395508, Loss Train: 4.9475886044092476e-05, Loss Test: 32.20726776123047
Epoch 2900, Loss Total: 57.546321868896484, Loss Train: 4.90384190925397e-05, Loss Test: 32.20753479003906
Epoch 3000, Loss Total: 57.54716110229492, Loss Train: 4.885652379016392e-05, Loss Test: 32.20772933959961
Epoch 3100, Loss Total: 57.54753112792969, Loss Train: 4.880129199591465e-05, Loss Test: 32.207820892333984
Epoch 3200, Loss Total: 57.54777526855469, Loss Train: 4.8770292778499424e-05, Loss Test: 32.207881927490234
Epoch 3300, Loss Total: 57.54798889160156, Loss Train: 4.8739519115770236e-05, Loss Test: 32.20793533325195
Epoch 3400, Loss Total: 57.54816818237305, Loss Train: 4.872735735261813e-05, Loss Test: 32.20798110961914
Epoch 3500, Loss Total: 57.54825210571289, Loss Train: 4.872735371463932e-05, Loss Test: 32.208003997802734
Epoch 3600, Loss Total: 57.548282623291016, Loss Train: 4.872735371463932e-05, Loss Test: 32.20801544189453
Epoch 3700, Loss Total: 57.54829788208008, Loss Train: 4.872734643868171e-05, Loss Test: 32.20801544189453
Epoch 3800, Loss Total: 57.548301696777344, Loss Train: 4.872735735261813e-05, Loss Test: 32.2080192565918
Epoch 3900, Loss Total: 57.548301696777344, Loss Train: 4.872735735261813e-05, Loss Test: 32.2080192565918
Epoch 4000, Loss Total: 57.548301696777344, Loss Train: 4.872735735261813e-05, Loss Test: 32.2080192565918
Epoch 4100, Loss Total: 57.548301696777344, Loss Train: 4.872735735261813e-05, Loss Test: 32.2080192565918
Epoch 4200, Loss Total: 57.548301696777344, Loss Train: 4.872735735261813e-05, Loss Test: 32.2080192565918
Epoch 4300, Loss Total: 57.548301696777344, Loss Train: 4.872735735261813e-05, Loss Test: 32.2080192565918
Epoch 4400, Loss Total: 57.548301696777344, Loss Train: 4.872735735261813e-05, Loss Test: 32.2080192565918
Epoch 4500, Loss Total: 57.548301696777344, Loss Train: 4.872735735261813e-05, Loss Test: 32.2080192565918
Epoch 4600, Loss Total: 57.548301696777344, Loss Train: 4.872735735261813e-05, Loss Test: 32.2080192565918
Epoch 4700, Loss Total: 57.548301696777344, Loss Train: 4.872735735261813e-05, Loss Test: 32.2080192565918
Epoch 4800, Loss Total: 57.548301696777344, Loss Train: 4.872735735261813e-05, Loss Test: 32.2080192565918
Epoch 4900, Loss Total: 57.548301696777344, Loss Train: 4.872735735261813e-05, Loss Test: 32.2080192565918
Epoch 5000, Loss Total: 57.548301696777344, Loss Train: 4.872735735261813e-05, Loss Test: 32.2080192565918
Epoch 5100, Loss Total: 57.548301696777344, Loss Train: 4.872735735261813e-05, Loss Test: 32.2080192565918
Epoch 5200, Loss Total: 57.548301696777344, Loss Train: 4.872735735261813e-05, Loss Test: 32.2080192565918
Epoch 5300, Loss Total: 57.548301696777344, Loss Train: 4.872735735261813e-05, Loss Test: 32.2080192565918
Epoch 5400, Loss Total: 57.548301696777344, Loss Train: 4.872735735261813e-05, Loss Test: 32.2080192565918
Epoch 5500, Loss Total: 57.548301696777344, Loss Train: 4.872735735261813e-05, Loss Test: 32.2080192565918
Epoch 5600, Loss Total: 57.548301696777344, Loss Train: 4.872735735261813e-05, Loss Test: 32.2080192565918
Epoch 5700, Loss Total: 57.548301696777344, Loss Train: 4.872735735261813e-05, Loss Test: 32.2080192565918
Epoch 5800, Loss Total: 57.548301696777344, Loss Train: 4.872735735261813e-05, Loss Test: 32.2080192565918
Epoch 5900, Loss Total: 57.548301696777344, Loss Train: 4.872735735261813e-05, Loss Test: 32.2080192565918
Epoch 6000, Loss Total: 57.548301696777344, Loss Train: 4.872735735261813e-05, Loss Test: 32.2080192565918
Epoch 6100, Loss Total: 57.548301696777344, Loss Train: 4.872735735261813e-05, Loss Test: 32.2080192565918
Epoch 6200, Loss Total: 57.548301696777344, Loss Train: 4.872735735261813e-05, Loss Test: 32.2080192565918
Epoch 6300, Loss Total: 57.548301696777344, Loss Train: 4.872735735261813e-05, Loss Test: 32.2080192565918
Epoch 6400, Loss Total: 57.548301696777344, Loss Train: 4.872735735261813e-05, Loss Test: 32.2080192565918
Epoch 6500, Loss Total: 57.548301696777344, Loss Train: 4.872735735261813e-05, Loss Test: 32.2080192565918
Epoch 6600, Loss Total: 57.548301696777344, Loss Train: 4.872735735261813e-05, Loss Test: 32.2080192565918
Epoch 6700, Loss Total: 57.548301696777344, Loss Train: 4.872735735261813e-05, Loss Test: 32.2080192565918
Epoch 6800, Loss Total: 57.548301696777344, Loss Train: 4.872735735261813e-05, Loss Test: 32.2080192565918
Epoch 6900, Loss Total: 57.548301696777344, Loss Train: 4.872735735261813e-05, Loss Test: 32.2080192565918
Epoch 7000, Loss Total: 57.548301696777344, Loss Train: 4.872735735261813e-05, Loss Test: 32.2080192565918
Epoch 7100, Loss Total: 57.548301696777344, Loss Train: 4.872735735261813e-05, Loss Test: 32.2080192565918
Epoch 7200, Loss Total: 57.548301696777344, Loss Train: 4.872735735261813e-05, Loss Test: 32.2080192565918
Epoch 7300, Loss Total: 57.548301696777344, Loss Train: 4.872735735261813e-05, Loss Test: 32.2080192565918
Epoch 7400, Loss Total: 57.548301696777344, Loss Train: 4.872735735261813e-05, Loss Test: 32.2080192565918
Epoch 7500, Loss Total: 57.548301696777344, Loss Train: 4.872735735261813e-05, Loss Test: 32.2080192565918
Epoch 7600, Loss Total: 57.548301696777344, Loss Train: 4.872735735261813e-05, Loss Test: 32.2080192565918
Epoch 7700, Loss Total: 57.548301696777344, Loss Train: 4.872735735261813e-05, Loss Test: 32.2080192565918
Epoch 7800, Loss Total: 57.548301696777344, Loss Train: 4.872735735261813e-05, Loss Test: 32.2080192565918
Epoch 7900, Loss Total: 57.548301696777344, Loss Train: 4.872735735261813e-05, Loss Test: 32.2080192565918
Epoch 8000, Loss Total: 57.548301696777344, Loss Train: 4.872735735261813e-05, Loss Test: 32.2080192565918
Epoch 8100, Loss Total: 57.548301696777344, Loss Train: 4.872735735261813e-05, Loss Test: 32.2080192565918
Epoch 8200, Loss Total: 57.548301696777344, Loss Train: 4.872735735261813e-05, Loss Test: 32.2080192565918
Epoch 8300, Loss Total: 57.548301696777344, Loss Train: 4.872735735261813e-05, Loss Test: 32.2080192565918
Epoch 8400, Loss Total: 57.548301696777344, Loss Train: 4.872735735261813e-05, Loss Test: 32.2080192565918
Epoch 8500, Loss Total: 57.548301696777344, Loss Train: 4.872735735261813e-05, Loss Test: 32.2080192565918
Epoch 8600, Loss Total: 57.548301696777344, Loss Train: 4.872735735261813e-05, Loss Test: 32.2080192565918
Epoch 8700, Loss Total: 57.548301696777344, Loss Train: 4.872735735261813e-05, Loss Test: 32.2080192565918
Epoch 8800, Loss Total: 57.548301696777344, Loss Train: 4.872735735261813e-05, Loss Test: 32.2080192565918
Epoch 8900, Loss Total: 57.548301696777344, Loss Train: 4.872735735261813e-05, Loss Test: 32.2080192565918
Epoch 9000, Loss Total: 57.548301696777344, Loss Train: 4.872735735261813e-05, Loss Test: 32.2080192565918
Epoch 9100, Loss Total: 57.548301696777344, Loss Train: 4.872735735261813e-05, Loss Test: 32.2080192565918
Epoch 9200, Loss Total: 57.548301696777344, Loss Train: 4.872735735261813e-05, Loss Test: 32.2080192565918
Epoch 9300, Loss Total: 57.548301696777344, Loss Train: 4.872735735261813e-05, Loss Test: 32.2080192565918
Epoch 9400, Loss Total: 57.548301696777344, Loss Train: 4.872735735261813e-05, Loss Test: 32.2080192565918
Epoch 9500, Loss Total: 57.548301696777344, Loss Train: 4.872735735261813e-05, Loss Test: 32.2080192565918
Epoch 9600, Loss Total: 57.548301696777344, Loss Train: 4.872735735261813e-05, Loss Test: 32.2080192565918
Epoch 9700, Loss Total: 57.548301696777344, Loss Train: 4.872735735261813e-05, Loss Test: 32.2080192565918
Epoch 9800, Loss Total: 57.548301696777344, Loss Train: 4.872735735261813e-05, Loss Test: 32.2080192565918
Epoch 9900, Loss Total: 57.548301696777344, Loss Train: 4.872735735261813e-05, Loss Test: 32.2080192565918
Epoch 10000, Loss Total: 57.548301696777344, Loss Train: 4.872735735261813e-05, Loss Test: 32.2080192565918
Epoch 10100, Loss Total: 57.548301696777344, Loss Train: 4.872735735261813e-05, Loss Test: 32.2080192565918
Epoch 10200, Loss Total: 57.548301696777344, Loss Train: 4.872735735261813e-05, Loss Test: 32.2080192565918
Epoch 10300, Loss Total: 57.548301696777344, Loss Train: 4.872735735261813e-05, Loss Test: 32.2080192565918
Epoch 10400, Loss Total: 57.548301696777344, Loss Train: 4.872735735261813e-05, Loss Test: 32.2080192565918
Epoch 10500, Loss Total: 57.548301696777344, Loss Train: 4.872735735261813e-05, Loss Test: 32.2080192565918
Epoch 10600, Loss Total: 57.548301696777344, Loss Train: 4.872735735261813e-05, Loss Test: 32.2080192565918
Epoch 10700, Loss Total: 57.548301696777344, Loss Train: 4.872735735261813e-05, Loss Test: 32.2080192565918
Epoch 10800, Loss Total: 57.548301696777344, Loss Train: 4.872735735261813e-05, Loss Test: 32.2080192565918
Epoch 10900, Loss Total: 57.548301696777344, Loss Train: 4.872735735261813e-05, Loss Test: 32.2080192565918
Epoch 11000, Loss Total: 57.548301696777344, Loss Train: 4.872735735261813e-05, Loss Test: 32.2080192565918
Epoch 11100, Loss Total: 57.548301696777344, Loss Train: 4.872735735261813e-05, Loss Test: 32.2080192565918
Epoch 11200, Loss Total: 57.548301696777344, Loss Train: 4.872735735261813e-05, Loss Test: 32.2080192565918
Epoch 11300, Loss Total: 57.548301696777344, Loss Train: 4.872735735261813e-05, Loss Test: 32.2080192565918
Epoch 11400, Loss Total: 57.548301696777344, Loss Train: 4.872735735261813e-05, Loss Test: 32.2080192565918
Epoch 11500, Loss Total: 57.548301696777344, Loss Train: 4.872735735261813e-05, Loss Test: 32.2080192565918
Epoch 11600, Loss Total: 57.548301696777344, Loss Train: 4.872735735261813e-05, Loss Test: 32.2080192565918
Epoch 11700, Loss Total: 57.548301696777344, Loss Train: 4.872735735261813e-05, Loss Test: 32.2080192565918
Epoch 11800, Loss Total: 57.548301696777344, Loss Train: 4.872735735261813e-05, Loss Test: 32.2080192565918
Epoch 11900, Loss Total: 57.548301696777344, Loss Train: 4.872735735261813e-05, Loss Test: 32.2080192565918
Epoch 12000, Loss Total: 57.548301696777344, Loss Train: 4.872735735261813e-05, Loss Test: 32.2080192565918
Epoch 12100, Loss Total: 57.548301696777344, Loss Train: 4.872735735261813e-05, Loss Test: 32.2080192565918
Epoch 12200, Loss Total: 57.548301696777344, Loss Train: 4.872735735261813e-05, Loss Test: 32.2080192565918
Epoch 12300, Loss Total: 57.548301696777344, Loss Train: 4.872735735261813e-05, Loss Test: 32.2080192565918
Epoch 12400, Loss Total: 57.548301696777344, Loss Train: 4.872735735261813e-05, Loss Test: 32.2080192565918
Epoch 12500, Loss Total: 57.548301696777344, Loss Train: 4.872735735261813e-05, Loss Test: 32.2080192565918
Epoch 12600, Loss Total: 57.548301696777344, Loss Train: 4.872735735261813e-05, Loss Test: 32.2080192565918
Epoch 12700, Loss Total: 57.548301696777344, Loss Train: 4.872735735261813e-05, Loss Test: 32.2080192565918
Epoch 12800, Loss Total: 57.548301696777344, Loss Train: 4.872735735261813e-05, Loss Test: 32.2080192565918
Epoch 12900, Loss Total: 57.548301696777344, Loss Train: 4.872735735261813e-05, Loss Test: 32.2080192565918
Epoch 13000, Loss Total: 57.548301696777344, Loss Train: 4.872735735261813e-05, Loss Test: 32.2080192565918
Epoch 13100, Loss Total: 57.548301696777344, Loss Train: 4.872735735261813e-05, Loss Test: 32.2080192565918
Epoch 13200, Loss Total: 57.548301696777344, Loss Train: 4.872735735261813e-05, Loss Test: 32.2080192565918
Epoch 13300, Loss Total: 57.548301696777344, Loss Train: 4.872735735261813e-05, Loss Test: 32.2080192565918
Epoch 13400, Loss Total: 57.548301696777344, Loss Train: 4.872735735261813e-05, Loss Test: 32.2080192565918
Epoch 13500, Loss Total: 57.548301696777344, Loss Train: 4.872735735261813e-05, Loss Test: 32.2080192565918
Epoch 13600, Loss Total: 57.548301696777344, Loss Train: 4.872735735261813e-05, Loss Test: 32.2080192565918
Epoch 13700, Loss Total: 57.548301696777344, Loss Train: 4.872735735261813e-05, Loss Test: 32.2080192565918
Epoch 13800, Loss Total: 57.548301696777344, Loss Train: 4.872735735261813e-05, Loss Test: 32.2080192565918
Epoch 13900, Loss Total: 57.548301696777344, Loss Train: 4.872735735261813e-05, Loss Test: 32.2080192565918
Epoch 14000, Loss Total: 57.548301696777344, Loss Train: 4.872735735261813e-05, Loss Test: 32.2080192565918
Epoch 14100, Loss Total: 57.548301696777344, Loss Train: 4.872735735261813e-05, Loss Test: 32.2080192565918
Epoch 14200, Loss Total: 57.548301696777344, Loss Train: 4.872735735261813e-05, Loss Test: 32.2080192565918
Epoch 14300, Loss Total: 57.548301696777344, Loss Train: 4.872735735261813e-05, Loss Test: 32.2080192565918
Epoch 14400, Loss Total: 57.548301696777344, Loss Train: 4.872735735261813e-05, Loss Test: 32.2080192565918
Epoch 14500, Loss Total: 57.548301696777344, Loss Train: 4.872735735261813e-05, Loss Test: 32.2080192565918
Epoch 14600, Loss Total: 57.548301696777344, Loss Train: 4.872735735261813e-05, Loss Test: 32.2080192565918
Epoch 14700, Loss Total: 57.548301696777344, Loss Train: 4.872735735261813e-05, Loss Test: 32.2080192565918
Epoch 14800, Loss Total: 57.548301696777344, Loss Train: 4.872735735261813e-05, Loss Test: 32.2080192565918
Epoch 14900, Loss Total: 57.548301696777344, Loss Train: 4.872735735261813e-05, Loss Test: 32.2080192565918
Epoch 15000, Loss Total: 57.548301696777344, Loss Train: 4.872735735261813e-05, Loss Test: 32.2080192565918
Epoch 15100, Loss Total: 57.548301696777344, Loss Train: 4.872735735261813e-05, Loss Test: 32.2080192565918
Epoch 15200, Loss Total: 57.548301696777344, Loss Train: 4.872735735261813e-05, Loss Test: 32.2080192565918
Epoch 15300, Loss Total: 57.548301696777344, Loss Train: 4.872735735261813e-05, Loss Test: 32.2080192565918
Epoch 15400, Loss Total: 57.548301696777344, Loss Train: 4.872735735261813e-05, Loss Test: 32.2080192565918
Epoch 15500, Loss Total: 57.548301696777344, Loss Train: 4.872735735261813e-05, Loss Test: 32.2080192565918
Epoch 15600, Loss Total: 57.548301696777344, Loss Train: 4.872735735261813e-05, Loss Test: 32.2080192565918
Epoch 15700, Loss Total: 57.548301696777344, Loss Train: 4.872735735261813e-05, Loss Test: 32.2080192565918
Epoch 15800, Loss Total: 57.548301696777344, Loss Train: 4.872735735261813e-05, Loss Test: 32.2080192565918
Epoch 15900, Loss Total: 57.548301696777344, Loss Train: 4.872735735261813e-05, Loss Test: 32.2080192565918
Epoch 16000, Loss Total: 57.548301696777344, Loss Train: 4.872735735261813e-05, Loss Test: 32.2080192565918
Epoch 16100, Loss Total: 57.548301696777344, Loss Train: 4.872735735261813e-05, Loss Test: 32.2080192565918
Epoch 16200, Loss Total: 57.548301696777344, Loss Train: 4.872735735261813e-05, Loss Test: 32.2080192565918
Epoch 16300, Loss Total: 57.548301696777344, Loss Train: 4.872735735261813e-05, Loss Test: 32.2080192565918
Epoch 16400, Loss Total: 57.548301696777344, Loss Train: 4.872735735261813e-05, Loss Test: 32.2080192565918
Epoch 16500, Loss Total: 57.548301696777344, Loss Train: 4.872735735261813e-05, Loss Test: 32.2080192565918
Epoch 16600, Loss Total: 57.548301696777344, Loss Train: 4.872735735261813e-05, Loss Test: 32.2080192565918
Epoch 16700, Loss Total: 57.548301696777344, Loss Train: 4.872735735261813e-05, Loss Test: 32.2080192565918
Epoch 16800, Loss Total: 57.548301696777344, Loss Train: 4.872735735261813e-05, Loss Test: 32.2080192565918
Epoch 16900, Loss Total: 57.548301696777344, Loss Train: 4.872735735261813e-05, Loss Test: 32.2080192565918
Epoch 17000, Loss Total: 57.548301696777344, Loss Train: 4.872735735261813e-05, Loss Test: 32.2080192565918
Epoch 17100, Loss Total: 57.548301696777344, Loss Train: 4.872735735261813e-05, Loss Test: 32.2080192565918
Epoch 17200, Loss Total: 57.548301696777344, Loss Train: 4.872735735261813e-05, Loss Test: 32.2080192565918
Epoch 17300, Loss Total: 57.548301696777344, Loss Train: 4.872735735261813e-05, Loss Test: 32.2080192565918
Epoch 17400, Loss Total: 57.548301696777344, Loss Train: 4.872735735261813e-05, Loss Test: 32.2080192565918
Epoch 17500, Loss Total: 57.548301696777344, Loss Train: 4.872735735261813e-05, Loss Test: 32.2080192565918
Epoch 17600, Loss Total: 57.548301696777344, Loss Train: 4.872735735261813e-05, Loss Test: 32.2080192565918
Epoch 17700, Loss Total: 57.548301696777344, Loss Train: 4.872735735261813e-05, Loss Test: 32.2080192565918
Epoch 17800, Loss Total: 57.548301696777344, Loss Train: 4.872735735261813e-05, Loss Test: 32.2080192565918
Epoch 17900, Loss Total: 57.548301696777344, Loss Train: 4.872735735261813e-05, Loss Test: 32.2080192565918
Epoch 18000, Loss Total: 57.548301696777344, Loss Train: 4.872735735261813e-05, Loss Test: 32.2080192565918
Epoch 18100, Loss Total: 57.548301696777344, Loss Train: 4.872735735261813e-05, Loss Test: 32.2080192565918
Epoch 18200, Loss Total: 57.548301696777344, Loss Train: 4.872735735261813e-05, Loss Test: 32.2080192565918
Epoch 18300, Loss Total: 57.548301696777344, Loss Train: 4.872735735261813e-05, Loss Test: 32.2080192565918
Epoch 18400, Loss Total: 57.548301696777344, Loss Train: 4.872735735261813e-05, Loss Test: 32.2080192565918
Epoch 18500, Loss Total: 57.548301696777344, Loss Train: 4.872735735261813e-05, Loss Test: 32.2080192565918
Epoch 18600, Loss Total: 57.548301696777344, Loss Train: 4.872735735261813e-05, Loss Test: 32.2080192565918
Epoch 18700, Loss Total: 57.548301696777344, Loss Train: 4.872735735261813e-05, Loss Test: 32.2080192565918
Epoch 18800, Loss Total: 57.548301696777344, Loss Train: 4.872735735261813e-05, Loss Test: 32.2080192565918
Epoch 18900, Loss Total: 57.548301696777344, Loss Train: 4.872735735261813e-05, Loss Test: 32.2080192565918
Epoch 19000, Loss Total: 57.548301696777344, Loss Train: 4.872735735261813e-05, Loss Test: 32.2080192565918
Epoch 19100, Loss Total: 57.548301696777344, Loss Train: 4.872735735261813e-05, Loss Test: 32.2080192565918
Epoch 19200, Loss Total: 57.548301696777344, Loss Train: 4.872735735261813e-05, Loss Test: 32.2080192565918
Epoch 19300, Loss Total: 57.548301696777344, Loss Train: 4.872735735261813e-05, Loss Test: 32.2080192565918
Epoch 19400, Loss Total: 57.548301696777344, Loss Train: 4.872735735261813e-05, Loss Test: 32.2080192565918
Epoch 19500, Loss Total: 57.548301696777344, Loss Train: 4.872735735261813e-05, Loss Test: 32.2080192565918
Epoch 19600, Loss Total: 57.548301696777344, Loss Train: 4.872735735261813e-05, Loss Test: 32.2080192565918
Epoch 19700, Loss Total: 57.548301696777344, Loss Train: 4.872735735261813e-05, Loss Test: 32.2080192565918
Epoch 19800, Loss Total: 57.548301696777344, Loss Train: 4.872735735261813e-05, Loss Test: 32.2080192565918
Epoch 19900, Loss Total: 57.548301696777344, Loss Train: 4.872735735261813e-05, Loss Test: 32.2080192565918
Added results for seed=53 and percentage=0.2
Finished task 479
