Running task 262 with seed=29 and percentage=0.15
Epoch 0, Loss Total: 83.82046508789062, Loss Train: 116.27137756347656, Loss Test: 133.4542694091797
Epoch 100, Loss Total: 51.497589111328125, Loss Train: 31.594444274902344, Loss Test: 82.33006286621094
Epoch 200, Loss Total: 42.64772033691406, Loss Train: 12.519214630126953, Loss Test: 50.60484313964844
Epoch 300, Loss Total: 44.78752517700195, Loss Train: 5.758429527282715, Loss Test: 40.42340850830078
Epoch 400, Loss Total: 48.32713317871094, Loss Train: 2.802171230316162, Loss Test: 37.41507339477539
Epoch 500, Loss Total: 51.38482666015625, Loss Train: 1.393092155456543, Loss Test: 36.786128997802734
Epoch 600, Loss Total: 53.78133773803711, Loss Train: 0.6931413412094116, Loss Test: 36.95573425292969
Epoch 700, Loss Total: 55.62771987915039, Loss Train: 0.3399568200111389, Loss Test: 37.3787727355957
Epoch 800, Loss Total: 57.05731964111328, Loss Train: 0.1625322699546814, Loss Test: 37.86676788330078
Epoch 900, Loss Total: 58.18021774291992, Loss Train: 0.07516166567802429, Loss Test: 38.35638427734375
Epoch 1000, Loss Total: 59.078243255615234, Loss Train: 0.033444587141275406, Loss Test: 38.82625198364258
Epoch 1100, Loss Total: 59.80838394165039, Loss Train: 0.014269152656197548, Loss Test: 39.26728439331055
Epoch 1200, Loss Total: 60.40863800048828, Loss Train: 0.005825345870107412, Loss Test: 39.67344665527344
Epoch 1300, Loss Total: 60.90425491333008, Loss Train: 0.0022769137285649776, Loss Test: 40.03990936279297
Epoch 1400, Loss Total: 61.312660217285156, Loss Train: 0.0008587102638557553, Loss Test: 40.36338424682617
Epoch 1500, Loss Total: 61.646995544433594, Loss Train: 0.0003212379524484277, Loss Test: 40.64260482788086
Epoch 1600, Loss Total: 61.91808319091797, Loss Train: 0.000128514802781865, Loss Test: 40.878440856933594
Epoch 1700, Loss Total: 62.13545608520508, Loss Train: 6.320626562228426e-05, Loss Test: 41.073585510253906
Epoch 1800, Loss Total: 62.30775451660156, Loss Train: 4.21756885771174e-05, Loss Test: 41.2320442199707
Epoch 1900, Loss Total: 62.442779541015625, Loss Train: 3.574645234039053e-05, Loss Test: 41.358543395996094
Epoch 2000, Loss Total: 62.54743576049805, Loss Train: 3.3776355849113315e-05, Loss Test: 41.45800018310547
Epoch 2100, Loss Total: 62.62776184082031, Loss Train: 3.3157637517433614e-05, Loss Test: 41.535160064697266
Epoch 2200, Loss Total: 62.68885803222656, Loss Train: 3.300154276075773e-05, Loss Test: 41.594322204589844
Epoch 2300, Loss Total: 62.73493576049805, Loss Train: 3.284479316789657e-05, Loss Test: 41.63922882080078
Epoch 2400, Loss Total: 62.76653289794922, Loss Train: 3.287826621090062e-05, Loss Test: 41.670169830322266
Epoch 2500, Loss Total: 62.77937698364258, Loss Train: 3.2876796467462555e-05, Loss Test: 41.68278884887695
Epoch 2600, Loss Total: 62.78519821166992, Loss Train: 3.287678919150494e-05, Loss Test: 41.68853759765625
Epoch 2700, Loss Total: 62.78799057006836, Loss Train: 3.2876796467462555e-05, Loss Test: 41.69129180908203
Epoch 2800, Loss Total: 62.789371490478516, Loss Train: 3.2876796467462555e-05, Loss Test: 41.69266128540039
Epoch 2900, Loss Total: 62.79005432128906, Loss Train: 3.2876796467462555e-05, Loss Test: 41.693336486816406
Epoch 3000, Loss Total: 62.79039764404297, Loss Train: 3.2876796467462555e-05, Loss Test: 41.69367980957031
Epoch 3100, Loss Total: 62.79055404663086, Loss Train: 3.2876796467462555e-05, Loss Test: 41.693851470947266
Epoch 3200, Loss Total: 62.79063415527344, Loss Train: 3.2876796467462555e-05, Loss Test: 41.69394302368164
Epoch 3300, Loss Total: 62.79067611694336, Loss Train: 3.2876796467462555e-05, Loss Test: 41.69398498535156
Epoch 3400, Loss Total: 62.79067611694336, Loss Train: 3.2876796467462555e-05, Loss Test: 41.69398498535156
Epoch 3500, Loss Total: 62.79067611694336, Loss Train: 3.2876796467462555e-05, Loss Test: 41.69398498535156
Epoch 3600, Loss Total: 62.79067611694336, Loss Train: 3.2876796467462555e-05, Loss Test: 41.69398498535156
Epoch 3700, Loss Total: 62.79067611694336, Loss Train: 3.2876796467462555e-05, Loss Test: 41.69398498535156
Epoch 3800, Loss Total: 62.79067611694336, Loss Train: 3.2876796467462555e-05, Loss Test: 41.69398498535156
Epoch 3900, Loss Total: 62.79067611694336, Loss Train: 3.2876796467462555e-05, Loss Test: 41.69398498535156
Epoch 4000, Loss Total: 62.79067611694336, Loss Train: 3.2876796467462555e-05, Loss Test: 41.69398498535156
Epoch 4100, Loss Total: 62.79067611694336, Loss Train: 3.2876796467462555e-05, Loss Test: 41.69398498535156
Epoch 4200, Loss Total: 62.79067611694336, Loss Train: 3.2876796467462555e-05, Loss Test: 41.69398498535156
Epoch 4300, Loss Total: 62.79067611694336, Loss Train: 3.2876796467462555e-05, Loss Test: 41.69398498535156
Epoch 4400, Loss Total: 62.79067611694336, Loss Train: 3.2876796467462555e-05, Loss Test: 41.69398498535156
Epoch 4500, Loss Total: 62.79067611694336, Loss Train: 3.2876796467462555e-05, Loss Test: 41.69398498535156
Epoch 4600, Loss Total: 62.79067611694336, Loss Train: 3.2876796467462555e-05, Loss Test: 41.69398498535156
Epoch 4700, Loss Total: 62.79067611694336, Loss Train: 3.2876796467462555e-05, Loss Test: 41.69398498535156
Epoch 4800, Loss Total: 62.79067611694336, Loss Train: 3.2876796467462555e-05, Loss Test: 41.69398498535156
Epoch 4900, Loss Total: 62.79067611694336, Loss Train: 3.2876796467462555e-05, Loss Test: 41.69398498535156
Epoch 5000, Loss Total: 62.79067611694336, Loss Train: 3.2876796467462555e-05, Loss Test: 41.69398498535156
Epoch 5100, Loss Total: 62.79067611694336, Loss Train: 3.2876796467462555e-05, Loss Test: 41.69398498535156
Epoch 5200, Loss Total: 62.79067611694336, Loss Train: 3.2876796467462555e-05, Loss Test: 41.69398498535156
Epoch 5300, Loss Total: 62.79067611694336, Loss Train: 3.2876796467462555e-05, Loss Test: 41.69398498535156
Epoch 5400, Loss Total: 62.79067611694336, Loss Train: 3.2876796467462555e-05, Loss Test: 41.69398498535156
Epoch 5500, Loss Total: 62.79067611694336, Loss Train: 3.2876796467462555e-05, Loss Test: 41.69398498535156
Epoch 5600, Loss Total: 62.79067611694336, Loss Train: 3.2876796467462555e-05, Loss Test: 41.69398498535156
Epoch 5700, Loss Total: 62.79067611694336, Loss Train: 3.2876796467462555e-05, Loss Test: 41.69398498535156
Epoch 5800, Loss Total: 62.79067611694336, Loss Train: 3.2876796467462555e-05, Loss Test: 41.69398498535156
Epoch 5900, Loss Total: 62.79067611694336, Loss Train: 3.2876796467462555e-05, Loss Test: 41.69398498535156
Epoch 6000, Loss Total: 62.79067611694336, Loss Train: 3.2876796467462555e-05, Loss Test: 41.69398498535156
Epoch 6100, Loss Total: 62.79067611694336, Loss Train: 3.2876796467462555e-05, Loss Test: 41.69398498535156
Epoch 6200, Loss Total: 62.79067611694336, Loss Train: 3.2876796467462555e-05, Loss Test: 41.69398498535156
Epoch 6300, Loss Total: 62.79067611694336, Loss Train: 3.2876796467462555e-05, Loss Test: 41.69398498535156
Epoch 6400, Loss Total: 62.79067611694336, Loss Train: 3.2876796467462555e-05, Loss Test: 41.69398498535156
Epoch 6500, Loss Total: 62.79067611694336, Loss Train: 3.2876796467462555e-05, Loss Test: 41.69398498535156
Epoch 6600, Loss Total: 62.79067611694336, Loss Train: 3.2876796467462555e-05, Loss Test: 41.69398498535156
Epoch 6700, Loss Total: 62.79067611694336, Loss Train: 3.2876796467462555e-05, Loss Test: 41.69398498535156
Epoch 6800, Loss Total: 62.79067611694336, Loss Train: 3.2876796467462555e-05, Loss Test: 41.69398498535156
Epoch 6900, Loss Total: 62.79067611694336, Loss Train: 3.2876796467462555e-05, Loss Test: 41.69398498535156
Epoch 7000, Loss Total: 62.79067611694336, Loss Train: 3.2876796467462555e-05, Loss Test: 41.69398498535156
Epoch 7100, Loss Total: 62.79067611694336, Loss Train: 3.2876796467462555e-05, Loss Test: 41.69398498535156
Epoch 7200, Loss Total: 62.79067611694336, Loss Train: 3.2876796467462555e-05, Loss Test: 41.69398498535156
Epoch 7300, Loss Total: 62.79067611694336, Loss Train: 3.2876796467462555e-05, Loss Test: 41.69398498535156
Epoch 7400, Loss Total: 62.79067611694336, Loss Train: 3.2876796467462555e-05, Loss Test: 41.69398498535156
Epoch 7500, Loss Total: 62.79067611694336, Loss Train: 3.2876796467462555e-05, Loss Test: 41.69398498535156
Epoch 7600, Loss Total: 62.79067611694336, Loss Train: 3.2876796467462555e-05, Loss Test: 41.69398498535156
Epoch 7700, Loss Total: 62.79067611694336, Loss Train: 3.2876796467462555e-05, Loss Test: 41.69398498535156
Epoch 7800, Loss Total: 62.79067611694336, Loss Train: 3.2876796467462555e-05, Loss Test: 41.69398498535156
Epoch 7900, Loss Total: 62.79067611694336, Loss Train: 3.2876796467462555e-05, Loss Test: 41.69398498535156
Epoch 8000, Loss Total: 62.79067611694336, Loss Train: 3.2876796467462555e-05, Loss Test: 41.69398498535156
Epoch 8100, Loss Total: 62.79067611694336, Loss Train: 3.2876796467462555e-05, Loss Test: 41.69398498535156
Epoch 8200, Loss Total: 62.79067611694336, Loss Train: 3.2876796467462555e-05, Loss Test: 41.69398498535156
Epoch 8300, Loss Total: 62.79067611694336, Loss Train: 3.2876796467462555e-05, Loss Test: 41.69398498535156
Epoch 8400, Loss Total: 62.79067611694336, Loss Train: 3.2876796467462555e-05, Loss Test: 41.69398498535156
Epoch 8500, Loss Total: 62.79067611694336, Loss Train: 3.2876796467462555e-05, Loss Test: 41.69398498535156
Epoch 8600, Loss Total: 62.79067611694336, Loss Train: 3.2876796467462555e-05, Loss Test: 41.69398498535156
Epoch 8700, Loss Total: 62.79067611694336, Loss Train: 3.2876796467462555e-05, Loss Test: 41.69398498535156
Epoch 8800, Loss Total: 62.79067611694336, Loss Train: 3.2876796467462555e-05, Loss Test: 41.69398498535156
Epoch 8900, Loss Total: 62.79067611694336, Loss Train: 3.2876796467462555e-05, Loss Test: 41.69398498535156
Epoch 9000, Loss Total: 62.79067611694336, Loss Train: 3.2876796467462555e-05, Loss Test: 41.69398498535156
Epoch 9100, Loss Total: 62.79067611694336, Loss Train: 3.2876796467462555e-05, Loss Test: 41.69398498535156
Epoch 9200, Loss Total: 62.79067611694336, Loss Train: 3.2876796467462555e-05, Loss Test: 41.69398498535156
Epoch 9300, Loss Total: 62.79067611694336, Loss Train: 3.2876796467462555e-05, Loss Test: 41.69398498535156
Epoch 9400, Loss Total: 62.79067611694336, Loss Train: 3.2876796467462555e-05, Loss Test: 41.69398498535156
Epoch 9500, Loss Total: 62.79067611694336, Loss Train: 3.2876796467462555e-05, Loss Test: 41.69398498535156
Epoch 9600, Loss Total: 62.79067611694336, Loss Train: 3.2876796467462555e-05, Loss Test: 41.69398498535156
Epoch 9700, Loss Total: 62.79067611694336, Loss Train: 3.2876796467462555e-05, Loss Test: 41.69398498535156
Epoch 9800, Loss Total: 62.79067611694336, Loss Train: 3.2876796467462555e-05, Loss Test: 41.69398498535156
Epoch 9900, Loss Total: 62.79067611694336, Loss Train: 3.2876796467462555e-05, Loss Test: 41.69398498535156
Epoch 10000, Loss Total: 62.79067611694336, Loss Train: 3.2876796467462555e-05, Loss Test: 41.69398498535156
Epoch 10100, Loss Total: 62.79067611694336, Loss Train: 3.2876796467462555e-05, Loss Test: 41.69398498535156
Epoch 10200, Loss Total: 62.79067611694336, Loss Train: 3.2876796467462555e-05, Loss Test: 41.69398498535156
Epoch 10300, Loss Total: 62.79067611694336, Loss Train: 3.2876796467462555e-05, Loss Test: 41.69398498535156
Epoch 10400, Loss Total: 62.79067611694336, Loss Train: 3.2876796467462555e-05, Loss Test: 41.69398498535156
Epoch 10500, Loss Total: 62.79067611694336, Loss Train: 3.2876796467462555e-05, Loss Test: 41.69398498535156
Epoch 10600, Loss Total: 62.79067611694336, Loss Train: 3.2876796467462555e-05, Loss Test: 41.69398498535156
Epoch 10700, Loss Total: 62.79067611694336, Loss Train: 3.2876796467462555e-05, Loss Test: 41.69398498535156
Epoch 10800, Loss Total: 62.79067611694336, Loss Train: 3.2876796467462555e-05, Loss Test: 41.69398498535156
Epoch 10900, Loss Total: 62.79067611694336, Loss Train: 3.2876796467462555e-05, Loss Test: 41.69398498535156
Epoch 11000, Loss Total: 62.79067611694336, Loss Train: 3.2876796467462555e-05, Loss Test: 41.69398498535156
Epoch 11100, Loss Total: 62.79067611694336, Loss Train: 3.2876796467462555e-05, Loss Test: 41.69398498535156
Epoch 11200, Loss Total: 62.79067611694336, Loss Train: 3.2876796467462555e-05, Loss Test: 41.69398498535156
Epoch 11300, Loss Total: 62.79067611694336, Loss Train: 3.2876796467462555e-05, Loss Test: 41.69398498535156
Epoch 11400, Loss Total: 62.79067611694336, Loss Train: 3.2876796467462555e-05, Loss Test: 41.69398498535156
Epoch 11500, Loss Total: 62.79067611694336, Loss Train: 3.2876796467462555e-05, Loss Test: 41.69398498535156
Epoch 11600, Loss Total: 62.79067611694336, Loss Train: 3.2876796467462555e-05, Loss Test: 41.69398498535156
Epoch 11700, Loss Total: 62.79067611694336, Loss Train: 3.2876796467462555e-05, Loss Test: 41.69398498535156
Epoch 11800, Loss Total: 62.79067611694336, Loss Train: 3.2876796467462555e-05, Loss Test: 41.69398498535156
Epoch 11900, Loss Total: 62.79067611694336, Loss Train: 3.2876796467462555e-05, Loss Test: 41.69398498535156
Epoch 12000, Loss Total: 62.79067611694336, Loss Train: 3.2876796467462555e-05, Loss Test: 41.69398498535156
Epoch 12100, Loss Total: 62.79067611694336, Loss Train: 3.2876796467462555e-05, Loss Test: 41.69398498535156
Epoch 12200, Loss Total: 62.79067611694336, Loss Train: 3.2876796467462555e-05, Loss Test: 41.69398498535156
Epoch 12300, Loss Total: 62.79067611694336, Loss Train: 3.2876796467462555e-05, Loss Test: 41.69398498535156
Epoch 12400, Loss Total: 62.79067611694336, Loss Train: 3.2876796467462555e-05, Loss Test: 41.69398498535156
Epoch 12500, Loss Total: 62.79067611694336, Loss Train: 3.2876796467462555e-05, Loss Test: 41.69398498535156
Epoch 12600, Loss Total: 62.79067611694336, Loss Train: 3.2876796467462555e-05, Loss Test: 41.69398498535156
Epoch 12700, Loss Total: 62.79067611694336, Loss Train: 3.2876796467462555e-05, Loss Test: 41.69398498535156
Epoch 12800, Loss Total: 62.79067611694336, Loss Train: 3.2876796467462555e-05, Loss Test: 41.69398498535156
Epoch 12900, Loss Total: 62.79067611694336, Loss Train: 3.2876796467462555e-05, Loss Test: 41.69398498535156
Epoch 13000, Loss Total: 62.79067611694336, Loss Train: 3.2876796467462555e-05, Loss Test: 41.69398498535156
Epoch 13100, Loss Total: 62.79067611694336, Loss Train: 3.2876796467462555e-05, Loss Test: 41.69398498535156
Epoch 13200, Loss Total: 62.79067611694336, Loss Train: 3.2876796467462555e-05, Loss Test: 41.69398498535156
Epoch 13300, Loss Total: 62.79067611694336, Loss Train: 3.2876796467462555e-05, Loss Test: 41.69398498535156
Epoch 13400, Loss Total: 62.79067611694336, Loss Train: 3.2876796467462555e-05, Loss Test: 41.69398498535156
Epoch 13500, Loss Total: 62.79067611694336, Loss Train: 3.2876796467462555e-05, Loss Test: 41.69398498535156
Epoch 13600, Loss Total: 62.79067611694336, Loss Train: 3.2876796467462555e-05, Loss Test: 41.69398498535156
Epoch 13700, Loss Total: 62.79067611694336, Loss Train: 3.2876796467462555e-05, Loss Test: 41.69398498535156
Epoch 13800, Loss Total: 62.79067611694336, Loss Train: 3.2876796467462555e-05, Loss Test: 41.69398498535156
Epoch 13900, Loss Total: 62.79067611694336, Loss Train: 3.2876796467462555e-05, Loss Test: 41.69398498535156
Epoch 14000, Loss Total: 62.79067611694336, Loss Train: 3.2876796467462555e-05, Loss Test: 41.69398498535156
Epoch 14100, Loss Total: 62.79067611694336, Loss Train: 3.2876796467462555e-05, Loss Test: 41.69398498535156
Epoch 14200, Loss Total: 62.79067611694336, Loss Train: 3.2876796467462555e-05, Loss Test: 41.69398498535156
Epoch 14300, Loss Total: 62.79067611694336, Loss Train: 3.2876796467462555e-05, Loss Test: 41.69398498535156
Epoch 14400, Loss Total: 62.79067611694336, Loss Train: 3.2876796467462555e-05, Loss Test: 41.69398498535156
Epoch 14500, Loss Total: 62.79067611694336, Loss Train: 3.2876796467462555e-05, Loss Test: 41.69398498535156
Epoch 14600, Loss Total: 62.79067611694336, Loss Train: 3.2876796467462555e-05, Loss Test: 41.69398498535156
Epoch 14700, Loss Total: 62.79067611694336, Loss Train: 3.2876796467462555e-05, Loss Test: 41.69398498535156
Epoch 14800, Loss Total: 62.79067611694336, Loss Train: 3.2876796467462555e-05, Loss Test: 41.69398498535156
Epoch 14900, Loss Total: 62.79067611694336, Loss Train: 3.2876796467462555e-05, Loss Test: 41.69398498535156
Epoch 15000, Loss Total: 62.79067611694336, Loss Train: 3.2876796467462555e-05, Loss Test: 41.69398498535156
Epoch 15100, Loss Total: 62.79067611694336, Loss Train: 3.2876796467462555e-05, Loss Test: 41.69398498535156
Epoch 15200, Loss Total: 62.79067611694336, Loss Train: 3.2876796467462555e-05, Loss Test: 41.69398498535156
Epoch 15300, Loss Total: 62.79067611694336, Loss Train: 3.2876796467462555e-05, Loss Test: 41.69398498535156
Epoch 15400, Loss Total: 62.79067611694336, Loss Train: 3.2876796467462555e-05, Loss Test: 41.69398498535156
Epoch 15500, Loss Total: 62.79067611694336, Loss Train: 3.2876796467462555e-05, Loss Test: 41.69398498535156
Epoch 15600, Loss Total: 62.79067611694336, Loss Train: 3.2876796467462555e-05, Loss Test: 41.69398498535156
Epoch 15700, Loss Total: 62.79067611694336, Loss Train: 3.2876796467462555e-05, Loss Test: 41.69398498535156
Epoch 15800, Loss Total: 62.79067611694336, Loss Train: 3.2876796467462555e-05, Loss Test: 41.69398498535156
Epoch 15900, Loss Total: 62.79067611694336, Loss Train: 3.2876796467462555e-05, Loss Test: 41.69398498535156
Epoch 16000, Loss Total: 62.79067611694336, Loss Train: 3.2876796467462555e-05, Loss Test: 41.69398498535156
Epoch 16100, Loss Total: 62.79067611694336, Loss Train: 3.2876796467462555e-05, Loss Test: 41.69398498535156
Epoch 16200, Loss Total: 62.79067611694336, Loss Train: 3.2876796467462555e-05, Loss Test: 41.69398498535156
Epoch 16300, Loss Total: 62.79067611694336, Loss Train: 3.2876796467462555e-05, Loss Test: 41.69398498535156
Epoch 16400, Loss Total: 62.79067611694336, Loss Train: 3.2876796467462555e-05, Loss Test: 41.69398498535156
Epoch 16500, Loss Total: 62.79067611694336, Loss Train: 3.2876796467462555e-05, Loss Test: 41.69398498535156
Epoch 16600, Loss Total: 62.79067611694336, Loss Train: 3.2876796467462555e-05, Loss Test: 41.69398498535156
Epoch 16700, Loss Total: 62.79067611694336, Loss Train: 3.2876796467462555e-05, Loss Test: 41.69398498535156
Epoch 16800, Loss Total: 62.79067611694336, Loss Train: 3.2876796467462555e-05, Loss Test: 41.69398498535156
Epoch 16900, Loss Total: 62.79067611694336, Loss Train: 3.2876796467462555e-05, Loss Test: 41.69398498535156
Epoch 17000, Loss Total: 62.79067611694336, Loss Train: 3.2876796467462555e-05, Loss Test: 41.69398498535156
Epoch 17100, Loss Total: 62.79067611694336, Loss Train: 3.2876796467462555e-05, Loss Test: 41.69398498535156
Epoch 17200, Loss Total: 62.79067611694336, Loss Train: 3.2876796467462555e-05, Loss Test: 41.69398498535156
Epoch 17300, Loss Total: 62.79067611694336, Loss Train: 3.2876796467462555e-05, Loss Test: 41.69398498535156
Epoch 17400, Loss Total: 62.79067611694336, Loss Train: 3.2876796467462555e-05, Loss Test: 41.69398498535156
Epoch 17500, Loss Total: 62.79067611694336, Loss Train: 3.2876796467462555e-05, Loss Test: 41.69398498535156
Epoch 17600, Loss Total: 62.79067611694336, Loss Train: 3.2876796467462555e-05, Loss Test: 41.69398498535156
Epoch 17700, Loss Total: 62.79067611694336, Loss Train: 3.2876796467462555e-05, Loss Test: 41.69398498535156
Epoch 17800, Loss Total: 62.79067611694336, Loss Train: 3.2876796467462555e-05, Loss Test: 41.69398498535156
Epoch 17900, Loss Total: 62.79067611694336, Loss Train: 3.2876796467462555e-05, Loss Test: 41.69398498535156
Epoch 18000, Loss Total: 62.79067611694336, Loss Train: 3.2876796467462555e-05, Loss Test: 41.69398498535156
Epoch 18100, Loss Total: 62.79067611694336, Loss Train: 3.2876796467462555e-05, Loss Test: 41.69398498535156
Epoch 18200, Loss Total: 62.79067611694336, Loss Train: 3.2876796467462555e-05, Loss Test: 41.69398498535156
Epoch 18300, Loss Total: 62.79067611694336, Loss Train: 3.2876796467462555e-05, Loss Test: 41.69398498535156
Epoch 18400, Loss Total: 62.79067611694336, Loss Train: 3.2876796467462555e-05, Loss Test: 41.69398498535156
Epoch 18500, Loss Total: 62.79067611694336, Loss Train: 3.2876796467462555e-05, Loss Test: 41.69398498535156
Epoch 18600, Loss Total: 62.79067611694336, Loss Train: 3.2876796467462555e-05, Loss Test: 41.69398498535156
Epoch 18700, Loss Total: 62.79067611694336, Loss Train: 3.2876796467462555e-05, Loss Test: 41.69398498535156
Epoch 18800, Loss Total: 62.79067611694336, Loss Train: 3.2876796467462555e-05, Loss Test: 41.69398498535156
Epoch 18900, Loss Total: 62.79067611694336, Loss Train: 3.2876796467462555e-05, Loss Test: 41.69398498535156
Epoch 19000, Loss Total: 62.79067611694336, Loss Train: 3.2876796467462555e-05, Loss Test: 41.69398498535156
Epoch 19100, Loss Total: 62.79067611694336, Loss Train: 3.2876796467462555e-05, Loss Test: 41.69398498535156
Epoch 19200, Loss Total: 62.79067611694336, Loss Train: 3.2876796467462555e-05, Loss Test: 41.69398498535156
Epoch 19300, Loss Total: 62.79067611694336, Loss Train: 3.2876796467462555e-05, Loss Test: 41.69398498535156
Epoch 19400, Loss Total: 62.79067611694336, Loss Train: 3.2876796467462555e-05, Loss Test: 41.69398498535156
Epoch 19500, Loss Total: 62.79067611694336, Loss Train: 3.2876796467462555e-05, Loss Test: 41.69398498535156
Epoch 19600, Loss Total: 62.79067611694336, Loss Train: 3.2876796467462555e-05, Loss Test: 41.69398498535156
Epoch 19700, Loss Total: 62.79067611694336, Loss Train: 3.2876796467462555e-05, Loss Test: 41.69398498535156
Epoch 19800, Loss Total: 62.79067611694336, Loss Train: 3.2876796467462555e-05, Loss Test: 41.69398498535156
Epoch 19900, Loss Total: 62.79067611694336, Loss Train: 3.2876796467462555e-05, Loss Test: 41.69398498535156
Added results for seed=29 and percentage=0.15
Finished task 262
