Running task 535 with seed=59 and percentage=0.30
Epoch 0, Loss Total: 84.01029968261719, Loss Train: 133.2251434326172, Loss Test: 130.2985382080078
Epoch 100, Loss Total: 43.2373161315918, Loss Train: 41.54874038696289, Loss Test: 64.29885864257812
Epoch 200, Loss Total: 40.28594970703125, Loss Train: 18.053647994995117, Loss Test: 38.83698272705078
Epoch 300, Loss Total: 43.83051681518555, Loss Train: 8.96854019165039, Loss Test: 31.88054656982422
Epoch 400, Loss Total: 47.056297302246094, Loss Train: 4.842115879058838, Loss Test: 29.592634201049805
Epoch 500, Loss Total: 49.42882537841797, Loss Train: 2.795978546142578, Loss Test: 28.706134796142578
Epoch 600, Loss Total: 51.07869338989258, Loss Train: 1.6979025602340698, Loss Test: 28.29312515258789
Epoch 700, Loss Total: 52.20859146118164, Loss Train: 1.065548062324524, Loss Test: 28.067947387695312
Epoch 800, Loss Total: 52.989749908447266, Loss Train: 0.6812142133712769, Loss Test: 27.935819625854492
Epoch 900, Loss Total: 53.54096984863281, Loss Train: 0.4390462636947632, Loss Test: 27.85842514038086
Epoch 1000, Loss Total: 53.9379768371582, Loss Train: 0.28310051560401917, Loss Test: 27.815269470214844
Epoch 1100, Loss Total: 54.228153228759766, Loss Train: 0.18152961134910583, Loss Test: 27.79332160949707
Epoch 1200, Loss Total: 54.442020416259766, Loss Train: 0.11515311151742935, Loss Test: 27.783950805664062
Epoch 1300, Loss Total: 54.60017776489258, Loss Train: 0.07193547487258911, Loss Test: 27.781587600708008
Epoch 1400, Loss Total: 54.71715545654297, Loss Train: 0.04407966881990433, Loss Test: 27.78278160095215
Epoch 1500, Loss Total: 54.803558349609375, Loss Train: 0.026407992467284203, Loss Test: 27.785497665405273
Epoch 1600, Loss Total: 54.86723709106445, Loss Train: 0.015428278595209122, Loss Test: 27.788618087768555
Epoch 1700, Loss Total: 54.9140510559082, Loss Train: 0.008774114772677422, Loss Test: 27.79158592224121
Epoch 1800, Loss Total: 54.948387145996094, Loss Train: 0.004853385966271162, Loss Test: 27.79416847229004
Epoch 1900, Loss Total: 54.97350311279297, Loss Train: 0.0026130261830985546, Loss Test: 27.796300888061523
Epoch 2000, Loss Total: 54.9918212890625, Loss Train: 0.0013741072034463286, Loss Test: 27.798015594482422
Epoch 2100, Loss Total: 55.00513458251953, Loss Train: 0.0007119819056242704, Loss Test: 27.799365997314453
Epoch 2200, Loss Total: 55.01476287841797, Loss Train: 0.00037043754127807915, Loss Test: 27.800424575805664
Epoch 2300, Loss Total: 55.02170944213867, Loss Train: 0.00020041926472913474, Loss Test: 27.801254272460938
Epoch 2400, Loss Total: 55.02669906616211, Loss Train: 0.00011871368042193353, Loss Test: 27.801898956298828
Epoch 2500, Loss Total: 55.03025436401367, Loss Train: 8.075576624833047e-05, Loss Test: 27.80240249633789
Epoch 2600, Loss Total: 55.03278350830078, Loss Train: 6.359064718708396e-05, Loss Test: 27.802793502807617
Epoch 2700, Loss Total: 55.03458023071289, Loss Train: 5.6024091463768855e-05, Loss Test: 27.803096771240234
Epoch 2800, Loss Total: 55.035850524902344, Loss Train: 5.283205973682925e-05, Loss Test: 27.803329467773438
Epoch 2900, Loss Total: 55.0367431640625, Loss Train: 5.1220631576143205e-05, Loss Test: 27.803512573242188
Epoch 3000, Loss Total: 55.0373649597168, Loss Train: 5.052987762610428e-05, Loss Test: 27.803647994995117
Epoch 3100, Loss Total: 55.037811279296875, Loss Train: 5.024055644753389e-05, Loss Test: 27.803749084472656
Epoch 3200, Loss Total: 55.038116455078125, Loss Train: 5.0081362132914364e-05, Loss Test: 27.803829193115234
Epoch 3300, Loss Total: 55.03833770751953, Loss Train: 5.005212369724177e-05, Loss Test: 27.80388641357422
Epoch 3400, Loss Total: 55.038490295410156, Loss Train: 4.9934169510379434e-05, Loss Test: 27.80392837524414
Epoch 3500, Loss Total: 55.03857421875, Loss Train: 4.994589107809588e-05, Loss Test: 27.803953170776367
Epoch 3600, Loss Total: 55.038604736328125, Loss Train: 4.9944774218602106e-05, Loss Test: 27.80396270751953
Epoch 3700, Loss Total: 55.038612365722656, Loss Train: 4.9944774218602106e-05, Loss Test: 27.803966522216797
Epoch 3800, Loss Total: 55.03861999511719, Loss Train: 4.9944774218602106e-05, Loss Test: 27.803966522216797
Epoch 3900, Loss Total: 55.03861999511719, Loss Train: 4.9944774218602106e-05, Loss Test: 27.803966522216797
Epoch 4000, Loss Total: 55.03861999511719, Loss Train: 4.9944774218602106e-05, Loss Test: 27.803966522216797
Epoch 4100, Loss Total: 55.03861999511719, Loss Train: 4.9944774218602106e-05, Loss Test: 27.803966522216797
Epoch 4200, Loss Total: 55.03861999511719, Loss Train: 4.9944774218602106e-05, Loss Test: 27.803966522216797
Epoch 4300, Loss Total: 55.03861999511719, Loss Train: 4.9944774218602106e-05, Loss Test: 27.803966522216797
Epoch 4400, Loss Total: 55.03861999511719, Loss Train: 4.9944774218602106e-05, Loss Test: 27.803966522216797
Epoch 4500, Loss Total: 55.03861999511719, Loss Train: 4.9944774218602106e-05, Loss Test: 27.803966522216797
Epoch 4600, Loss Total: 55.03861999511719, Loss Train: 4.9944774218602106e-05, Loss Test: 27.803966522216797
Epoch 4700, Loss Total: 55.03861999511719, Loss Train: 4.9944774218602106e-05, Loss Test: 27.803966522216797
Epoch 4800, Loss Total: 55.03861999511719, Loss Train: 4.9944774218602106e-05, Loss Test: 27.803966522216797
Epoch 4900, Loss Total: 55.03861999511719, Loss Train: 4.9944774218602106e-05, Loss Test: 27.803966522216797
Epoch 5000, Loss Total: 55.03861999511719, Loss Train: 4.9944774218602106e-05, Loss Test: 27.803966522216797
Epoch 5100, Loss Total: 55.03861999511719, Loss Train: 4.9944774218602106e-05, Loss Test: 27.803966522216797
Epoch 5200, Loss Total: 55.03861999511719, Loss Train: 4.9944774218602106e-05, Loss Test: 27.803966522216797
Epoch 5300, Loss Total: 55.03861999511719, Loss Train: 4.9944774218602106e-05, Loss Test: 27.803966522216797
Epoch 5400, Loss Total: 55.03861999511719, Loss Train: 4.9944774218602106e-05, Loss Test: 27.803966522216797
Epoch 5500, Loss Total: 55.03861999511719, Loss Train: 4.9944774218602106e-05, Loss Test: 27.803966522216797
Epoch 5600, Loss Total: 55.03861999511719, Loss Train: 4.9944774218602106e-05, Loss Test: 27.803966522216797
Epoch 5700, Loss Total: 55.03861999511719, Loss Train: 4.9944774218602106e-05, Loss Test: 27.803966522216797
Epoch 5800, Loss Total: 55.03861999511719, Loss Train: 4.9944774218602106e-05, Loss Test: 27.803966522216797
Epoch 5900, Loss Total: 55.03861999511719, Loss Train: 4.9944774218602106e-05, Loss Test: 27.803966522216797
Epoch 6000, Loss Total: 55.03861999511719, Loss Train: 4.9944774218602106e-05, Loss Test: 27.803966522216797
Epoch 6100, Loss Total: 55.03861999511719, Loss Train: 4.9944774218602106e-05, Loss Test: 27.803966522216797
Epoch 6200, Loss Total: 55.03861999511719, Loss Train: 4.9944774218602106e-05, Loss Test: 27.803966522216797
Epoch 6300, Loss Total: 55.03861999511719, Loss Train: 4.9944774218602106e-05, Loss Test: 27.803966522216797
Epoch 6400, Loss Total: 55.03861999511719, Loss Train: 4.9944774218602106e-05, Loss Test: 27.803966522216797
Epoch 6500, Loss Total: 55.03861999511719, Loss Train: 4.9944774218602106e-05, Loss Test: 27.803966522216797
Epoch 6600, Loss Total: 55.03861999511719, Loss Train: 4.9944774218602106e-05, Loss Test: 27.803966522216797
Epoch 6700, Loss Total: 55.03861999511719, Loss Train: 4.9944774218602106e-05, Loss Test: 27.803966522216797
Epoch 6800, Loss Total: 55.03861999511719, Loss Train: 4.9944774218602106e-05, Loss Test: 27.803966522216797
Epoch 6900, Loss Total: 55.03861999511719, Loss Train: 4.9944774218602106e-05, Loss Test: 27.803966522216797
Epoch 7000, Loss Total: 55.03861999511719, Loss Train: 4.9944774218602106e-05, Loss Test: 27.803966522216797
Epoch 7100, Loss Total: 55.03861999511719, Loss Train: 4.9944774218602106e-05, Loss Test: 27.803966522216797
Epoch 7200, Loss Total: 55.03861999511719, Loss Train: 4.9944774218602106e-05, Loss Test: 27.803966522216797
Epoch 7300, Loss Total: 55.03861999511719, Loss Train: 4.9944774218602106e-05, Loss Test: 27.803966522216797
Epoch 7400, Loss Total: 55.03861999511719, Loss Train: 4.9944774218602106e-05, Loss Test: 27.803966522216797
Epoch 7500, Loss Total: 55.03861999511719, Loss Train: 4.9944774218602106e-05, Loss Test: 27.803966522216797
Epoch 7600, Loss Total: 55.03861999511719, Loss Train: 4.9944774218602106e-05, Loss Test: 27.803966522216797
Epoch 7700, Loss Total: 55.03861999511719, Loss Train: 4.9944774218602106e-05, Loss Test: 27.803966522216797
Epoch 7800, Loss Total: 55.03861999511719, Loss Train: 4.9944774218602106e-05, Loss Test: 27.803966522216797
Epoch 7900, Loss Total: 55.03861999511719, Loss Train: 4.9944774218602106e-05, Loss Test: 27.803966522216797
Epoch 8000, Loss Total: 55.03861999511719, Loss Train: 4.9944774218602106e-05, Loss Test: 27.803966522216797
Epoch 8100, Loss Total: 55.03861999511719, Loss Train: 4.9944774218602106e-05, Loss Test: 27.803966522216797
Epoch 8200, Loss Total: 55.03861999511719, Loss Train: 4.9944774218602106e-05, Loss Test: 27.803966522216797
Epoch 8300, Loss Total: 55.03861999511719, Loss Train: 4.9944774218602106e-05, Loss Test: 27.803966522216797
Epoch 8400, Loss Total: 55.03861999511719, Loss Train: 4.9944774218602106e-05, Loss Test: 27.803966522216797
Epoch 8500, Loss Total: 55.03861999511719, Loss Train: 4.9944774218602106e-05, Loss Test: 27.803966522216797
Epoch 8600, Loss Total: 55.03861999511719, Loss Train: 4.9944774218602106e-05, Loss Test: 27.803966522216797
Epoch 8700, Loss Total: 55.03861999511719, Loss Train: 4.9944774218602106e-05, Loss Test: 27.803966522216797
Epoch 8800, Loss Total: 55.03861999511719, Loss Train: 4.9944774218602106e-05, Loss Test: 27.803966522216797
Epoch 8900, Loss Total: 55.03861999511719, Loss Train: 4.9944774218602106e-05, Loss Test: 27.803966522216797
Epoch 9000, Loss Total: 55.03861999511719, Loss Train: 4.9944774218602106e-05, Loss Test: 27.803966522216797
Epoch 9100, Loss Total: 55.03861999511719, Loss Train: 4.9944774218602106e-05, Loss Test: 27.803966522216797
Epoch 9200, Loss Total: 55.03861999511719, Loss Train: 4.9944774218602106e-05, Loss Test: 27.803966522216797
Epoch 9300, Loss Total: 55.03861999511719, Loss Train: 4.9944774218602106e-05, Loss Test: 27.803966522216797
Epoch 9400, Loss Total: 55.03861999511719, Loss Train: 4.9944774218602106e-05, Loss Test: 27.803966522216797
Epoch 9500, Loss Total: 55.03861999511719, Loss Train: 4.9944774218602106e-05, Loss Test: 27.803966522216797
Epoch 9600, Loss Total: 55.03861999511719, Loss Train: 4.9944774218602106e-05, Loss Test: 27.803966522216797
Epoch 9700, Loss Total: 55.03861999511719, Loss Train: 4.9944774218602106e-05, Loss Test: 27.803966522216797
Epoch 9800, Loss Total: 55.03861999511719, Loss Train: 4.9944774218602106e-05, Loss Test: 27.803966522216797
Epoch 9900, Loss Total: 55.03861999511719, Loss Train: 4.9944774218602106e-05, Loss Test: 27.803966522216797
Epoch 10000, Loss Total: 55.03861999511719, Loss Train: 4.9944774218602106e-05, Loss Test: 27.803966522216797
Epoch 10100, Loss Total: 55.03861999511719, Loss Train: 4.9944774218602106e-05, Loss Test: 27.803966522216797
Epoch 10200, Loss Total: 55.03861999511719, Loss Train: 4.9944774218602106e-05, Loss Test: 27.803966522216797
Epoch 10300, Loss Total: 55.03861999511719, Loss Train: 4.9944774218602106e-05, Loss Test: 27.803966522216797
Epoch 10400, Loss Total: 55.03861999511719, Loss Train: 4.9944774218602106e-05, Loss Test: 27.803966522216797
Epoch 10500, Loss Total: 55.03861999511719, Loss Train: 4.9944774218602106e-05, Loss Test: 27.803966522216797
Epoch 10600, Loss Total: 55.03861999511719, Loss Train: 4.9944774218602106e-05, Loss Test: 27.803966522216797
Epoch 10700, Loss Total: 55.03861999511719, Loss Train: 4.9944774218602106e-05, Loss Test: 27.803966522216797
Epoch 10800, Loss Total: 55.03861999511719, Loss Train: 4.9944774218602106e-05, Loss Test: 27.803966522216797
Epoch 10900, Loss Total: 55.03861999511719, Loss Train: 4.9944774218602106e-05, Loss Test: 27.803966522216797
Epoch 11000, Loss Total: 55.03861999511719, Loss Train: 4.9944774218602106e-05, Loss Test: 27.803966522216797
Epoch 11100, Loss Total: 55.03861999511719, Loss Train: 4.9944774218602106e-05, Loss Test: 27.803966522216797
Epoch 11200, Loss Total: 55.03861999511719, Loss Train: 4.9944774218602106e-05, Loss Test: 27.803966522216797
Epoch 11300, Loss Total: 55.03861999511719, Loss Train: 4.9944774218602106e-05, Loss Test: 27.803966522216797
Epoch 11400, Loss Total: 55.03861999511719, Loss Train: 4.9944774218602106e-05, Loss Test: 27.803966522216797
Epoch 11500, Loss Total: 55.03861999511719, Loss Train: 4.9944774218602106e-05, Loss Test: 27.803966522216797
Epoch 11600, Loss Total: 55.03861999511719, Loss Train: 4.9944774218602106e-05, Loss Test: 27.803966522216797
Epoch 11700, Loss Total: 55.03861999511719, Loss Train: 4.9944774218602106e-05, Loss Test: 27.803966522216797
Epoch 11800, Loss Total: 55.03861999511719, Loss Train: 4.9944774218602106e-05, Loss Test: 27.803966522216797
Epoch 11900, Loss Total: 55.03861999511719, Loss Train: 4.9944774218602106e-05, Loss Test: 27.803966522216797
Epoch 12000, Loss Total: 55.03861999511719, Loss Train: 4.9944774218602106e-05, Loss Test: 27.803966522216797
Epoch 12100, Loss Total: 55.03861999511719, Loss Train: 4.9944774218602106e-05, Loss Test: 27.803966522216797
Epoch 12200, Loss Total: 55.03861999511719, Loss Train: 4.9944774218602106e-05, Loss Test: 27.803966522216797
Epoch 12300, Loss Total: 55.03861999511719, Loss Train: 4.9944774218602106e-05, Loss Test: 27.803966522216797
Epoch 12400, Loss Total: 55.03861999511719, Loss Train: 4.9944774218602106e-05, Loss Test: 27.803966522216797
Epoch 12500, Loss Total: 55.03861999511719, Loss Train: 4.9944774218602106e-05, Loss Test: 27.803966522216797
Epoch 12600, Loss Total: 55.03861999511719, Loss Train: 4.9944774218602106e-05, Loss Test: 27.803966522216797
Epoch 12700, Loss Total: 55.03861999511719, Loss Train: 4.9944774218602106e-05, Loss Test: 27.803966522216797
Epoch 12800, Loss Total: 55.03861999511719, Loss Train: 4.9944774218602106e-05, Loss Test: 27.803966522216797
Epoch 12900, Loss Total: 55.03861999511719, Loss Train: 4.9944774218602106e-05, Loss Test: 27.803966522216797
Epoch 13000, Loss Total: 55.03861999511719, Loss Train: 4.9944774218602106e-05, Loss Test: 27.803966522216797
Epoch 13100, Loss Total: 55.03861999511719, Loss Train: 4.9944774218602106e-05, Loss Test: 27.803966522216797
Epoch 13200, Loss Total: 55.03861999511719, Loss Train: 4.9944774218602106e-05, Loss Test: 27.803966522216797
Epoch 13300, Loss Total: 55.03861999511719, Loss Train: 4.9944774218602106e-05, Loss Test: 27.803966522216797
Epoch 13400, Loss Total: 55.03861999511719, Loss Train: 4.9944774218602106e-05, Loss Test: 27.803966522216797
Epoch 13500, Loss Total: 55.03861999511719, Loss Train: 4.9944774218602106e-05, Loss Test: 27.803966522216797
Epoch 13600, Loss Total: 55.03861999511719, Loss Train: 4.9944774218602106e-05, Loss Test: 27.803966522216797
Epoch 13700, Loss Total: 55.03861999511719, Loss Train: 4.9944774218602106e-05, Loss Test: 27.803966522216797
Epoch 13800, Loss Total: 55.03861999511719, Loss Train: 4.9944774218602106e-05, Loss Test: 27.803966522216797
Epoch 13900, Loss Total: 55.03861999511719, Loss Train: 4.9944774218602106e-05, Loss Test: 27.803966522216797
Epoch 14000, Loss Total: 55.03861999511719, Loss Train: 4.9944774218602106e-05, Loss Test: 27.803966522216797
Epoch 14100, Loss Total: 55.03861999511719, Loss Train: 4.9944774218602106e-05, Loss Test: 27.803966522216797
Epoch 14200, Loss Total: 55.03861999511719, Loss Train: 4.9944774218602106e-05, Loss Test: 27.803966522216797
Epoch 14300, Loss Total: 55.03861999511719, Loss Train: 4.9944774218602106e-05, Loss Test: 27.803966522216797
Epoch 14400, Loss Total: 55.03861999511719, Loss Train: 4.9944774218602106e-05, Loss Test: 27.803966522216797
Epoch 14500, Loss Total: 55.03861999511719, Loss Train: 4.9944774218602106e-05, Loss Test: 27.803966522216797
Epoch 14600, Loss Total: 55.03861999511719, Loss Train: 4.9944774218602106e-05, Loss Test: 27.803966522216797
Epoch 14700, Loss Total: 55.03861999511719, Loss Train: 4.9944774218602106e-05, Loss Test: 27.803966522216797
Epoch 14800, Loss Total: 55.03861999511719, Loss Train: 4.9944774218602106e-05, Loss Test: 27.803966522216797
Epoch 14900, Loss Total: 55.03861999511719, Loss Train: 4.9944774218602106e-05, Loss Test: 27.803966522216797
Epoch 15000, Loss Total: 55.03861999511719, Loss Train: 4.9944774218602106e-05, Loss Test: 27.803966522216797
Epoch 15100, Loss Total: 55.03861999511719, Loss Train: 4.9944774218602106e-05, Loss Test: 27.803966522216797
Epoch 15200, Loss Total: 55.03861999511719, Loss Train: 4.9944774218602106e-05, Loss Test: 27.803966522216797
Epoch 15300, Loss Total: 55.03861999511719, Loss Train: 4.9944774218602106e-05, Loss Test: 27.803966522216797
Epoch 15400, Loss Total: 55.03861999511719, Loss Train: 4.9944774218602106e-05, Loss Test: 27.803966522216797
Epoch 15500, Loss Total: 55.03861999511719, Loss Train: 4.9944774218602106e-05, Loss Test: 27.803966522216797
Epoch 15600, Loss Total: 55.03861999511719, Loss Train: 4.9944774218602106e-05, Loss Test: 27.803966522216797
Epoch 15700, Loss Total: 55.03861999511719, Loss Train: 4.9944774218602106e-05, Loss Test: 27.803966522216797
Epoch 15800, Loss Total: 55.03861999511719, Loss Train: 4.9944774218602106e-05, Loss Test: 27.803966522216797
Epoch 15900, Loss Total: 55.03861999511719, Loss Train: 4.9944774218602106e-05, Loss Test: 27.803966522216797
Epoch 16000, Loss Total: 55.03861999511719, Loss Train: 4.9944774218602106e-05, Loss Test: 27.803966522216797
Epoch 16100, Loss Total: 55.03861999511719, Loss Train: 4.9944774218602106e-05, Loss Test: 27.803966522216797
Epoch 16200, Loss Total: 55.03861999511719, Loss Train: 4.9944774218602106e-05, Loss Test: 27.803966522216797
Epoch 16300, Loss Total: 55.03861999511719, Loss Train: 4.9944774218602106e-05, Loss Test: 27.803966522216797
Epoch 16400, Loss Total: 55.03861999511719, Loss Train: 4.9944774218602106e-05, Loss Test: 27.803966522216797
Epoch 16500, Loss Total: 55.03861999511719, Loss Train: 4.9944774218602106e-05, Loss Test: 27.803966522216797
Epoch 16600, Loss Total: 55.03861999511719, Loss Train: 4.9944774218602106e-05, Loss Test: 27.803966522216797
Epoch 16700, Loss Total: 55.03861999511719, Loss Train: 4.9944774218602106e-05, Loss Test: 27.803966522216797
Epoch 16800, Loss Total: 55.03861999511719, Loss Train: 4.9944774218602106e-05, Loss Test: 27.803966522216797
Epoch 16900, Loss Total: 55.03861999511719, Loss Train: 4.9944774218602106e-05, Loss Test: 27.803966522216797
Epoch 17000, Loss Total: 55.03861999511719, Loss Train: 4.9944774218602106e-05, Loss Test: 27.803966522216797
Epoch 17100, Loss Total: 55.03861999511719, Loss Train: 4.9944774218602106e-05, Loss Test: 27.803966522216797
Epoch 17200, Loss Total: 55.03861999511719, Loss Train: 4.9944774218602106e-05, Loss Test: 27.803966522216797
Epoch 17300, Loss Total: 55.03861999511719, Loss Train: 4.9944774218602106e-05, Loss Test: 27.803966522216797
Epoch 17400, Loss Total: 55.03861999511719, Loss Train: 4.9944774218602106e-05, Loss Test: 27.803966522216797
Epoch 17500, Loss Total: 55.03861999511719, Loss Train: 4.9944774218602106e-05, Loss Test: 27.803966522216797
Epoch 17600, Loss Total: 55.03861999511719, Loss Train: 4.9944774218602106e-05, Loss Test: 27.803966522216797
Epoch 17700, Loss Total: 55.03861999511719, Loss Train: 4.9944774218602106e-05, Loss Test: 27.803966522216797
Epoch 17800, Loss Total: 55.03861999511719, Loss Train: 4.9944774218602106e-05, Loss Test: 27.803966522216797
Epoch 17900, Loss Total: 55.03861999511719, Loss Train: 4.9944774218602106e-05, Loss Test: 27.803966522216797
Epoch 18000, Loss Total: 55.03861999511719, Loss Train: 4.9944774218602106e-05, Loss Test: 27.803966522216797
Epoch 18100, Loss Total: 55.03861999511719, Loss Train: 4.9944774218602106e-05, Loss Test: 27.803966522216797
Epoch 18200, Loss Total: 55.03861999511719, Loss Train: 4.9944774218602106e-05, Loss Test: 27.803966522216797
Epoch 18300, Loss Total: 55.03861999511719, Loss Train: 4.9944774218602106e-05, Loss Test: 27.803966522216797
Epoch 18400, Loss Total: 55.03861999511719, Loss Train: 4.9944774218602106e-05, Loss Test: 27.803966522216797
Epoch 18500, Loss Total: 55.03861999511719, Loss Train: 4.9944774218602106e-05, Loss Test: 27.803966522216797
Epoch 18600, Loss Total: 55.03861999511719, Loss Train: 4.9944774218602106e-05, Loss Test: 27.803966522216797
Epoch 18700, Loss Total: 55.03861999511719, Loss Train: 4.9944774218602106e-05, Loss Test: 27.803966522216797
Epoch 18800, Loss Total: 55.03861999511719, Loss Train: 4.9944774218602106e-05, Loss Test: 27.803966522216797
Epoch 18900, Loss Total: 55.03861999511719, Loss Train: 4.9944774218602106e-05, Loss Test: 27.803966522216797
Epoch 19000, Loss Total: 55.03861999511719, Loss Train: 4.9944774218602106e-05, Loss Test: 27.803966522216797
Epoch 19100, Loss Total: 55.03861999511719, Loss Train: 4.9944774218602106e-05, Loss Test: 27.803966522216797
Epoch 19200, Loss Total: 55.03861999511719, Loss Train: 4.9944774218602106e-05, Loss Test: 27.803966522216797
Epoch 19300, Loss Total: 55.03861999511719, Loss Train: 4.9944774218602106e-05, Loss Test: 27.803966522216797
Epoch 19400, Loss Total: 55.03861999511719, Loss Train: 4.9944774218602106e-05, Loss Test: 27.803966522216797
Epoch 19500, Loss Total: 55.03861999511719, Loss Train: 4.9944774218602106e-05, Loss Test: 27.803966522216797
Epoch 19600, Loss Total: 55.03861999511719, Loss Train: 4.9944774218602106e-05, Loss Test: 27.803966522216797
Epoch 19700, Loss Total: 55.03861999511719, Loss Train: 4.9944774218602106e-05, Loss Test: 27.803966522216797
Epoch 19800, Loss Total: 55.03861999511719, Loss Train: 4.9944774218602106e-05, Loss Test: 27.803966522216797
Epoch 19900, Loss Total: 55.03861999511719, Loss Train: 4.9944774218602106e-05, Loss Test: 27.803966522216797
Added results for seed=59 and percentage=0.3
Finished task 535
