Running task 371 with seed=41 and percentage=0.20
Epoch 0, Loss Total: 84.155517578125, Loss Train: 126.58696746826172, Loss Test: 132.6419677734375
Epoch 100, Loss Total: 47.902713775634766, Loss Train: 38.39910125732422, Loss Test: 74.86178588867188
Epoch 200, Loss Total: 42.05649948120117, Loss Train: 17.004356384277344, Loss Test: 45.895450592041016
Epoch 300, Loss Total: 45.407711029052734, Loss Train: 8.772653579711914, Loss Test: 37.54254150390625
Epoch 400, Loss Total: 49.23287582397461, Loss Train: 4.947752475738525, Loss Test: 35.30892562866211
Epoch 500, Loss Total: 52.23918533325195, Loss Train: 2.9909136295318604, Loss Test: 34.959537506103516
Epoch 600, Loss Total: 54.41046142578125, Loss Train: 1.9058263301849365, Loss Test: 35.14606857299805
Epoch 700, Loss Total: 55.942604064941406, Loss Train: 1.2583602666854858, Loss Test: 35.435245513916016
Epoch 800, Loss Total: 57.0235595703125, Loss Train: 0.8477064967155457, Loss Test: 35.698692321777344
Epoch 900, Loss Total: 57.79417419433594, Loss Train: 0.5753942131996155, Loss Test: 35.90768814086914
Epoch 1000, Loss Total: 58.35177230834961, Loss Train: 0.3898221254348755, Loss Test: 36.06407928466797
Epoch 1100, Loss Total: 58.76176834106445, Loss Train: 0.2618001401424408, Loss Test: 36.17771911621094
Epoch 1200, Loss Total: 59.06780242919922, Loss Train: 0.17342445254325867, Loss Test: 36.2591667175293
Epoch 1300, Loss Total: 59.29920196533203, Loss Train: 0.11289706826210022, Loss Test: 36.3173828125
Epoch 1400, Loss Total: 59.475807189941406, Loss Train: 0.07201751321554184, Loss Test: 36.35921096801758
Epoch 1500, Loss Total: 59.6113395690918, Loss Train: 0.04491053894162178, Loss Test: 36.389556884765625
Epoch 1600, Loss Total: 59.71548080444336, Loss Train: 0.02732222154736519, Loss Test: 36.41180419921875
Epoch 1700, Loss Total: 59.79535675048828, Loss Train: 0.01618613488972187, Loss Test: 36.42826843261719
Epoch 1800, Loss Total: 59.85628890991211, Loss Train: 0.0093226982280612, Loss Test: 36.44051742553711
Epoch 1900, Loss Total: 59.90243148803711, Loss Train: 0.0052148993127048016, Loss Test: 36.44963836669922
Epoch 2000, Loss Total: 59.93707275390625, Loss Train: 0.002832453465089202, Loss Test: 36.4564208984375
Epoch 2100, Loss Total: 59.96281051635742, Loss Train: 0.0014962342102080584, Loss Test: 36.46144485473633
Epoch 2200, Loss Total: 59.981719970703125, Loss Train: 0.0007731084479019046, Loss Test: 36.465126037597656
Epoch 2300, Loss Total: 59.99544143676758, Loss Train: 0.00039607053622603416, Loss Test: 36.467811584472656
Epoch 2400, Loss Total: 60.00529098510742, Loss Train: 0.00020709869568236172, Loss Test: 36.46974563598633
Epoch 2500, Loss Total: 60.01225662231445, Loss Train: 0.00011580441787373275, Loss Test: 36.471126556396484
Epoch 2600, Loss Total: 60.01713943481445, Loss Train: 7.36112124286592e-05, Loss Test: 36.47209930419922
Epoch 2700, Loss Total: 60.020503997802734, Loss Train: 5.496291851159185e-05, Loss Test: 36.472782135009766
Epoch 2800, Loss Total: 60.02280807495117, Loss Train: 4.667706161853857e-05, Loss Test: 36.47324752807617
Epoch 2900, Loss Total: 60.02436447143555, Loss Train: 4.3363146687624976e-05, Loss Test: 36.47357177734375
Epoch 3000, Loss Total: 60.02540588378906, Loss Train: 4.18744602939114e-05, Loss Test: 36.473793029785156
Epoch 3100, Loss Total: 60.02608871459961, Loss Train: 4.13736306654755e-05, Loss Test: 36.47393798828125
Epoch 3200, Loss Total: 60.026554107666016, Loss Train: 4.1041912481887266e-05, Loss Test: 36.474037170410156
Epoch 3300, Loss Total: 60.0268440246582, Loss Train: 4.0931357943918556e-05, Loss Test: 36.47410583496094
Epoch 3400, Loss Total: 60.02705383300781, Loss Train: 4.130493834964e-05, Loss Test: 36.47414779663086
Epoch 3500, Loss Total: 60.02718734741211, Loss Train: 4.0831775550032035e-05, Loss Test: 36.47418212890625
Epoch 3600, Loss Total: 60.02722930908203, Loss Train: 4.084341344423592e-05, Loss Test: 36.47419357299805
Epoch 3700, Loss Total: 60.02723693847656, Loss Train: 4.084359898115508e-05, Loss Test: 36.47419357299805
Epoch 3800, Loss Total: 60.027244567871094, Loss Train: 4.084359898115508e-05, Loss Test: 36.47419357299805
Epoch 3900, Loss Total: 60.027244567871094, Loss Train: 4.084359898115508e-05, Loss Test: 36.47419357299805
Epoch 4000, Loss Total: 60.027244567871094, Loss Train: 4.084359898115508e-05, Loss Test: 36.47419357299805
Epoch 4100, Loss Total: 60.027244567871094, Loss Train: 4.084359898115508e-05, Loss Test: 36.47419357299805
Epoch 4200, Loss Total: 60.027244567871094, Loss Train: 4.084359898115508e-05, Loss Test: 36.47419357299805
Epoch 4300, Loss Total: 60.027244567871094, Loss Train: 4.084359898115508e-05, Loss Test: 36.47419357299805
Epoch 4400, Loss Total: 60.027244567871094, Loss Train: 4.084359898115508e-05, Loss Test: 36.47419357299805
Epoch 4500, Loss Total: 60.027244567871094, Loss Train: 4.084359898115508e-05, Loss Test: 36.47419357299805
Epoch 4600, Loss Total: 60.027244567871094, Loss Train: 4.084359898115508e-05, Loss Test: 36.47419357299805
Epoch 4700, Loss Total: 60.027244567871094, Loss Train: 4.084359898115508e-05, Loss Test: 36.47419357299805
Epoch 4800, Loss Total: 60.027244567871094, Loss Train: 4.084359898115508e-05, Loss Test: 36.47419357299805
Epoch 4900, Loss Total: 60.027244567871094, Loss Train: 4.084359898115508e-05, Loss Test: 36.47419357299805
Epoch 5000, Loss Total: 60.027244567871094, Loss Train: 4.084359898115508e-05, Loss Test: 36.47419357299805
Epoch 5100, Loss Total: 60.027244567871094, Loss Train: 4.084359898115508e-05, Loss Test: 36.47419357299805
Epoch 5200, Loss Total: 60.027244567871094, Loss Train: 4.084359898115508e-05, Loss Test: 36.47419357299805
Epoch 5300, Loss Total: 60.027244567871094, Loss Train: 4.084359898115508e-05, Loss Test: 36.47419357299805
Epoch 5400, Loss Total: 60.027244567871094, Loss Train: 4.084359898115508e-05, Loss Test: 36.47419357299805
Epoch 5500, Loss Total: 60.027244567871094, Loss Train: 4.084359898115508e-05, Loss Test: 36.47419357299805
Epoch 5600, Loss Total: 60.027244567871094, Loss Train: 4.084359898115508e-05, Loss Test: 36.47419357299805
Epoch 5700, Loss Total: 60.027244567871094, Loss Train: 4.084359898115508e-05, Loss Test: 36.47419357299805
Epoch 5800, Loss Total: 60.027244567871094, Loss Train: 4.084359898115508e-05, Loss Test: 36.47419357299805
Epoch 5900, Loss Total: 60.027244567871094, Loss Train: 4.084359898115508e-05, Loss Test: 36.47419357299805
Epoch 6000, Loss Total: 60.027244567871094, Loss Train: 4.084359898115508e-05, Loss Test: 36.47419357299805
Epoch 6100, Loss Total: 60.027244567871094, Loss Train: 4.084359898115508e-05, Loss Test: 36.47419357299805
Epoch 6200, Loss Total: 60.027244567871094, Loss Train: 4.084359898115508e-05, Loss Test: 36.47419357299805
Epoch 6300, Loss Total: 60.027244567871094, Loss Train: 4.084359898115508e-05, Loss Test: 36.47419357299805
Epoch 6400, Loss Total: 60.027244567871094, Loss Train: 4.084359898115508e-05, Loss Test: 36.47419357299805
Epoch 6500, Loss Total: 60.027244567871094, Loss Train: 4.084359898115508e-05, Loss Test: 36.47419357299805
Epoch 6600, Loss Total: 60.027244567871094, Loss Train: 4.084359898115508e-05, Loss Test: 36.47419357299805
Epoch 6700, Loss Total: 60.027244567871094, Loss Train: 4.084359898115508e-05, Loss Test: 36.47419357299805
Epoch 6800, Loss Total: 60.027244567871094, Loss Train: 4.084359898115508e-05, Loss Test: 36.47419357299805
Epoch 6900, Loss Total: 60.027244567871094, Loss Train: 4.084359898115508e-05, Loss Test: 36.47419357299805
Epoch 7000, Loss Total: 60.027244567871094, Loss Train: 4.084359898115508e-05, Loss Test: 36.47419357299805
Epoch 7100, Loss Total: 60.027244567871094, Loss Train: 4.084359898115508e-05, Loss Test: 36.47419357299805
Epoch 7200, Loss Total: 60.027244567871094, Loss Train: 4.084359898115508e-05, Loss Test: 36.47419357299805
Epoch 7300, Loss Total: 60.027244567871094, Loss Train: 4.084359898115508e-05, Loss Test: 36.47419357299805
Epoch 7400, Loss Total: 60.027244567871094, Loss Train: 4.084359898115508e-05, Loss Test: 36.47419357299805
Epoch 7500, Loss Total: 60.027244567871094, Loss Train: 4.084359898115508e-05, Loss Test: 36.47419357299805
Epoch 7600, Loss Total: 60.027244567871094, Loss Train: 4.084359898115508e-05, Loss Test: 36.47419357299805
Epoch 7700, Loss Total: 60.027244567871094, Loss Train: 4.084359898115508e-05, Loss Test: 36.47419357299805
Epoch 7800, Loss Total: 60.027244567871094, Loss Train: 4.084359898115508e-05, Loss Test: 36.47419357299805
Epoch 7900, Loss Total: 60.027244567871094, Loss Train: 4.084359898115508e-05, Loss Test: 36.47419357299805
Epoch 8000, Loss Total: 60.027244567871094, Loss Train: 4.084359898115508e-05, Loss Test: 36.47419357299805
Epoch 8100, Loss Total: 60.027244567871094, Loss Train: 4.084359898115508e-05, Loss Test: 36.47419357299805
Epoch 8200, Loss Total: 60.027244567871094, Loss Train: 4.084359898115508e-05, Loss Test: 36.47419357299805
Epoch 8300, Loss Total: 60.027244567871094, Loss Train: 4.084359898115508e-05, Loss Test: 36.47419357299805
Epoch 8400, Loss Total: 60.027244567871094, Loss Train: 4.084359898115508e-05, Loss Test: 36.47419357299805
Epoch 8500, Loss Total: 60.027244567871094, Loss Train: 4.084359898115508e-05, Loss Test: 36.47419357299805
Epoch 8600, Loss Total: 60.027244567871094, Loss Train: 4.084359898115508e-05, Loss Test: 36.47419357299805
Epoch 8700, Loss Total: 60.027244567871094, Loss Train: 4.084359898115508e-05, Loss Test: 36.47419357299805
Epoch 8800, Loss Total: 60.027244567871094, Loss Train: 4.084359898115508e-05, Loss Test: 36.47419357299805
Epoch 8900, Loss Total: 60.027244567871094, Loss Train: 4.084359898115508e-05, Loss Test: 36.47419357299805
Epoch 9000, Loss Total: 60.027244567871094, Loss Train: 4.084359898115508e-05, Loss Test: 36.47419357299805
Epoch 9100, Loss Total: 60.027244567871094, Loss Train: 4.084359898115508e-05, Loss Test: 36.47419357299805
Epoch 9200, Loss Total: 60.027244567871094, Loss Train: 4.084359898115508e-05, Loss Test: 36.47419357299805
Epoch 9300, Loss Total: 60.027244567871094, Loss Train: 4.084359898115508e-05, Loss Test: 36.47419357299805
Epoch 9400, Loss Total: 60.027244567871094, Loss Train: 4.084359898115508e-05, Loss Test: 36.47419357299805
Epoch 9500, Loss Total: 60.027244567871094, Loss Train: 4.084359898115508e-05, Loss Test: 36.47419357299805
Epoch 9600, Loss Total: 60.027244567871094, Loss Train: 4.084359898115508e-05, Loss Test: 36.47419357299805
Epoch 9700, Loss Total: 60.027244567871094, Loss Train: 4.084359898115508e-05, Loss Test: 36.47419357299805
Epoch 9800, Loss Total: 60.027244567871094, Loss Train: 4.084359898115508e-05, Loss Test: 36.47419357299805
Epoch 9900, Loss Total: 60.027244567871094, Loss Train: 4.084359898115508e-05, Loss Test: 36.47419357299805
Epoch 10000, Loss Total: 60.027244567871094, Loss Train: 4.084359898115508e-05, Loss Test: 36.47419357299805
Epoch 10100, Loss Total: 60.027244567871094, Loss Train: 4.084359898115508e-05, Loss Test: 36.47419357299805
Epoch 10200, Loss Total: 60.027244567871094, Loss Train: 4.084359898115508e-05, Loss Test: 36.47419357299805
Epoch 10300, Loss Total: 60.027244567871094, Loss Train: 4.084359898115508e-05, Loss Test: 36.47419357299805
Epoch 10400, Loss Total: 60.027244567871094, Loss Train: 4.084359898115508e-05, Loss Test: 36.47419357299805
Epoch 10500, Loss Total: 60.027244567871094, Loss Train: 4.084359898115508e-05, Loss Test: 36.47419357299805
Epoch 10600, Loss Total: 60.027244567871094, Loss Train: 4.084359898115508e-05, Loss Test: 36.47419357299805
Epoch 10700, Loss Total: 60.027244567871094, Loss Train: 4.084359898115508e-05, Loss Test: 36.47419357299805
Epoch 10800, Loss Total: 60.027244567871094, Loss Train: 4.084359898115508e-05, Loss Test: 36.47419357299805
Epoch 10900, Loss Total: 60.027244567871094, Loss Train: 4.084359898115508e-05, Loss Test: 36.47419357299805
Epoch 11000, Loss Total: 60.027244567871094, Loss Train: 4.084359898115508e-05, Loss Test: 36.47419357299805
Epoch 11100, Loss Total: 60.027244567871094, Loss Train: 4.084359898115508e-05, Loss Test: 36.47419357299805
Epoch 11200, Loss Total: 60.027244567871094, Loss Train: 4.084359898115508e-05, Loss Test: 36.47419357299805
Epoch 11300, Loss Total: 60.027244567871094, Loss Train: 4.084359898115508e-05, Loss Test: 36.47419357299805
Epoch 11400, Loss Total: 60.027244567871094, Loss Train: 4.084359898115508e-05, Loss Test: 36.47419357299805
Epoch 11500, Loss Total: 60.027244567871094, Loss Train: 4.084359898115508e-05, Loss Test: 36.47419357299805
Epoch 11600, Loss Total: 60.027244567871094, Loss Train: 4.084359898115508e-05, Loss Test: 36.47419357299805
Epoch 11700, Loss Total: 60.027244567871094, Loss Train: 4.084359898115508e-05, Loss Test: 36.47419357299805
Epoch 11800, Loss Total: 60.027244567871094, Loss Train: 4.084359898115508e-05, Loss Test: 36.47419357299805
Epoch 11900, Loss Total: 60.027244567871094, Loss Train: 4.084359898115508e-05, Loss Test: 36.47419357299805
Epoch 12000, Loss Total: 60.027244567871094, Loss Train: 4.084359898115508e-05, Loss Test: 36.47419357299805
Epoch 12100, Loss Total: 60.027244567871094, Loss Train: 4.084359898115508e-05, Loss Test: 36.47419357299805
Epoch 12200, Loss Total: 60.027244567871094, Loss Train: 4.084359898115508e-05, Loss Test: 36.47419357299805
Epoch 12300, Loss Total: 60.027244567871094, Loss Train: 4.084359898115508e-05, Loss Test: 36.47419357299805
Epoch 12400, Loss Total: 60.027244567871094, Loss Train: 4.084359898115508e-05, Loss Test: 36.47419357299805
Epoch 12500, Loss Total: 60.027244567871094, Loss Train: 4.084359898115508e-05, Loss Test: 36.47419357299805
Epoch 12600, Loss Total: 60.027244567871094, Loss Train: 4.084359898115508e-05, Loss Test: 36.47419357299805
Epoch 12700, Loss Total: 60.027244567871094, Loss Train: 4.084359898115508e-05, Loss Test: 36.47419357299805
Epoch 12800, Loss Total: 60.027244567871094, Loss Train: 4.084359898115508e-05, Loss Test: 36.47419357299805
Epoch 12900, Loss Total: 60.027244567871094, Loss Train: 4.084359898115508e-05, Loss Test: 36.47419357299805
Epoch 13000, Loss Total: 60.027244567871094, Loss Train: 4.084359898115508e-05, Loss Test: 36.47419357299805
Epoch 13100, Loss Total: 60.027244567871094, Loss Train: 4.084359898115508e-05, Loss Test: 36.47419357299805
Epoch 13200, Loss Total: 60.027244567871094, Loss Train: 4.084359898115508e-05, Loss Test: 36.47419357299805
Epoch 13300, Loss Total: 60.027244567871094, Loss Train: 4.084359898115508e-05, Loss Test: 36.47419357299805
Epoch 13400, Loss Total: 60.027244567871094, Loss Train: 4.084359898115508e-05, Loss Test: 36.47419357299805
Epoch 13500, Loss Total: 60.027244567871094, Loss Train: 4.084359898115508e-05, Loss Test: 36.47419357299805
Epoch 13600, Loss Total: 60.027244567871094, Loss Train: 4.084359898115508e-05, Loss Test: 36.47419357299805
Epoch 13700, Loss Total: 60.027244567871094, Loss Train: 4.084359898115508e-05, Loss Test: 36.47419357299805
Epoch 13800, Loss Total: 60.027244567871094, Loss Train: 4.084359898115508e-05, Loss Test: 36.47419357299805
Epoch 13900, Loss Total: 60.027244567871094, Loss Train: 4.084359898115508e-05, Loss Test: 36.47419357299805
Epoch 14000, Loss Total: 60.027244567871094, Loss Train: 4.084359898115508e-05, Loss Test: 36.47419357299805
Epoch 14100, Loss Total: 60.027244567871094, Loss Train: 4.084359898115508e-05, Loss Test: 36.47419357299805
Epoch 14200, Loss Total: 60.027244567871094, Loss Train: 4.084359898115508e-05, Loss Test: 36.47419357299805
Epoch 14300, Loss Total: 60.027244567871094, Loss Train: 4.084359898115508e-05, Loss Test: 36.47419357299805
Epoch 14400, Loss Total: 60.027244567871094, Loss Train: 4.084359898115508e-05, Loss Test: 36.47419357299805
Epoch 14500, Loss Total: 60.027244567871094, Loss Train: 4.084359898115508e-05, Loss Test: 36.47419357299805
Epoch 14600, Loss Total: 60.027244567871094, Loss Train: 4.084359898115508e-05, Loss Test: 36.47419357299805
Epoch 14700, Loss Total: 60.027244567871094, Loss Train: 4.084359898115508e-05, Loss Test: 36.47419357299805
Epoch 14800, Loss Total: 60.027244567871094, Loss Train: 4.084359898115508e-05, Loss Test: 36.47419357299805
Epoch 14900, Loss Total: 60.027244567871094, Loss Train: 4.084359898115508e-05, Loss Test: 36.47419357299805
Epoch 15000, Loss Total: 60.027244567871094, Loss Train: 4.084359898115508e-05, Loss Test: 36.47419357299805
Epoch 15100, Loss Total: 60.027244567871094, Loss Train: 4.084359898115508e-05, Loss Test: 36.47419357299805
Epoch 15200, Loss Total: 60.027244567871094, Loss Train: 4.084359898115508e-05, Loss Test: 36.47419357299805
Epoch 15300, Loss Total: 60.027244567871094, Loss Train: 4.084359898115508e-05, Loss Test: 36.47419357299805
Epoch 15400, Loss Total: 60.027244567871094, Loss Train: 4.084359898115508e-05, Loss Test: 36.47419357299805
Epoch 15500, Loss Total: 60.027244567871094, Loss Train: 4.084359898115508e-05, Loss Test: 36.47419357299805
Epoch 15600, Loss Total: 60.027244567871094, Loss Train: 4.084359898115508e-05, Loss Test: 36.47419357299805
Epoch 15700, Loss Total: 60.027244567871094, Loss Train: 4.084359898115508e-05, Loss Test: 36.47419357299805
Epoch 15800, Loss Total: 60.027244567871094, Loss Train: 4.084359898115508e-05, Loss Test: 36.47419357299805
Epoch 15900, Loss Total: 60.027244567871094, Loss Train: 4.084359898115508e-05, Loss Test: 36.47419357299805
Epoch 16000, Loss Total: 60.027244567871094, Loss Train: 4.084359898115508e-05, Loss Test: 36.47419357299805
Epoch 16100, Loss Total: 60.027244567871094, Loss Train: 4.084359898115508e-05, Loss Test: 36.47419357299805
Epoch 16200, Loss Total: 60.027244567871094, Loss Train: 4.084359898115508e-05, Loss Test: 36.47419357299805
Epoch 16300, Loss Total: 60.027244567871094, Loss Train: 4.084359898115508e-05, Loss Test: 36.47419357299805
Epoch 16400, Loss Total: 60.027244567871094, Loss Train: 4.084359898115508e-05, Loss Test: 36.47419357299805
Epoch 16500, Loss Total: 60.027244567871094, Loss Train: 4.084359898115508e-05, Loss Test: 36.47419357299805
Epoch 16600, Loss Total: 60.027244567871094, Loss Train: 4.084359898115508e-05, Loss Test: 36.47419357299805
Epoch 16700, Loss Total: 60.027244567871094, Loss Train: 4.084359898115508e-05, Loss Test: 36.47419357299805
Epoch 16800, Loss Total: 60.027244567871094, Loss Train: 4.084359898115508e-05, Loss Test: 36.47419357299805
Epoch 16900, Loss Total: 60.027244567871094, Loss Train: 4.084359898115508e-05, Loss Test: 36.47419357299805
Epoch 17000, Loss Total: 60.027244567871094, Loss Train: 4.084359898115508e-05, Loss Test: 36.47419357299805
Epoch 17100, Loss Total: 60.027244567871094, Loss Train: 4.084359898115508e-05, Loss Test: 36.47419357299805
Epoch 17200, Loss Total: 60.027244567871094, Loss Train: 4.084359898115508e-05, Loss Test: 36.47419357299805
Epoch 17300, Loss Total: 60.027244567871094, Loss Train: 4.084359898115508e-05, Loss Test: 36.47419357299805
Epoch 17400, Loss Total: 60.027244567871094, Loss Train: 4.084359898115508e-05, Loss Test: 36.47419357299805
Epoch 17500, Loss Total: 60.027244567871094, Loss Train: 4.084359898115508e-05, Loss Test: 36.47419357299805
Epoch 17600, Loss Total: 60.027244567871094, Loss Train: 4.084359898115508e-05, Loss Test: 36.47419357299805
Epoch 17700, Loss Total: 60.027244567871094, Loss Train: 4.084359898115508e-05, Loss Test: 36.47419357299805
Epoch 17800, Loss Total: 60.027244567871094, Loss Train: 4.084359898115508e-05, Loss Test: 36.47419357299805
Epoch 17900, Loss Total: 60.027244567871094, Loss Train: 4.084359898115508e-05, Loss Test: 36.47419357299805
Epoch 18000, Loss Total: 60.027244567871094, Loss Train: 4.084359898115508e-05, Loss Test: 36.47419357299805
Epoch 18100, Loss Total: 60.027244567871094, Loss Train: 4.084359898115508e-05, Loss Test: 36.47419357299805
Epoch 18200, Loss Total: 60.027244567871094, Loss Train: 4.084359898115508e-05, Loss Test: 36.47419357299805
Epoch 18300, Loss Total: 60.027244567871094, Loss Train: 4.084359898115508e-05, Loss Test: 36.47419357299805
Epoch 18400, Loss Total: 60.027244567871094, Loss Train: 4.084359898115508e-05, Loss Test: 36.47419357299805
Epoch 18500, Loss Total: 60.027244567871094, Loss Train: 4.084359898115508e-05, Loss Test: 36.47419357299805
Epoch 18600, Loss Total: 60.027244567871094, Loss Train: 4.084359898115508e-05, Loss Test: 36.47419357299805
Epoch 18700, Loss Total: 60.027244567871094, Loss Train: 4.084359898115508e-05, Loss Test: 36.47419357299805
Epoch 18800, Loss Total: 60.027244567871094, Loss Train: 4.084359898115508e-05, Loss Test: 36.47419357299805
Epoch 18900, Loss Total: 60.027244567871094, Loss Train: 4.084359898115508e-05, Loss Test: 36.47419357299805
Epoch 19000, Loss Total: 60.027244567871094, Loss Train: 4.084359898115508e-05, Loss Test: 36.47419357299805
Epoch 19100, Loss Total: 60.027244567871094, Loss Train: 4.084359898115508e-05, Loss Test: 36.47419357299805
Epoch 19200, Loss Total: 60.027244567871094, Loss Train: 4.084359898115508e-05, Loss Test: 36.47419357299805
Epoch 19300, Loss Total: 60.027244567871094, Loss Train: 4.084359898115508e-05, Loss Test: 36.47419357299805
Epoch 19400, Loss Total: 60.027244567871094, Loss Train: 4.084359898115508e-05, Loss Test: 36.47419357299805
Epoch 19500, Loss Total: 60.027244567871094, Loss Train: 4.084359898115508e-05, Loss Test: 36.47419357299805
Epoch 19600, Loss Total: 60.027244567871094, Loss Train: 4.084359898115508e-05, Loss Test: 36.47419357299805
Epoch 19700, Loss Total: 60.027244567871094, Loss Train: 4.084359898115508e-05, Loss Test: 36.47419357299805
Epoch 19800, Loss Total: 60.027244567871094, Loss Train: 4.084359898115508e-05, Loss Test: 36.47419357299805
Epoch 19900, Loss Total: 60.027244567871094, Loss Train: 4.084359898115508e-05, Loss Test: 36.47419357299805
Added results for seed=41 and percentage=0.2
Finished task 371
