Running task 112 with seed=12 and percentage=0.30
Epoch 0, Loss Total: 83.84281158447266, Loss Train: 132.0641632080078, Loss Test: 130.4285430908203
Epoch 100, Loss Total: 43.09785842895508, Loss Train: 41.719932556152344, Loss Test: 63.870784759521484
Epoch 200, Loss Total: 40.39600372314453, Loss Train: 18.553531646728516, Loss Test: 38.71133041381836
Epoch 300, Loss Total: 44.17416763305664, Loss Train: 9.461176872253418, Loss Test: 31.935754776000977
Epoch 400, Loss Total: 47.67318344116211, Loss Train: 5.192959785461426, Loss Test: 29.777822494506836
Epoch 500, Loss Total: 50.29730224609375, Loss Train: 2.9791200160980225, Loss Test: 29.04930305480957
Epoch 600, Loss Total: 52.16570281982422, Loss Train: 1.7454215288162231, Loss Test: 28.809865951538086
Epoch 700, Loss Total: 53.4766731262207, Loss Train: 1.0265166759490967, Loss Test: 28.74489974975586
Epoch 800, Loss Total: 54.39639663696289, Loss Train: 0.5993932485580444, Loss Test: 28.740982055664062
Epoch 900, Loss Total: 55.04524612426758, Loss Train: 0.3452523946762085, Loss Test: 28.756359100341797
Epoch 1000, Loss Total: 55.50632858276367, Loss Train: 0.1954129934310913, Loss Test: 28.776447296142578
Epoch 1100, Loss Total: 55.836090087890625, Loss Train: 0.1083907037973404, Loss Test: 28.796634674072266
Epoch 1200, Loss Total: 56.07292175292969, Loss Train: 0.058784790337085724, Loss Test: 28.815502166748047
Epoch 1300, Loss Total: 56.243255615234375, Loss Train: 0.03110678307712078, Loss Test: 28.832509994506836
Epoch 1400, Loss Total: 56.365604400634766, Loss Train: 0.016028674319386482, Loss Test: 28.847368240356445
Epoch 1500, Loss Total: 56.453208923339844, Loss Train: 0.008029922842979431, Loss Test: 28.859941482543945
Epoch 1600, Loss Total: 56.51567840576172, Loss Train: 0.003909241873770952, Loss Test: 28.87027931213379
Epoch 1700, Loss Total: 56.560020446777344, Loss Train: 0.0018533276161178946, Loss Test: 28.8785400390625
Epoch 1800, Loss Total: 56.59134292602539, Loss Train: 0.0008627825300209224, Loss Test: 28.884986877441406
Epoch 1900, Loss Total: 56.61338806152344, Loss Train: 0.000402883073547855, Loss Test: 28.889915466308594
Epoch 2000, Loss Total: 56.62882995605469, Loss Train: 0.00019735025125555694, Loss Test: 28.893617630004883
Epoch 2100, Loss Total: 56.63962173461914, Loss Train: 0.00010909369302680716, Loss Test: 28.89635467529297
Epoch 2200, Loss Total: 56.64712905883789, Loss Train: 7.23449993529357e-05, Loss Test: 28.898347854614258
Epoch 2300, Loss Total: 56.652347564697266, Loss Train: 5.7604491303209215e-05, Loss Test: 28.899791717529297
Epoch 2400, Loss Total: 56.65597152709961, Loss Train: 5.1762570365099236e-05, Loss Test: 28.900821685791016
Epoch 2500, Loss Total: 56.658485412597656, Loss Train: 4.937784979119897e-05, Loss Test: 28.90155601501465
Epoch 2600, Loss Total: 56.66022872924805, Loss Train: 4.84725933347363e-05, Loss Test: 28.90207290649414
Epoch 2700, Loss Total: 56.66144561767578, Loss Train: 4.80486050946638e-05, Loss Test: 28.90243911743164
Epoch 2800, Loss Total: 56.66229248046875, Loss Train: 4.787387661053799e-05, Loss Test: 28.902694702148438
Epoch 2900, Loss Total: 56.662879943847656, Loss Train: 4.7759902372490615e-05, Loss Test: 28.902875900268555
Epoch 3000, Loss Total: 56.66329574584961, Loss Train: 4.772093234350905e-05, Loss Test: 28.90300750732422
Epoch 3100, Loss Total: 56.66359329223633, Loss Train: 4.774241097038612e-05, Loss Test: 28.903095245361328
Epoch 3200, Loss Total: 56.66374588012695, Loss Train: 4.7703662858111784e-05, Loss Test: 28.90314292907715
Epoch 3300, Loss Total: 56.6638069152832, Loss Train: 4.7703135351184756e-05, Loss Test: 28.90316390991211
Epoch 3400, Loss Total: 56.663822174072266, Loss Train: 4.770313171320595e-05, Loss Test: 28.90317153930664
Epoch 3500, Loss Total: 56.66383361816406, Loss Train: 4.770313171320595e-05, Loss Test: 28.903173446655273
Epoch 3600, Loss Total: 56.66383361816406, Loss Train: 4.7703135351184756e-05, Loss Test: 28.90317726135254
Epoch 3700, Loss Total: 56.66383361816406, Loss Train: 4.770313171320595e-05, Loss Test: 28.90317726135254
Epoch 3800, Loss Total: 56.66383361816406, Loss Train: 4.770313171320595e-05, Loss Test: 28.90317726135254
Epoch 3900, Loss Total: 56.66383361816406, Loss Train: 4.770313171320595e-05, Loss Test: 28.90317726135254
Epoch 4000, Loss Total: 56.66383361816406, Loss Train: 4.770313171320595e-05, Loss Test: 28.90317726135254
Epoch 4100, Loss Total: 56.66383361816406, Loss Train: 4.770313171320595e-05, Loss Test: 28.90317726135254
Epoch 4200, Loss Total: 56.66383361816406, Loss Train: 4.770313171320595e-05, Loss Test: 28.90317726135254
Epoch 4300, Loss Total: 56.66383361816406, Loss Train: 4.770313171320595e-05, Loss Test: 28.90317726135254
Epoch 4400, Loss Total: 56.66383361816406, Loss Train: 4.770313171320595e-05, Loss Test: 28.90317726135254
Epoch 4500, Loss Total: 56.66383361816406, Loss Train: 4.770313171320595e-05, Loss Test: 28.90317726135254
Epoch 4600, Loss Total: 56.66383361816406, Loss Train: 4.770313171320595e-05, Loss Test: 28.90317726135254
Epoch 4700, Loss Total: 56.66383361816406, Loss Train: 4.770313171320595e-05, Loss Test: 28.90317726135254
Epoch 4800, Loss Total: 56.66383361816406, Loss Train: 4.770313171320595e-05, Loss Test: 28.90317726135254
Epoch 4900, Loss Total: 56.66383361816406, Loss Train: 4.770313171320595e-05, Loss Test: 28.90317726135254
Epoch 5000, Loss Total: 56.66383361816406, Loss Train: 4.770313171320595e-05, Loss Test: 28.90317726135254
Epoch 5100, Loss Total: 56.66383361816406, Loss Train: 4.770313171320595e-05, Loss Test: 28.90317726135254
Epoch 5200, Loss Total: 56.66383361816406, Loss Train: 4.770313171320595e-05, Loss Test: 28.90317726135254
Epoch 5300, Loss Total: 56.66383361816406, Loss Train: 4.770313171320595e-05, Loss Test: 28.90317726135254
Epoch 5400, Loss Total: 56.66383361816406, Loss Train: 4.770313171320595e-05, Loss Test: 28.90317726135254
Epoch 5500, Loss Total: 56.66383361816406, Loss Train: 4.770313171320595e-05, Loss Test: 28.90317726135254
Epoch 5600, Loss Total: 56.66383361816406, Loss Train: 4.770313171320595e-05, Loss Test: 28.90317726135254
Epoch 5700, Loss Total: 56.66383361816406, Loss Train: 4.770313171320595e-05, Loss Test: 28.90317726135254
Epoch 5800, Loss Total: 56.66383361816406, Loss Train: 4.770313171320595e-05, Loss Test: 28.90317726135254
Epoch 5900, Loss Total: 56.66383361816406, Loss Train: 4.770313171320595e-05, Loss Test: 28.90317726135254
Epoch 6000, Loss Total: 56.66383361816406, Loss Train: 4.770313171320595e-05, Loss Test: 28.90317726135254
Epoch 6100, Loss Total: 56.66383361816406, Loss Train: 4.770313171320595e-05, Loss Test: 28.90317726135254
Epoch 6200, Loss Total: 56.66383361816406, Loss Train: 4.770313171320595e-05, Loss Test: 28.90317726135254
Epoch 6300, Loss Total: 56.66383361816406, Loss Train: 4.770313171320595e-05, Loss Test: 28.90317726135254
Epoch 6400, Loss Total: 56.66383361816406, Loss Train: 4.770313171320595e-05, Loss Test: 28.90317726135254
Epoch 6500, Loss Total: 56.66383361816406, Loss Train: 4.770313171320595e-05, Loss Test: 28.90317726135254
Epoch 6600, Loss Total: 56.66383361816406, Loss Train: 4.770313171320595e-05, Loss Test: 28.90317726135254
Epoch 6700, Loss Total: 56.66383361816406, Loss Train: 4.770313171320595e-05, Loss Test: 28.90317726135254
Epoch 6800, Loss Total: 56.66383361816406, Loss Train: 4.770313171320595e-05, Loss Test: 28.90317726135254
Epoch 6900, Loss Total: 56.66383361816406, Loss Train: 4.770313171320595e-05, Loss Test: 28.90317726135254
Epoch 7000, Loss Total: 56.66383361816406, Loss Train: 4.770313171320595e-05, Loss Test: 28.90317726135254
Epoch 7100, Loss Total: 56.66383361816406, Loss Train: 4.770313171320595e-05, Loss Test: 28.90317726135254
Epoch 7200, Loss Total: 56.66383361816406, Loss Train: 4.770313171320595e-05, Loss Test: 28.90317726135254
Epoch 7300, Loss Total: 56.66383361816406, Loss Train: 4.770313171320595e-05, Loss Test: 28.90317726135254
Epoch 7400, Loss Total: 56.66383361816406, Loss Train: 4.770313171320595e-05, Loss Test: 28.90317726135254
Epoch 7500, Loss Total: 56.66383361816406, Loss Train: 4.770313171320595e-05, Loss Test: 28.90317726135254
Epoch 7600, Loss Total: 56.66383361816406, Loss Train: 4.770313171320595e-05, Loss Test: 28.90317726135254
Epoch 7700, Loss Total: 56.66383361816406, Loss Train: 4.770313171320595e-05, Loss Test: 28.90317726135254
Epoch 7800, Loss Total: 56.66383361816406, Loss Train: 4.770313171320595e-05, Loss Test: 28.90317726135254
Epoch 7900, Loss Total: 56.66383361816406, Loss Train: 4.770313171320595e-05, Loss Test: 28.90317726135254
Epoch 8000, Loss Total: 56.66383361816406, Loss Train: 4.770313171320595e-05, Loss Test: 28.90317726135254
Epoch 8100, Loss Total: 56.66383361816406, Loss Train: 4.770313171320595e-05, Loss Test: 28.90317726135254
Epoch 8200, Loss Total: 56.66383361816406, Loss Train: 4.770313171320595e-05, Loss Test: 28.90317726135254
Epoch 8300, Loss Total: 56.66383361816406, Loss Train: 4.770313171320595e-05, Loss Test: 28.90317726135254
Epoch 8400, Loss Total: 56.66383361816406, Loss Train: 4.770313171320595e-05, Loss Test: 28.90317726135254
Epoch 8500, Loss Total: 56.66383361816406, Loss Train: 4.770313171320595e-05, Loss Test: 28.90317726135254
Epoch 8600, Loss Total: 56.66383361816406, Loss Train: 4.770313171320595e-05, Loss Test: 28.90317726135254
Epoch 8700, Loss Total: 56.66383361816406, Loss Train: 4.770313171320595e-05, Loss Test: 28.90317726135254
Epoch 8800, Loss Total: 56.66383361816406, Loss Train: 4.770313171320595e-05, Loss Test: 28.90317726135254
Epoch 8900, Loss Total: 56.66383361816406, Loss Train: 4.770313171320595e-05, Loss Test: 28.90317726135254
Epoch 9000, Loss Total: 56.66383361816406, Loss Train: 4.770313171320595e-05, Loss Test: 28.90317726135254
Epoch 9100, Loss Total: 56.66383361816406, Loss Train: 4.770313171320595e-05, Loss Test: 28.90317726135254
Epoch 9200, Loss Total: 56.66383361816406, Loss Train: 4.770313171320595e-05, Loss Test: 28.90317726135254
Epoch 9300, Loss Total: 56.66383361816406, Loss Train: 4.770313171320595e-05, Loss Test: 28.90317726135254
Epoch 9400, Loss Total: 56.66383361816406, Loss Train: 4.770313171320595e-05, Loss Test: 28.90317726135254
Epoch 9500, Loss Total: 56.66383361816406, Loss Train: 4.770313171320595e-05, Loss Test: 28.90317726135254
Epoch 9600, Loss Total: 56.66383361816406, Loss Train: 4.770313171320595e-05, Loss Test: 28.90317726135254
Epoch 9700, Loss Total: 56.66383361816406, Loss Train: 4.770313171320595e-05, Loss Test: 28.90317726135254
Epoch 9800, Loss Total: 56.66383361816406, Loss Train: 4.770313171320595e-05, Loss Test: 28.90317726135254
Epoch 9900, Loss Total: 56.66383361816406, Loss Train: 4.770313171320595e-05, Loss Test: 28.90317726135254
Epoch 10000, Loss Total: 56.66383361816406, Loss Train: 4.770313171320595e-05, Loss Test: 28.90317726135254
Epoch 10100, Loss Total: 56.66383361816406, Loss Train: 4.770313171320595e-05, Loss Test: 28.90317726135254
Epoch 10200, Loss Total: 56.66383361816406, Loss Train: 4.770313171320595e-05, Loss Test: 28.90317726135254
Epoch 10300, Loss Total: 56.66383361816406, Loss Train: 4.770313171320595e-05, Loss Test: 28.90317726135254
Epoch 10400, Loss Total: 56.66383361816406, Loss Train: 4.770313171320595e-05, Loss Test: 28.90317726135254
Epoch 10500, Loss Total: 56.66383361816406, Loss Train: 4.770313171320595e-05, Loss Test: 28.90317726135254
Epoch 10600, Loss Total: 56.66383361816406, Loss Train: 4.770313171320595e-05, Loss Test: 28.90317726135254
Epoch 10700, Loss Total: 56.66383361816406, Loss Train: 4.770313171320595e-05, Loss Test: 28.90317726135254
Epoch 10800, Loss Total: 56.66383361816406, Loss Train: 4.770313171320595e-05, Loss Test: 28.90317726135254
Epoch 10900, Loss Total: 56.66383361816406, Loss Train: 4.770313171320595e-05, Loss Test: 28.90317726135254
Epoch 11000, Loss Total: 56.66383361816406, Loss Train: 4.770313171320595e-05, Loss Test: 28.90317726135254
Epoch 11100, Loss Total: 56.66383361816406, Loss Train: 4.770313171320595e-05, Loss Test: 28.90317726135254
Epoch 11200, Loss Total: 56.66383361816406, Loss Train: 4.770313171320595e-05, Loss Test: 28.90317726135254
Epoch 11300, Loss Total: 56.66383361816406, Loss Train: 4.770313171320595e-05, Loss Test: 28.90317726135254
Epoch 11400, Loss Total: 56.66383361816406, Loss Train: 4.770313171320595e-05, Loss Test: 28.90317726135254
Epoch 11500, Loss Total: 56.66383361816406, Loss Train: 4.770313171320595e-05, Loss Test: 28.90317726135254
Epoch 11600, Loss Total: 56.66383361816406, Loss Train: 4.770313171320595e-05, Loss Test: 28.90317726135254
Epoch 11700, Loss Total: 56.66383361816406, Loss Train: 4.770313171320595e-05, Loss Test: 28.90317726135254
Epoch 11800, Loss Total: 56.66383361816406, Loss Train: 4.770313171320595e-05, Loss Test: 28.90317726135254
Epoch 11900, Loss Total: 56.66383361816406, Loss Train: 4.770313171320595e-05, Loss Test: 28.90317726135254
Epoch 12000, Loss Total: 56.66383361816406, Loss Train: 4.770313171320595e-05, Loss Test: 28.90317726135254
Epoch 12100, Loss Total: 56.66383361816406, Loss Train: 4.770313171320595e-05, Loss Test: 28.90317726135254
Epoch 12200, Loss Total: 56.66383361816406, Loss Train: 4.770313171320595e-05, Loss Test: 28.90317726135254
Epoch 12300, Loss Total: 56.66383361816406, Loss Train: 4.770313171320595e-05, Loss Test: 28.90317726135254
Epoch 12400, Loss Total: 56.66383361816406, Loss Train: 4.770313171320595e-05, Loss Test: 28.90317726135254
Epoch 12500, Loss Total: 56.66383361816406, Loss Train: 4.770313171320595e-05, Loss Test: 28.90317726135254
Epoch 12600, Loss Total: 56.66383361816406, Loss Train: 4.770313171320595e-05, Loss Test: 28.90317726135254
Epoch 12700, Loss Total: 56.66383361816406, Loss Train: 4.770313171320595e-05, Loss Test: 28.90317726135254
Epoch 12800, Loss Total: 56.66383361816406, Loss Train: 4.770313171320595e-05, Loss Test: 28.90317726135254
Epoch 12900, Loss Total: 56.66383361816406, Loss Train: 4.770313171320595e-05, Loss Test: 28.90317726135254
Epoch 13000, Loss Total: 56.66383361816406, Loss Train: 4.770313171320595e-05, Loss Test: 28.90317726135254
Epoch 13100, Loss Total: 56.66383361816406, Loss Train: 4.770313171320595e-05, Loss Test: 28.90317726135254
Epoch 13200, Loss Total: 56.66383361816406, Loss Train: 4.770313171320595e-05, Loss Test: 28.90317726135254
Epoch 13300, Loss Total: 56.66383361816406, Loss Train: 4.770313171320595e-05, Loss Test: 28.90317726135254
Epoch 13400, Loss Total: 56.66383361816406, Loss Train: 4.770313171320595e-05, Loss Test: 28.90317726135254
Epoch 13500, Loss Total: 56.66383361816406, Loss Train: 4.770313171320595e-05, Loss Test: 28.90317726135254
Epoch 13600, Loss Total: 56.66383361816406, Loss Train: 4.770313171320595e-05, Loss Test: 28.90317726135254
Epoch 13700, Loss Total: 56.66383361816406, Loss Train: 4.770313171320595e-05, Loss Test: 28.90317726135254
Epoch 13800, Loss Total: 56.66383361816406, Loss Train: 4.770313171320595e-05, Loss Test: 28.90317726135254
Epoch 13900, Loss Total: 56.66383361816406, Loss Train: 4.770313171320595e-05, Loss Test: 28.90317726135254
Epoch 14000, Loss Total: 56.66383361816406, Loss Train: 4.770313171320595e-05, Loss Test: 28.90317726135254
Epoch 14100, Loss Total: 56.66383361816406, Loss Train: 4.770313171320595e-05, Loss Test: 28.90317726135254
Epoch 14200, Loss Total: 56.66383361816406, Loss Train: 4.770313171320595e-05, Loss Test: 28.90317726135254
Epoch 14300, Loss Total: 56.66383361816406, Loss Train: 4.770313171320595e-05, Loss Test: 28.90317726135254
Epoch 14400, Loss Total: 56.66383361816406, Loss Train: 4.770313171320595e-05, Loss Test: 28.90317726135254
Epoch 14500, Loss Total: 56.66383361816406, Loss Train: 4.770313171320595e-05, Loss Test: 28.90317726135254
Epoch 14600, Loss Total: 56.66383361816406, Loss Train: 4.770313171320595e-05, Loss Test: 28.90317726135254
Epoch 14700, Loss Total: 56.66383361816406, Loss Train: 4.770313171320595e-05, Loss Test: 28.90317726135254
Epoch 14800, Loss Total: 56.66383361816406, Loss Train: 4.770313171320595e-05, Loss Test: 28.90317726135254
Epoch 14900, Loss Total: 56.66383361816406, Loss Train: 4.770313171320595e-05, Loss Test: 28.90317726135254
Epoch 15000, Loss Total: 56.66383361816406, Loss Train: 4.770313171320595e-05, Loss Test: 28.90317726135254
Epoch 15100, Loss Total: 56.66383361816406, Loss Train: 4.770313171320595e-05, Loss Test: 28.90317726135254
Epoch 15200, Loss Total: 56.66383361816406, Loss Train: 4.770313171320595e-05, Loss Test: 28.90317726135254
Epoch 15300, Loss Total: 56.66383361816406, Loss Train: 4.770313171320595e-05, Loss Test: 28.90317726135254
Epoch 15400, Loss Total: 56.66383361816406, Loss Train: 4.770313171320595e-05, Loss Test: 28.90317726135254
Epoch 15500, Loss Total: 56.66383361816406, Loss Train: 4.770313171320595e-05, Loss Test: 28.90317726135254
Epoch 15600, Loss Total: 56.66383361816406, Loss Train: 4.770313171320595e-05, Loss Test: 28.90317726135254
Epoch 15700, Loss Total: 56.66383361816406, Loss Train: 4.770313171320595e-05, Loss Test: 28.90317726135254
Epoch 15800, Loss Total: 56.66383361816406, Loss Train: 4.770313171320595e-05, Loss Test: 28.90317726135254
Epoch 15900, Loss Total: 56.66383361816406, Loss Train: 4.770313171320595e-05, Loss Test: 28.90317726135254
Epoch 16000, Loss Total: 56.66383361816406, Loss Train: 4.770313171320595e-05, Loss Test: 28.90317726135254
Epoch 16100, Loss Total: 56.66383361816406, Loss Train: 4.770313171320595e-05, Loss Test: 28.90317726135254
Epoch 16200, Loss Total: 56.66383361816406, Loss Train: 4.770313171320595e-05, Loss Test: 28.90317726135254
Epoch 16300, Loss Total: 56.66383361816406, Loss Train: 4.770313171320595e-05, Loss Test: 28.90317726135254
Epoch 16400, Loss Total: 56.66383361816406, Loss Train: 4.770313171320595e-05, Loss Test: 28.90317726135254
Epoch 16500, Loss Total: 56.66383361816406, Loss Train: 4.770313171320595e-05, Loss Test: 28.90317726135254
Epoch 16600, Loss Total: 56.66383361816406, Loss Train: 4.770313171320595e-05, Loss Test: 28.90317726135254
Epoch 16700, Loss Total: 56.66383361816406, Loss Train: 4.770313171320595e-05, Loss Test: 28.90317726135254
Epoch 16800, Loss Total: 56.66383361816406, Loss Train: 4.770313171320595e-05, Loss Test: 28.90317726135254
Epoch 16900, Loss Total: 56.66383361816406, Loss Train: 4.770313171320595e-05, Loss Test: 28.90317726135254
Epoch 17000, Loss Total: 56.66383361816406, Loss Train: 4.770313171320595e-05, Loss Test: 28.90317726135254
Epoch 17100, Loss Total: 56.66383361816406, Loss Train: 4.770313171320595e-05, Loss Test: 28.90317726135254
Epoch 17200, Loss Total: 56.66383361816406, Loss Train: 4.770313171320595e-05, Loss Test: 28.90317726135254
Epoch 17300, Loss Total: 56.66383361816406, Loss Train: 4.770313171320595e-05, Loss Test: 28.90317726135254
Epoch 17400, Loss Total: 56.66383361816406, Loss Train: 4.770313171320595e-05, Loss Test: 28.90317726135254
Epoch 17500, Loss Total: 56.66383361816406, Loss Train: 4.770313171320595e-05, Loss Test: 28.90317726135254
Epoch 17600, Loss Total: 56.66383361816406, Loss Train: 4.770313171320595e-05, Loss Test: 28.90317726135254
Epoch 17700, Loss Total: 56.66383361816406, Loss Train: 4.770313171320595e-05, Loss Test: 28.90317726135254
Epoch 17800, Loss Total: 56.66383361816406, Loss Train: 4.770313171320595e-05, Loss Test: 28.90317726135254
Epoch 17900, Loss Total: 56.66383361816406, Loss Train: 4.770313171320595e-05, Loss Test: 28.90317726135254
Epoch 18000, Loss Total: 56.66383361816406, Loss Train: 4.770313171320595e-05, Loss Test: 28.90317726135254
Epoch 18100, Loss Total: 56.66383361816406, Loss Train: 4.770313171320595e-05, Loss Test: 28.90317726135254
Epoch 18200, Loss Total: 56.66383361816406, Loss Train: 4.770313171320595e-05, Loss Test: 28.90317726135254
Epoch 18300, Loss Total: 56.66383361816406, Loss Train: 4.770313171320595e-05, Loss Test: 28.90317726135254
Epoch 18400, Loss Total: 56.66383361816406, Loss Train: 4.770313171320595e-05, Loss Test: 28.90317726135254
Epoch 18500, Loss Total: 56.66383361816406, Loss Train: 4.770313171320595e-05, Loss Test: 28.90317726135254
Epoch 18600, Loss Total: 56.66383361816406, Loss Train: 4.770313171320595e-05, Loss Test: 28.90317726135254
Epoch 18700, Loss Total: 56.66383361816406, Loss Train: 4.770313171320595e-05, Loss Test: 28.90317726135254
Epoch 18800, Loss Total: 56.66383361816406, Loss Train: 4.770313171320595e-05, Loss Test: 28.90317726135254
Epoch 18900, Loss Total: 56.66383361816406, Loss Train: 4.770313171320595e-05, Loss Test: 28.90317726135254
Epoch 19000, Loss Total: 56.66383361816406, Loss Train: 4.770313171320595e-05, Loss Test: 28.90317726135254
Epoch 19100, Loss Total: 56.66383361816406, Loss Train: 4.770313171320595e-05, Loss Test: 28.90317726135254
Epoch 19200, Loss Total: 56.66383361816406, Loss Train: 4.770313171320595e-05, Loss Test: 28.90317726135254
Epoch 19300, Loss Total: 56.66383361816406, Loss Train: 4.770313171320595e-05, Loss Test: 28.90317726135254
Epoch 19400, Loss Total: 56.66383361816406, Loss Train: 4.770313171320595e-05, Loss Test: 28.90317726135254
Epoch 19500, Loss Total: 56.66383361816406, Loss Train: 4.770313171320595e-05, Loss Test: 28.90317726135254
Epoch 19600, Loss Total: 56.66383361816406, Loss Train: 4.770313171320595e-05, Loss Test: 28.90317726135254
Epoch 19700, Loss Total: 56.66383361816406, Loss Train: 4.770313171320595e-05, Loss Test: 28.90317726135254
Epoch 19800, Loss Total: 56.66383361816406, Loss Train: 4.770313171320595e-05, Loss Test: 28.90317726135254
Epoch 19900, Loss Total: 56.66383361816406, Loss Train: 4.770313171320595e-05, Loss Test: 28.90317726135254
Added results for seed=12 and percentage=0.3
Finished task 112
