Running task 305 with seed=33 and percentage=0.50
Epoch 0, Loss Total: 83.8385238647461, Loss Train: 127.13665008544922, Loss Test: 134.7028045654297
Epoch 100, Loss Total: 40.54472732543945, Loss Train: 38.59703063964844, Loss Test: 60.304840087890625
Epoch 200, Loss Total: 40.037017822265625, Loss Train: 17.195789337158203, Loss Test: 37.787837982177734
Epoch 300, Loss Total: 42.66617202758789, Loss Train: 8.890644073486328, Loss Test: 31.1619930267334
Epoch 400, Loss Total: 44.79545593261719, Loss Train: 4.946234703063965, Loss Test: 28.518335342407227
Epoch 500, Loss Total: 46.436363220214844, Loss Train: 2.889082908630371, Loss Test: 27.286706924438477
Epoch 600, Loss Total: 47.68073272705078, Loss Train: 1.743038535118103, Loss Test: 26.65268325805664
Epoch 700, Loss Total: 48.61532974243164, Loss Train: 1.0725712776184082, Loss Test: 26.305709838867188
Epoch 800, Loss Total: 49.31862258911133, Loss Train: 0.667363703250885, Loss Test: 26.112258911132812
Epoch 900, Loss Total: 49.851932525634766, Loss Train: 0.4175417721271515, Loss Test: 26.007404327392578
Epoch 1000, Loss Total: 50.25933837890625, Loss Train: 0.26163116097450256, Loss Test: 25.95555877685547
Epoch 1100, Loss Total: 50.572078704833984, Loss Train: 0.16357900202274323, Loss Test: 25.935394287109375
Epoch 1200, Loss Total: 50.81269454956055, Loss Train: 0.1016550362110138, Loss Test: 25.93350601196289
Epoch 1300, Loss Total: 50.99791717529297, Loss Train: 0.06253349781036377, Loss Test: 25.941360473632812
Epoch 1400, Loss Total: 51.140377044677734, Loss Train: 0.03792373836040497, Loss Test: 25.953590393066406
Epoch 1500, Loss Total: 51.2497444152832, Loss Train: 0.02258935570716858, Loss Test: 25.966957092285156
Epoch 1600, Loss Total: 51.333457946777344, Loss Train: 0.013174516148865223, Loss Test: 25.97963523864746
Epoch 1700, Loss Total: 51.39724349975586, Loss Train: 0.00750584714114666, Loss Test: 25.99072265625
Epoch 1800, Loss Total: 51.44557189941406, Loss Train: 0.004172207787632942, Loss Test: 25.99989128112793
Epoch 1900, Loss Total: 51.481910705566406, Loss Train: 0.0022639119997620583, Loss Test: 26.007152557373047
Epoch 2000, Loss Total: 51.50898742675781, Loss Train: 0.00120323128066957, Loss Test: 26.01270866394043
Epoch 2100, Loss Total: 51.52896499633789, Loss Train: 0.0006320112734101713, Loss Test: 26.016836166381836
Epoch 2200, Loss Total: 51.54352951049805, Loss Train: 0.000334468437358737, Loss Test: 26.019824981689453
Epoch 2300, Loss Total: 51.554019927978516, Loss Train: 0.00018464104505255818, Loss Test: 26.02193832397461
Epoch 2400, Loss Total: 51.561485290527344, Loss Train: 0.00011170451762154698, Loss Test: 26.023405075073242
Epoch 2500, Loss Total: 51.56672286987305, Loss Train: 7.743185415165499e-05, Loss Test: 26.024402618408203
Epoch 2600, Loss Total: 51.57034683227539, Loss Train: 6.183914956636727e-05, Loss Test: 26.02507781982422
Epoch 2700, Loss Total: 51.57282638549805, Loss Train: 5.49400647287257e-05, Loss Test: 26.025527954101562
Epoch 2800, Loss Total: 51.57450485229492, Loss Train: 5.196761048864573e-05, Loss Test: 26.02582550048828
Epoch 2900, Loss Total: 51.57563018798828, Loss Train: 5.060029434389435e-05, Loss Test: 26.02602195739746
Epoch 3000, Loss Total: 51.57638168334961, Loss Train: 5.009621236240491e-05, Loss Test: 26.026151657104492
Epoch 3100, Loss Total: 51.57687759399414, Loss Train: 4.981468737241812e-05, Loss Test: 26.02623748779297
Epoch 3200, Loss Total: 51.57720184326172, Loss Train: 4.967465793015435e-05, Loss Test: 26.026294708251953
Epoch 3300, Loss Total: 51.57741928100586, Loss Train: 4.971270027454011e-05, Loss Test: 26.026330947875977
Epoch 3400, Loss Total: 51.57756042480469, Loss Train: 4.965052357874811e-05, Loss Test: 26.026357650756836
Epoch 3500, Loss Total: 51.57762908935547, Loss Train: 4.958932549925521e-05, Loss Test: 26.026369094848633
Epoch 3600, Loss Total: 51.57764434814453, Loss Train: 4.958709905622527e-05, Loss Test: 26.0263729095459
Epoch 3700, Loss Total: 51.57765197753906, Loss Train: 4.958709905622527e-05, Loss Test: 26.026376724243164
Epoch 3800, Loss Total: 51.57765197753906, Loss Train: 4.958709905622527e-05, Loss Test: 26.026376724243164
Epoch 3900, Loss Total: 51.57765197753906, Loss Train: 4.958709905622527e-05, Loss Test: 26.026376724243164
Epoch 4000, Loss Total: 51.57765197753906, Loss Train: 4.958709905622527e-05, Loss Test: 26.026376724243164
Epoch 4100, Loss Total: 51.57765197753906, Loss Train: 4.958709905622527e-05, Loss Test: 26.026376724243164
Epoch 4200, Loss Total: 51.57765197753906, Loss Train: 4.958709905622527e-05, Loss Test: 26.026376724243164
Epoch 4300, Loss Total: 51.57765197753906, Loss Train: 4.958709905622527e-05, Loss Test: 26.026376724243164
Epoch 4400, Loss Total: 51.57765197753906, Loss Train: 4.958709905622527e-05, Loss Test: 26.026376724243164
Epoch 4500, Loss Total: 51.57765197753906, Loss Train: 4.958709905622527e-05, Loss Test: 26.026376724243164
Epoch 4600, Loss Total: 51.57765197753906, Loss Train: 4.958709905622527e-05, Loss Test: 26.026376724243164
Epoch 4700, Loss Total: 51.57765197753906, Loss Train: 4.958709905622527e-05, Loss Test: 26.026376724243164
Epoch 4800, Loss Total: 51.57765197753906, Loss Train: 4.958709905622527e-05, Loss Test: 26.026376724243164
Epoch 4900, Loss Total: 51.57765197753906, Loss Train: 4.958709905622527e-05, Loss Test: 26.026376724243164
Epoch 5000, Loss Total: 51.57765197753906, Loss Train: 4.958709905622527e-05, Loss Test: 26.026376724243164
Epoch 5100, Loss Total: 51.57765197753906, Loss Train: 4.958709905622527e-05, Loss Test: 26.026376724243164
Epoch 5200, Loss Total: 51.57765197753906, Loss Train: 4.958709905622527e-05, Loss Test: 26.026376724243164
Epoch 5300, Loss Total: 51.57765197753906, Loss Train: 4.958709905622527e-05, Loss Test: 26.026376724243164
Epoch 5400, Loss Total: 51.57765197753906, Loss Train: 4.958709905622527e-05, Loss Test: 26.026376724243164
Epoch 5500, Loss Total: 51.57765197753906, Loss Train: 4.958709905622527e-05, Loss Test: 26.026376724243164
Epoch 5600, Loss Total: 51.57765197753906, Loss Train: 4.958709905622527e-05, Loss Test: 26.026376724243164
Epoch 5700, Loss Total: 51.57765197753906, Loss Train: 4.958709905622527e-05, Loss Test: 26.026376724243164
Epoch 5800, Loss Total: 51.57765197753906, Loss Train: 4.958709905622527e-05, Loss Test: 26.026376724243164
Epoch 5900, Loss Total: 51.57765197753906, Loss Train: 4.958709905622527e-05, Loss Test: 26.026376724243164
Epoch 6000, Loss Total: 51.57765197753906, Loss Train: 4.958709905622527e-05, Loss Test: 26.026376724243164
Epoch 6100, Loss Total: 51.57765197753906, Loss Train: 4.958709905622527e-05, Loss Test: 26.026376724243164
Epoch 6200, Loss Total: 51.57765197753906, Loss Train: 4.958709905622527e-05, Loss Test: 26.026376724243164
Epoch 6300, Loss Total: 51.57765197753906, Loss Train: 4.958709905622527e-05, Loss Test: 26.026376724243164
Epoch 6400, Loss Total: 51.57765197753906, Loss Train: 4.958709905622527e-05, Loss Test: 26.026376724243164
Epoch 6500, Loss Total: 51.57765197753906, Loss Train: 4.958709905622527e-05, Loss Test: 26.026376724243164
Epoch 6600, Loss Total: 51.57765197753906, Loss Train: 4.958709905622527e-05, Loss Test: 26.026376724243164
Epoch 6700, Loss Total: 51.57765197753906, Loss Train: 4.958709905622527e-05, Loss Test: 26.026376724243164
Epoch 6800, Loss Total: 51.57765197753906, Loss Train: 4.958709905622527e-05, Loss Test: 26.026376724243164
Epoch 6900, Loss Total: 51.57765197753906, Loss Train: 4.958709905622527e-05, Loss Test: 26.026376724243164
Epoch 7000, Loss Total: 51.57765197753906, Loss Train: 4.958709905622527e-05, Loss Test: 26.026376724243164
Epoch 7100, Loss Total: 51.57765197753906, Loss Train: 4.958709905622527e-05, Loss Test: 26.026376724243164
Epoch 7200, Loss Total: 51.57765197753906, Loss Train: 4.958709905622527e-05, Loss Test: 26.026376724243164
Epoch 7300, Loss Total: 51.57765197753906, Loss Train: 4.958709905622527e-05, Loss Test: 26.026376724243164
Epoch 7400, Loss Total: 51.57765197753906, Loss Train: 4.958709905622527e-05, Loss Test: 26.026376724243164
Epoch 7500, Loss Total: 51.57765197753906, Loss Train: 4.958709905622527e-05, Loss Test: 26.026376724243164
Epoch 7600, Loss Total: 51.57765197753906, Loss Train: 4.958709905622527e-05, Loss Test: 26.026376724243164
Epoch 7700, Loss Total: 51.57765197753906, Loss Train: 4.958709905622527e-05, Loss Test: 26.026376724243164
Epoch 7800, Loss Total: 51.57765197753906, Loss Train: 4.958709905622527e-05, Loss Test: 26.026376724243164
Epoch 7900, Loss Total: 51.57765197753906, Loss Train: 4.958709905622527e-05, Loss Test: 26.026376724243164
Epoch 8000, Loss Total: 51.57765197753906, Loss Train: 4.958709905622527e-05, Loss Test: 26.026376724243164
Epoch 8100, Loss Total: 51.57765197753906, Loss Train: 4.958709905622527e-05, Loss Test: 26.026376724243164
Epoch 8200, Loss Total: 51.57765197753906, Loss Train: 4.958709905622527e-05, Loss Test: 26.026376724243164
Epoch 8300, Loss Total: 51.57765197753906, Loss Train: 4.958709905622527e-05, Loss Test: 26.026376724243164
Epoch 8400, Loss Total: 51.57765197753906, Loss Train: 4.958709905622527e-05, Loss Test: 26.026376724243164
Epoch 8500, Loss Total: 51.57765197753906, Loss Train: 4.958709905622527e-05, Loss Test: 26.026376724243164
Epoch 8600, Loss Total: 51.57765197753906, Loss Train: 4.958709905622527e-05, Loss Test: 26.026376724243164
Epoch 8700, Loss Total: 51.57765197753906, Loss Train: 4.958709905622527e-05, Loss Test: 26.026376724243164
Epoch 8800, Loss Total: 51.57765197753906, Loss Train: 4.958709905622527e-05, Loss Test: 26.026376724243164
Epoch 8900, Loss Total: 51.57765197753906, Loss Train: 4.958709905622527e-05, Loss Test: 26.026376724243164
Epoch 9000, Loss Total: 51.57765197753906, Loss Train: 4.958709905622527e-05, Loss Test: 26.026376724243164
Epoch 9100, Loss Total: 51.57765197753906, Loss Train: 4.958709905622527e-05, Loss Test: 26.026376724243164
Epoch 9200, Loss Total: 51.57765197753906, Loss Train: 4.958709905622527e-05, Loss Test: 26.026376724243164
Epoch 9300, Loss Total: 51.57765197753906, Loss Train: 4.958709905622527e-05, Loss Test: 26.026376724243164
Epoch 9400, Loss Total: 51.57765197753906, Loss Train: 4.958709905622527e-05, Loss Test: 26.026376724243164
Epoch 9500, Loss Total: 51.57765197753906, Loss Train: 4.958709905622527e-05, Loss Test: 26.026376724243164
Epoch 9600, Loss Total: 51.57765197753906, Loss Train: 4.958709905622527e-05, Loss Test: 26.026376724243164
Epoch 9700, Loss Total: 51.57765197753906, Loss Train: 4.958709905622527e-05, Loss Test: 26.026376724243164
Epoch 9800, Loss Total: 51.57765197753906, Loss Train: 4.958709905622527e-05, Loss Test: 26.026376724243164
Epoch 9900, Loss Total: 51.57765197753906, Loss Train: 4.958709905622527e-05, Loss Test: 26.026376724243164
Epoch 10000, Loss Total: 51.57765197753906, Loss Train: 4.958709905622527e-05, Loss Test: 26.026376724243164
Epoch 10100, Loss Total: 51.57765197753906, Loss Train: 4.958709905622527e-05, Loss Test: 26.026376724243164
Epoch 10200, Loss Total: 51.57765197753906, Loss Train: 4.958709905622527e-05, Loss Test: 26.026376724243164
Epoch 10300, Loss Total: 51.57765197753906, Loss Train: 4.958709905622527e-05, Loss Test: 26.026376724243164
Epoch 10400, Loss Total: 51.57765197753906, Loss Train: 4.958709905622527e-05, Loss Test: 26.026376724243164
Epoch 10500, Loss Total: 51.57765197753906, Loss Train: 4.958709905622527e-05, Loss Test: 26.026376724243164
Epoch 10600, Loss Total: 51.57765197753906, Loss Train: 4.958709905622527e-05, Loss Test: 26.026376724243164
Epoch 10700, Loss Total: 51.57765197753906, Loss Train: 4.958709905622527e-05, Loss Test: 26.026376724243164
Epoch 10800, Loss Total: 51.57765197753906, Loss Train: 4.958709905622527e-05, Loss Test: 26.026376724243164
Epoch 10900, Loss Total: 51.57765197753906, Loss Train: 4.958709905622527e-05, Loss Test: 26.026376724243164
Epoch 11000, Loss Total: 51.57765197753906, Loss Train: 4.958709905622527e-05, Loss Test: 26.026376724243164
Epoch 11100, Loss Total: 51.57765197753906, Loss Train: 4.958709905622527e-05, Loss Test: 26.026376724243164
Epoch 11200, Loss Total: 51.57765197753906, Loss Train: 4.958709905622527e-05, Loss Test: 26.026376724243164
Epoch 11300, Loss Total: 51.57765197753906, Loss Train: 4.958709905622527e-05, Loss Test: 26.026376724243164
Epoch 11400, Loss Total: 51.57765197753906, Loss Train: 4.958709905622527e-05, Loss Test: 26.026376724243164
Epoch 11500, Loss Total: 51.57765197753906, Loss Train: 4.958709905622527e-05, Loss Test: 26.026376724243164
Epoch 11600, Loss Total: 51.57765197753906, Loss Train: 4.958709905622527e-05, Loss Test: 26.026376724243164
Epoch 11700, Loss Total: 51.57765197753906, Loss Train: 4.958709905622527e-05, Loss Test: 26.026376724243164
Epoch 11800, Loss Total: 51.57765197753906, Loss Train: 4.958709905622527e-05, Loss Test: 26.026376724243164
Epoch 11900, Loss Total: 51.57765197753906, Loss Train: 4.958709905622527e-05, Loss Test: 26.026376724243164
Epoch 12000, Loss Total: 51.57765197753906, Loss Train: 4.958709905622527e-05, Loss Test: 26.026376724243164
Epoch 12100, Loss Total: 51.57765197753906, Loss Train: 4.958709905622527e-05, Loss Test: 26.026376724243164
Epoch 12200, Loss Total: 51.57765197753906, Loss Train: 4.958709905622527e-05, Loss Test: 26.026376724243164
Epoch 12300, Loss Total: 51.57765197753906, Loss Train: 4.958709905622527e-05, Loss Test: 26.026376724243164
Epoch 12400, Loss Total: 51.57765197753906, Loss Train: 4.958709905622527e-05, Loss Test: 26.026376724243164
Epoch 12500, Loss Total: 51.57765197753906, Loss Train: 4.958709905622527e-05, Loss Test: 26.026376724243164
Epoch 12600, Loss Total: 51.57765197753906, Loss Train: 4.958709905622527e-05, Loss Test: 26.026376724243164
Epoch 12700, Loss Total: 51.57765197753906, Loss Train: 4.958709905622527e-05, Loss Test: 26.026376724243164
Epoch 12800, Loss Total: 51.57765197753906, Loss Train: 4.958709905622527e-05, Loss Test: 26.026376724243164
Epoch 12900, Loss Total: 51.57765197753906, Loss Train: 4.958709905622527e-05, Loss Test: 26.026376724243164
Epoch 13000, Loss Total: 51.57765197753906, Loss Train: 4.958709905622527e-05, Loss Test: 26.026376724243164
Epoch 13100, Loss Total: 51.57765197753906, Loss Train: 4.958709905622527e-05, Loss Test: 26.026376724243164
Epoch 13200, Loss Total: 51.57765197753906, Loss Train: 4.958709905622527e-05, Loss Test: 26.026376724243164
Epoch 13300, Loss Total: 51.57765197753906, Loss Train: 4.958709905622527e-05, Loss Test: 26.026376724243164
Epoch 13400, Loss Total: 51.57765197753906, Loss Train: 4.958709905622527e-05, Loss Test: 26.026376724243164
Epoch 13500, Loss Total: 51.57765197753906, Loss Train: 4.958709905622527e-05, Loss Test: 26.026376724243164
Epoch 13600, Loss Total: 51.57765197753906, Loss Train: 4.958709905622527e-05, Loss Test: 26.026376724243164
Epoch 13700, Loss Total: 51.57765197753906, Loss Train: 4.958709905622527e-05, Loss Test: 26.026376724243164
Epoch 13800, Loss Total: 51.57765197753906, Loss Train: 4.958709905622527e-05, Loss Test: 26.026376724243164
Epoch 13900, Loss Total: 51.57765197753906, Loss Train: 4.958709905622527e-05, Loss Test: 26.026376724243164
Epoch 14000, Loss Total: 51.57765197753906, Loss Train: 4.958709905622527e-05, Loss Test: 26.026376724243164
Epoch 14100, Loss Total: 51.57765197753906, Loss Train: 4.958709905622527e-05, Loss Test: 26.026376724243164
Epoch 14200, Loss Total: 51.57765197753906, Loss Train: 4.958709905622527e-05, Loss Test: 26.026376724243164
Epoch 14300, Loss Total: 51.57765197753906, Loss Train: 4.958709905622527e-05, Loss Test: 26.026376724243164
Epoch 14400, Loss Total: 51.57765197753906, Loss Train: 4.958709905622527e-05, Loss Test: 26.026376724243164
Epoch 14500, Loss Total: 51.57765197753906, Loss Train: 4.958709905622527e-05, Loss Test: 26.026376724243164
Epoch 14600, Loss Total: 51.57765197753906, Loss Train: 4.958709905622527e-05, Loss Test: 26.026376724243164
Epoch 14700, Loss Total: 51.57765197753906, Loss Train: 4.958709905622527e-05, Loss Test: 26.026376724243164
Epoch 14800, Loss Total: 51.57765197753906, Loss Train: 4.958709905622527e-05, Loss Test: 26.026376724243164
Epoch 14900, Loss Total: 51.57765197753906, Loss Train: 4.958709905622527e-05, Loss Test: 26.026376724243164
Epoch 15000, Loss Total: 51.57765197753906, Loss Train: 4.958709905622527e-05, Loss Test: 26.026376724243164
Epoch 15100, Loss Total: 51.57765197753906, Loss Train: 4.958709905622527e-05, Loss Test: 26.026376724243164
Epoch 15200, Loss Total: 51.57765197753906, Loss Train: 4.958709905622527e-05, Loss Test: 26.026376724243164
Epoch 15300, Loss Total: 51.57765197753906, Loss Train: 4.958709905622527e-05, Loss Test: 26.026376724243164
Epoch 15400, Loss Total: 51.57765197753906, Loss Train: 4.958709905622527e-05, Loss Test: 26.026376724243164
Epoch 15500, Loss Total: 51.57765197753906, Loss Train: 4.958709905622527e-05, Loss Test: 26.026376724243164
Epoch 15600, Loss Total: 51.57765197753906, Loss Train: 4.958709905622527e-05, Loss Test: 26.026376724243164
Epoch 15700, Loss Total: 51.57765197753906, Loss Train: 4.958709905622527e-05, Loss Test: 26.026376724243164
Epoch 15800, Loss Total: 51.57765197753906, Loss Train: 4.958709905622527e-05, Loss Test: 26.026376724243164
Epoch 15900, Loss Total: 51.57765197753906, Loss Train: 4.958709905622527e-05, Loss Test: 26.026376724243164
Epoch 16000, Loss Total: 51.57765197753906, Loss Train: 4.958709905622527e-05, Loss Test: 26.026376724243164
Epoch 16100, Loss Total: 51.57765197753906, Loss Train: 4.958709905622527e-05, Loss Test: 26.026376724243164
Epoch 16200, Loss Total: 51.57765197753906, Loss Train: 4.958709905622527e-05, Loss Test: 26.026376724243164
Epoch 16300, Loss Total: 51.57765197753906, Loss Train: 4.958709905622527e-05, Loss Test: 26.026376724243164
Epoch 16400, Loss Total: 51.57765197753906, Loss Train: 4.958709905622527e-05, Loss Test: 26.026376724243164
Epoch 16500, Loss Total: 51.57765197753906, Loss Train: 4.958709905622527e-05, Loss Test: 26.026376724243164
Epoch 16600, Loss Total: 51.57765197753906, Loss Train: 4.958709905622527e-05, Loss Test: 26.026376724243164
Epoch 16700, Loss Total: 51.57765197753906, Loss Train: 4.958709905622527e-05, Loss Test: 26.026376724243164
Epoch 16800, Loss Total: 51.57765197753906, Loss Train: 4.958709905622527e-05, Loss Test: 26.026376724243164
Epoch 16900, Loss Total: 51.57765197753906, Loss Train: 4.958709905622527e-05, Loss Test: 26.026376724243164
Epoch 17000, Loss Total: 51.57765197753906, Loss Train: 4.958709905622527e-05, Loss Test: 26.026376724243164
Epoch 17100, Loss Total: 51.57765197753906, Loss Train: 4.958709905622527e-05, Loss Test: 26.026376724243164
Epoch 17200, Loss Total: 51.57765197753906, Loss Train: 4.958709905622527e-05, Loss Test: 26.026376724243164
Epoch 17300, Loss Total: 51.57765197753906, Loss Train: 4.958709905622527e-05, Loss Test: 26.026376724243164
Epoch 17400, Loss Total: 51.57765197753906, Loss Train: 4.958709905622527e-05, Loss Test: 26.026376724243164
Epoch 17500, Loss Total: 51.57765197753906, Loss Train: 4.958709905622527e-05, Loss Test: 26.026376724243164
Epoch 17600, Loss Total: 51.57765197753906, Loss Train: 4.958709905622527e-05, Loss Test: 26.026376724243164
Epoch 17700, Loss Total: 51.57765197753906, Loss Train: 4.958709905622527e-05, Loss Test: 26.026376724243164
Epoch 17800, Loss Total: 51.57765197753906, Loss Train: 4.958709905622527e-05, Loss Test: 26.026376724243164
Epoch 17900, Loss Total: 51.57765197753906, Loss Train: 4.958709905622527e-05, Loss Test: 26.026376724243164
Epoch 18000, Loss Total: 51.57765197753906, Loss Train: 4.958709905622527e-05, Loss Test: 26.026376724243164
Epoch 18100, Loss Total: 51.57765197753906, Loss Train: 4.958709905622527e-05, Loss Test: 26.026376724243164
Epoch 18200, Loss Total: 51.57765197753906, Loss Train: 4.958709905622527e-05, Loss Test: 26.026376724243164
Epoch 18300, Loss Total: 51.57765197753906, Loss Train: 4.958709905622527e-05, Loss Test: 26.026376724243164
Epoch 18400, Loss Total: 51.57765197753906, Loss Train: 4.958709905622527e-05, Loss Test: 26.026376724243164
Epoch 18500, Loss Total: 51.57765197753906, Loss Train: 4.958709905622527e-05, Loss Test: 26.026376724243164
Epoch 18600, Loss Total: 51.57765197753906, Loss Train: 4.958709905622527e-05, Loss Test: 26.026376724243164
Epoch 18700, Loss Total: 51.57765197753906, Loss Train: 4.958709905622527e-05, Loss Test: 26.026376724243164
Epoch 18800, Loss Total: 51.57765197753906, Loss Train: 4.958709905622527e-05, Loss Test: 26.026376724243164
Epoch 18900, Loss Total: 51.57765197753906, Loss Train: 4.958709905622527e-05, Loss Test: 26.026376724243164
Epoch 19000, Loss Total: 51.57765197753906, Loss Train: 4.958709905622527e-05, Loss Test: 26.026376724243164
Epoch 19100, Loss Total: 51.57765197753906, Loss Train: 4.958709905622527e-05, Loss Test: 26.026376724243164
Epoch 19200, Loss Total: 51.57765197753906, Loss Train: 4.958709905622527e-05, Loss Test: 26.026376724243164
Epoch 19300, Loss Total: 51.57765197753906, Loss Train: 4.958709905622527e-05, Loss Test: 26.026376724243164
Epoch 19400, Loss Total: 51.57765197753906, Loss Train: 4.958709905622527e-05, Loss Test: 26.026376724243164
Epoch 19500, Loss Total: 51.57765197753906, Loss Train: 4.958709905622527e-05, Loss Test: 26.026376724243164
Epoch 19600, Loss Total: 51.57765197753906, Loss Train: 4.958709905622527e-05, Loss Test: 26.026376724243164
Epoch 19700, Loss Total: 51.57765197753906, Loss Train: 4.958709905622527e-05, Loss Test: 26.026376724243164
Epoch 19800, Loss Total: 51.57765197753906, Loss Train: 4.958709905622527e-05, Loss Test: 26.026376724243164
Epoch 19900, Loss Total: 51.57765197753906, Loss Train: 4.958709905622527e-05, Loss Test: 26.026376724243164
Added results for seed=33 and percentage=0.5
Finished task 305
