Running task 722 with seed=80 and percentage=0.20
Epoch 0, Loss Total: 84.27901458740234, Loss Train: 130.89161682128906, Loss Test: 131.81044006347656
Epoch 100, Loss Total: 47.20082092285156, Loss Train: 39.799503326416016, Loss Test: 72.9765625
Epoch 200, Loss Total: 41.599876403808594, Loss Train: 17.465953826904297, Loss Test: 44.79544448852539
Epoch 300, Loss Total: 44.86763000488281, Loss Train: 8.982632637023926, Loss Test: 36.72692108154297
Epoch 400, Loss Total: 48.39359664916992, Loss Train: 5.088497638702393, Loss Test: 34.209754943847656
Epoch 500, Loss Total: 51.0945930480957, Loss Train: 3.0768492221832275, Loss Test: 33.416194915771484
Epoch 600, Loss Total: 52.99919509887695, Loss Train: 1.9252430200576782, Loss Test: 33.17766571044922
Epoch 700, Loss Total: 54.306793212890625, Loss Train: 1.2169206142425537, Loss Test: 33.115840911865234
Epoch 800, Loss Total: 55.20395278930664, Loss Train: 0.7654715180397034, Loss Test: 33.108863830566406
Epoch 900, Loss Total: 55.82790756225586, Loss Train: 0.47513845562934875, Loss Test: 33.11822509765625
Epoch 1000, Loss Total: 56.27030944824219, Loss Train: 0.289614200592041, Loss Test: 33.13204574584961
Epoch 1100, Loss Total: 56.58968734741211, Loss Train: 0.1727922558784485, Loss Test: 33.14664840698242
Epoch 1200, Loss Total: 56.823204040527344, Loss Train: 0.10065195709466934, Loss Test: 33.16072082519531
Epoch 1300, Loss Total: 56.99495315551758, Loss Train: 0.057111918926239014, Loss Test: 33.17362976074219
Epoch 1400, Loss Total: 57.12131118774414, Loss Train: 0.03150107339024544, Loss Test: 33.185035705566406
Epoch 1500, Loss Total: 57.21393585205078, Loss Train: 0.016858793795108795, Loss Test: 33.19477081298828
Epoch 1600, Loss Total: 57.28144073486328, Loss Train: 0.00874262023717165, Loss Test: 33.20285415649414
Epoch 1700, Loss Total: 57.33031463623047, Loss Train: 0.004391350317746401, Loss Test: 33.20940399169922
Epoch 1800, Loss Total: 57.36545944213867, Loss Train: 0.0021401068661361933, Loss Test: 33.214599609375
Epoch 1900, Loss Total: 57.39057922363281, Loss Train: 0.0010182183468714356, Loss Test: 33.218650817871094
Epoch 2000, Loss Total: 57.40843200683594, Loss Train: 0.0004802927724085748, Loss Test: 33.221763610839844
Epoch 2100, Loss Total: 57.42105484008789, Loss Train: 0.0002322245854884386, Loss Test: 33.224124908447266
Epoch 2200, Loss Total: 57.42995071411133, Loss Train: 0.00012213821173645556, Loss Test: 33.225894927978516
Epoch 2300, Loss Total: 57.43619155883789, Loss Train: 7.499294588342309e-05, Loss Test: 33.22720718383789
Epoch 2400, Loss Total: 57.44056701660156, Loss Train: 5.5206015531439334e-05, Loss Test: 33.22816848754883
Epoch 2500, Loss Total: 57.44362258911133, Loss Train: 4.7094184992602095e-05, Loss Test: 33.2288703918457
Epoch 2600, Loss Total: 57.445762634277344, Loss Train: 4.374115451355465e-05, Loss Test: 33.22937774658203
Epoch 2700, Loss Total: 57.44725036621094, Loss Train: 4.2332605517003685e-05, Loss Test: 33.22974395751953
Epoch 2800, Loss Total: 57.44829559326172, Loss Train: 4.171636828687042e-05, Loss Test: 33.23000717163086
Epoch 2900, Loss Total: 57.44902801513672, Loss Train: 4.1531002352712676e-05, Loss Test: 33.23019790649414
Epoch 3000, Loss Total: 57.44954299926758, Loss Train: 4.129946682951413e-05, Loss Test: 33.23033142089844
Epoch 3100, Loss Total: 57.44990158081055, Loss Train: 4.12478439102415e-05, Loss Test: 33.23042678833008
Epoch 3200, Loss Total: 57.45016098022461, Loss Train: 4.1201139538316056e-05, Loss Test: 33.230499267578125
Epoch 3300, Loss Total: 57.45029830932617, Loss Train: 4.1194511140929535e-05, Loss Test: 33.230533599853516
Epoch 3400, Loss Total: 57.450347900390625, Loss Train: 4.1194536606781185e-05, Loss Test: 33.23054504394531
Epoch 3500, Loss Total: 57.45036697387695, Loss Train: 4.119452933082357e-05, Loss Test: 33.23055648803711
Epoch 3600, Loss Total: 57.45036697387695, Loss Train: 4.119452933082357e-05, Loss Test: 33.23055648803711
Epoch 3700, Loss Total: 57.45036697387695, Loss Train: 4.119452933082357e-05, Loss Test: 33.23055648803711
Epoch 3800, Loss Total: 57.45036697387695, Loss Train: 4.119453296880238e-05, Loss Test: 33.23055648803711
Epoch 3900, Loss Total: 57.45036697387695, Loss Train: 4.119453296880238e-05, Loss Test: 33.23055648803711
Epoch 4000, Loss Total: 57.45036697387695, Loss Train: 4.119453296880238e-05, Loss Test: 33.23055648803711
Epoch 4100, Loss Total: 57.45036697387695, Loss Train: 4.119453296880238e-05, Loss Test: 33.23055648803711
Epoch 4200, Loss Total: 57.45036697387695, Loss Train: 4.119453296880238e-05, Loss Test: 33.23055648803711
Epoch 4300, Loss Total: 57.45036697387695, Loss Train: 4.119453296880238e-05, Loss Test: 33.23055648803711
Epoch 4400, Loss Total: 57.45036697387695, Loss Train: 4.119453296880238e-05, Loss Test: 33.23055648803711
Epoch 4500, Loss Total: 57.45036697387695, Loss Train: 4.119453296880238e-05, Loss Test: 33.23055648803711
Epoch 4600, Loss Total: 57.45036697387695, Loss Train: 4.119453296880238e-05, Loss Test: 33.23055648803711
Epoch 4700, Loss Total: 57.45036697387695, Loss Train: 4.119453296880238e-05, Loss Test: 33.23055648803711
Epoch 4800, Loss Total: 57.45036697387695, Loss Train: 4.119453296880238e-05, Loss Test: 33.23055648803711
Epoch 4900, Loss Total: 57.45036697387695, Loss Train: 4.119453296880238e-05, Loss Test: 33.23055648803711
Epoch 5000, Loss Total: 57.45036697387695, Loss Train: 4.119453296880238e-05, Loss Test: 33.23055648803711
Epoch 5100, Loss Total: 57.45036697387695, Loss Train: 4.119453296880238e-05, Loss Test: 33.23055648803711
Epoch 5200, Loss Total: 57.45036697387695, Loss Train: 4.119453296880238e-05, Loss Test: 33.23055648803711
Epoch 5300, Loss Total: 57.45036697387695, Loss Train: 4.119453296880238e-05, Loss Test: 33.23055648803711
Epoch 5400, Loss Total: 57.45036697387695, Loss Train: 4.119453296880238e-05, Loss Test: 33.23055648803711
Epoch 5500, Loss Total: 57.45036697387695, Loss Train: 4.119453296880238e-05, Loss Test: 33.23055648803711
Epoch 5600, Loss Total: 57.45036697387695, Loss Train: 4.119453296880238e-05, Loss Test: 33.23055648803711
Epoch 5700, Loss Total: 57.45036697387695, Loss Train: 4.119453296880238e-05, Loss Test: 33.23055648803711
Epoch 5800, Loss Total: 57.45036697387695, Loss Train: 4.119453296880238e-05, Loss Test: 33.23055648803711
Epoch 5900, Loss Total: 57.45036697387695, Loss Train: 4.119453296880238e-05, Loss Test: 33.23055648803711
Epoch 6000, Loss Total: 57.45036697387695, Loss Train: 4.119453296880238e-05, Loss Test: 33.23055648803711
Epoch 6100, Loss Total: 57.45036697387695, Loss Train: 4.119453296880238e-05, Loss Test: 33.23055648803711
Epoch 6200, Loss Total: 57.45036697387695, Loss Train: 4.119453296880238e-05, Loss Test: 33.23055648803711
Epoch 6300, Loss Total: 57.45036697387695, Loss Train: 4.119453296880238e-05, Loss Test: 33.23055648803711
Epoch 6400, Loss Total: 57.45036697387695, Loss Train: 4.119453296880238e-05, Loss Test: 33.23055648803711
Epoch 6500, Loss Total: 57.45036697387695, Loss Train: 4.119453296880238e-05, Loss Test: 33.23055648803711
Epoch 6600, Loss Total: 57.45036697387695, Loss Train: 4.119453296880238e-05, Loss Test: 33.23055648803711
Epoch 6700, Loss Total: 57.45036697387695, Loss Train: 4.119453296880238e-05, Loss Test: 33.23055648803711
Epoch 6800, Loss Total: 57.45036697387695, Loss Train: 4.119453296880238e-05, Loss Test: 33.23055648803711
Epoch 6900, Loss Total: 57.45036697387695, Loss Train: 4.119453296880238e-05, Loss Test: 33.23055648803711
Epoch 7000, Loss Total: 57.45036697387695, Loss Train: 4.119453296880238e-05, Loss Test: 33.23055648803711
Epoch 7100, Loss Total: 57.45036697387695, Loss Train: 4.119453296880238e-05, Loss Test: 33.23055648803711
Epoch 7200, Loss Total: 57.45036697387695, Loss Train: 4.119453296880238e-05, Loss Test: 33.23055648803711
Epoch 7300, Loss Total: 57.45036697387695, Loss Train: 4.119453296880238e-05, Loss Test: 33.23055648803711
Epoch 7400, Loss Total: 57.45036697387695, Loss Train: 4.119453296880238e-05, Loss Test: 33.23055648803711
Epoch 7500, Loss Total: 57.45036697387695, Loss Train: 4.119453296880238e-05, Loss Test: 33.23055648803711
Epoch 7600, Loss Total: 57.45036697387695, Loss Train: 4.119453296880238e-05, Loss Test: 33.23055648803711
Epoch 7700, Loss Total: 57.45036697387695, Loss Train: 4.119453296880238e-05, Loss Test: 33.23055648803711
Epoch 7800, Loss Total: 57.45036697387695, Loss Train: 4.119453296880238e-05, Loss Test: 33.23055648803711
Epoch 7900, Loss Total: 57.45036697387695, Loss Train: 4.119453296880238e-05, Loss Test: 33.23055648803711
Epoch 8000, Loss Total: 57.45036697387695, Loss Train: 4.119453296880238e-05, Loss Test: 33.23055648803711
Epoch 8100, Loss Total: 57.45036697387695, Loss Train: 4.119453296880238e-05, Loss Test: 33.23055648803711
Epoch 8200, Loss Total: 57.45036697387695, Loss Train: 4.119453296880238e-05, Loss Test: 33.23055648803711
Epoch 8300, Loss Total: 57.45036697387695, Loss Train: 4.119453296880238e-05, Loss Test: 33.23055648803711
Epoch 8400, Loss Total: 57.45036697387695, Loss Train: 4.119453296880238e-05, Loss Test: 33.23055648803711
Epoch 8500, Loss Total: 57.45036697387695, Loss Train: 4.119453296880238e-05, Loss Test: 33.23055648803711
Epoch 8600, Loss Total: 57.45036697387695, Loss Train: 4.119453296880238e-05, Loss Test: 33.23055648803711
Epoch 8700, Loss Total: 57.45036697387695, Loss Train: 4.119453296880238e-05, Loss Test: 33.23055648803711
Epoch 8800, Loss Total: 57.45036697387695, Loss Train: 4.119453296880238e-05, Loss Test: 33.23055648803711
Epoch 8900, Loss Total: 57.45036697387695, Loss Train: 4.119453296880238e-05, Loss Test: 33.23055648803711
Epoch 9000, Loss Total: 57.45036697387695, Loss Train: 4.119453296880238e-05, Loss Test: 33.23055648803711
Epoch 9100, Loss Total: 57.45036697387695, Loss Train: 4.119453296880238e-05, Loss Test: 33.23055648803711
Epoch 9200, Loss Total: 57.45036697387695, Loss Train: 4.119453296880238e-05, Loss Test: 33.23055648803711
Epoch 9300, Loss Total: 57.45036697387695, Loss Train: 4.119453296880238e-05, Loss Test: 33.23055648803711
Epoch 9400, Loss Total: 57.45036697387695, Loss Train: 4.119453296880238e-05, Loss Test: 33.23055648803711
Epoch 9500, Loss Total: 57.45036697387695, Loss Train: 4.119453296880238e-05, Loss Test: 33.23055648803711
Epoch 9600, Loss Total: 57.45036697387695, Loss Train: 4.119453296880238e-05, Loss Test: 33.23055648803711
Epoch 9700, Loss Total: 57.45036697387695, Loss Train: 4.119453296880238e-05, Loss Test: 33.23055648803711
Epoch 9800, Loss Total: 57.45036697387695, Loss Train: 4.119453296880238e-05, Loss Test: 33.23055648803711
Epoch 9900, Loss Total: 57.45036697387695, Loss Train: 4.119453296880238e-05, Loss Test: 33.23055648803711
Epoch 10000, Loss Total: 57.45036697387695, Loss Train: 4.119453296880238e-05, Loss Test: 33.23055648803711
Epoch 10100, Loss Total: 57.45036697387695, Loss Train: 4.119453296880238e-05, Loss Test: 33.23055648803711
Epoch 10200, Loss Total: 57.45036697387695, Loss Train: 4.119453296880238e-05, Loss Test: 33.23055648803711
Epoch 10300, Loss Total: 57.45036697387695, Loss Train: 4.119453296880238e-05, Loss Test: 33.23055648803711
Epoch 10400, Loss Total: 57.45036697387695, Loss Train: 4.119453296880238e-05, Loss Test: 33.23055648803711
Epoch 10500, Loss Total: 57.45036697387695, Loss Train: 4.119453296880238e-05, Loss Test: 33.23055648803711
Epoch 10600, Loss Total: 57.45036697387695, Loss Train: 4.119453296880238e-05, Loss Test: 33.23055648803711
Epoch 10700, Loss Total: 57.45036697387695, Loss Train: 4.119453296880238e-05, Loss Test: 33.23055648803711
Epoch 10800, Loss Total: 57.45036697387695, Loss Train: 4.119453296880238e-05, Loss Test: 33.23055648803711
Epoch 10900, Loss Total: 57.45036697387695, Loss Train: 4.119453296880238e-05, Loss Test: 33.23055648803711
Epoch 11000, Loss Total: 57.45036697387695, Loss Train: 4.119453296880238e-05, Loss Test: 33.23055648803711
Epoch 11100, Loss Total: 57.45036697387695, Loss Train: 4.119453296880238e-05, Loss Test: 33.23055648803711
Epoch 11200, Loss Total: 57.45036697387695, Loss Train: 4.119453296880238e-05, Loss Test: 33.23055648803711
Epoch 11300, Loss Total: 57.45036697387695, Loss Train: 4.119453296880238e-05, Loss Test: 33.23055648803711
Epoch 11400, Loss Total: 57.45036697387695, Loss Train: 4.119453296880238e-05, Loss Test: 33.23055648803711
Epoch 11500, Loss Total: 57.45036697387695, Loss Train: 4.119453296880238e-05, Loss Test: 33.23055648803711
Epoch 11600, Loss Total: 57.45036697387695, Loss Train: 4.119453296880238e-05, Loss Test: 33.23055648803711
Epoch 11700, Loss Total: 57.45036697387695, Loss Train: 4.119453296880238e-05, Loss Test: 33.23055648803711
Epoch 11800, Loss Total: 57.45036697387695, Loss Train: 4.119453296880238e-05, Loss Test: 33.23055648803711
Epoch 11900, Loss Total: 57.45036697387695, Loss Train: 4.119453296880238e-05, Loss Test: 33.23055648803711
Epoch 12000, Loss Total: 57.45036697387695, Loss Train: 4.119453296880238e-05, Loss Test: 33.23055648803711
Epoch 12100, Loss Total: 57.45036697387695, Loss Train: 4.119453296880238e-05, Loss Test: 33.23055648803711
Epoch 12200, Loss Total: 57.45036697387695, Loss Train: 4.119453296880238e-05, Loss Test: 33.23055648803711
Epoch 12300, Loss Total: 57.45036697387695, Loss Train: 4.119453296880238e-05, Loss Test: 33.23055648803711
Epoch 12400, Loss Total: 57.45036697387695, Loss Train: 4.119453296880238e-05, Loss Test: 33.23055648803711
Epoch 12500, Loss Total: 57.45036697387695, Loss Train: 4.119453296880238e-05, Loss Test: 33.23055648803711
Epoch 12600, Loss Total: 57.45036697387695, Loss Train: 4.119453296880238e-05, Loss Test: 33.23055648803711
Epoch 12700, Loss Total: 57.45036697387695, Loss Train: 4.119453296880238e-05, Loss Test: 33.23055648803711
Epoch 12800, Loss Total: 57.45036697387695, Loss Train: 4.119453296880238e-05, Loss Test: 33.23055648803711
Epoch 12900, Loss Total: 57.45036697387695, Loss Train: 4.119453296880238e-05, Loss Test: 33.23055648803711
Epoch 13000, Loss Total: 57.45036697387695, Loss Train: 4.119453296880238e-05, Loss Test: 33.23055648803711
Epoch 13100, Loss Total: 57.45036697387695, Loss Train: 4.119453296880238e-05, Loss Test: 33.23055648803711
Epoch 13200, Loss Total: 57.45036697387695, Loss Train: 4.119453296880238e-05, Loss Test: 33.23055648803711
Epoch 13300, Loss Total: 57.45036697387695, Loss Train: 4.119453296880238e-05, Loss Test: 33.23055648803711
Epoch 13400, Loss Total: 57.45036697387695, Loss Train: 4.119453296880238e-05, Loss Test: 33.23055648803711
Epoch 13500, Loss Total: 57.45036697387695, Loss Train: 4.119453296880238e-05, Loss Test: 33.23055648803711
Epoch 13600, Loss Total: 57.45036697387695, Loss Train: 4.119453296880238e-05, Loss Test: 33.23055648803711
Epoch 13700, Loss Total: 57.45036697387695, Loss Train: 4.119453296880238e-05, Loss Test: 33.23055648803711
Epoch 13800, Loss Total: 57.45036697387695, Loss Train: 4.119453296880238e-05, Loss Test: 33.23055648803711
Epoch 13900, Loss Total: 57.45036697387695, Loss Train: 4.119453296880238e-05, Loss Test: 33.23055648803711
Epoch 14000, Loss Total: 57.45036697387695, Loss Train: 4.119453296880238e-05, Loss Test: 33.23055648803711
Epoch 14100, Loss Total: 57.45036697387695, Loss Train: 4.119453296880238e-05, Loss Test: 33.23055648803711
Epoch 14200, Loss Total: 57.45036697387695, Loss Train: 4.119453296880238e-05, Loss Test: 33.23055648803711
Epoch 14300, Loss Total: 57.45036697387695, Loss Train: 4.119453296880238e-05, Loss Test: 33.23055648803711
Epoch 14400, Loss Total: 57.45036697387695, Loss Train: 4.119453296880238e-05, Loss Test: 33.23055648803711
Epoch 14500, Loss Total: 57.45036697387695, Loss Train: 4.119453296880238e-05, Loss Test: 33.23055648803711
Epoch 14600, Loss Total: 57.45036697387695, Loss Train: 4.119453296880238e-05, Loss Test: 33.23055648803711
Epoch 14700, Loss Total: 57.45036697387695, Loss Train: 4.119453296880238e-05, Loss Test: 33.23055648803711
Epoch 14800, Loss Total: 57.45036697387695, Loss Train: 4.119453296880238e-05, Loss Test: 33.23055648803711
Epoch 14900, Loss Total: 57.45036697387695, Loss Train: 4.119453296880238e-05, Loss Test: 33.23055648803711
Epoch 15000, Loss Total: 57.45036697387695, Loss Train: 4.119453296880238e-05, Loss Test: 33.23055648803711
Epoch 15100, Loss Total: 57.45036697387695, Loss Train: 4.119453296880238e-05, Loss Test: 33.23055648803711
Epoch 15200, Loss Total: 57.45036697387695, Loss Train: 4.119453296880238e-05, Loss Test: 33.23055648803711
Epoch 15300, Loss Total: 57.45036697387695, Loss Train: 4.119453296880238e-05, Loss Test: 33.23055648803711
Epoch 15400, Loss Total: 57.45036697387695, Loss Train: 4.119453296880238e-05, Loss Test: 33.23055648803711
Epoch 15500, Loss Total: 57.45036697387695, Loss Train: 4.119453296880238e-05, Loss Test: 33.23055648803711
Epoch 15600, Loss Total: 57.45036697387695, Loss Train: 4.119453296880238e-05, Loss Test: 33.23055648803711
Epoch 15700, Loss Total: 57.45036697387695, Loss Train: 4.119453296880238e-05, Loss Test: 33.23055648803711
Epoch 15800, Loss Total: 57.45036697387695, Loss Train: 4.119453296880238e-05, Loss Test: 33.23055648803711
Epoch 15900, Loss Total: 57.45036697387695, Loss Train: 4.119453296880238e-05, Loss Test: 33.23055648803711
Epoch 16000, Loss Total: 57.45036697387695, Loss Train: 4.119453296880238e-05, Loss Test: 33.23055648803711
Epoch 16100, Loss Total: 57.45036697387695, Loss Train: 4.119453296880238e-05, Loss Test: 33.23055648803711
Epoch 16200, Loss Total: 57.45036697387695, Loss Train: 4.119453296880238e-05, Loss Test: 33.23055648803711
Epoch 16300, Loss Total: 57.45036697387695, Loss Train: 4.119453296880238e-05, Loss Test: 33.23055648803711
Epoch 16400, Loss Total: 57.45036697387695, Loss Train: 4.119453296880238e-05, Loss Test: 33.23055648803711
Epoch 16500, Loss Total: 57.45036697387695, Loss Train: 4.119453296880238e-05, Loss Test: 33.23055648803711
Epoch 16600, Loss Total: 57.45036697387695, Loss Train: 4.119453296880238e-05, Loss Test: 33.23055648803711
Epoch 16700, Loss Total: 57.45036697387695, Loss Train: 4.119453296880238e-05, Loss Test: 33.23055648803711
Epoch 16800, Loss Total: 57.45036697387695, Loss Train: 4.119453296880238e-05, Loss Test: 33.23055648803711
Epoch 16900, Loss Total: 57.45036697387695, Loss Train: 4.119453296880238e-05, Loss Test: 33.23055648803711
Epoch 17000, Loss Total: 57.45036697387695, Loss Train: 4.119453296880238e-05, Loss Test: 33.23055648803711
Epoch 17100, Loss Total: 57.45036697387695, Loss Train: 4.119453296880238e-05, Loss Test: 33.23055648803711
Epoch 17200, Loss Total: 57.45036697387695, Loss Train: 4.119453296880238e-05, Loss Test: 33.23055648803711
Epoch 17300, Loss Total: 57.45036697387695, Loss Train: 4.119453296880238e-05, Loss Test: 33.23055648803711
Epoch 17400, Loss Total: 57.45036697387695, Loss Train: 4.119453296880238e-05, Loss Test: 33.23055648803711
Epoch 17500, Loss Total: 57.45036697387695, Loss Train: 4.119453296880238e-05, Loss Test: 33.23055648803711
Epoch 17600, Loss Total: 57.45036697387695, Loss Train: 4.119453296880238e-05, Loss Test: 33.23055648803711
Epoch 17700, Loss Total: 57.45036697387695, Loss Train: 4.119453296880238e-05, Loss Test: 33.23055648803711
Epoch 17800, Loss Total: 57.45036697387695, Loss Train: 4.119453296880238e-05, Loss Test: 33.23055648803711
Epoch 17900, Loss Total: 57.45036697387695, Loss Train: 4.119453296880238e-05, Loss Test: 33.23055648803711
Epoch 18000, Loss Total: 57.45036697387695, Loss Train: 4.119453296880238e-05, Loss Test: 33.23055648803711
Epoch 18100, Loss Total: 57.45036697387695, Loss Train: 4.119453296880238e-05, Loss Test: 33.23055648803711
Epoch 18200, Loss Total: 57.45036697387695, Loss Train: 4.119453296880238e-05, Loss Test: 33.23055648803711
Epoch 18300, Loss Total: 57.45036697387695, Loss Train: 4.119453296880238e-05, Loss Test: 33.23055648803711
Epoch 18400, Loss Total: 57.45036697387695, Loss Train: 4.119453296880238e-05, Loss Test: 33.23055648803711
Epoch 18500, Loss Total: 57.45036697387695, Loss Train: 4.119453296880238e-05, Loss Test: 33.23055648803711
Epoch 18600, Loss Total: 57.45036697387695, Loss Train: 4.119453296880238e-05, Loss Test: 33.23055648803711
Epoch 18700, Loss Total: 57.45036697387695, Loss Train: 4.119453296880238e-05, Loss Test: 33.23055648803711
Epoch 18800, Loss Total: 57.45036697387695, Loss Train: 4.119453296880238e-05, Loss Test: 33.23055648803711
Epoch 18900, Loss Total: 57.45036697387695, Loss Train: 4.119453296880238e-05, Loss Test: 33.23055648803711
Epoch 19000, Loss Total: 57.45036697387695, Loss Train: 4.119453296880238e-05, Loss Test: 33.23055648803711
Epoch 19100, Loss Total: 57.45036697387695, Loss Train: 4.119453296880238e-05, Loss Test: 33.23055648803711
Epoch 19200, Loss Total: 57.45036697387695, Loss Train: 4.119453296880238e-05, Loss Test: 33.23055648803711
Epoch 19300, Loss Total: 57.45036697387695, Loss Train: 4.119453296880238e-05, Loss Test: 33.23055648803711
Epoch 19400, Loss Total: 57.45036697387695, Loss Train: 4.119453296880238e-05, Loss Test: 33.23055648803711
Epoch 19500, Loss Total: 57.45036697387695, Loss Train: 4.119453296880238e-05, Loss Test: 33.23055648803711
Epoch 19600, Loss Total: 57.45036697387695, Loss Train: 4.119453296880238e-05, Loss Test: 33.23055648803711
Epoch 19700, Loss Total: 57.45036697387695, Loss Train: 4.119453296880238e-05, Loss Test: 33.23055648803711
Epoch 19800, Loss Total: 57.45036697387695, Loss Train: 4.119453296880238e-05, Loss Test: 33.23055648803711
Epoch 19900, Loss Total: 57.45036697387695, Loss Train: 4.119453296880238e-05, Loss Test: 33.23055648803711
Added results for seed=80 and percentage=0.2
Finished task 722
