Running task 430 with seed=47 and percentage=0.45
Epoch 0, Loss Total: 78.93737030029297, Loss Train: 120.65869903564453, Loss Test: 125.7370834350586
Epoch 100, Loss Total: 53.8356819152832, Loss Train: 0.0998234823346138, Loss Test: 15.7926607131958
Epoch 200, Loss Total: 55.40650177001953, Loss Train: 8.372872252948582e-05, Loss Test: 15.787174224853516
Epoch 300, Loss Total: 55.6174201965332, Loss Train: 1.517556120234076e-05, Loss Test: 15.789560317993164
Epoch 400, Loss Total: 55.67235565185547, Loss Train: 1.5194596016954165e-05, Loss Test: 15.7907075881958
Epoch 500, Loss Total: 55.682926177978516, Loss Train: 1.5194605111901183e-05, Loss Test: 15.790948867797852
Epoch 600, Loss Total: 55.686317443847656, Loss Train: 1.5194606021395884e-05, Loss Test: 15.791027069091797
Epoch 700, Loss Total: 55.68769454956055, Loss Train: 1.519460874987999e-05, Loss Test: 15.791059494018555
Epoch 800, Loss Total: 55.688323974609375, Loss Train: 1.5194607840385288e-05, Loss Test: 15.791074752807617
Epoch 900, Loss Total: 55.688629150390625, Loss Train: 1.5194606021395884e-05, Loss Test: 15.791081428527832
Epoch 1000, Loss Total: 55.688785552978516, Loss Train: 1.5194606021395884e-05, Loss Test: 15.791083335876465
Epoch 1100, Loss Total: 55.68885803222656, Loss Train: 1.5194606021395884e-05, Loss Test: 15.791085243225098
Epoch 1200, Loss Total: 55.688899993896484, Loss Train: 1.5194606021395884e-05, Loss Test: 15.791088104248047
Epoch 1300, Loss Total: 55.68891906738281, Loss Train: 1.5194606021395884e-05, Loss Test: 15.791088104248047
Epoch 1400, Loss Total: 55.68893051147461, Loss Train: 1.5194606021395884e-05, Loss Test: 15.791088104248047
Epoch 1500, Loss Total: 55.68893051147461, Loss Train: 1.5194606021395884e-05, Loss Test: 15.791088104248047
Epoch 1600, Loss Total: 55.68893051147461, Loss Train: 1.5194606021395884e-05, Loss Test: 15.791088104248047
Epoch 1700, Loss Total: 55.68893051147461, Loss Train: 1.5194606021395884e-05, Loss Test: 15.791088104248047
Epoch 1800, Loss Total: 55.68893051147461, Loss Train: 1.5194606021395884e-05, Loss Test: 15.791088104248047
Epoch 1900, Loss Total: 55.68893051147461, Loss Train: 1.5194606021395884e-05, Loss Test: 15.791088104248047
Epoch 2000, Loss Total: 55.68893051147461, Loss Train: 1.5194606021395884e-05, Loss Test: 15.791088104248047
Epoch 2100, Loss Total: 55.68893051147461, Loss Train: 1.5194606021395884e-05, Loss Test: 15.791088104248047
Epoch 2200, Loss Total: 55.68893051147461, Loss Train: 1.5194606021395884e-05, Loss Test: 15.791088104248047
Epoch 2300, Loss Total: 55.68893051147461, Loss Train: 1.5194606021395884e-05, Loss Test: 15.791088104248047
Epoch 2400, Loss Total: 55.68893051147461, Loss Train: 1.5194606021395884e-05, Loss Test: 15.791088104248047
Epoch 2500, Loss Total: 55.68893051147461, Loss Train: 1.5194606021395884e-05, Loss Test: 15.791088104248047
Epoch 2600, Loss Total: 55.68893051147461, Loss Train: 1.5194606021395884e-05, Loss Test: 15.791088104248047
Epoch 2700, Loss Total: 55.68893051147461, Loss Train: 1.5194606021395884e-05, Loss Test: 15.791088104248047
Epoch 2800, Loss Total: 55.68893051147461, Loss Train: 1.5194606021395884e-05, Loss Test: 15.791088104248047
Epoch 2900, Loss Total: 55.68893051147461, Loss Train: 1.5194606021395884e-05, Loss Test: 15.791088104248047
Epoch 3000, Loss Total: 55.68893051147461, Loss Train: 1.5194606021395884e-05, Loss Test: 15.791088104248047
Epoch 3100, Loss Total: 55.68893051147461, Loss Train: 1.5194606021395884e-05, Loss Test: 15.791088104248047
Epoch 3200, Loss Total: 55.68893051147461, Loss Train: 1.5194606021395884e-05, Loss Test: 15.791088104248047
Epoch 3300, Loss Total: 55.68893051147461, Loss Train: 1.5194606021395884e-05, Loss Test: 15.791088104248047
Epoch 3400, Loss Total: 55.68893051147461, Loss Train: 1.5194606021395884e-05, Loss Test: 15.791088104248047
Epoch 3500, Loss Total: 55.68893051147461, Loss Train: 1.5194606021395884e-05, Loss Test: 15.791088104248047
Epoch 3600, Loss Total: 55.68893051147461, Loss Train: 1.5194606021395884e-05, Loss Test: 15.791088104248047
Epoch 3700, Loss Total: 55.68893051147461, Loss Train: 1.5194606021395884e-05, Loss Test: 15.791088104248047
Epoch 3800, Loss Total: 55.68893051147461, Loss Train: 1.5194606021395884e-05, Loss Test: 15.791088104248047
Epoch 3900, Loss Total: 55.68893051147461, Loss Train: 1.5194606021395884e-05, Loss Test: 15.791088104248047
Epoch 4000, Loss Total: 55.68893051147461, Loss Train: 1.5194606021395884e-05, Loss Test: 15.791088104248047
Epoch 4100, Loss Total: 55.68893051147461, Loss Train: 1.5194606021395884e-05, Loss Test: 15.791088104248047
Epoch 4200, Loss Total: 55.68893051147461, Loss Train: 1.5194606021395884e-05, Loss Test: 15.791088104248047
Epoch 4300, Loss Total: 55.68893051147461, Loss Train: 1.5194606021395884e-05, Loss Test: 15.791088104248047
Epoch 4400, Loss Total: 55.68893051147461, Loss Train: 1.5194606021395884e-05, Loss Test: 15.791088104248047
Epoch 4500, Loss Total: 55.68893051147461, Loss Train: 1.5194606021395884e-05, Loss Test: 15.791088104248047
Epoch 4600, Loss Total: 55.68893051147461, Loss Train: 1.5194606021395884e-05, Loss Test: 15.791088104248047
Epoch 4700, Loss Total: 55.68893051147461, Loss Train: 1.5194606021395884e-05, Loss Test: 15.791088104248047
Epoch 4800, Loss Total: 55.68893051147461, Loss Train: 1.5194606021395884e-05, Loss Test: 15.791088104248047
Epoch 4900, Loss Total: 55.68893051147461, Loss Train: 1.5194606021395884e-05, Loss Test: 15.791088104248047
Epoch 5000, Loss Total: 55.68893051147461, Loss Train: 1.5194606021395884e-05, Loss Test: 15.791088104248047
Epoch 5100, Loss Total: 55.68893051147461, Loss Train: 1.5194606021395884e-05, Loss Test: 15.791088104248047
Epoch 5200, Loss Total: 55.68893051147461, Loss Train: 1.5194606021395884e-05, Loss Test: 15.791088104248047
Epoch 5300, Loss Total: 55.68893051147461, Loss Train: 1.5194606021395884e-05, Loss Test: 15.791088104248047
Epoch 5400, Loss Total: 55.68893051147461, Loss Train: 1.5194606021395884e-05, Loss Test: 15.791088104248047
Epoch 5500, Loss Total: 55.68893051147461, Loss Train: 1.5194606021395884e-05, Loss Test: 15.791088104248047
Epoch 5600, Loss Total: 55.68893051147461, Loss Train: 1.5194606021395884e-05, Loss Test: 15.791088104248047
Epoch 5700, Loss Total: 55.68893051147461, Loss Train: 1.5194606021395884e-05, Loss Test: 15.791088104248047
Epoch 5800, Loss Total: 55.68893051147461, Loss Train: 1.5194606021395884e-05, Loss Test: 15.791088104248047
Epoch 5900, Loss Total: 55.68893051147461, Loss Train: 1.5194606021395884e-05, Loss Test: 15.791088104248047
Epoch 6000, Loss Total: 55.68893051147461, Loss Train: 1.5194606021395884e-05, Loss Test: 15.791088104248047
Epoch 6100, Loss Total: 55.68893051147461, Loss Train: 1.5194606021395884e-05, Loss Test: 15.791088104248047
Epoch 6200, Loss Total: 55.68893051147461, Loss Train: 1.5194606021395884e-05, Loss Test: 15.791088104248047
Epoch 6300, Loss Total: 55.68893051147461, Loss Train: 1.5194606021395884e-05, Loss Test: 15.791088104248047
Epoch 6400, Loss Total: 55.68893051147461, Loss Train: 1.5194606021395884e-05, Loss Test: 15.791088104248047
Epoch 6500, Loss Total: 55.68893051147461, Loss Train: 1.5194606021395884e-05, Loss Test: 15.791088104248047
Epoch 6600, Loss Total: 55.68893051147461, Loss Train: 1.5194606021395884e-05, Loss Test: 15.791088104248047
Epoch 6700, Loss Total: 55.68893051147461, Loss Train: 1.5194606021395884e-05, Loss Test: 15.791088104248047
Epoch 6800, Loss Total: 55.68893051147461, Loss Train: 1.5194606021395884e-05, Loss Test: 15.791088104248047
Epoch 6900, Loss Total: 55.68893051147461, Loss Train: 1.5194606021395884e-05, Loss Test: 15.791088104248047
Epoch 7000, Loss Total: 55.68893051147461, Loss Train: 1.5194606021395884e-05, Loss Test: 15.791088104248047
Epoch 7100, Loss Total: 55.68893051147461, Loss Train: 1.5194606021395884e-05, Loss Test: 15.791088104248047
Epoch 7200, Loss Total: 55.68893051147461, Loss Train: 1.5194606021395884e-05, Loss Test: 15.791088104248047
Epoch 7300, Loss Total: 55.68893051147461, Loss Train: 1.5194606021395884e-05, Loss Test: 15.791088104248047
Epoch 7400, Loss Total: 55.68893051147461, Loss Train: 1.5194606021395884e-05, Loss Test: 15.791088104248047
Epoch 7500, Loss Total: 55.68893051147461, Loss Train: 1.5194606021395884e-05, Loss Test: 15.791088104248047
Epoch 7600, Loss Total: 55.68893051147461, Loss Train: 1.5194606021395884e-05, Loss Test: 15.791088104248047
Epoch 7700, Loss Total: 55.68893051147461, Loss Train: 1.5194606021395884e-05, Loss Test: 15.791088104248047
Epoch 7800, Loss Total: 55.68893051147461, Loss Train: 1.5194606021395884e-05, Loss Test: 15.791088104248047
Epoch 7900, Loss Total: 55.68893051147461, Loss Train: 1.5194606021395884e-05, Loss Test: 15.791088104248047
Epoch 8000, Loss Total: 55.68893051147461, Loss Train: 1.5194606021395884e-05, Loss Test: 15.791088104248047
Epoch 8100, Loss Total: 55.68893051147461, Loss Train: 1.5194606021395884e-05, Loss Test: 15.791088104248047
Epoch 8200, Loss Total: 55.68893051147461, Loss Train: 1.5194606021395884e-05, Loss Test: 15.791088104248047
Epoch 8300, Loss Total: 55.68893051147461, Loss Train: 1.5194606021395884e-05, Loss Test: 15.791088104248047
Epoch 8400, Loss Total: 55.68893051147461, Loss Train: 1.5194606021395884e-05, Loss Test: 15.791088104248047
Epoch 8500, Loss Total: 55.68893051147461, Loss Train: 1.5194606021395884e-05, Loss Test: 15.791088104248047
Epoch 8600, Loss Total: 55.68893051147461, Loss Train: 1.5194606021395884e-05, Loss Test: 15.791088104248047
Epoch 8700, Loss Total: 55.68893051147461, Loss Train: 1.5194606021395884e-05, Loss Test: 15.791088104248047
Epoch 8800, Loss Total: 55.68893051147461, Loss Train: 1.5194606021395884e-05, Loss Test: 15.791088104248047
Epoch 8900, Loss Total: 55.68893051147461, Loss Train: 1.5194606021395884e-05, Loss Test: 15.791088104248047
Epoch 9000, Loss Total: 55.68893051147461, Loss Train: 1.5194606021395884e-05, Loss Test: 15.791088104248047
Epoch 9100, Loss Total: 55.68893051147461, Loss Train: 1.5194606021395884e-05, Loss Test: 15.791088104248047
Epoch 9200, Loss Total: 55.68893051147461, Loss Train: 1.5194606021395884e-05, Loss Test: 15.791088104248047
Epoch 9300, Loss Total: 55.68893051147461, Loss Train: 1.5194606021395884e-05, Loss Test: 15.791088104248047
Epoch 9400, Loss Total: 55.68893051147461, Loss Train: 1.5194606021395884e-05, Loss Test: 15.791088104248047
Epoch 9500, Loss Total: 55.68893051147461, Loss Train: 1.5194606021395884e-05, Loss Test: 15.791088104248047
Epoch 9600, Loss Total: 55.68893051147461, Loss Train: 1.5194606021395884e-05, Loss Test: 15.791088104248047
Epoch 9700, Loss Total: 55.68893051147461, Loss Train: 1.5194606021395884e-05, Loss Test: 15.791088104248047
Epoch 9800, Loss Total: 55.68893051147461, Loss Train: 1.5194606021395884e-05, Loss Test: 15.791088104248047
Epoch 9900, Loss Total: 55.68893051147461, Loss Train: 1.5194606021395884e-05, Loss Test: 15.791088104248047
Epoch 10000, Loss Total: 55.68893051147461, Loss Train: 1.5194606021395884e-05, Loss Test: 15.791088104248047
Epoch 10100, Loss Total: 55.68893051147461, Loss Train: 1.5194606021395884e-05, Loss Test: 15.791088104248047
Epoch 10200, Loss Total: 55.68893051147461, Loss Train: 1.5194606021395884e-05, Loss Test: 15.791088104248047
Epoch 10300, Loss Total: 55.68893051147461, Loss Train: 1.5194606021395884e-05, Loss Test: 15.791088104248047
Epoch 10400, Loss Total: 55.68893051147461, Loss Train: 1.5194606021395884e-05, Loss Test: 15.791088104248047
Epoch 10500, Loss Total: 55.68893051147461, Loss Train: 1.5194606021395884e-05, Loss Test: 15.791088104248047
Epoch 10600, Loss Total: 55.68893051147461, Loss Train: 1.5194606021395884e-05, Loss Test: 15.791088104248047
Epoch 10700, Loss Total: 55.68893051147461, Loss Train: 1.5194606021395884e-05, Loss Test: 15.791088104248047
Epoch 10800, Loss Total: 55.68893051147461, Loss Train: 1.5194606021395884e-05, Loss Test: 15.791088104248047
Epoch 10900, Loss Total: 55.68893051147461, Loss Train: 1.5194606021395884e-05, Loss Test: 15.791088104248047
Epoch 11000, Loss Total: 55.68893051147461, Loss Train: 1.5194606021395884e-05, Loss Test: 15.791088104248047
Epoch 11100, Loss Total: 55.68893051147461, Loss Train: 1.5194606021395884e-05, Loss Test: 15.791088104248047
Epoch 11200, Loss Total: 55.68893051147461, Loss Train: 1.5194606021395884e-05, Loss Test: 15.791088104248047
Epoch 11300, Loss Total: 55.68893051147461, Loss Train: 1.5194606021395884e-05, Loss Test: 15.791088104248047
Epoch 11400, Loss Total: 55.68893051147461, Loss Train: 1.5194606021395884e-05, Loss Test: 15.791088104248047
Epoch 11500, Loss Total: 55.68893051147461, Loss Train: 1.5194606021395884e-05, Loss Test: 15.791088104248047
Epoch 11600, Loss Total: 55.68893051147461, Loss Train: 1.5194606021395884e-05, Loss Test: 15.791088104248047
Epoch 11700, Loss Total: 55.68893051147461, Loss Train: 1.5194606021395884e-05, Loss Test: 15.791088104248047
Epoch 11800, Loss Total: 55.68893051147461, Loss Train: 1.5194606021395884e-05, Loss Test: 15.791088104248047
Epoch 11900, Loss Total: 55.68893051147461, Loss Train: 1.5194606021395884e-05, Loss Test: 15.791088104248047
Epoch 12000, Loss Total: 55.68893051147461, Loss Train: 1.5194606021395884e-05, Loss Test: 15.791088104248047
Epoch 12100, Loss Total: 55.68893051147461, Loss Train: 1.5194606021395884e-05, Loss Test: 15.791088104248047
Epoch 12200, Loss Total: 55.68893051147461, Loss Train: 1.5194606021395884e-05, Loss Test: 15.791088104248047
Epoch 12300, Loss Total: 55.68893051147461, Loss Train: 1.5194606021395884e-05, Loss Test: 15.791088104248047
Epoch 12400, Loss Total: 55.68893051147461, Loss Train: 1.5194606021395884e-05, Loss Test: 15.791088104248047
Epoch 12500, Loss Total: 55.68893051147461, Loss Train: 1.5194606021395884e-05, Loss Test: 15.791088104248047
Epoch 12600, Loss Total: 55.68893051147461, Loss Train: 1.5194606021395884e-05, Loss Test: 15.791088104248047
Epoch 12700, Loss Total: 55.68893051147461, Loss Train: 1.5194606021395884e-05, Loss Test: 15.791088104248047
Epoch 12800, Loss Total: 55.68893051147461, Loss Train: 1.5194606021395884e-05, Loss Test: 15.791088104248047
Epoch 12900, Loss Total: 55.68893051147461, Loss Train: 1.5194606021395884e-05, Loss Test: 15.791088104248047
Epoch 13000, Loss Total: 55.68893051147461, Loss Train: 1.5194606021395884e-05, Loss Test: 15.791088104248047
Epoch 13100, Loss Total: 55.68893051147461, Loss Train: 1.5194606021395884e-05, Loss Test: 15.791088104248047
Epoch 13200, Loss Total: 55.68893051147461, Loss Train: 1.5194606021395884e-05, Loss Test: 15.791088104248047
Epoch 13300, Loss Total: 55.68893051147461, Loss Train: 1.5194606021395884e-05, Loss Test: 15.791088104248047
Epoch 13400, Loss Total: 55.68893051147461, Loss Train: 1.5194606021395884e-05, Loss Test: 15.791088104248047
Epoch 13500, Loss Total: 55.68893051147461, Loss Train: 1.5194606021395884e-05, Loss Test: 15.791088104248047
Epoch 13600, Loss Total: 55.68893051147461, Loss Train: 1.5194606021395884e-05, Loss Test: 15.791088104248047
Epoch 13700, Loss Total: 55.68893051147461, Loss Train: 1.5194606021395884e-05, Loss Test: 15.791088104248047
Epoch 13800, Loss Total: 55.68893051147461, Loss Train: 1.5194606021395884e-05, Loss Test: 15.791088104248047
Epoch 13900, Loss Total: 55.68893051147461, Loss Train: 1.5194606021395884e-05, Loss Test: 15.791088104248047
Epoch 14000, Loss Total: 55.68893051147461, Loss Train: 1.5194606021395884e-05, Loss Test: 15.791088104248047
Epoch 14100, Loss Total: 55.68893051147461, Loss Train: 1.5194606021395884e-05, Loss Test: 15.791088104248047
Epoch 14200, Loss Total: 55.68893051147461, Loss Train: 1.5194606021395884e-05, Loss Test: 15.791088104248047
Epoch 14300, Loss Total: 55.68893051147461, Loss Train: 1.5194606021395884e-05, Loss Test: 15.791088104248047
Epoch 14400, Loss Total: 55.68893051147461, Loss Train: 1.5194606021395884e-05, Loss Test: 15.791088104248047
Epoch 14500, Loss Total: 55.68893051147461, Loss Train: 1.5194606021395884e-05, Loss Test: 15.791088104248047
Epoch 14600, Loss Total: 55.68893051147461, Loss Train: 1.5194606021395884e-05, Loss Test: 15.791088104248047
Epoch 14700, Loss Total: 55.68893051147461, Loss Train: 1.5194606021395884e-05, Loss Test: 15.791088104248047
Epoch 14800, Loss Total: 55.68893051147461, Loss Train: 1.5194606021395884e-05, Loss Test: 15.791088104248047
Epoch 14900, Loss Total: 55.68893051147461, Loss Train: 1.5194606021395884e-05, Loss Test: 15.791088104248047
Epoch 15000, Loss Total: 55.68893051147461, Loss Train: 1.5194606021395884e-05, Loss Test: 15.791088104248047
Epoch 15100, Loss Total: 55.68893051147461, Loss Train: 1.5194606021395884e-05, Loss Test: 15.791088104248047
Epoch 15200, Loss Total: 55.68893051147461, Loss Train: 1.5194606021395884e-05, Loss Test: 15.791088104248047
Epoch 15300, Loss Total: 55.68893051147461, Loss Train: 1.5194606021395884e-05, Loss Test: 15.791088104248047
Epoch 15400, Loss Total: 55.68893051147461, Loss Train: 1.5194606021395884e-05, Loss Test: 15.791088104248047
Epoch 15500, Loss Total: 55.68893051147461, Loss Train: 1.5194606021395884e-05, Loss Test: 15.791088104248047
Epoch 15600, Loss Total: 55.68893051147461, Loss Train: 1.5194606021395884e-05, Loss Test: 15.791088104248047
Epoch 15700, Loss Total: 55.68893051147461, Loss Train: 1.5194606021395884e-05, Loss Test: 15.791088104248047
Epoch 15800, Loss Total: 55.68893051147461, Loss Train: 1.5194606021395884e-05, Loss Test: 15.791088104248047
Epoch 15900, Loss Total: 55.68893051147461, Loss Train: 1.5194606021395884e-05, Loss Test: 15.791088104248047
Epoch 16000, Loss Total: 55.68893051147461, Loss Train: 1.5194606021395884e-05, Loss Test: 15.791088104248047
Epoch 16100, Loss Total: 55.68893051147461, Loss Train: 1.5194606021395884e-05, Loss Test: 15.791088104248047
Epoch 16200, Loss Total: 55.68893051147461, Loss Train: 1.5194606021395884e-05, Loss Test: 15.791088104248047
Epoch 16300, Loss Total: 55.68893051147461, Loss Train: 1.5194606021395884e-05, Loss Test: 15.791088104248047
Epoch 16400, Loss Total: 55.68893051147461, Loss Train: 1.5194606021395884e-05, Loss Test: 15.791088104248047
Epoch 16500, Loss Total: 55.68893051147461, Loss Train: 1.5194606021395884e-05, Loss Test: 15.791088104248047
Epoch 16600, Loss Total: 55.68893051147461, Loss Train: 1.5194606021395884e-05, Loss Test: 15.791088104248047
Epoch 16700, Loss Total: 55.68893051147461, Loss Train: 1.5194606021395884e-05, Loss Test: 15.791088104248047
Epoch 16800, Loss Total: 55.68893051147461, Loss Train: 1.5194606021395884e-05, Loss Test: 15.791088104248047
Epoch 16900, Loss Total: 55.68893051147461, Loss Train: 1.5194606021395884e-05, Loss Test: 15.791088104248047
Epoch 17000, Loss Total: 55.68893051147461, Loss Train: 1.5194606021395884e-05, Loss Test: 15.791088104248047
Epoch 17100, Loss Total: 55.68893051147461, Loss Train: 1.5194606021395884e-05, Loss Test: 15.791088104248047
Epoch 17200, Loss Total: 55.68893051147461, Loss Train: 1.5194606021395884e-05, Loss Test: 15.791088104248047
Epoch 17300, Loss Total: 55.68893051147461, Loss Train: 1.5194606021395884e-05, Loss Test: 15.791088104248047
Epoch 17400, Loss Total: 55.68893051147461, Loss Train: 1.5194606021395884e-05, Loss Test: 15.791088104248047
Epoch 17500, Loss Total: 55.68893051147461, Loss Train: 1.5194606021395884e-05, Loss Test: 15.791088104248047
Epoch 17600, Loss Total: 55.68893051147461, Loss Train: 1.5194606021395884e-05, Loss Test: 15.791088104248047
Epoch 17700, Loss Total: 55.68893051147461, Loss Train: 1.5194606021395884e-05, Loss Test: 15.791088104248047
Epoch 17800, Loss Total: 55.68893051147461, Loss Train: 1.5194606021395884e-05, Loss Test: 15.791088104248047
Epoch 17900, Loss Total: 55.68893051147461, Loss Train: 1.5194606021395884e-05, Loss Test: 15.791088104248047
Epoch 18000, Loss Total: 55.68893051147461, Loss Train: 1.5194606021395884e-05, Loss Test: 15.791088104248047
Epoch 18100, Loss Total: 55.68893051147461, Loss Train: 1.5194606021395884e-05, Loss Test: 15.791088104248047
Epoch 18200, Loss Total: 55.68893051147461, Loss Train: 1.5194606021395884e-05, Loss Test: 15.791088104248047
Epoch 18300, Loss Total: 55.68893051147461, Loss Train: 1.5194606021395884e-05, Loss Test: 15.791088104248047
Epoch 18400, Loss Total: 55.68893051147461, Loss Train: 1.5194606021395884e-05, Loss Test: 15.791088104248047
Epoch 18500, Loss Total: 55.68893051147461, Loss Train: 1.5194606021395884e-05, Loss Test: 15.791088104248047
Epoch 18600, Loss Total: 55.68893051147461, Loss Train: 1.5194606021395884e-05, Loss Test: 15.791088104248047
Epoch 18700, Loss Total: 55.68893051147461, Loss Train: 1.5194606021395884e-05, Loss Test: 15.791088104248047
Epoch 18800, Loss Total: 55.68893051147461, Loss Train: 1.5194606021395884e-05, Loss Test: 15.791088104248047
Epoch 18900, Loss Total: 55.68893051147461, Loss Train: 1.5194606021395884e-05, Loss Test: 15.791088104248047
Epoch 19000, Loss Total: 55.68893051147461, Loss Train: 1.5194606021395884e-05, Loss Test: 15.791088104248047
Epoch 19100, Loss Total: 55.68893051147461, Loss Train: 1.5194606021395884e-05, Loss Test: 15.791088104248047
Epoch 19200, Loss Total: 55.68893051147461, Loss Train: 1.5194606021395884e-05, Loss Test: 15.791088104248047
Epoch 19300, Loss Total: 55.68893051147461, Loss Train: 1.5194606021395884e-05, Loss Test: 15.791088104248047
Epoch 19400, Loss Total: 55.68893051147461, Loss Train: 1.5194606021395884e-05, Loss Test: 15.791088104248047
Epoch 19500, Loss Total: 55.68893051147461, Loss Train: 1.5194606021395884e-05, Loss Test: 15.791088104248047
Epoch 19600, Loss Total: 55.68893051147461, Loss Train: 1.5194606021395884e-05, Loss Test: 15.791088104248047
Epoch 19700, Loss Total: 55.68893051147461, Loss Train: 1.5194606021395884e-05, Loss Test: 15.791088104248047
Epoch 19800, Loss Total: 55.68893051147461, Loss Train: 1.5194606021395884e-05, Loss Test: 15.791088104248047
Epoch 19900, Loss Total: 55.68893051147461, Loss Train: 1.5194606021395884e-05, Loss Test: 15.791088104248047
Added results for seed=47 and percentage=0.45
Finished task 430
