Running task 181 with seed=20 and percentage=0.15
Epoch 0, Loss Total: 84.24654388427734, Loss Train: 133.024658203125, Loss Test: 131.30706787109375
Epoch 100, Loss Total: 50.70818328857422, Loss Train: 40.85260009765625, Loss Test: 79.1267318725586
Epoch 200, Loss Total: 42.53920364379883, Loss Train: 17.467456817626953, Loss Test: 49.1404914855957
Epoch 300, Loss Total: 44.911190032958984, Loss Train: 8.379114151000977, Loss Test: 39.454750061035156
Epoch 400, Loss Total: 48.596866607666016, Loss Train: 4.270028591156006, Loss Test: 36.18290328979492
Epoch 500, Loss Total: 51.815040588378906, Loss Train: 2.293185234069824, Loss Test: 35.08802795410156
Epoch 600, Loss Total: 54.29951095581055, Loss Train: 1.2875258922576904, Loss Test: 34.772804260253906
Epoch 700, Loss Total: 56.13323211669922, Loss Train: 0.7447126507759094, Loss Test: 34.73933410644531
Epoch 800, Loss Total: 57.4619255065918, Loss Train: 0.43654608726501465, Loss Test: 34.80031204223633
Epoch 900, Loss Total: 58.41858673095703, Loss Train: 0.255874365568161, Loss Test: 34.88418960571289
Epoch 1000, Loss Total: 59.10730743408203, Loss Train: 0.14852142333984375, Loss Test: 34.96489334106445
Epoch 1100, Loss Total: 59.6046028137207, Loss Train: 0.08479666709899902, Loss Test: 35.03439712524414
Epoch 1200, Loss Total: 59.965126037597656, Loss Train: 0.047380927950143814, Loss Test: 35.09151077270508
Epoch 1300, Loss Total: 60.22747039794922, Loss Train: 0.025804340839385986, Loss Test: 35.13734436035156
Epoch 1400, Loss Total: 60.41884231567383, Loss Train: 0.01365188043564558, Loss Test: 35.17355728149414
Epoch 1500, Loss Total: 60.55851745605469, Loss Train: 0.006998123601078987, Loss Test: 35.20175552368164
Epoch 1600, Loss Total: 60.660362243652344, Loss Train: 0.003471712116152048, Loss Test: 35.2234001159668
Epoch 1700, Loss Total: 60.7343864440918, Loss Train: 0.0016689099138602614, Loss Test: 35.239749908447266
Epoch 1800, Loss Total: 60.7879638671875, Loss Train: 0.0007829578244127333, Loss Test: 35.251888275146484
Epoch 1900, Loss Total: 60.82655334472656, Loss Train: 0.0003652684099506587, Loss Test: 35.26074981689453
Epoch 2000, Loss Total: 60.85417938232422, Loss Train: 0.00017647587810643017, Loss Test: 35.2671012878418
Epoch 2100, Loss Total: 60.87385940551758, Loss Train: 9.464500908507034e-05, Loss Test: 35.271583557128906
Epoch 2200, Loss Total: 60.88779830932617, Loss Train: 6.048631257726811e-05, Loss Test: 35.274696350097656
Epoch 2300, Loss Total: 60.89762878417969, Loss Train: 4.6627963456558064e-05, Loss Test: 35.276832580566406
Epoch 2400, Loss Total: 60.9045524597168, Loss Train: 4.107592030777596e-05, Loss Test: 35.278282165527344
Epoch 2500, Loss Total: 60.90940475463867, Loss Train: 3.887863567797467e-05, Loss Test: 35.27924728393555
Epoch 2600, Loss Total: 60.912811279296875, Loss Train: 3.790857590502128e-05, Loss Test: 35.2798957824707
Epoch 2700, Loss Total: 60.91520309448242, Loss Train: 3.7508292734855786e-05, Loss Test: 35.28032684326172
Epoch 2800, Loss Total: 60.916873931884766, Loss Train: 3.733279663720168e-05, Loss Test: 35.280616760253906
Epoch 2900, Loss Total: 60.918052673339844, Loss Train: 3.7230045563774183e-05, Loss Test: 35.280799865722656
Epoch 3000, Loss Total: 60.91889190673828, Loss Train: 3.719872620422393e-05, Loss Test: 35.28092956542969
Epoch 3100, Loss Total: 60.91935729980469, Loss Train: 3.7173340388108045e-05, Loss Test: 35.281002044677734
Epoch 3200, Loss Total: 60.91954040527344, Loss Train: 3.717214349308051e-05, Loss Test: 35.28102493286133
Epoch 3300, Loss Total: 60.91961669921875, Loss Train: 3.7172139855101705e-05, Loss Test: 35.281036376953125
Epoch 3400, Loss Total: 60.919647216796875, Loss Train: 3.7172139855101705e-05, Loss Test: 35.281036376953125
Epoch 3500, Loss Total: 60.91966247558594, Loss Train: 3.717214349308051e-05, Loss Test: 35.28104019165039
Epoch 3600, Loss Total: 60.91966247558594, Loss Train: 3.717214349308051e-05, Loss Test: 35.28104019165039
Epoch 3700, Loss Total: 60.91966247558594, Loss Train: 3.717214349308051e-05, Loss Test: 35.28104019165039
Epoch 3800, Loss Total: 60.91966247558594, Loss Train: 3.717214349308051e-05, Loss Test: 35.28104019165039
Epoch 3900, Loss Total: 60.91966247558594, Loss Train: 3.717214349308051e-05, Loss Test: 35.28104019165039
Epoch 4000, Loss Total: 60.91966247558594, Loss Train: 3.717214349308051e-05, Loss Test: 35.28104019165039
Epoch 4100, Loss Total: 60.91966247558594, Loss Train: 3.717214349308051e-05, Loss Test: 35.28104019165039
Epoch 4200, Loss Total: 60.91966247558594, Loss Train: 3.717214349308051e-05, Loss Test: 35.28104019165039
Epoch 4300, Loss Total: 60.91966247558594, Loss Train: 3.717214349308051e-05, Loss Test: 35.28104019165039
Epoch 4400, Loss Total: 60.91966247558594, Loss Train: 3.717214349308051e-05, Loss Test: 35.28104019165039
Epoch 4500, Loss Total: 60.91966247558594, Loss Train: 3.717214349308051e-05, Loss Test: 35.28104019165039
Epoch 4600, Loss Total: 60.91966247558594, Loss Train: 3.717214349308051e-05, Loss Test: 35.28104019165039
Epoch 4700, Loss Total: 60.91966247558594, Loss Train: 3.717214349308051e-05, Loss Test: 35.28104019165039
Epoch 4800, Loss Total: 60.91966247558594, Loss Train: 3.717214349308051e-05, Loss Test: 35.28104019165039
Epoch 4900, Loss Total: 60.91966247558594, Loss Train: 3.717214349308051e-05, Loss Test: 35.28104019165039
Epoch 5000, Loss Total: 60.91966247558594, Loss Train: 3.717214349308051e-05, Loss Test: 35.28104019165039
Epoch 5100, Loss Total: 60.91966247558594, Loss Train: 3.717214349308051e-05, Loss Test: 35.28104019165039
Epoch 5200, Loss Total: 60.91966247558594, Loss Train: 3.717214349308051e-05, Loss Test: 35.28104019165039
Epoch 5300, Loss Total: 60.91966247558594, Loss Train: 3.717214349308051e-05, Loss Test: 35.28104019165039
Epoch 5400, Loss Total: 60.91966247558594, Loss Train: 3.717214349308051e-05, Loss Test: 35.28104019165039
Epoch 5500, Loss Total: 60.91966247558594, Loss Train: 3.717214349308051e-05, Loss Test: 35.28104019165039
Epoch 5600, Loss Total: 60.91966247558594, Loss Train: 3.717214349308051e-05, Loss Test: 35.28104019165039
Epoch 5700, Loss Total: 60.91966247558594, Loss Train: 3.717214349308051e-05, Loss Test: 35.28104019165039
Epoch 5800, Loss Total: 60.91966247558594, Loss Train: 3.717214349308051e-05, Loss Test: 35.28104019165039
Epoch 5900, Loss Total: 60.91966247558594, Loss Train: 3.717214349308051e-05, Loss Test: 35.28104019165039
Epoch 6000, Loss Total: 60.91966247558594, Loss Train: 3.717214349308051e-05, Loss Test: 35.28104019165039
Epoch 6100, Loss Total: 60.91966247558594, Loss Train: 3.717214349308051e-05, Loss Test: 35.28104019165039
Epoch 6200, Loss Total: 60.91966247558594, Loss Train: 3.717214349308051e-05, Loss Test: 35.28104019165039
Epoch 6300, Loss Total: 60.91966247558594, Loss Train: 3.717214349308051e-05, Loss Test: 35.28104019165039
Epoch 6400, Loss Total: 60.91966247558594, Loss Train: 3.717214349308051e-05, Loss Test: 35.28104019165039
Epoch 6500, Loss Total: 60.91966247558594, Loss Train: 3.717214349308051e-05, Loss Test: 35.28104019165039
Epoch 6600, Loss Total: 60.91966247558594, Loss Train: 3.717214349308051e-05, Loss Test: 35.28104019165039
Epoch 6700, Loss Total: 60.91966247558594, Loss Train: 3.717214349308051e-05, Loss Test: 35.28104019165039
Epoch 6800, Loss Total: 60.91966247558594, Loss Train: 3.717214349308051e-05, Loss Test: 35.28104019165039
Epoch 6900, Loss Total: 60.91966247558594, Loss Train: 3.717214349308051e-05, Loss Test: 35.28104019165039
Epoch 7000, Loss Total: 60.91966247558594, Loss Train: 3.717214349308051e-05, Loss Test: 35.28104019165039
Epoch 7100, Loss Total: 60.91966247558594, Loss Train: 3.717214349308051e-05, Loss Test: 35.28104019165039
Epoch 7200, Loss Total: 60.91966247558594, Loss Train: 3.717214349308051e-05, Loss Test: 35.28104019165039
Epoch 7300, Loss Total: 60.91966247558594, Loss Train: 3.717214349308051e-05, Loss Test: 35.28104019165039
Epoch 7400, Loss Total: 60.91966247558594, Loss Train: 3.717214349308051e-05, Loss Test: 35.28104019165039
Epoch 7500, Loss Total: 60.91966247558594, Loss Train: 3.717214349308051e-05, Loss Test: 35.28104019165039
Epoch 7600, Loss Total: 60.91966247558594, Loss Train: 3.717214349308051e-05, Loss Test: 35.28104019165039
Epoch 7700, Loss Total: 60.91966247558594, Loss Train: 3.717214349308051e-05, Loss Test: 35.28104019165039
Epoch 7800, Loss Total: 60.91966247558594, Loss Train: 3.717214349308051e-05, Loss Test: 35.28104019165039
Epoch 7900, Loss Total: 60.91966247558594, Loss Train: 3.717214349308051e-05, Loss Test: 35.28104019165039
Epoch 8000, Loss Total: 60.91966247558594, Loss Train: 3.717214349308051e-05, Loss Test: 35.28104019165039
Epoch 8100, Loss Total: 60.91966247558594, Loss Train: 3.717214349308051e-05, Loss Test: 35.28104019165039
Epoch 8200, Loss Total: 60.91966247558594, Loss Train: 3.717214349308051e-05, Loss Test: 35.28104019165039
Epoch 8300, Loss Total: 60.91966247558594, Loss Train: 3.717214349308051e-05, Loss Test: 35.28104019165039
Epoch 8400, Loss Total: 60.91966247558594, Loss Train: 3.717214349308051e-05, Loss Test: 35.28104019165039
Epoch 8500, Loss Total: 60.91966247558594, Loss Train: 3.717214349308051e-05, Loss Test: 35.28104019165039
Epoch 8600, Loss Total: 60.91966247558594, Loss Train: 3.717214349308051e-05, Loss Test: 35.28104019165039
Epoch 8700, Loss Total: 60.91966247558594, Loss Train: 3.717214349308051e-05, Loss Test: 35.28104019165039
Epoch 8800, Loss Total: 60.91966247558594, Loss Train: 3.717214349308051e-05, Loss Test: 35.28104019165039
Epoch 8900, Loss Total: 60.91966247558594, Loss Train: 3.717214349308051e-05, Loss Test: 35.28104019165039
Epoch 9000, Loss Total: 60.91966247558594, Loss Train: 3.717214349308051e-05, Loss Test: 35.28104019165039
Epoch 9100, Loss Total: 60.91966247558594, Loss Train: 3.717214349308051e-05, Loss Test: 35.28104019165039
Epoch 9200, Loss Total: 60.91966247558594, Loss Train: 3.717214349308051e-05, Loss Test: 35.28104019165039
Epoch 9300, Loss Total: 60.91966247558594, Loss Train: 3.717214349308051e-05, Loss Test: 35.28104019165039
Epoch 9400, Loss Total: 60.91966247558594, Loss Train: 3.717214349308051e-05, Loss Test: 35.28104019165039
Epoch 9500, Loss Total: 60.91966247558594, Loss Train: 3.717214349308051e-05, Loss Test: 35.28104019165039
Epoch 9600, Loss Total: 60.91966247558594, Loss Train: 3.717214349308051e-05, Loss Test: 35.28104019165039
Epoch 9700, Loss Total: 60.91966247558594, Loss Train: 3.717214349308051e-05, Loss Test: 35.28104019165039
Epoch 9800, Loss Total: 60.91966247558594, Loss Train: 3.717214349308051e-05, Loss Test: 35.28104019165039
Epoch 9900, Loss Total: 60.91966247558594, Loss Train: 3.717214349308051e-05, Loss Test: 35.28104019165039
Epoch 10000, Loss Total: 60.91966247558594, Loss Train: 3.717214349308051e-05, Loss Test: 35.28104019165039
Epoch 10100, Loss Total: 60.91966247558594, Loss Train: 3.717214349308051e-05, Loss Test: 35.28104019165039
Epoch 10200, Loss Total: 60.91966247558594, Loss Train: 3.717214349308051e-05, Loss Test: 35.28104019165039
Epoch 10300, Loss Total: 60.91966247558594, Loss Train: 3.717214349308051e-05, Loss Test: 35.28104019165039
Epoch 10400, Loss Total: 60.91966247558594, Loss Train: 3.717214349308051e-05, Loss Test: 35.28104019165039
Epoch 10500, Loss Total: 60.91966247558594, Loss Train: 3.717214349308051e-05, Loss Test: 35.28104019165039
Epoch 10600, Loss Total: 60.91966247558594, Loss Train: 3.717214349308051e-05, Loss Test: 35.28104019165039
Epoch 10700, Loss Total: 60.91966247558594, Loss Train: 3.717214349308051e-05, Loss Test: 35.28104019165039
Epoch 10800, Loss Total: 60.91966247558594, Loss Train: 3.717214349308051e-05, Loss Test: 35.28104019165039
Epoch 10900, Loss Total: 60.91966247558594, Loss Train: 3.717214349308051e-05, Loss Test: 35.28104019165039
Epoch 11000, Loss Total: 60.91966247558594, Loss Train: 3.717214349308051e-05, Loss Test: 35.28104019165039
Epoch 11100, Loss Total: 60.91966247558594, Loss Train: 3.717214349308051e-05, Loss Test: 35.28104019165039
Epoch 11200, Loss Total: 60.91966247558594, Loss Train: 3.717214349308051e-05, Loss Test: 35.28104019165039
Epoch 11300, Loss Total: 60.91966247558594, Loss Train: 3.717214349308051e-05, Loss Test: 35.28104019165039
Epoch 11400, Loss Total: 60.91966247558594, Loss Train: 3.717214349308051e-05, Loss Test: 35.28104019165039
Epoch 11500, Loss Total: 60.91966247558594, Loss Train: 3.717214349308051e-05, Loss Test: 35.28104019165039
Epoch 11600, Loss Total: 60.91966247558594, Loss Train: 3.717214349308051e-05, Loss Test: 35.28104019165039
Epoch 11700, Loss Total: 60.91966247558594, Loss Train: 3.717214349308051e-05, Loss Test: 35.28104019165039
Epoch 11800, Loss Total: 60.91966247558594, Loss Train: 3.717214349308051e-05, Loss Test: 35.28104019165039
Epoch 11900, Loss Total: 60.91966247558594, Loss Train: 3.717214349308051e-05, Loss Test: 35.28104019165039
Epoch 12000, Loss Total: 60.91966247558594, Loss Train: 3.717214349308051e-05, Loss Test: 35.28104019165039
Epoch 12100, Loss Total: 60.91966247558594, Loss Train: 3.717214349308051e-05, Loss Test: 35.28104019165039
Epoch 12200, Loss Total: 60.91966247558594, Loss Train: 3.717214349308051e-05, Loss Test: 35.28104019165039
Epoch 12300, Loss Total: 60.91966247558594, Loss Train: 3.717214349308051e-05, Loss Test: 35.28104019165039
Epoch 12400, Loss Total: 60.91966247558594, Loss Train: 3.717214349308051e-05, Loss Test: 35.28104019165039
Epoch 12500, Loss Total: 60.91966247558594, Loss Train: 3.717214349308051e-05, Loss Test: 35.28104019165039
Epoch 12600, Loss Total: 60.91966247558594, Loss Train: 3.717214349308051e-05, Loss Test: 35.28104019165039
Epoch 12700, Loss Total: 60.91966247558594, Loss Train: 3.717214349308051e-05, Loss Test: 35.28104019165039
Epoch 12800, Loss Total: 60.91966247558594, Loss Train: 3.717214349308051e-05, Loss Test: 35.28104019165039
Epoch 12900, Loss Total: 60.91966247558594, Loss Train: 3.717214349308051e-05, Loss Test: 35.28104019165039
Epoch 13000, Loss Total: 60.91966247558594, Loss Train: 3.717214349308051e-05, Loss Test: 35.28104019165039
Epoch 13100, Loss Total: 60.91966247558594, Loss Train: 3.717214349308051e-05, Loss Test: 35.28104019165039
Epoch 13200, Loss Total: 60.91966247558594, Loss Train: 3.717214349308051e-05, Loss Test: 35.28104019165039
Epoch 13300, Loss Total: 60.91966247558594, Loss Train: 3.717214349308051e-05, Loss Test: 35.28104019165039
Epoch 13400, Loss Total: 60.91966247558594, Loss Train: 3.717214349308051e-05, Loss Test: 35.28104019165039
Epoch 13500, Loss Total: 60.91966247558594, Loss Train: 3.717214349308051e-05, Loss Test: 35.28104019165039
Epoch 13600, Loss Total: 60.91966247558594, Loss Train: 3.717214349308051e-05, Loss Test: 35.28104019165039
Epoch 13700, Loss Total: 60.91966247558594, Loss Train: 3.717214349308051e-05, Loss Test: 35.28104019165039
Epoch 13800, Loss Total: 60.91966247558594, Loss Train: 3.717214349308051e-05, Loss Test: 35.28104019165039
Epoch 13900, Loss Total: 60.91966247558594, Loss Train: 3.717214349308051e-05, Loss Test: 35.28104019165039
Epoch 14000, Loss Total: 60.91966247558594, Loss Train: 3.717214349308051e-05, Loss Test: 35.28104019165039
Epoch 14100, Loss Total: 60.91966247558594, Loss Train: 3.717214349308051e-05, Loss Test: 35.28104019165039
Epoch 14200, Loss Total: 60.91966247558594, Loss Train: 3.717214349308051e-05, Loss Test: 35.28104019165039
Epoch 14300, Loss Total: 60.91966247558594, Loss Train: 3.717214349308051e-05, Loss Test: 35.28104019165039
Epoch 14400, Loss Total: 60.91966247558594, Loss Train: 3.717214349308051e-05, Loss Test: 35.28104019165039
Epoch 14500, Loss Total: 60.91966247558594, Loss Train: 3.717214349308051e-05, Loss Test: 35.28104019165039
Epoch 14600, Loss Total: 60.91966247558594, Loss Train: 3.717214349308051e-05, Loss Test: 35.28104019165039
Epoch 14700, Loss Total: 60.91966247558594, Loss Train: 3.717214349308051e-05, Loss Test: 35.28104019165039
Epoch 14800, Loss Total: 60.91966247558594, Loss Train: 3.717214349308051e-05, Loss Test: 35.28104019165039
Epoch 14900, Loss Total: 60.91966247558594, Loss Train: 3.717214349308051e-05, Loss Test: 35.28104019165039
Epoch 15000, Loss Total: 60.91966247558594, Loss Train: 3.717214349308051e-05, Loss Test: 35.28104019165039
Epoch 15100, Loss Total: 60.91966247558594, Loss Train: 3.717214349308051e-05, Loss Test: 35.28104019165039
Epoch 15200, Loss Total: 60.91966247558594, Loss Train: 3.717214349308051e-05, Loss Test: 35.28104019165039
Epoch 15300, Loss Total: 60.91966247558594, Loss Train: 3.717214349308051e-05, Loss Test: 35.28104019165039
Epoch 15400, Loss Total: 60.91966247558594, Loss Train: 3.717214349308051e-05, Loss Test: 35.28104019165039
Epoch 15500, Loss Total: 60.91966247558594, Loss Train: 3.717214349308051e-05, Loss Test: 35.28104019165039
Epoch 15600, Loss Total: 60.91966247558594, Loss Train: 3.717214349308051e-05, Loss Test: 35.28104019165039
Epoch 15700, Loss Total: 60.91966247558594, Loss Train: 3.717214349308051e-05, Loss Test: 35.28104019165039
Epoch 15800, Loss Total: 60.91966247558594, Loss Train: 3.717214349308051e-05, Loss Test: 35.28104019165039
Epoch 15900, Loss Total: 60.91966247558594, Loss Train: 3.717214349308051e-05, Loss Test: 35.28104019165039
Epoch 16000, Loss Total: 60.91966247558594, Loss Train: 3.717214349308051e-05, Loss Test: 35.28104019165039
Epoch 16100, Loss Total: 60.91966247558594, Loss Train: 3.717214349308051e-05, Loss Test: 35.28104019165039
Epoch 16200, Loss Total: 60.91966247558594, Loss Train: 3.717214349308051e-05, Loss Test: 35.28104019165039
Epoch 16300, Loss Total: 60.91966247558594, Loss Train: 3.717214349308051e-05, Loss Test: 35.28104019165039
Epoch 16400, Loss Total: 60.91966247558594, Loss Train: 3.717214349308051e-05, Loss Test: 35.28104019165039
Epoch 16500, Loss Total: 60.91966247558594, Loss Train: 3.717214349308051e-05, Loss Test: 35.28104019165039
Epoch 16600, Loss Total: 60.91966247558594, Loss Train: 3.717214349308051e-05, Loss Test: 35.28104019165039
Epoch 16700, Loss Total: 60.91966247558594, Loss Train: 3.717214349308051e-05, Loss Test: 35.28104019165039
Epoch 16800, Loss Total: 60.91966247558594, Loss Train: 3.717214349308051e-05, Loss Test: 35.28104019165039
Epoch 16900, Loss Total: 60.91966247558594, Loss Train: 3.717214349308051e-05, Loss Test: 35.28104019165039
Epoch 17000, Loss Total: 60.91966247558594, Loss Train: 3.717214349308051e-05, Loss Test: 35.28104019165039
Epoch 17100, Loss Total: 60.91966247558594, Loss Train: 3.717214349308051e-05, Loss Test: 35.28104019165039
Epoch 17200, Loss Total: 60.91966247558594, Loss Train: 3.717214349308051e-05, Loss Test: 35.28104019165039
Epoch 17300, Loss Total: 60.91966247558594, Loss Train: 3.717214349308051e-05, Loss Test: 35.28104019165039
Epoch 17400, Loss Total: 60.91966247558594, Loss Train: 3.717214349308051e-05, Loss Test: 35.28104019165039
Epoch 17500, Loss Total: 60.91966247558594, Loss Train: 3.717214349308051e-05, Loss Test: 35.28104019165039
Epoch 17600, Loss Total: 60.91966247558594, Loss Train: 3.717214349308051e-05, Loss Test: 35.28104019165039
Epoch 17700, Loss Total: 60.91966247558594, Loss Train: 3.717214349308051e-05, Loss Test: 35.28104019165039
Epoch 17800, Loss Total: 60.91966247558594, Loss Train: 3.717214349308051e-05, Loss Test: 35.28104019165039
Epoch 17900, Loss Total: 60.91966247558594, Loss Train: 3.717214349308051e-05, Loss Test: 35.28104019165039
Epoch 18000, Loss Total: 60.91966247558594, Loss Train: 3.717214349308051e-05, Loss Test: 35.28104019165039
Epoch 18100, Loss Total: 60.91966247558594, Loss Train: 3.717214349308051e-05, Loss Test: 35.28104019165039
Epoch 18200, Loss Total: 60.91966247558594, Loss Train: 3.717214349308051e-05, Loss Test: 35.28104019165039
Epoch 18300, Loss Total: 60.91966247558594, Loss Train: 3.717214349308051e-05, Loss Test: 35.28104019165039
Epoch 18400, Loss Total: 60.91966247558594, Loss Train: 3.717214349308051e-05, Loss Test: 35.28104019165039
Epoch 18500, Loss Total: 60.91966247558594, Loss Train: 3.717214349308051e-05, Loss Test: 35.28104019165039
Epoch 18600, Loss Total: 60.91966247558594, Loss Train: 3.717214349308051e-05, Loss Test: 35.28104019165039
Epoch 18700, Loss Total: 60.91966247558594, Loss Train: 3.717214349308051e-05, Loss Test: 35.28104019165039
Epoch 18800, Loss Total: 60.91966247558594, Loss Train: 3.717214349308051e-05, Loss Test: 35.28104019165039
Epoch 18900, Loss Total: 60.91966247558594, Loss Train: 3.717214349308051e-05, Loss Test: 35.28104019165039
Epoch 19000, Loss Total: 60.91966247558594, Loss Train: 3.717214349308051e-05, Loss Test: 35.28104019165039
Epoch 19100, Loss Total: 60.91966247558594, Loss Train: 3.717214349308051e-05, Loss Test: 35.28104019165039
Epoch 19200, Loss Total: 60.91966247558594, Loss Train: 3.717214349308051e-05, Loss Test: 35.28104019165039
Epoch 19300, Loss Total: 60.91966247558594, Loss Train: 3.717214349308051e-05, Loss Test: 35.28104019165039
Epoch 19400, Loss Total: 60.91966247558594, Loss Train: 3.717214349308051e-05, Loss Test: 35.28104019165039
Epoch 19500, Loss Total: 60.91966247558594, Loss Train: 3.717214349308051e-05, Loss Test: 35.28104019165039
Epoch 19600, Loss Total: 60.91966247558594, Loss Train: 3.717214349308051e-05, Loss Test: 35.28104019165039
Epoch 19700, Loss Total: 60.91966247558594, Loss Train: 3.717214349308051e-05, Loss Test: 35.28104019165039
Epoch 19800, Loss Total: 60.91966247558594, Loss Train: 3.717214349308051e-05, Loss Test: 35.28104019165039
Epoch 19900, Loss Total: 60.91966247558594, Loss Train: 3.717214349308051e-05, Loss Test: 35.28104019165039
Added results for seed=20 and percentage=0.15
Finished task 181
