Running task 465 with seed=51 and percentage=0.40
Epoch 0, Loss Total: 83.82088470458984, Loss Train: 121.87777709960938, Loss Test: 136.90438842773438
Epoch 100, Loss Total: 42.04121017456055, Loss Train: 34.89421463012695, Loss Test: 65.92755126953125
Epoch 200, Loss Total: 40.35397720336914, Loss Train: 14.39986515045166, Loss Test: 41.22844314575195
Epoch 300, Loss Total: 43.111717224121094, Loss Train: 6.798638343811035, Loss Test: 33.92426681518555
Epoch 400, Loss Total: 45.594383239746094, Loss Train: 3.421325922012329, Loss Test: 31.117897033691406
Epoch 500, Loss Total: 47.51481628417969, Loss Train: 1.7983723878860474, Loss Test: 29.85567283630371
Epoch 600, Loss Total: 48.91332244873047, Loss Train: 0.974126935005188, Loss Test: 29.208589553833008
Epoch 700, Loss Total: 49.89759826660156, Loss Train: 0.5371648073196411, Loss Test: 28.836544036865234
Epoch 800, Loss Total: 50.580379486083984, Loss Train: 0.29854288697242737, Loss Test: 28.603761672973633
Epoch 900, Loss Total: 51.05260467529297, Loss Train: 0.16600839793682098, Loss Test: 28.450347900390625
Epoch 1000, Loss Total: 51.379669189453125, Loss Train: 0.0919078141450882, Loss Test: 28.346296310424805
Epoch 1100, Loss Total: 51.60657501220703, Loss Train: 0.050495993345975876, Loss Test: 28.274641036987305
Epoch 1200, Loss Total: 51.76407241821289, Loss Train: 0.027461029589176178, Loss Test: 28.22496223449707
Epoch 1300, Loss Total: 51.87339401245117, Loss Train: 0.014742770232260227, Loss Test: 28.190507888793945
Epoch 1400, Loss Total: 51.94928741455078, Loss Train: 0.007791072595864534, Loss Test: 28.166748046875
Epoch 1500, Loss Total: 52.00205993652344, Loss Train: 0.0040423013269901276, Loss Test: 28.150562286376953
Epoch 1600, Loss Total: 52.03888702392578, Loss Train: 0.0020567893516272306, Loss Test: 28.13973617553711
Epoch 1700, Loss Total: 52.064735412597656, Loss Train: 0.0010294740786775947, Loss Test: 28.132673263549805
Epoch 1800, Loss Total: 52.08302688598633, Loss Train: 0.000512759608682245, Loss Test: 28.128219604492188
Epoch 1900, Loss Total: 52.09607696533203, Loss Train: 0.0002614341792650521, Loss Test: 28.125539779663086
Epoch 2000, Loss Total: 52.10546112060547, Loss Train: 0.00014358654152601957, Loss Test: 28.124034881591797
Epoch 2100, Loss Total: 52.11225509643555, Loss Train: 9.04018379515037e-05, Loss Test: 28.123279571533203
Epoch 2200, Loss Total: 52.117210388183594, Loss Train: 6.728011794621125e-05, Loss Test: 28.122987747192383
Epoch 2300, Loss Total: 52.12084197998047, Loss Train: 5.7627883506938815e-05, Loss Test: 28.12296485900879
Epoch 2400, Loss Total: 52.123497009277344, Loss Train: 5.361508738133125e-05, Loss Test: 28.12308120727539
Epoch 2500, Loss Total: 52.12545394897461, Loss Train: 5.202915781410411e-05, Loss Test: 28.123258590698242
Epoch 2600, Loss Total: 52.12688064575195, Loss Train: 5.135606988915242e-05, Loss Test: 28.123455047607422
Epoch 2700, Loss Total: 52.127933502197266, Loss Train: 5.1086233725072816e-05, Loss Test: 28.12363624572754
Epoch 2800, Loss Total: 52.12870407104492, Loss Train: 5.0974966143257916e-05, Loss Test: 28.123794555664062
Epoch 2900, Loss Total: 52.12926483154297, Loss Train: 5.09339188283775e-05, Loss Test: 28.123920440673828
Epoch 3000, Loss Total: 52.129600524902344, Loss Train: 5.0862312491517514e-05, Loss Test: 28.12400245666504
Epoch 3100, Loss Total: 52.12973403930664, Loss Train: 5.085814336780459e-05, Loss Test: 28.124038696289062
Epoch 3200, Loss Total: 52.12979507446289, Loss Train: 5.085814336780459e-05, Loss Test: 28.124055862426758
Epoch 3300, Loss Total: 52.12982177734375, Loss Train: 5.085814336780459e-05, Loss Test: 28.12406349182129
Epoch 3400, Loss Total: 52.129825592041016, Loss Train: 5.085813972982578e-05, Loss Test: 28.124069213867188
Epoch 3500, Loss Total: 52.129825592041016, Loss Train: 5.085814336780459e-05, Loss Test: 28.124069213867188
Epoch 3600, Loss Total: 52.12983322143555, Loss Train: 5.085814336780459e-05, Loss Test: 28.124069213867188
Epoch 3700, Loss Total: 52.12983322143555, Loss Train: 5.085814336780459e-05, Loss Test: 28.124069213867188
Epoch 3800, Loss Total: 52.12983322143555, Loss Train: 5.085814336780459e-05, Loss Test: 28.124069213867188
Epoch 3900, Loss Total: 52.12983322143555, Loss Train: 5.085814336780459e-05, Loss Test: 28.124069213867188
Epoch 4000, Loss Total: 52.12983322143555, Loss Train: 5.085814336780459e-05, Loss Test: 28.124069213867188
Epoch 4100, Loss Total: 52.12983322143555, Loss Train: 5.085814336780459e-05, Loss Test: 28.124069213867188
Epoch 4200, Loss Total: 52.12983322143555, Loss Train: 5.085814336780459e-05, Loss Test: 28.124069213867188
Epoch 4300, Loss Total: 52.12983322143555, Loss Train: 5.085814336780459e-05, Loss Test: 28.124069213867188
Epoch 4400, Loss Total: 52.12983322143555, Loss Train: 5.085814336780459e-05, Loss Test: 28.124069213867188
Epoch 4500, Loss Total: 52.12983322143555, Loss Train: 5.085814336780459e-05, Loss Test: 28.124069213867188
Epoch 4600, Loss Total: 52.12983322143555, Loss Train: 5.085814336780459e-05, Loss Test: 28.124069213867188
Epoch 4700, Loss Total: 52.12983322143555, Loss Train: 5.085814336780459e-05, Loss Test: 28.124069213867188
Epoch 4800, Loss Total: 52.12983322143555, Loss Train: 5.085814336780459e-05, Loss Test: 28.124069213867188
Epoch 4900, Loss Total: 52.12983322143555, Loss Train: 5.085814336780459e-05, Loss Test: 28.124069213867188
Epoch 5000, Loss Total: 52.12983322143555, Loss Train: 5.085814336780459e-05, Loss Test: 28.124069213867188
Epoch 5100, Loss Total: 52.12983322143555, Loss Train: 5.085814336780459e-05, Loss Test: 28.124069213867188
Epoch 5200, Loss Total: 52.12983322143555, Loss Train: 5.085814336780459e-05, Loss Test: 28.124069213867188
Epoch 5300, Loss Total: 52.12983322143555, Loss Train: 5.085814336780459e-05, Loss Test: 28.124069213867188
Epoch 5400, Loss Total: 52.12983322143555, Loss Train: 5.085814336780459e-05, Loss Test: 28.124069213867188
Epoch 5500, Loss Total: 52.12983322143555, Loss Train: 5.085814336780459e-05, Loss Test: 28.124069213867188
Epoch 5600, Loss Total: 52.12983322143555, Loss Train: 5.085814336780459e-05, Loss Test: 28.124069213867188
Epoch 5700, Loss Total: 52.12983322143555, Loss Train: 5.085814336780459e-05, Loss Test: 28.124069213867188
Epoch 5800, Loss Total: 52.12983322143555, Loss Train: 5.085814336780459e-05, Loss Test: 28.124069213867188
Epoch 5900, Loss Total: 52.12983322143555, Loss Train: 5.085814336780459e-05, Loss Test: 28.124069213867188
Epoch 6000, Loss Total: 52.12983322143555, Loss Train: 5.085814336780459e-05, Loss Test: 28.124069213867188
Epoch 6100, Loss Total: 52.12983322143555, Loss Train: 5.085814336780459e-05, Loss Test: 28.124069213867188
Epoch 6200, Loss Total: 52.12983322143555, Loss Train: 5.085814336780459e-05, Loss Test: 28.124069213867188
Epoch 6300, Loss Total: 52.12983322143555, Loss Train: 5.085814336780459e-05, Loss Test: 28.124069213867188
Epoch 6400, Loss Total: 52.12983322143555, Loss Train: 5.085814336780459e-05, Loss Test: 28.124069213867188
Epoch 6500, Loss Total: 52.12983322143555, Loss Train: 5.085814336780459e-05, Loss Test: 28.124069213867188
Epoch 6600, Loss Total: 52.12983322143555, Loss Train: 5.085814336780459e-05, Loss Test: 28.124069213867188
Epoch 6700, Loss Total: 52.12983322143555, Loss Train: 5.085814336780459e-05, Loss Test: 28.124069213867188
Epoch 6800, Loss Total: 52.12983322143555, Loss Train: 5.085814336780459e-05, Loss Test: 28.124069213867188
Epoch 6900, Loss Total: 52.12983322143555, Loss Train: 5.085814336780459e-05, Loss Test: 28.124069213867188
Epoch 7000, Loss Total: 52.12983322143555, Loss Train: 5.085814336780459e-05, Loss Test: 28.124069213867188
Epoch 7100, Loss Total: 52.12983322143555, Loss Train: 5.085814336780459e-05, Loss Test: 28.124069213867188
Epoch 7200, Loss Total: 52.12983322143555, Loss Train: 5.085814336780459e-05, Loss Test: 28.124069213867188
Epoch 7300, Loss Total: 52.12983322143555, Loss Train: 5.085814336780459e-05, Loss Test: 28.124069213867188
Epoch 7400, Loss Total: 52.12983322143555, Loss Train: 5.085814336780459e-05, Loss Test: 28.124069213867188
Epoch 7500, Loss Total: 52.12983322143555, Loss Train: 5.085814336780459e-05, Loss Test: 28.124069213867188
Epoch 7600, Loss Total: 52.12983322143555, Loss Train: 5.085814336780459e-05, Loss Test: 28.124069213867188
Epoch 7700, Loss Total: 52.12983322143555, Loss Train: 5.085814336780459e-05, Loss Test: 28.124069213867188
Epoch 7800, Loss Total: 52.12983322143555, Loss Train: 5.085814336780459e-05, Loss Test: 28.124069213867188
Epoch 7900, Loss Total: 52.12983322143555, Loss Train: 5.085814336780459e-05, Loss Test: 28.124069213867188
Epoch 8000, Loss Total: 52.12983322143555, Loss Train: 5.085814336780459e-05, Loss Test: 28.124069213867188
Epoch 8100, Loss Total: 52.12983322143555, Loss Train: 5.085814336780459e-05, Loss Test: 28.124069213867188
Epoch 8200, Loss Total: 52.12983322143555, Loss Train: 5.085814336780459e-05, Loss Test: 28.124069213867188
Epoch 8300, Loss Total: 52.12983322143555, Loss Train: 5.085814336780459e-05, Loss Test: 28.124069213867188
Epoch 8400, Loss Total: 52.12983322143555, Loss Train: 5.085814336780459e-05, Loss Test: 28.124069213867188
Epoch 8500, Loss Total: 52.12983322143555, Loss Train: 5.085814336780459e-05, Loss Test: 28.124069213867188
Epoch 8600, Loss Total: 52.12983322143555, Loss Train: 5.085814336780459e-05, Loss Test: 28.124069213867188
Epoch 8700, Loss Total: 52.12983322143555, Loss Train: 5.085814336780459e-05, Loss Test: 28.124069213867188
Epoch 8800, Loss Total: 52.12983322143555, Loss Train: 5.085814336780459e-05, Loss Test: 28.124069213867188
Epoch 8900, Loss Total: 52.12983322143555, Loss Train: 5.085814336780459e-05, Loss Test: 28.124069213867188
Epoch 9000, Loss Total: 52.12983322143555, Loss Train: 5.085814336780459e-05, Loss Test: 28.124069213867188
Epoch 9100, Loss Total: 52.12983322143555, Loss Train: 5.085814336780459e-05, Loss Test: 28.124069213867188
Epoch 9200, Loss Total: 52.12983322143555, Loss Train: 5.085814336780459e-05, Loss Test: 28.124069213867188
Epoch 9300, Loss Total: 52.12983322143555, Loss Train: 5.085814336780459e-05, Loss Test: 28.124069213867188
Epoch 9400, Loss Total: 52.12983322143555, Loss Train: 5.085814336780459e-05, Loss Test: 28.124069213867188
Epoch 9500, Loss Total: 52.12983322143555, Loss Train: 5.085814336780459e-05, Loss Test: 28.124069213867188
Epoch 9600, Loss Total: 52.12983322143555, Loss Train: 5.085814336780459e-05, Loss Test: 28.124069213867188
Epoch 9700, Loss Total: 52.12983322143555, Loss Train: 5.085814336780459e-05, Loss Test: 28.124069213867188
Epoch 9800, Loss Total: 52.12983322143555, Loss Train: 5.085814336780459e-05, Loss Test: 28.124069213867188
Epoch 9900, Loss Total: 52.12983322143555, Loss Train: 5.085814336780459e-05, Loss Test: 28.124069213867188
Epoch 10000, Loss Total: 52.12983322143555, Loss Train: 5.085814336780459e-05, Loss Test: 28.124069213867188
Epoch 10100, Loss Total: 52.12983322143555, Loss Train: 5.085814336780459e-05, Loss Test: 28.124069213867188
Epoch 10200, Loss Total: 52.12983322143555, Loss Train: 5.085814336780459e-05, Loss Test: 28.124069213867188
Epoch 10300, Loss Total: 52.12983322143555, Loss Train: 5.085814336780459e-05, Loss Test: 28.124069213867188
Epoch 10400, Loss Total: 52.12983322143555, Loss Train: 5.085814336780459e-05, Loss Test: 28.124069213867188
Epoch 10500, Loss Total: 52.12983322143555, Loss Train: 5.085814336780459e-05, Loss Test: 28.124069213867188
Epoch 10600, Loss Total: 52.12983322143555, Loss Train: 5.085814336780459e-05, Loss Test: 28.124069213867188
Epoch 10700, Loss Total: 52.12983322143555, Loss Train: 5.085814336780459e-05, Loss Test: 28.124069213867188
Epoch 10800, Loss Total: 52.12983322143555, Loss Train: 5.085814336780459e-05, Loss Test: 28.124069213867188
Epoch 10900, Loss Total: 52.12983322143555, Loss Train: 5.085814336780459e-05, Loss Test: 28.124069213867188
Epoch 11000, Loss Total: 52.12983322143555, Loss Train: 5.085814336780459e-05, Loss Test: 28.124069213867188
Epoch 11100, Loss Total: 52.12983322143555, Loss Train: 5.085814336780459e-05, Loss Test: 28.124069213867188
Epoch 11200, Loss Total: 52.12983322143555, Loss Train: 5.085814336780459e-05, Loss Test: 28.124069213867188
Epoch 11300, Loss Total: 52.12983322143555, Loss Train: 5.085814336780459e-05, Loss Test: 28.124069213867188
Epoch 11400, Loss Total: 52.12983322143555, Loss Train: 5.085814336780459e-05, Loss Test: 28.124069213867188
Epoch 11500, Loss Total: 52.12983322143555, Loss Train: 5.085814336780459e-05, Loss Test: 28.124069213867188
Epoch 11600, Loss Total: 52.12983322143555, Loss Train: 5.085814336780459e-05, Loss Test: 28.124069213867188
Epoch 11700, Loss Total: 52.12983322143555, Loss Train: 5.085814336780459e-05, Loss Test: 28.124069213867188
Epoch 11800, Loss Total: 52.12983322143555, Loss Train: 5.085814336780459e-05, Loss Test: 28.124069213867188
Epoch 11900, Loss Total: 52.12983322143555, Loss Train: 5.085814336780459e-05, Loss Test: 28.124069213867188
Epoch 12000, Loss Total: 52.12983322143555, Loss Train: 5.085814336780459e-05, Loss Test: 28.124069213867188
Epoch 12100, Loss Total: 52.12983322143555, Loss Train: 5.085814336780459e-05, Loss Test: 28.124069213867188
Epoch 12200, Loss Total: 52.12983322143555, Loss Train: 5.085814336780459e-05, Loss Test: 28.124069213867188
Epoch 12300, Loss Total: 52.12983322143555, Loss Train: 5.085814336780459e-05, Loss Test: 28.124069213867188
Epoch 12400, Loss Total: 52.12983322143555, Loss Train: 5.085814336780459e-05, Loss Test: 28.124069213867188
Epoch 12500, Loss Total: 52.12983322143555, Loss Train: 5.085814336780459e-05, Loss Test: 28.124069213867188
Epoch 12600, Loss Total: 52.12983322143555, Loss Train: 5.085814336780459e-05, Loss Test: 28.124069213867188
Epoch 12700, Loss Total: 52.12983322143555, Loss Train: 5.085814336780459e-05, Loss Test: 28.124069213867188
Epoch 12800, Loss Total: 52.12983322143555, Loss Train: 5.085814336780459e-05, Loss Test: 28.124069213867188
Epoch 12900, Loss Total: 52.12983322143555, Loss Train: 5.085814336780459e-05, Loss Test: 28.124069213867188
Epoch 13000, Loss Total: 52.12983322143555, Loss Train: 5.085814336780459e-05, Loss Test: 28.124069213867188
Epoch 13100, Loss Total: 52.12983322143555, Loss Train: 5.085814336780459e-05, Loss Test: 28.124069213867188
Epoch 13200, Loss Total: 52.12983322143555, Loss Train: 5.085814336780459e-05, Loss Test: 28.124069213867188
Epoch 13300, Loss Total: 52.12983322143555, Loss Train: 5.085814336780459e-05, Loss Test: 28.124069213867188
Epoch 13400, Loss Total: 52.12983322143555, Loss Train: 5.085814336780459e-05, Loss Test: 28.124069213867188
Epoch 13500, Loss Total: 52.12983322143555, Loss Train: 5.085814336780459e-05, Loss Test: 28.124069213867188
Epoch 13600, Loss Total: 52.12983322143555, Loss Train: 5.085814336780459e-05, Loss Test: 28.124069213867188
Epoch 13700, Loss Total: 52.12983322143555, Loss Train: 5.085814336780459e-05, Loss Test: 28.124069213867188
Epoch 13800, Loss Total: 52.12983322143555, Loss Train: 5.085814336780459e-05, Loss Test: 28.124069213867188
Epoch 13900, Loss Total: 52.12983322143555, Loss Train: 5.085814336780459e-05, Loss Test: 28.124069213867188
Epoch 14000, Loss Total: 52.12983322143555, Loss Train: 5.085814336780459e-05, Loss Test: 28.124069213867188
Epoch 14100, Loss Total: 52.12983322143555, Loss Train: 5.085814336780459e-05, Loss Test: 28.124069213867188
Epoch 14200, Loss Total: 52.12983322143555, Loss Train: 5.085814336780459e-05, Loss Test: 28.124069213867188
Epoch 14300, Loss Total: 52.12983322143555, Loss Train: 5.085814336780459e-05, Loss Test: 28.124069213867188
Epoch 14400, Loss Total: 52.12983322143555, Loss Train: 5.085814336780459e-05, Loss Test: 28.124069213867188
Epoch 14500, Loss Total: 52.12983322143555, Loss Train: 5.085814336780459e-05, Loss Test: 28.124069213867188
Epoch 14600, Loss Total: 52.12983322143555, Loss Train: 5.085814336780459e-05, Loss Test: 28.124069213867188
Epoch 14700, Loss Total: 52.12983322143555, Loss Train: 5.085814336780459e-05, Loss Test: 28.124069213867188
Epoch 14800, Loss Total: 52.12983322143555, Loss Train: 5.085814336780459e-05, Loss Test: 28.124069213867188
Epoch 14900, Loss Total: 52.12983322143555, Loss Train: 5.085814336780459e-05, Loss Test: 28.124069213867188
Epoch 15000, Loss Total: 52.12983322143555, Loss Train: 5.085814336780459e-05, Loss Test: 28.124069213867188
Epoch 15100, Loss Total: 52.12983322143555, Loss Train: 5.085814336780459e-05, Loss Test: 28.124069213867188
Epoch 15200, Loss Total: 52.12983322143555, Loss Train: 5.085814336780459e-05, Loss Test: 28.124069213867188
Epoch 15300, Loss Total: 52.12983322143555, Loss Train: 5.085814336780459e-05, Loss Test: 28.124069213867188
Epoch 15400, Loss Total: 52.12983322143555, Loss Train: 5.085814336780459e-05, Loss Test: 28.124069213867188
Epoch 15500, Loss Total: 52.12983322143555, Loss Train: 5.085814336780459e-05, Loss Test: 28.124069213867188
Epoch 15600, Loss Total: 52.12983322143555, Loss Train: 5.085814336780459e-05, Loss Test: 28.124069213867188
Epoch 15700, Loss Total: 52.12983322143555, Loss Train: 5.085814336780459e-05, Loss Test: 28.124069213867188
Epoch 15800, Loss Total: 52.12983322143555, Loss Train: 5.085814336780459e-05, Loss Test: 28.124069213867188
Epoch 15900, Loss Total: 52.12983322143555, Loss Train: 5.085814336780459e-05, Loss Test: 28.124069213867188
Epoch 16000, Loss Total: 52.12983322143555, Loss Train: 5.085814336780459e-05, Loss Test: 28.124069213867188
Epoch 16100, Loss Total: 52.12983322143555, Loss Train: 5.085814336780459e-05, Loss Test: 28.124069213867188
Epoch 16200, Loss Total: 52.12983322143555, Loss Train: 5.085814336780459e-05, Loss Test: 28.124069213867188
Epoch 16300, Loss Total: 52.12983322143555, Loss Train: 5.085814336780459e-05, Loss Test: 28.124069213867188
Epoch 16400, Loss Total: 52.12983322143555, Loss Train: 5.085814336780459e-05, Loss Test: 28.124069213867188
Epoch 16500, Loss Total: 52.12983322143555, Loss Train: 5.085814336780459e-05, Loss Test: 28.124069213867188
Epoch 16600, Loss Total: 52.12983322143555, Loss Train: 5.085814336780459e-05, Loss Test: 28.124069213867188
Epoch 16700, Loss Total: 52.12983322143555, Loss Train: 5.085814336780459e-05, Loss Test: 28.124069213867188
Epoch 16800, Loss Total: 52.12983322143555, Loss Train: 5.085814336780459e-05, Loss Test: 28.124069213867188
Epoch 16900, Loss Total: 52.12983322143555, Loss Train: 5.085814336780459e-05, Loss Test: 28.124069213867188
Epoch 17000, Loss Total: 52.12983322143555, Loss Train: 5.085814336780459e-05, Loss Test: 28.124069213867188
Epoch 17100, Loss Total: 52.12983322143555, Loss Train: 5.085814336780459e-05, Loss Test: 28.124069213867188
Epoch 17200, Loss Total: 52.12983322143555, Loss Train: 5.085814336780459e-05, Loss Test: 28.124069213867188
Epoch 17300, Loss Total: 52.12983322143555, Loss Train: 5.085814336780459e-05, Loss Test: 28.124069213867188
Epoch 17400, Loss Total: 52.12983322143555, Loss Train: 5.085814336780459e-05, Loss Test: 28.124069213867188
Epoch 17500, Loss Total: 52.12983322143555, Loss Train: 5.085814336780459e-05, Loss Test: 28.124069213867188
Epoch 17600, Loss Total: 52.12983322143555, Loss Train: 5.085814336780459e-05, Loss Test: 28.124069213867188
Epoch 17700, Loss Total: 52.12983322143555, Loss Train: 5.085814336780459e-05, Loss Test: 28.124069213867188
Epoch 17800, Loss Total: 52.12983322143555, Loss Train: 5.085814336780459e-05, Loss Test: 28.124069213867188
Epoch 17900, Loss Total: 52.12983322143555, Loss Train: 5.085814336780459e-05, Loss Test: 28.124069213867188
Epoch 18000, Loss Total: 52.12983322143555, Loss Train: 5.085814336780459e-05, Loss Test: 28.124069213867188
Epoch 18100, Loss Total: 52.12983322143555, Loss Train: 5.085814336780459e-05, Loss Test: 28.124069213867188
Epoch 18200, Loss Total: 52.12983322143555, Loss Train: 5.085814336780459e-05, Loss Test: 28.124069213867188
Epoch 18300, Loss Total: 52.12983322143555, Loss Train: 5.085814336780459e-05, Loss Test: 28.124069213867188
Epoch 18400, Loss Total: 52.12983322143555, Loss Train: 5.085814336780459e-05, Loss Test: 28.124069213867188
Epoch 18500, Loss Total: 52.12983322143555, Loss Train: 5.085814336780459e-05, Loss Test: 28.124069213867188
Epoch 18600, Loss Total: 52.12983322143555, Loss Train: 5.085814336780459e-05, Loss Test: 28.124069213867188
Epoch 18700, Loss Total: 52.12983322143555, Loss Train: 5.085814336780459e-05, Loss Test: 28.124069213867188
Epoch 18800, Loss Total: 52.12983322143555, Loss Train: 5.085814336780459e-05, Loss Test: 28.124069213867188
Epoch 18900, Loss Total: 52.12983322143555, Loss Train: 5.085814336780459e-05, Loss Test: 28.124069213867188
Epoch 19000, Loss Total: 52.12983322143555, Loss Train: 5.085814336780459e-05, Loss Test: 28.124069213867188
Epoch 19100, Loss Total: 52.12983322143555, Loss Train: 5.085814336780459e-05, Loss Test: 28.124069213867188
Epoch 19200, Loss Total: 52.12983322143555, Loss Train: 5.085814336780459e-05, Loss Test: 28.124069213867188
Epoch 19300, Loss Total: 52.12983322143555, Loss Train: 5.085814336780459e-05, Loss Test: 28.124069213867188
Epoch 19400, Loss Total: 52.12983322143555, Loss Train: 5.085814336780459e-05, Loss Test: 28.124069213867188
Epoch 19500, Loss Total: 52.12983322143555, Loss Train: 5.085814336780459e-05, Loss Test: 28.124069213867188
Epoch 19600, Loss Total: 52.12983322143555, Loss Train: 5.085814336780459e-05, Loss Test: 28.124069213867188
Epoch 19700, Loss Total: 52.12983322143555, Loss Train: 5.085814336780459e-05, Loss Test: 28.124069213867188
Epoch 19800, Loss Total: 52.12983322143555, Loss Train: 5.085814336780459e-05, Loss Test: 28.124069213867188
Epoch 19900, Loss Total: 52.12983322143555, Loss Train: 5.085814336780459e-05, Loss Test: 28.124069213867188
Added results for seed=51 and percentage=0.4
Finished task 465
