Running task 555 with seed=61 and percentage=0.40
Epoch 0, Loss Total: 83.9613037109375, Loss Train: 135.5072021484375, Loss Test: 128.15194702148438
Epoch 100, Loss Total: 41.300148010253906, Loss Train: 43.25055694580078, Loss Test: 58.193687438964844
Epoch 200, Loss Total: 40.12272262573242, Loss Train: 19.379884719848633, Loss Test: 35.405906677246094
Epoch 300, Loss Total: 43.74828338623047, Loss Train: 9.840426445007324, Loss Test: 29.416790008544922
Epoch 400, Loss Total: 47.01837921142578, Loss Train: 5.323605060577393, Loss Test: 27.515323638916016
Epoch 500, Loss Total: 49.55702209472656, Loss Train: 3.0037760734558105, Loss Test: 26.863582611083984
Epoch 600, Loss Total: 51.42660140991211, Loss Train: 1.7367316484451294, Loss Test: 26.629549026489258
Epoch 700, Loss Total: 52.7758674621582, Loss Train: 1.0141133069992065, Loss Test: 26.538000106811523
Epoch 800, Loss Total: 53.748748779296875, Loss Train: 0.5924795269966125, Loss Test: 26.496440887451172
Epoch 900, Loss Total: 54.45525360107422, Loss Train: 0.34468939900398254, Loss Test: 26.474302291870117
Epoch 1000, Loss Total: 54.97201156616211, Loss Train: 0.19929160177707672, Loss Test: 26.461458206176758
Epoch 1100, Loss Total: 55.351497650146484, Loss Train: 0.11440780758857727, Loss Test: 26.45425033569336
Epoch 1200, Loss Total: 55.63029098510742, Loss Train: 0.0651407316327095, Loss Test: 26.450960159301758
Epoch 1300, Loss Total: 55.83470916748047, Loss Train: 0.03671644255518913, Loss Test: 26.450448989868164
Epoch 1400, Loss Total: 55.984092712402344, Loss Train: 0.020431101322174072, Loss Test: 26.4517822265625
Epoch 1500, Loss Total: 56.09282684326172, Loss Train: 0.011188231408596039, Loss Test: 26.45418357849121
Epoch 1600, Loss Total: 56.17165756225586, Loss Train: 0.006011622026562691, Loss Test: 26.457054138183594
Epoch 1700, Loss Total: 56.22855758666992, Loss Train: 0.003164004534482956, Loss Test: 26.4599666595459
Epoch 1800, Loss Total: 56.26945877075195, Loss Train: 0.0016330230282619596, Loss Test: 26.462648391723633
Epoch 1900, Loss Total: 56.298709869384766, Loss Train: 0.000831974612083286, Loss Test: 26.464963912963867
Epoch 2000, Loss Total: 56.31953430175781, Loss Train: 0.0004256020183674991, Loss Test: 26.46687126159668
Epoch 2100, Loss Total: 56.33426284790039, Loss Train: 0.00022589571017306298, Loss Test: 26.468381881713867
Epoch 2200, Loss Total: 56.34462356567383, Loss Train: 0.0001311479281866923, Loss Test: 26.46954345703125
Epoch 2300, Loss Total: 56.351871490478516, Loss Train: 8.751459245104343e-05, Loss Test: 26.470417022705078
Epoch 2400, Loss Total: 56.356903076171875, Loss Train: 6.803339056205004e-05, Loss Test: 26.4710636138916
Epoch 2500, Loss Total: 56.36039352416992, Loss Train: 5.9445705119287595e-05, Loss Test: 26.471534729003906
Epoch 2600, Loss Total: 56.3627815246582, Loss Train: 5.573631642619148e-05, Loss Test: 26.471872329711914
Epoch 2700, Loss Total: 56.364418029785156, Loss Train: 5.407138087321073e-05, Loss Test: 26.47211456298828
Epoch 2800, Loss Total: 56.36555099487305, Loss Train: 5.333259468898177e-05, Loss Test: 26.4722843170166
Epoch 2900, Loss Total: 56.36632537841797, Loss Train: 5.298954783938825e-05, Loss Test: 26.472402572631836
Epoch 3000, Loss Total: 56.366851806640625, Loss Train: 5.280929326545447e-05, Loss Test: 26.47248649597168
Epoch 3100, Loss Total: 56.367218017578125, Loss Train: 5.278346361592412e-05, Loss Test: 26.472545623779297
Epoch 3200, Loss Total: 56.36746597290039, Loss Train: 5.268656605039723e-05, Loss Test: 26.47258758544922
Epoch 3300, Loss Total: 56.367645263671875, Loss Train: 5.2685998525703326e-05, Loss Test: 26.472614288330078
Epoch 3400, Loss Total: 56.367767333984375, Loss Train: 5.273624265100807e-05, Loss Test: 26.472633361816406
Epoch 3500, Loss Total: 56.36781692504883, Loss Train: 5.26575131516438e-05, Loss Test: 26.47264289855957
Epoch 3600, Loss Total: 56.367828369140625, Loss Train: 5.265752042760141e-05, Loss Test: 26.472644805908203
Epoch 3700, Loss Total: 56.367835998535156, Loss Train: 5.265752042760141e-05, Loss Test: 26.472646713256836
Epoch 3800, Loss Total: 56.367835998535156, Loss Train: 5.265752406558022e-05, Loss Test: 26.472646713256836
Epoch 3900, Loss Total: 56.367835998535156, Loss Train: 5.265752406558022e-05, Loss Test: 26.472646713256836
Epoch 4000, Loss Total: 56.367835998535156, Loss Train: 5.265752042760141e-05, Loss Test: 26.472646713256836
Epoch 4100, Loss Total: 56.367835998535156, Loss Train: 5.265752042760141e-05, Loss Test: 26.472646713256836
Epoch 4200, Loss Total: 56.367835998535156, Loss Train: 5.265752042760141e-05, Loss Test: 26.472646713256836
Epoch 4300, Loss Total: 56.367835998535156, Loss Train: 5.265752042760141e-05, Loss Test: 26.472646713256836
Epoch 4400, Loss Total: 56.367835998535156, Loss Train: 5.265752042760141e-05, Loss Test: 26.472646713256836
Epoch 4500, Loss Total: 56.367835998535156, Loss Train: 5.265752042760141e-05, Loss Test: 26.472646713256836
Epoch 4600, Loss Total: 56.367835998535156, Loss Train: 5.265752042760141e-05, Loss Test: 26.472646713256836
Epoch 4700, Loss Total: 56.367835998535156, Loss Train: 5.265752042760141e-05, Loss Test: 26.472646713256836
Epoch 4800, Loss Total: 56.367835998535156, Loss Train: 5.265752042760141e-05, Loss Test: 26.472646713256836
Epoch 4900, Loss Total: 56.367835998535156, Loss Train: 5.265752042760141e-05, Loss Test: 26.472646713256836
Epoch 5000, Loss Total: 56.367835998535156, Loss Train: 5.265752042760141e-05, Loss Test: 26.472646713256836
Epoch 5100, Loss Total: 56.367835998535156, Loss Train: 5.265752042760141e-05, Loss Test: 26.472646713256836
Epoch 5200, Loss Total: 56.367835998535156, Loss Train: 5.265752042760141e-05, Loss Test: 26.472646713256836
Epoch 5300, Loss Total: 56.367835998535156, Loss Train: 5.265752042760141e-05, Loss Test: 26.472646713256836
Epoch 5400, Loss Total: 56.367835998535156, Loss Train: 5.265752042760141e-05, Loss Test: 26.472646713256836
Epoch 5500, Loss Total: 56.367835998535156, Loss Train: 5.265752042760141e-05, Loss Test: 26.472646713256836
Epoch 5600, Loss Total: 56.367835998535156, Loss Train: 5.265752042760141e-05, Loss Test: 26.472646713256836
Epoch 5700, Loss Total: 56.367835998535156, Loss Train: 5.265752042760141e-05, Loss Test: 26.472646713256836
Epoch 5800, Loss Total: 56.367835998535156, Loss Train: 5.265752042760141e-05, Loss Test: 26.472646713256836
Epoch 5900, Loss Total: 56.367835998535156, Loss Train: 5.265752042760141e-05, Loss Test: 26.472646713256836
Epoch 6000, Loss Total: 56.367835998535156, Loss Train: 5.265752042760141e-05, Loss Test: 26.472646713256836
Epoch 6100, Loss Total: 56.367835998535156, Loss Train: 5.265752042760141e-05, Loss Test: 26.472646713256836
Epoch 6200, Loss Total: 56.367835998535156, Loss Train: 5.265752042760141e-05, Loss Test: 26.472646713256836
Epoch 6300, Loss Total: 56.367835998535156, Loss Train: 5.265752042760141e-05, Loss Test: 26.472646713256836
Epoch 6400, Loss Total: 56.367835998535156, Loss Train: 5.265752042760141e-05, Loss Test: 26.472646713256836
Epoch 6500, Loss Total: 56.367835998535156, Loss Train: 5.265752042760141e-05, Loss Test: 26.472646713256836
Epoch 6600, Loss Total: 56.367835998535156, Loss Train: 5.265752042760141e-05, Loss Test: 26.472646713256836
Epoch 6700, Loss Total: 56.367835998535156, Loss Train: 5.265752042760141e-05, Loss Test: 26.472646713256836
Epoch 6800, Loss Total: 56.367835998535156, Loss Train: 5.265752042760141e-05, Loss Test: 26.472646713256836
Epoch 6900, Loss Total: 56.367835998535156, Loss Train: 5.265752042760141e-05, Loss Test: 26.472646713256836
Epoch 7000, Loss Total: 56.367835998535156, Loss Train: 5.265752042760141e-05, Loss Test: 26.472646713256836
Epoch 7100, Loss Total: 56.367835998535156, Loss Train: 5.265752042760141e-05, Loss Test: 26.472646713256836
Epoch 7200, Loss Total: 56.367835998535156, Loss Train: 5.265752042760141e-05, Loss Test: 26.472646713256836
Epoch 7300, Loss Total: 56.367835998535156, Loss Train: 5.265752042760141e-05, Loss Test: 26.472646713256836
Epoch 7400, Loss Total: 56.367835998535156, Loss Train: 5.265752042760141e-05, Loss Test: 26.472646713256836
Epoch 7500, Loss Total: 56.367835998535156, Loss Train: 5.265752042760141e-05, Loss Test: 26.472646713256836
Epoch 7600, Loss Total: 56.367835998535156, Loss Train: 5.265752042760141e-05, Loss Test: 26.472646713256836
Epoch 7700, Loss Total: 56.367835998535156, Loss Train: 5.265752042760141e-05, Loss Test: 26.472646713256836
Epoch 7800, Loss Total: 56.367835998535156, Loss Train: 5.265752042760141e-05, Loss Test: 26.472646713256836
Epoch 7900, Loss Total: 56.367835998535156, Loss Train: 5.265752042760141e-05, Loss Test: 26.472646713256836
Epoch 8000, Loss Total: 56.367835998535156, Loss Train: 5.265752042760141e-05, Loss Test: 26.472646713256836
Epoch 8100, Loss Total: 56.367835998535156, Loss Train: 5.265752042760141e-05, Loss Test: 26.472646713256836
Epoch 8200, Loss Total: 56.367835998535156, Loss Train: 5.265752042760141e-05, Loss Test: 26.472646713256836
Epoch 8300, Loss Total: 56.367835998535156, Loss Train: 5.265752042760141e-05, Loss Test: 26.472646713256836
Epoch 8400, Loss Total: 56.367835998535156, Loss Train: 5.265752042760141e-05, Loss Test: 26.472646713256836
Epoch 8500, Loss Total: 56.367835998535156, Loss Train: 5.265752042760141e-05, Loss Test: 26.472646713256836
Epoch 8600, Loss Total: 56.367835998535156, Loss Train: 5.265752042760141e-05, Loss Test: 26.472646713256836
Epoch 8700, Loss Total: 56.367835998535156, Loss Train: 5.265752042760141e-05, Loss Test: 26.472646713256836
Epoch 8800, Loss Total: 56.367835998535156, Loss Train: 5.265752042760141e-05, Loss Test: 26.472646713256836
Epoch 8900, Loss Total: 56.367835998535156, Loss Train: 5.265752042760141e-05, Loss Test: 26.472646713256836
Epoch 9000, Loss Total: 56.367835998535156, Loss Train: 5.265752042760141e-05, Loss Test: 26.472646713256836
Epoch 9100, Loss Total: 56.367835998535156, Loss Train: 5.265752042760141e-05, Loss Test: 26.472646713256836
Epoch 9200, Loss Total: 56.367835998535156, Loss Train: 5.265752042760141e-05, Loss Test: 26.472646713256836
Epoch 9300, Loss Total: 56.367835998535156, Loss Train: 5.265752042760141e-05, Loss Test: 26.472646713256836
Epoch 9400, Loss Total: 56.367835998535156, Loss Train: 5.265752042760141e-05, Loss Test: 26.472646713256836
Epoch 9500, Loss Total: 56.367835998535156, Loss Train: 5.265752042760141e-05, Loss Test: 26.472646713256836
Epoch 9600, Loss Total: 56.367835998535156, Loss Train: 5.265752042760141e-05, Loss Test: 26.472646713256836
Epoch 9700, Loss Total: 56.367835998535156, Loss Train: 5.265752042760141e-05, Loss Test: 26.472646713256836
Epoch 9800, Loss Total: 56.367835998535156, Loss Train: 5.265752042760141e-05, Loss Test: 26.472646713256836
Epoch 9900, Loss Total: 56.367835998535156, Loss Train: 5.265752042760141e-05, Loss Test: 26.472646713256836
Epoch 10000, Loss Total: 56.367835998535156, Loss Train: 5.265752042760141e-05, Loss Test: 26.472646713256836
Epoch 10100, Loss Total: 56.367835998535156, Loss Train: 5.265752042760141e-05, Loss Test: 26.472646713256836
Epoch 10200, Loss Total: 56.367835998535156, Loss Train: 5.265752042760141e-05, Loss Test: 26.472646713256836
Epoch 10300, Loss Total: 56.367835998535156, Loss Train: 5.265752042760141e-05, Loss Test: 26.472646713256836
Epoch 10400, Loss Total: 56.367835998535156, Loss Train: 5.265752042760141e-05, Loss Test: 26.472646713256836
Epoch 10500, Loss Total: 56.367835998535156, Loss Train: 5.265752042760141e-05, Loss Test: 26.472646713256836
Epoch 10600, Loss Total: 56.367835998535156, Loss Train: 5.265752042760141e-05, Loss Test: 26.472646713256836
Epoch 10700, Loss Total: 56.367835998535156, Loss Train: 5.265752042760141e-05, Loss Test: 26.472646713256836
Epoch 10800, Loss Total: 56.367835998535156, Loss Train: 5.265752042760141e-05, Loss Test: 26.472646713256836
Epoch 10900, Loss Total: 56.367835998535156, Loss Train: 5.265752042760141e-05, Loss Test: 26.472646713256836
Epoch 11000, Loss Total: 56.367835998535156, Loss Train: 5.265752042760141e-05, Loss Test: 26.472646713256836
Epoch 11100, Loss Total: 56.367835998535156, Loss Train: 5.265752042760141e-05, Loss Test: 26.472646713256836
Epoch 11200, Loss Total: 56.367835998535156, Loss Train: 5.265752042760141e-05, Loss Test: 26.472646713256836
Epoch 11300, Loss Total: 56.367835998535156, Loss Train: 5.265752042760141e-05, Loss Test: 26.472646713256836
Epoch 11400, Loss Total: 56.367835998535156, Loss Train: 5.265752042760141e-05, Loss Test: 26.472646713256836
Epoch 11500, Loss Total: 56.367835998535156, Loss Train: 5.265752042760141e-05, Loss Test: 26.472646713256836
Epoch 11600, Loss Total: 56.367835998535156, Loss Train: 5.265752042760141e-05, Loss Test: 26.472646713256836
Epoch 11700, Loss Total: 56.367835998535156, Loss Train: 5.265752042760141e-05, Loss Test: 26.472646713256836
Epoch 11800, Loss Total: 56.367835998535156, Loss Train: 5.265752042760141e-05, Loss Test: 26.472646713256836
Epoch 11900, Loss Total: 56.367835998535156, Loss Train: 5.265752042760141e-05, Loss Test: 26.472646713256836
Epoch 12000, Loss Total: 56.367835998535156, Loss Train: 5.265752042760141e-05, Loss Test: 26.472646713256836
Epoch 12100, Loss Total: 56.367835998535156, Loss Train: 5.265752042760141e-05, Loss Test: 26.472646713256836
Epoch 12200, Loss Total: 56.367835998535156, Loss Train: 5.265752042760141e-05, Loss Test: 26.472646713256836
Epoch 12300, Loss Total: 56.367835998535156, Loss Train: 5.265752042760141e-05, Loss Test: 26.472646713256836
Epoch 12400, Loss Total: 56.367835998535156, Loss Train: 5.265752042760141e-05, Loss Test: 26.472646713256836
Epoch 12500, Loss Total: 56.367835998535156, Loss Train: 5.265752042760141e-05, Loss Test: 26.472646713256836
Epoch 12600, Loss Total: 56.367835998535156, Loss Train: 5.265752042760141e-05, Loss Test: 26.472646713256836
Epoch 12700, Loss Total: 56.367835998535156, Loss Train: 5.265752042760141e-05, Loss Test: 26.472646713256836
Epoch 12800, Loss Total: 56.367835998535156, Loss Train: 5.265752042760141e-05, Loss Test: 26.472646713256836
Epoch 12900, Loss Total: 56.367835998535156, Loss Train: 5.265752042760141e-05, Loss Test: 26.472646713256836
Epoch 13000, Loss Total: 56.367835998535156, Loss Train: 5.265752042760141e-05, Loss Test: 26.472646713256836
Epoch 13100, Loss Total: 56.367835998535156, Loss Train: 5.265752042760141e-05, Loss Test: 26.472646713256836
Epoch 13200, Loss Total: 56.367835998535156, Loss Train: 5.265752042760141e-05, Loss Test: 26.472646713256836
Epoch 13300, Loss Total: 56.367835998535156, Loss Train: 5.265752042760141e-05, Loss Test: 26.472646713256836
Epoch 13400, Loss Total: 56.367835998535156, Loss Train: 5.265752042760141e-05, Loss Test: 26.472646713256836
Epoch 13500, Loss Total: 56.367835998535156, Loss Train: 5.265752042760141e-05, Loss Test: 26.472646713256836
Epoch 13600, Loss Total: 56.367835998535156, Loss Train: 5.265752042760141e-05, Loss Test: 26.472646713256836
Epoch 13700, Loss Total: 56.367835998535156, Loss Train: 5.265752042760141e-05, Loss Test: 26.472646713256836
Epoch 13800, Loss Total: 56.367835998535156, Loss Train: 5.265752042760141e-05, Loss Test: 26.472646713256836
Epoch 13900, Loss Total: 56.367835998535156, Loss Train: 5.265752042760141e-05, Loss Test: 26.472646713256836
Epoch 14000, Loss Total: 56.367835998535156, Loss Train: 5.265752042760141e-05, Loss Test: 26.472646713256836
Epoch 14100, Loss Total: 56.367835998535156, Loss Train: 5.265752042760141e-05, Loss Test: 26.472646713256836
Epoch 14200, Loss Total: 56.367835998535156, Loss Train: 5.265752042760141e-05, Loss Test: 26.472646713256836
Epoch 14300, Loss Total: 56.367835998535156, Loss Train: 5.265752042760141e-05, Loss Test: 26.472646713256836
Epoch 14400, Loss Total: 56.367835998535156, Loss Train: 5.265752042760141e-05, Loss Test: 26.472646713256836
Epoch 14500, Loss Total: 56.367835998535156, Loss Train: 5.265752042760141e-05, Loss Test: 26.472646713256836
Epoch 14600, Loss Total: 56.367835998535156, Loss Train: 5.265752042760141e-05, Loss Test: 26.472646713256836
Epoch 14700, Loss Total: 56.367835998535156, Loss Train: 5.265752042760141e-05, Loss Test: 26.472646713256836
Epoch 14800, Loss Total: 56.367835998535156, Loss Train: 5.265752042760141e-05, Loss Test: 26.472646713256836
Epoch 14900, Loss Total: 56.367835998535156, Loss Train: 5.265752042760141e-05, Loss Test: 26.472646713256836
Epoch 15000, Loss Total: 56.367835998535156, Loss Train: 5.265752042760141e-05, Loss Test: 26.472646713256836
Epoch 15100, Loss Total: 56.367835998535156, Loss Train: 5.265752042760141e-05, Loss Test: 26.472646713256836
Epoch 15200, Loss Total: 56.367835998535156, Loss Train: 5.265752042760141e-05, Loss Test: 26.472646713256836
Epoch 15300, Loss Total: 56.367835998535156, Loss Train: 5.265752042760141e-05, Loss Test: 26.472646713256836
Epoch 15400, Loss Total: 56.367835998535156, Loss Train: 5.265752042760141e-05, Loss Test: 26.472646713256836
Epoch 15500, Loss Total: 56.367835998535156, Loss Train: 5.265752042760141e-05, Loss Test: 26.472646713256836
Epoch 15600, Loss Total: 56.367835998535156, Loss Train: 5.265752042760141e-05, Loss Test: 26.472646713256836
Epoch 15700, Loss Total: 56.367835998535156, Loss Train: 5.265752042760141e-05, Loss Test: 26.472646713256836
Epoch 15800, Loss Total: 56.367835998535156, Loss Train: 5.265752042760141e-05, Loss Test: 26.472646713256836
Epoch 15900, Loss Total: 56.367835998535156, Loss Train: 5.265752042760141e-05, Loss Test: 26.472646713256836
Epoch 16000, Loss Total: 56.367835998535156, Loss Train: 5.265752042760141e-05, Loss Test: 26.472646713256836
Epoch 16100, Loss Total: 56.367835998535156, Loss Train: 5.265752042760141e-05, Loss Test: 26.472646713256836
Epoch 16200, Loss Total: 56.367835998535156, Loss Train: 5.265752042760141e-05, Loss Test: 26.472646713256836
Epoch 16300, Loss Total: 56.367835998535156, Loss Train: 5.265752042760141e-05, Loss Test: 26.472646713256836
Epoch 16400, Loss Total: 56.367835998535156, Loss Train: 5.265752042760141e-05, Loss Test: 26.472646713256836
Epoch 16500, Loss Total: 56.367835998535156, Loss Train: 5.265752042760141e-05, Loss Test: 26.472646713256836
Epoch 16600, Loss Total: 56.367835998535156, Loss Train: 5.265752042760141e-05, Loss Test: 26.472646713256836
Epoch 16700, Loss Total: 56.367835998535156, Loss Train: 5.265752042760141e-05, Loss Test: 26.472646713256836
Epoch 16800, Loss Total: 56.367835998535156, Loss Train: 5.265752042760141e-05, Loss Test: 26.472646713256836
Epoch 16900, Loss Total: 56.367835998535156, Loss Train: 5.265752042760141e-05, Loss Test: 26.472646713256836
Epoch 17000, Loss Total: 56.367835998535156, Loss Train: 5.265752042760141e-05, Loss Test: 26.472646713256836
Epoch 17100, Loss Total: 56.367835998535156, Loss Train: 5.265752042760141e-05, Loss Test: 26.472646713256836
Epoch 17200, Loss Total: 56.367835998535156, Loss Train: 5.265752042760141e-05, Loss Test: 26.472646713256836
Epoch 17300, Loss Total: 56.367835998535156, Loss Train: 5.265752042760141e-05, Loss Test: 26.472646713256836
Epoch 17400, Loss Total: 56.367835998535156, Loss Train: 5.265752042760141e-05, Loss Test: 26.472646713256836
Epoch 17500, Loss Total: 56.367835998535156, Loss Train: 5.265752042760141e-05, Loss Test: 26.472646713256836
Epoch 17600, Loss Total: 56.367835998535156, Loss Train: 5.265752042760141e-05, Loss Test: 26.472646713256836
Epoch 17700, Loss Total: 56.367835998535156, Loss Train: 5.265752042760141e-05, Loss Test: 26.472646713256836
Epoch 17800, Loss Total: 56.367835998535156, Loss Train: 5.265752042760141e-05, Loss Test: 26.472646713256836
Epoch 17900, Loss Total: 56.367835998535156, Loss Train: 5.265752042760141e-05, Loss Test: 26.472646713256836
Epoch 18000, Loss Total: 56.367835998535156, Loss Train: 5.265752042760141e-05, Loss Test: 26.472646713256836
Epoch 18100, Loss Total: 56.367835998535156, Loss Train: 5.265752042760141e-05, Loss Test: 26.472646713256836
Epoch 18200, Loss Total: 56.367835998535156, Loss Train: 5.265752042760141e-05, Loss Test: 26.472646713256836
Epoch 18300, Loss Total: 56.367835998535156, Loss Train: 5.265752042760141e-05, Loss Test: 26.472646713256836
Epoch 18400, Loss Total: 56.367835998535156, Loss Train: 5.265752042760141e-05, Loss Test: 26.472646713256836
Epoch 18500, Loss Total: 56.367835998535156, Loss Train: 5.265752042760141e-05, Loss Test: 26.472646713256836
Epoch 18600, Loss Total: 56.367835998535156, Loss Train: 5.265752042760141e-05, Loss Test: 26.472646713256836
Epoch 18700, Loss Total: 56.367835998535156, Loss Train: 5.265752042760141e-05, Loss Test: 26.472646713256836
Epoch 18800, Loss Total: 56.367835998535156, Loss Train: 5.265752042760141e-05, Loss Test: 26.472646713256836
Epoch 18900, Loss Total: 56.367835998535156, Loss Train: 5.265752042760141e-05, Loss Test: 26.472646713256836
Epoch 19000, Loss Total: 56.367835998535156, Loss Train: 5.265752042760141e-05, Loss Test: 26.472646713256836
Epoch 19100, Loss Total: 56.367835998535156, Loss Train: 5.265752042760141e-05, Loss Test: 26.472646713256836
Epoch 19200, Loss Total: 56.367835998535156, Loss Train: 5.265752042760141e-05, Loss Test: 26.472646713256836
Epoch 19300, Loss Total: 56.367835998535156, Loss Train: 5.265752042760141e-05, Loss Test: 26.472646713256836
Epoch 19400, Loss Total: 56.367835998535156, Loss Train: 5.265752042760141e-05, Loss Test: 26.472646713256836
Epoch 19500, Loss Total: 56.367835998535156, Loss Train: 5.265752042760141e-05, Loss Test: 26.472646713256836
Epoch 19600, Loss Total: 56.367835998535156, Loss Train: 5.265752042760141e-05, Loss Test: 26.472646713256836
Epoch 19700, Loss Total: 56.367835998535156, Loss Train: 5.265752042760141e-05, Loss Test: 26.472646713256836
Epoch 19800, Loss Total: 56.367835998535156, Loss Train: 5.265752042760141e-05, Loss Test: 26.472646713256836
Epoch 19900, Loss Total: 56.367835998535156, Loss Train: 5.265752042760141e-05, Loss Test: 26.472646713256836
Added results for seed=61 and percentage=0.4
Finished task 555
