Running task 501 with seed=55 and percentage=0.40
Epoch 0, Loss Total: 84.05215454101562, Loss Train: 128.6639404296875, Loss Test: 132.99295043945312
Epoch 100, Loss Total: 41.33998107910156, Loss Train: 39.227073669433594, Loss Test: 61.45030975341797
Epoch 200, Loss Total: 39.94254684448242, Loss Train: 16.949996948242188, Loss Test: 37.86638641357422
Epoch 300, Loss Total: 43.30754470825195, Loss Train: 8.332440376281738, Loss Test: 31.557971954345703
Epoch 400, Loss Total: 46.18939971923828, Loss Train: 4.362913131713867, Loss Test: 29.456247329711914
Epoch 500, Loss Total: 48.3134765625, Loss Train: 2.383213996887207, Loss Test: 28.646509170532227
Epoch 600, Loss Total: 49.81736755371094, Loss Train: 1.3386913537979126, Loss Test: 28.2830810546875
Epoch 700, Loss Total: 50.869476318359375, Loss Train: 0.7650147676467896, Loss Test: 28.09481430053711
Epoch 800, Loss Total: 51.60782241821289, Loss Train: 0.4417925775051117, Loss Test: 27.987953186035156
Epoch 900, Loss Total: 52.13036346435547, Loss Train: 0.2566753625869751, Loss Test: 27.925077438354492
Epoch 1000, Loss Total: 52.502872467041016, Loss Train: 0.14940012991428375, Loss Test: 27.888303756713867
Epoch 1100, Loss Total: 52.76935577392578, Loss Train: 0.08670248836278915, Loss Test: 27.867721557617188
Epoch 1200, Loss Total: 52.96000671386719, Loss Train: 0.04989815130829811, Loss Test: 27.857276916503906
Epoch 1300, Loss Total: 53.096153259277344, Loss Train: 0.028323160484433174, Loss Test: 27.853099822998047
Epoch 1400, Loss Total: 53.19313430786133, Loss Train: 0.015777766704559326, Loss Test: 27.852624893188477
Epoch 1500, Loss Total: 53.26209259033203, Loss Train: 0.00859156809747219, Loss Test: 27.854185104370117
Epoch 1600, Loss Total: 53.311058044433594, Loss Train: 0.004561781883239746, Loss Test: 27.85671043395996
Epoch 1700, Loss Total: 53.345829010009766, Loss Train: 0.002361280145123601, Loss Test: 27.859540939331055
Epoch 1800, Loss Total: 53.37052917480469, Loss Train: 0.0011961200507357717, Loss Test: 27.862300872802734
Epoch 1900, Loss Total: 53.388092041015625, Loss Train: 0.0005997399566695094, Loss Test: 27.86479949951172
Epoch 2000, Loss Total: 53.40059280395508, Loss Train: 0.0003053838445339352, Loss Test: 27.866943359375
Epoch 2100, Loss Total: 53.409481048583984, Loss Train: 0.0001653303625062108, Loss Test: 27.868722915649414
Epoch 2200, Loss Total: 53.41581344604492, Loss Train: 0.00010120124352397397, Loss Test: 27.870161056518555
Epoch 2300, Loss Total: 53.42030715942383, Loss Train: 7.276448741322383e-05, Loss Test: 27.87130355834961
Epoch 2400, Loss Total: 53.42349624633789, Loss Train: 6.054574259906076e-05, Loss Test: 27.872194290161133
Epoch 2500, Loss Total: 53.4257698059082, Loss Train: 5.539847552427091e-05, Loss Test: 27.87287712097168
Epoch 2600, Loss Total: 53.427371978759766, Loss Train: 5.33252750756219e-05, Loss Test: 27.873395919799805
Epoch 2700, Loss Total: 53.42850875854492, Loss Train: 5.2381692512426525e-05, Loss Test: 27.8737850189209
Epoch 2800, Loss Total: 53.42931365966797, Loss Train: 5.192910975893028e-05, Loss Test: 27.87407684326172
Epoch 2900, Loss Total: 53.42988967895508, Loss Train: 5.1815208280459046e-05, Loss Test: 27.87428855895996
Epoch 3000, Loss Total: 53.43029022216797, Loss Train: 5.167371273273602e-05, Loss Test: 27.874448776245117
Epoch 3100, Loss Total: 53.430572509765625, Loss Train: 5.1642058679135516e-05, Loss Test: 27.874563217163086
Epoch 3200, Loss Total: 53.43077850341797, Loss Train: 5.161635999684222e-05, Loss Test: 27.874645233154297
Epoch 3300, Loss Total: 53.43088912963867, Loss Train: 5.155387407285161e-05, Loss Test: 27.874692916870117
Epoch 3400, Loss Total: 53.43093490600586, Loss Train: 5.155433245818131e-05, Loss Test: 27.874710083007812
Epoch 3500, Loss Total: 53.43095016479492, Loss Train: 5.155434337211773e-05, Loss Test: 27.874717712402344
Epoch 3600, Loss Total: 53.43095016479492, Loss Train: 5.155434337211773e-05, Loss Test: 27.87472152709961
Epoch 3700, Loss Total: 53.43095016479492, Loss Train: 5.155434337211773e-05, Loss Test: 27.874725341796875
Epoch 3800, Loss Total: 53.43095016479492, Loss Train: 5.155434337211773e-05, Loss Test: 27.874725341796875
Epoch 3900, Loss Total: 53.43095016479492, Loss Train: 5.155434337211773e-05, Loss Test: 27.874725341796875
Epoch 4000, Loss Total: 53.43095016479492, Loss Train: 5.155434337211773e-05, Loss Test: 27.874725341796875
Epoch 4100, Loss Total: 53.43095016479492, Loss Train: 5.155434337211773e-05, Loss Test: 27.874725341796875
Epoch 4200, Loss Total: 53.43095016479492, Loss Train: 5.155434337211773e-05, Loss Test: 27.874725341796875
Epoch 4300, Loss Total: 53.43095016479492, Loss Train: 5.155434337211773e-05, Loss Test: 27.874725341796875
Epoch 4400, Loss Total: 53.43095016479492, Loss Train: 5.155434337211773e-05, Loss Test: 27.874725341796875
Epoch 4500, Loss Total: 53.43095016479492, Loss Train: 5.155434337211773e-05, Loss Test: 27.874725341796875
Epoch 4600, Loss Total: 53.43095016479492, Loss Train: 5.155434337211773e-05, Loss Test: 27.874725341796875
Epoch 4700, Loss Total: 53.43095016479492, Loss Train: 5.155434337211773e-05, Loss Test: 27.874725341796875
Epoch 4800, Loss Total: 53.43095016479492, Loss Train: 5.155434337211773e-05, Loss Test: 27.874725341796875
Epoch 4900, Loss Total: 53.43095016479492, Loss Train: 5.155434337211773e-05, Loss Test: 27.874725341796875
Epoch 5000, Loss Total: 53.43095016479492, Loss Train: 5.155434337211773e-05, Loss Test: 27.874725341796875
Epoch 5100, Loss Total: 53.43095016479492, Loss Train: 5.155434337211773e-05, Loss Test: 27.874725341796875
Epoch 5200, Loss Total: 53.43095016479492, Loss Train: 5.155434337211773e-05, Loss Test: 27.874725341796875
Epoch 5300, Loss Total: 53.43095016479492, Loss Train: 5.155434337211773e-05, Loss Test: 27.874725341796875
Epoch 5400, Loss Total: 53.43095016479492, Loss Train: 5.155434337211773e-05, Loss Test: 27.874725341796875
Epoch 5500, Loss Total: 53.43095016479492, Loss Train: 5.155434337211773e-05, Loss Test: 27.874725341796875
Epoch 5600, Loss Total: 53.43095016479492, Loss Train: 5.155434337211773e-05, Loss Test: 27.874725341796875
Epoch 5700, Loss Total: 53.43095016479492, Loss Train: 5.155434337211773e-05, Loss Test: 27.874725341796875
Epoch 5800, Loss Total: 53.43095016479492, Loss Train: 5.155434337211773e-05, Loss Test: 27.874725341796875
Epoch 5900, Loss Total: 53.43095016479492, Loss Train: 5.155434337211773e-05, Loss Test: 27.874725341796875
Epoch 6000, Loss Total: 53.43095016479492, Loss Train: 5.155434337211773e-05, Loss Test: 27.874725341796875
Epoch 6100, Loss Total: 53.43095016479492, Loss Train: 5.155434337211773e-05, Loss Test: 27.874725341796875
Epoch 6200, Loss Total: 53.43095016479492, Loss Train: 5.155434337211773e-05, Loss Test: 27.874725341796875
Epoch 6300, Loss Total: 53.43095016479492, Loss Train: 5.155434337211773e-05, Loss Test: 27.874725341796875
Epoch 6400, Loss Total: 53.43095016479492, Loss Train: 5.155434337211773e-05, Loss Test: 27.874725341796875
Epoch 6500, Loss Total: 53.43095016479492, Loss Train: 5.155434337211773e-05, Loss Test: 27.874725341796875
Epoch 6600, Loss Total: 53.43095016479492, Loss Train: 5.155434337211773e-05, Loss Test: 27.874725341796875
Epoch 6700, Loss Total: 53.43095016479492, Loss Train: 5.155434337211773e-05, Loss Test: 27.874725341796875
Epoch 6800, Loss Total: 53.43095016479492, Loss Train: 5.155434337211773e-05, Loss Test: 27.874725341796875
Epoch 6900, Loss Total: 53.43095016479492, Loss Train: 5.155434337211773e-05, Loss Test: 27.874725341796875
Epoch 7000, Loss Total: 53.43095016479492, Loss Train: 5.155434337211773e-05, Loss Test: 27.874725341796875
Epoch 7100, Loss Total: 53.43095016479492, Loss Train: 5.155434337211773e-05, Loss Test: 27.874725341796875
Epoch 7200, Loss Total: 53.43095016479492, Loss Train: 5.155434337211773e-05, Loss Test: 27.874725341796875
Epoch 7300, Loss Total: 53.43095016479492, Loss Train: 5.155434337211773e-05, Loss Test: 27.874725341796875
Epoch 7400, Loss Total: 53.43095016479492, Loss Train: 5.155434337211773e-05, Loss Test: 27.874725341796875
Epoch 7500, Loss Total: 53.43095016479492, Loss Train: 5.155434337211773e-05, Loss Test: 27.874725341796875
Epoch 7600, Loss Total: 53.43095016479492, Loss Train: 5.155434337211773e-05, Loss Test: 27.874725341796875
Epoch 7700, Loss Total: 53.43095016479492, Loss Train: 5.155434337211773e-05, Loss Test: 27.874725341796875
Epoch 7800, Loss Total: 53.43095016479492, Loss Train: 5.155434337211773e-05, Loss Test: 27.874725341796875
Epoch 7900, Loss Total: 53.43095016479492, Loss Train: 5.155434337211773e-05, Loss Test: 27.874725341796875
Epoch 8000, Loss Total: 53.43095016479492, Loss Train: 5.155434337211773e-05, Loss Test: 27.874725341796875
Epoch 8100, Loss Total: 53.43095016479492, Loss Train: 5.155434337211773e-05, Loss Test: 27.874725341796875
Epoch 8200, Loss Total: 53.43095016479492, Loss Train: 5.155434337211773e-05, Loss Test: 27.874725341796875
Epoch 8300, Loss Total: 53.43095016479492, Loss Train: 5.155434337211773e-05, Loss Test: 27.874725341796875
Epoch 8400, Loss Total: 53.43095016479492, Loss Train: 5.155434337211773e-05, Loss Test: 27.874725341796875
Epoch 8500, Loss Total: 53.43095016479492, Loss Train: 5.155434337211773e-05, Loss Test: 27.874725341796875
Epoch 8600, Loss Total: 53.43095016479492, Loss Train: 5.155434337211773e-05, Loss Test: 27.874725341796875
Epoch 8700, Loss Total: 53.43095016479492, Loss Train: 5.155434337211773e-05, Loss Test: 27.874725341796875
Epoch 8800, Loss Total: 53.43095016479492, Loss Train: 5.155434337211773e-05, Loss Test: 27.874725341796875
Epoch 8900, Loss Total: 53.43095016479492, Loss Train: 5.155434337211773e-05, Loss Test: 27.874725341796875
Epoch 9000, Loss Total: 53.43095016479492, Loss Train: 5.155434337211773e-05, Loss Test: 27.874725341796875
Epoch 9100, Loss Total: 53.43095016479492, Loss Train: 5.155434337211773e-05, Loss Test: 27.874725341796875
Epoch 9200, Loss Total: 53.43095016479492, Loss Train: 5.155434337211773e-05, Loss Test: 27.874725341796875
Epoch 9300, Loss Total: 53.43095016479492, Loss Train: 5.155434337211773e-05, Loss Test: 27.874725341796875
Epoch 9400, Loss Total: 53.43095016479492, Loss Train: 5.155434337211773e-05, Loss Test: 27.874725341796875
Epoch 9500, Loss Total: 53.43095016479492, Loss Train: 5.155434337211773e-05, Loss Test: 27.874725341796875
Epoch 9600, Loss Total: 53.43095016479492, Loss Train: 5.155434337211773e-05, Loss Test: 27.874725341796875
Epoch 9700, Loss Total: 53.43095016479492, Loss Train: 5.155434337211773e-05, Loss Test: 27.874725341796875
Epoch 9800, Loss Total: 53.43095016479492, Loss Train: 5.155434337211773e-05, Loss Test: 27.874725341796875
Epoch 9900, Loss Total: 53.43095016479492, Loss Train: 5.155434337211773e-05, Loss Test: 27.874725341796875
Epoch 10000, Loss Total: 53.43095016479492, Loss Train: 5.155434337211773e-05, Loss Test: 27.874725341796875
Epoch 10100, Loss Total: 53.43095016479492, Loss Train: 5.155434337211773e-05, Loss Test: 27.874725341796875
Epoch 10200, Loss Total: 53.43095016479492, Loss Train: 5.155434337211773e-05, Loss Test: 27.874725341796875
Epoch 10300, Loss Total: 53.43095016479492, Loss Train: 5.155434337211773e-05, Loss Test: 27.874725341796875
Epoch 10400, Loss Total: 53.43095016479492, Loss Train: 5.155434337211773e-05, Loss Test: 27.874725341796875
Epoch 10500, Loss Total: 53.43095016479492, Loss Train: 5.155434337211773e-05, Loss Test: 27.874725341796875
Epoch 10600, Loss Total: 53.43095016479492, Loss Train: 5.155434337211773e-05, Loss Test: 27.874725341796875
Epoch 10700, Loss Total: 53.43095016479492, Loss Train: 5.155434337211773e-05, Loss Test: 27.874725341796875
Epoch 10800, Loss Total: 53.43095016479492, Loss Train: 5.155434337211773e-05, Loss Test: 27.874725341796875
Epoch 10900, Loss Total: 53.43095016479492, Loss Train: 5.155434337211773e-05, Loss Test: 27.874725341796875
Epoch 11000, Loss Total: 53.43095016479492, Loss Train: 5.155434337211773e-05, Loss Test: 27.874725341796875
Epoch 11100, Loss Total: 53.43095016479492, Loss Train: 5.155434337211773e-05, Loss Test: 27.874725341796875
Epoch 11200, Loss Total: 53.43095016479492, Loss Train: 5.155434337211773e-05, Loss Test: 27.874725341796875
Epoch 11300, Loss Total: 53.43095016479492, Loss Train: 5.155434337211773e-05, Loss Test: 27.874725341796875
Epoch 11400, Loss Total: 53.43095016479492, Loss Train: 5.155434337211773e-05, Loss Test: 27.874725341796875
Epoch 11500, Loss Total: 53.43095016479492, Loss Train: 5.155434337211773e-05, Loss Test: 27.874725341796875
Epoch 11600, Loss Total: 53.43095016479492, Loss Train: 5.155434337211773e-05, Loss Test: 27.874725341796875
Epoch 11700, Loss Total: 53.43095016479492, Loss Train: 5.155434337211773e-05, Loss Test: 27.874725341796875
Epoch 11800, Loss Total: 53.43095016479492, Loss Train: 5.155434337211773e-05, Loss Test: 27.874725341796875
Epoch 11900, Loss Total: 53.43095016479492, Loss Train: 5.155434337211773e-05, Loss Test: 27.874725341796875
Epoch 12000, Loss Total: 53.43095016479492, Loss Train: 5.155434337211773e-05, Loss Test: 27.874725341796875
Epoch 12100, Loss Total: 53.43095016479492, Loss Train: 5.155434337211773e-05, Loss Test: 27.874725341796875
Epoch 12200, Loss Total: 53.43095016479492, Loss Train: 5.155434337211773e-05, Loss Test: 27.874725341796875
Epoch 12300, Loss Total: 53.43095016479492, Loss Train: 5.155434337211773e-05, Loss Test: 27.874725341796875
Epoch 12400, Loss Total: 53.43095016479492, Loss Train: 5.155434337211773e-05, Loss Test: 27.874725341796875
Epoch 12500, Loss Total: 53.43095016479492, Loss Train: 5.155434337211773e-05, Loss Test: 27.874725341796875
Epoch 12600, Loss Total: 53.43095016479492, Loss Train: 5.155434337211773e-05, Loss Test: 27.874725341796875
Epoch 12700, Loss Total: 53.43095016479492, Loss Train: 5.155434337211773e-05, Loss Test: 27.874725341796875
Epoch 12800, Loss Total: 53.43095016479492, Loss Train: 5.155434337211773e-05, Loss Test: 27.874725341796875
Epoch 12900, Loss Total: 53.43095016479492, Loss Train: 5.155434337211773e-05, Loss Test: 27.874725341796875
Epoch 13000, Loss Total: 53.43095016479492, Loss Train: 5.155434337211773e-05, Loss Test: 27.874725341796875
Epoch 13100, Loss Total: 53.43095016479492, Loss Train: 5.155434337211773e-05, Loss Test: 27.874725341796875
Epoch 13200, Loss Total: 53.43095016479492, Loss Train: 5.155434337211773e-05, Loss Test: 27.874725341796875
Epoch 13300, Loss Total: 53.43095016479492, Loss Train: 5.155434337211773e-05, Loss Test: 27.874725341796875
Epoch 13400, Loss Total: 53.43095016479492, Loss Train: 5.155434337211773e-05, Loss Test: 27.874725341796875
Epoch 13500, Loss Total: 53.43095016479492, Loss Train: 5.155434337211773e-05, Loss Test: 27.874725341796875
Epoch 13600, Loss Total: 53.43095016479492, Loss Train: 5.155434337211773e-05, Loss Test: 27.874725341796875
Epoch 13700, Loss Total: 53.43095016479492, Loss Train: 5.155434337211773e-05, Loss Test: 27.874725341796875
Epoch 13800, Loss Total: 53.43095016479492, Loss Train: 5.155434337211773e-05, Loss Test: 27.874725341796875
Epoch 13900, Loss Total: 53.43095016479492, Loss Train: 5.155434337211773e-05, Loss Test: 27.874725341796875
Epoch 14000, Loss Total: 53.43095016479492, Loss Train: 5.155434337211773e-05, Loss Test: 27.874725341796875
Epoch 14100, Loss Total: 53.43095016479492, Loss Train: 5.155434337211773e-05, Loss Test: 27.874725341796875
Epoch 14200, Loss Total: 53.43095016479492, Loss Train: 5.155434337211773e-05, Loss Test: 27.874725341796875
Epoch 14300, Loss Total: 53.43095016479492, Loss Train: 5.155434337211773e-05, Loss Test: 27.874725341796875
Epoch 14400, Loss Total: 53.43095016479492, Loss Train: 5.155434337211773e-05, Loss Test: 27.874725341796875
Epoch 14500, Loss Total: 53.43095016479492, Loss Train: 5.155434337211773e-05, Loss Test: 27.874725341796875
Epoch 14600, Loss Total: 53.43095016479492, Loss Train: 5.155434337211773e-05, Loss Test: 27.874725341796875
Epoch 14700, Loss Total: 53.43095016479492, Loss Train: 5.155434337211773e-05, Loss Test: 27.874725341796875
Epoch 14800, Loss Total: 53.43095016479492, Loss Train: 5.155434337211773e-05, Loss Test: 27.874725341796875
Epoch 14900, Loss Total: 53.43095016479492, Loss Train: 5.155434337211773e-05, Loss Test: 27.874725341796875
Epoch 15000, Loss Total: 53.43095016479492, Loss Train: 5.155434337211773e-05, Loss Test: 27.874725341796875
Epoch 15100, Loss Total: 53.43095016479492, Loss Train: 5.155434337211773e-05, Loss Test: 27.874725341796875
Epoch 15200, Loss Total: 53.43095016479492, Loss Train: 5.155434337211773e-05, Loss Test: 27.874725341796875
Epoch 15300, Loss Total: 53.43095016479492, Loss Train: 5.155434337211773e-05, Loss Test: 27.874725341796875
Epoch 15400, Loss Total: 53.43095016479492, Loss Train: 5.155434337211773e-05, Loss Test: 27.874725341796875
Epoch 15500, Loss Total: 53.43095016479492, Loss Train: 5.155434337211773e-05, Loss Test: 27.874725341796875
Epoch 15600, Loss Total: 53.43095016479492, Loss Train: 5.155434337211773e-05, Loss Test: 27.874725341796875
Epoch 15700, Loss Total: 53.43095016479492, Loss Train: 5.155434337211773e-05, Loss Test: 27.874725341796875
Epoch 15800, Loss Total: 53.43095016479492, Loss Train: 5.155434337211773e-05, Loss Test: 27.874725341796875
Epoch 15900, Loss Total: 53.43095016479492, Loss Train: 5.155434337211773e-05, Loss Test: 27.874725341796875
Epoch 16000, Loss Total: 53.43095016479492, Loss Train: 5.155434337211773e-05, Loss Test: 27.874725341796875
Epoch 16100, Loss Total: 53.43095016479492, Loss Train: 5.155434337211773e-05, Loss Test: 27.874725341796875
Epoch 16200, Loss Total: 53.43095016479492, Loss Train: 5.155434337211773e-05, Loss Test: 27.874725341796875
Epoch 16300, Loss Total: 53.43095016479492, Loss Train: 5.155434337211773e-05, Loss Test: 27.874725341796875
Epoch 16400, Loss Total: 53.43095016479492, Loss Train: 5.155434337211773e-05, Loss Test: 27.874725341796875
Epoch 16500, Loss Total: 53.43095016479492, Loss Train: 5.155434337211773e-05, Loss Test: 27.874725341796875
Epoch 16600, Loss Total: 53.43095016479492, Loss Train: 5.155434337211773e-05, Loss Test: 27.874725341796875
Epoch 16700, Loss Total: 53.43095016479492, Loss Train: 5.155434337211773e-05, Loss Test: 27.874725341796875
Epoch 16800, Loss Total: 53.43095016479492, Loss Train: 5.155434337211773e-05, Loss Test: 27.874725341796875
Epoch 16900, Loss Total: 53.43095016479492, Loss Train: 5.155434337211773e-05, Loss Test: 27.874725341796875
Epoch 17000, Loss Total: 53.43095016479492, Loss Train: 5.155434337211773e-05, Loss Test: 27.874725341796875
Epoch 17100, Loss Total: 53.43095016479492, Loss Train: 5.155434337211773e-05, Loss Test: 27.874725341796875
Epoch 17200, Loss Total: 53.43095016479492, Loss Train: 5.155434337211773e-05, Loss Test: 27.874725341796875
Epoch 17300, Loss Total: 53.43095016479492, Loss Train: 5.155434337211773e-05, Loss Test: 27.874725341796875
Epoch 17400, Loss Total: 53.43095016479492, Loss Train: 5.155434337211773e-05, Loss Test: 27.874725341796875
Epoch 17500, Loss Total: 53.43095016479492, Loss Train: 5.155434337211773e-05, Loss Test: 27.874725341796875
Epoch 17600, Loss Total: 53.43095016479492, Loss Train: 5.155434337211773e-05, Loss Test: 27.874725341796875
Epoch 17700, Loss Total: 53.43095016479492, Loss Train: 5.155434337211773e-05, Loss Test: 27.874725341796875
Epoch 17800, Loss Total: 53.43095016479492, Loss Train: 5.155434337211773e-05, Loss Test: 27.874725341796875
Epoch 17900, Loss Total: 53.43095016479492, Loss Train: 5.155434337211773e-05, Loss Test: 27.874725341796875
Epoch 18000, Loss Total: 53.43095016479492, Loss Train: 5.155434337211773e-05, Loss Test: 27.874725341796875
Epoch 18100, Loss Total: 53.43095016479492, Loss Train: 5.155434337211773e-05, Loss Test: 27.874725341796875
Epoch 18200, Loss Total: 53.43095016479492, Loss Train: 5.155434337211773e-05, Loss Test: 27.874725341796875
Epoch 18300, Loss Total: 53.43095016479492, Loss Train: 5.155434337211773e-05, Loss Test: 27.874725341796875
Epoch 18400, Loss Total: 53.43095016479492, Loss Train: 5.155434337211773e-05, Loss Test: 27.874725341796875
Epoch 18500, Loss Total: 53.43095016479492, Loss Train: 5.155434337211773e-05, Loss Test: 27.874725341796875
Epoch 18600, Loss Total: 53.43095016479492, Loss Train: 5.155434337211773e-05, Loss Test: 27.874725341796875
Epoch 18700, Loss Total: 53.43095016479492, Loss Train: 5.155434337211773e-05, Loss Test: 27.874725341796875
Epoch 18800, Loss Total: 53.43095016479492, Loss Train: 5.155434337211773e-05, Loss Test: 27.874725341796875
Epoch 18900, Loss Total: 53.43095016479492, Loss Train: 5.155434337211773e-05, Loss Test: 27.874725341796875
Epoch 19000, Loss Total: 53.43095016479492, Loss Train: 5.155434337211773e-05, Loss Test: 27.874725341796875
Epoch 19100, Loss Total: 53.43095016479492, Loss Train: 5.155434337211773e-05, Loss Test: 27.874725341796875
Epoch 19200, Loss Total: 53.43095016479492, Loss Train: 5.155434337211773e-05, Loss Test: 27.874725341796875
Epoch 19300, Loss Total: 53.43095016479492, Loss Train: 5.155434337211773e-05, Loss Test: 27.874725341796875
Epoch 19400, Loss Total: 53.43095016479492, Loss Train: 5.155434337211773e-05, Loss Test: 27.874725341796875
Epoch 19500, Loss Total: 53.43095016479492, Loss Train: 5.155434337211773e-05, Loss Test: 27.874725341796875
Epoch 19600, Loss Total: 53.43095016479492, Loss Train: 5.155434337211773e-05, Loss Test: 27.874725341796875
Epoch 19700, Loss Total: 53.43095016479492, Loss Train: 5.155434337211773e-05, Loss Test: 27.874725341796875
Epoch 19800, Loss Total: 53.43095016479492, Loss Train: 5.155434337211773e-05, Loss Test: 27.874725341796875
Epoch 19900, Loss Total: 53.43095016479492, Loss Train: 5.155434337211773e-05, Loss Test: 27.874725341796875
Added results for seed=55 and percentage=0.4
Finished task 501
