Running task 96 with seed=10 and percentage=0.40
Epoch 0, Loss Total: 83.69969177246094, Loss Train: 132.18658447265625, Loss Test: 129.70455932617188
Epoch 100, Loss Total: 41.17633056640625, Loss Train: 41.136390686035156, Loss Test: 59.64802551269531
Epoch 200, Loss Total: 39.92594528198242, Loss Train: 18.18733787536621, Loss Test: 36.64104461669922
Epoch 300, Loss Total: 43.327537536621094, Loss Train: 9.207600593566895, Loss Test: 30.33677101135254
Epoch 400, Loss Total: 46.26201629638672, Loss Train: 4.986914157867432, Loss Test: 28.139358520507812
Epoch 500, Loss Total: 48.485008239746094, Loss Train: 2.814981460571289, Loss Test: 27.271074295043945
Epoch 600, Loss Total: 50.0887336730957, Loss Train: 1.6247673034667969, Loss Test: 26.885984420776367
Epoch 700, Loss Total: 51.220821380615234, Loss Train: 0.945472776889801, Loss Test: 26.688812255859375
Epoch 800, Loss Total: 52.02315139770508, Loss Train: 0.5497574210166931, Loss Test: 26.573820114135742
Epoch 900, Loss Total: 52.600868225097656, Loss Train: 0.3176789879798889, Loss Test: 26.500869750976562
Epoch 1000, Loss Total: 53.0228385925293, Loss Train: 0.1817149519920349, Loss Test: 26.452425003051758
Epoch 1100, Loss Total: 53.33317947387695, Loss Train: 0.10251817107200623, Loss Test: 26.41945457458496
Epoch 1200, Loss Total: 53.5614013671875, Loss Train: 0.05683046579360962, Loss Test: 26.396757125854492
Epoch 1300, Loss Total: 53.728450775146484, Loss Train: 0.03083600290119648, Loss Test: 26.381120681762695
Epoch 1400, Loss Total: 53.84989547729492, Loss Train: 0.016317829489707947, Loss Test: 26.3704891204834
Epoch 1500, Loss Total: 53.93750762939453, Loss Train: 0.008396856486797333, Loss Test: 26.36344337463379
Epoch 1600, Loss Total: 54.000240325927734, Loss Train: 0.004195101093500853, Loss Test: 26.358976364135742
Epoch 1700, Loss Total: 54.04480743408203, Loss Train: 0.002037431113421917, Loss Test: 26.35633659362793
Epoch 1800, Loss Total: 54.076236724853516, Loss Train: 0.0009684899123385549, Loss Test: 26.354948043823242
Epoch 1900, Loss Total: 54.09824752807617, Loss Train: 0.0004589451418723911, Loss Test: 26.35438346862793
Epoch 2000, Loss Total: 54.11355209350586, Loss Train: 0.00022558728232979774, Loss Test: 26.354324340820312
Epoch 2100, Loss Total: 54.124122619628906, Loss Train: 0.0001227955217473209, Loss Test: 26.354551315307617
Epoch 2200, Loss Total: 54.13137435913086, Loss Train: 7.915194146335125e-05, Loss Test: 26.35491943359375
Epoch 2300, Loss Total: 54.1363410949707, Loss Train: 6.122040940681472e-05, Loss Test: 26.35532569885254
Epoch 2400, Loss Total: 54.13971710205078, Loss Train: 5.387167402659543e-05, Loss Test: 26.35572052001953
Epoch 2500, Loss Total: 54.14202880859375, Loss Train: 5.092153514851816e-05, Loss Test: 26.3560733795166
Epoch 2600, Loss Total: 54.14360427856445, Loss Train: 4.979945515515283e-05, Loss Test: 26.356369018554688
Epoch 2700, Loss Total: 54.144683837890625, Loss Train: 4.914965029456653e-05, Loss Test: 26.35661506652832
Epoch 2800, Loss Total: 54.14543151855469, Loss Train: 4.892058132099919e-05, Loss Test: 26.35680389404297
Epoch 2900, Loss Total: 54.14594268798828, Loss Train: 4.8815236368682235e-05, Loss Test: 26.356952667236328
Epoch 3000, Loss Total: 54.14630889892578, Loss Train: 4.875718877883628e-05, Loss Test: 26.357059478759766
Epoch 3100, Loss Total: 54.14655685424805, Loss Train: 4.876073217019439e-05, Loss Test: 26.357141494750977
Epoch 3200, Loss Total: 54.14671325683594, Loss Train: 4.8724970838520676e-05, Loss Test: 26.357196807861328
Epoch 3300, Loss Total: 54.14677047729492, Loss Train: 4.872135104960762e-05, Loss Test: 26.35721778869629
Epoch 3400, Loss Total: 54.146793365478516, Loss Train: 4.8721318307798356e-05, Loss Test: 26.35722541809082
Epoch 3500, Loss Total: 54.14680099487305, Loss Train: 4.8721318307798356e-05, Loss Test: 26.357229232788086
Epoch 3600, Loss Total: 54.14680099487305, Loss Train: 4.8721318307798356e-05, Loss Test: 26.357229232788086
Epoch 3700, Loss Total: 54.14680099487305, Loss Train: 4.8721318307798356e-05, Loss Test: 26.357229232788086
Epoch 3800, Loss Total: 54.14680099487305, Loss Train: 4.8721318307798356e-05, Loss Test: 26.357229232788086
Epoch 3900, Loss Total: 54.14680099487305, Loss Train: 4.8721318307798356e-05, Loss Test: 26.357229232788086
Epoch 4000, Loss Total: 54.14680099487305, Loss Train: 4.8721318307798356e-05, Loss Test: 26.357229232788086
Epoch 4100, Loss Total: 54.14680099487305, Loss Train: 4.8721318307798356e-05, Loss Test: 26.357229232788086
Epoch 4200, Loss Total: 54.14680099487305, Loss Train: 4.8721318307798356e-05, Loss Test: 26.357229232788086
Epoch 4300, Loss Total: 54.14680099487305, Loss Train: 4.8721318307798356e-05, Loss Test: 26.357229232788086
Epoch 4400, Loss Total: 54.14680099487305, Loss Train: 4.8721318307798356e-05, Loss Test: 26.357229232788086
Epoch 4500, Loss Total: 54.14680099487305, Loss Train: 4.8721318307798356e-05, Loss Test: 26.357229232788086
Epoch 4600, Loss Total: 54.14680099487305, Loss Train: 4.8721318307798356e-05, Loss Test: 26.357229232788086
Epoch 4700, Loss Total: 54.14680099487305, Loss Train: 4.8721318307798356e-05, Loss Test: 26.357229232788086
Epoch 4800, Loss Total: 54.14680099487305, Loss Train: 4.8721318307798356e-05, Loss Test: 26.357229232788086
Epoch 4900, Loss Total: 54.14680099487305, Loss Train: 4.8721318307798356e-05, Loss Test: 26.357229232788086
Epoch 5000, Loss Total: 54.14680099487305, Loss Train: 4.8721318307798356e-05, Loss Test: 26.357229232788086
Epoch 5100, Loss Total: 54.14680099487305, Loss Train: 4.8721318307798356e-05, Loss Test: 26.357229232788086
Epoch 5200, Loss Total: 54.14680099487305, Loss Train: 4.8721318307798356e-05, Loss Test: 26.357229232788086
Epoch 5300, Loss Total: 54.14680099487305, Loss Train: 4.8721318307798356e-05, Loss Test: 26.357229232788086
Epoch 5400, Loss Total: 54.14680099487305, Loss Train: 4.8721318307798356e-05, Loss Test: 26.357229232788086
Epoch 5500, Loss Total: 54.14680099487305, Loss Train: 4.8721318307798356e-05, Loss Test: 26.357229232788086
Epoch 5600, Loss Total: 54.14680099487305, Loss Train: 4.8721318307798356e-05, Loss Test: 26.357229232788086
Epoch 5700, Loss Total: 54.14680099487305, Loss Train: 4.8721318307798356e-05, Loss Test: 26.357229232788086
Epoch 5800, Loss Total: 54.14680099487305, Loss Train: 4.8721318307798356e-05, Loss Test: 26.357229232788086
Epoch 5900, Loss Total: 54.14680099487305, Loss Train: 4.8721318307798356e-05, Loss Test: 26.357229232788086
Epoch 6000, Loss Total: 54.14680099487305, Loss Train: 4.8721318307798356e-05, Loss Test: 26.357229232788086
Epoch 6100, Loss Total: 54.14680099487305, Loss Train: 4.8721318307798356e-05, Loss Test: 26.357229232788086
Epoch 6200, Loss Total: 54.14680099487305, Loss Train: 4.8721318307798356e-05, Loss Test: 26.357229232788086
Epoch 6300, Loss Total: 54.14680099487305, Loss Train: 4.8721318307798356e-05, Loss Test: 26.357229232788086
Epoch 6400, Loss Total: 54.14680099487305, Loss Train: 4.8721318307798356e-05, Loss Test: 26.357229232788086
Epoch 6500, Loss Total: 54.14680099487305, Loss Train: 4.8721318307798356e-05, Loss Test: 26.357229232788086
Epoch 6600, Loss Total: 54.14680099487305, Loss Train: 4.8721318307798356e-05, Loss Test: 26.357229232788086
Epoch 6700, Loss Total: 54.14680099487305, Loss Train: 4.8721318307798356e-05, Loss Test: 26.357229232788086
Epoch 6800, Loss Total: 54.14680099487305, Loss Train: 4.8721318307798356e-05, Loss Test: 26.357229232788086
Epoch 6900, Loss Total: 54.14680099487305, Loss Train: 4.8721318307798356e-05, Loss Test: 26.357229232788086
Epoch 7000, Loss Total: 54.14680099487305, Loss Train: 4.8721318307798356e-05, Loss Test: 26.357229232788086
Epoch 7100, Loss Total: 54.14680099487305, Loss Train: 4.8721318307798356e-05, Loss Test: 26.357229232788086
Epoch 7200, Loss Total: 54.14680099487305, Loss Train: 4.8721318307798356e-05, Loss Test: 26.357229232788086
Epoch 7300, Loss Total: 54.14680099487305, Loss Train: 4.8721318307798356e-05, Loss Test: 26.357229232788086
Epoch 7400, Loss Total: 54.14680099487305, Loss Train: 4.8721318307798356e-05, Loss Test: 26.357229232788086
Epoch 7500, Loss Total: 54.14680099487305, Loss Train: 4.8721318307798356e-05, Loss Test: 26.357229232788086
Epoch 7600, Loss Total: 54.14680099487305, Loss Train: 4.8721318307798356e-05, Loss Test: 26.357229232788086
Epoch 7700, Loss Total: 54.14680099487305, Loss Train: 4.8721318307798356e-05, Loss Test: 26.357229232788086
Epoch 7800, Loss Total: 54.14680099487305, Loss Train: 4.8721318307798356e-05, Loss Test: 26.357229232788086
Epoch 7900, Loss Total: 54.14680099487305, Loss Train: 4.8721318307798356e-05, Loss Test: 26.357229232788086
Epoch 8000, Loss Total: 54.14680099487305, Loss Train: 4.8721318307798356e-05, Loss Test: 26.357229232788086
Epoch 8100, Loss Total: 54.14680099487305, Loss Train: 4.8721318307798356e-05, Loss Test: 26.357229232788086
Epoch 8200, Loss Total: 54.14680099487305, Loss Train: 4.8721318307798356e-05, Loss Test: 26.357229232788086
Epoch 8300, Loss Total: 54.14680099487305, Loss Train: 4.8721318307798356e-05, Loss Test: 26.357229232788086
Epoch 8400, Loss Total: 54.14680099487305, Loss Train: 4.8721318307798356e-05, Loss Test: 26.357229232788086
Epoch 8500, Loss Total: 54.14680099487305, Loss Train: 4.8721318307798356e-05, Loss Test: 26.357229232788086
Epoch 8600, Loss Total: 54.14680099487305, Loss Train: 4.8721318307798356e-05, Loss Test: 26.357229232788086
Epoch 8700, Loss Total: 54.14680099487305, Loss Train: 4.8721318307798356e-05, Loss Test: 26.357229232788086
Epoch 8800, Loss Total: 54.14680099487305, Loss Train: 4.8721318307798356e-05, Loss Test: 26.357229232788086
Epoch 8900, Loss Total: 54.14680099487305, Loss Train: 4.8721318307798356e-05, Loss Test: 26.357229232788086
Epoch 9000, Loss Total: 54.14680099487305, Loss Train: 4.8721318307798356e-05, Loss Test: 26.357229232788086
Epoch 9100, Loss Total: 54.14680099487305, Loss Train: 4.8721318307798356e-05, Loss Test: 26.357229232788086
Epoch 9200, Loss Total: 54.14680099487305, Loss Train: 4.8721318307798356e-05, Loss Test: 26.357229232788086
Epoch 9300, Loss Total: 54.14680099487305, Loss Train: 4.8721318307798356e-05, Loss Test: 26.357229232788086
Epoch 9400, Loss Total: 54.14680099487305, Loss Train: 4.8721318307798356e-05, Loss Test: 26.357229232788086
Epoch 9500, Loss Total: 54.14680099487305, Loss Train: 4.8721318307798356e-05, Loss Test: 26.357229232788086
Epoch 9600, Loss Total: 54.14680099487305, Loss Train: 4.8721318307798356e-05, Loss Test: 26.357229232788086
Epoch 9700, Loss Total: 54.14680099487305, Loss Train: 4.8721318307798356e-05, Loss Test: 26.357229232788086
Epoch 9800, Loss Total: 54.14680099487305, Loss Train: 4.8721318307798356e-05, Loss Test: 26.357229232788086
Epoch 9900, Loss Total: 54.14680099487305, Loss Train: 4.8721318307798356e-05, Loss Test: 26.357229232788086
Epoch 10000, Loss Total: 54.14680099487305, Loss Train: 4.8721318307798356e-05, Loss Test: 26.357229232788086
Epoch 10100, Loss Total: 54.14680099487305, Loss Train: 4.8721318307798356e-05, Loss Test: 26.357229232788086
Epoch 10200, Loss Total: 54.14680099487305, Loss Train: 4.8721318307798356e-05, Loss Test: 26.357229232788086
Epoch 10300, Loss Total: 54.14680099487305, Loss Train: 4.8721318307798356e-05, Loss Test: 26.357229232788086
Epoch 10400, Loss Total: 54.14680099487305, Loss Train: 4.8721318307798356e-05, Loss Test: 26.357229232788086
Epoch 10500, Loss Total: 54.14680099487305, Loss Train: 4.8721318307798356e-05, Loss Test: 26.357229232788086
Epoch 10600, Loss Total: 54.14680099487305, Loss Train: 4.8721318307798356e-05, Loss Test: 26.357229232788086
Epoch 10700, Loss Total: 54.14680099487305, Loss Train: 4.8721318307798356e-05, Loss Test: 26.357229232788086
Epoch 10800, Loss Total: 54.14680099487305, Loss Train: 4.8721318307798356e-05, Loss Test: 26.357229232788086
Epoch 10900, Loss Total: 54.14680099487305, Loss Train: 4.8721318307798356e-05, Loss Test: 26.357229232788086
Epoch 11000, Loss Total: 54.14680099487305, Loss Train: 4.8721318307798356e-05, Loss Test: 26.357229232788086
Epoch 11100, Loss Total: 54.14680099487305, Loss Train: 4.8721318307798356e-05, Loss Test: 26.357229232788086
Epoch 11200, Loss Total: 54.14680099487305, Loss Train: 4.8721318307798356e-05, Loss Test: 26.357229232788086
Epoch 11300, Loss Total: 54.14680099487305, Loss Train: 4.8721318307798356e-05, Loss Test: 26.357229232788086
Epoch 11400, Loss Total: 54.14680099487305, Loss Train: 4.8721318307798356e-05, Loss Test: 26.357229232788086
Epoch 11500, Loss Total: 54.14680099487305, Loss Train: 4.8721318307798356e-05, Loss Test: 26.357229232788086
Epoch 11600, Loss Total: 54.14680099487305, Loss Train: 4.8721318307798356e-05, Loss Test: 26.357229232788086
Epoch 11700, Loss Total: 54.14680099487305, Loss Train: 4.8721318307798356e-05, Loss Test: 26.357229232788086
Epoch 11800, Loss Total: 54.14680099487305, Loss Train: 4.8721318307798356e-05, Loss Test: 26.357229232788086
Epoch 11900, Loss Total: 54.14680099487305, Loss Train: 4.8721318307798356e-05, Loss Test: 26.357229232788086
Epoch 12000, Loss Total: 54.14680099487305, Loss Train: 4.8721318307798356e-05, Loss Test: 26.357229232788086
Epoch 12100, Loss Total: 54.14680099487305, Loss Train: 4.8721318307798356e-05, Loss Test: 26.357229232788086
Epoch 12200, Loss Total: 54.14680099487305, Loss Train: 4.8721318307798356e-05, Loss Test: 26.357229232788086
Epoch 12300, Loss Total: 54.14680099487305, Loss Train: 4.8721318307798356e-05, Loss Test: 26.357229232788086
Epoch 12400, Loss Total: 54.14680099487305, Loss Train: 4.8721318307798356e-05, Loss Test: 26.357229232788086
Epoch 12500, Loss Total: 54.14680099487305, Loss Train: 4.8721318307798356e-05, Loss Test: 26.357229232788086
Epoch 12600, Loss Total: 54.14680099487305, Loss Train: 4.8721318307798356e-05, Loss Test: 26.357229232788086
Epoch 12700, Loss Total: 54.14680099487305, Loss Train: 4.8721318307798356e-05, Loss Test: 26.357229232788086
Epoch 12800, Loss Total: 54.14680099487305, Loss Train: 4.8721318307798356e-05, Loss Test: 26.357229232788086
Epoch 12900, Loss Total: 54.14680099487305, Loss Train: 4.8721318307798356e-05, Loss Test: 26.357229232788086
Epoch 13000, Loss Total: 54.14680099487305, Loss Train: 4.8721318307798356e-05, Loss Test: 26.357229232788086
Epoch 13100, Loss Total: 54.14680099487305, Loss Train: 4.8721318307798356e-05, Loss Test: 26.357229232788086
Epoch 13200, Loss Total: 54.14680099487305, Loss Train: 4.8721318307798356e-05, Loss Test: 26.357229232788086
Epoch 13300, Loss Total: 54.14680099487305, Loss Train: 4.8721318307798356e-05, Loss Test: 26.357229232788086
Epoch 13400, Loss Total: 54.14680099487305, Loss Train: 4.8721318307798356e-05, Loss Test: 26.357229232788086
Epoch 13500, Loss Total: 54.14680099487305, Loss Train: 4.8721318307798356e-05, Loss Test: 26.357229232788086
Epoch 13600, Loss Total: 54.14680099487305, Loss Train: 4.8721318307798356e-05, Loss Test: 26.357229232788086
Epoch 13700, Loss Total: 54.14680099487305, Loss Train: 4.8721318307798356e-05, Loss Test: 26.357229232788086
Epoch 13800, Loss Total: 54.14680099487305, Loss Train: 4.8721318307798356e-05, Loss Test: 26.357229232788086
Epoch 13900, Loss Total: 54.14680099487305, Loss Train: 4.8721318307798356e-05, Loss Test: 26.357229232788086
Epoch 14000, Loss Total: 54.14680099487305, Loss Train: 4.8721318307798356e-05, Loss Test: 26.357229232788086
Epoch 14100, Loss Total: 54.14680099487305, Loss Train: 4.8721318307798356e-05, Loss Test: 26.357229232788086
Epoch 14200, Loss Total: 54.14680099487305, Loss Train: 4.8721318307798356e-05, Loss Test: 26.357229232788086
Epoch 14300, Loss Total: 54.14680099487305, Loss Train: 4.8721318307798356e-05, Loss Test: 26.357229232788086
Epoch 14400, Loss Total: 54.14680099487305, Loss Train: 4.8721318307798356e-05, Loss Test: 26.357229232788086
Epoch 14500, Loss Total: 54.14680099487305, Loss Train: 4.8721318307798356e-05, Loss Test: 26.357229232788086
Epoch 14600, Loss Total: 54.14680099487305, Loss Train: 4.8721318307798356e-05, Loss Test: 26.357229232788086
Epoch 14700, Loss Total: 54.14680099487305, Loss Train: 4.8721318307798356e-05, Loss Test: 26.357229232788086
Epoch 14800, Loss Total: 54.14680099487305, Loss Train: 4.8721318307798356e-05, Loss Test: 26.357229232788086
Epoch 14900, Loss Total: 54.14680099487305, Loss Train: 4.8721318307798356e-05, Loss Test: 26.357229232788086
Epoch 15000, Loss Total: 54.14680099487305, Loss Train: 4.8721318307798356e-05, Loss Test: 26.357229232788086
Epoch 15100, Loss Total: 54.14680099487305, Loss Train: 4.8721318307798356e-05, Loss Test: 26.357229232788086
Epoch 15200, Loss Total: 54.14680099487305, Loss Train: 4.8721318307798356e-05, Loss Test: 26.357229232788086
Epoch 15300, Loss Total: 54.14680099487305, Loss Train: 4.8721318307798356e-05, Loss Test: 26.357229232788086
Epoch 15400, Loss Total: 54.14680099487305, Loss Train: 4.8721318307798356e-05, Loss Test: 26.357229232788086
Epoch 15500, Loss Total: 54.14680099487305, Loss Train: 4.8721318307798356e-05, Loss Test: 26.357229232788086
Epoch 15600, Loss Total: 54.14680099487305, Loss Train: 4.8721318307798356e-05, Loss Test: 26.357229232788086
Epoch 15700, Loss Total: 54.14680099487305, Loss Train: 4.8721318307798356e-05, Loss Test: 26.357229232788086
Epoch 15800, Loss Total: 54.14680099487305, Loss Train: 4.8721318307798356e-05, Loss Test: 26.357229232788086
Epoch 15900, Loss Total: 54.14680099487305, Loss Train: 4.8721318307798356e-05, Loss Test: 26.357229232788086
Epoch 16000, Loss Total: 54.14680099487305, Loss Train: 4.8721318307798356e-05, Loss Test: 26.357229232788086
Epoch 16100, Loss Total: 54.14680099487305, Loss Train: 4.8721318307798356e-05, Loss Test: 26.357229232788086
Epoch 16200, Loss Total: 54.14680099487305, Loss Train: 4.8721318307798356e-05, Loss Test: 26.357229232788086
Epoch 16300, Loss Total: 54.14680099487305, Loss Train: 4.8721318307798356e-05, Loss Test: 26.357229232788086
Epoch 16400, Loss Total: 54.14680099487305, Loss Train: 4.8721318307798356e-05, Loss Test: 26.357229232788086
Epoch 16500, Loss Total: 54.14680099487305, Loss Train: 4.8721318307798356e-05, Loss Test: 26.357229232788086
Epoch 16600, Loss Total: 54.14680099487305, Loss Train: 4.8721318307798356e-05, Loss Test: 26.357229232788086
Epoch 16700, Loss Total: 54.14680099487305, Loss Train: 4.8721318307798356e-05, Loss Test: 26.357229232788086
Epoch 16800, Loss Total: 54.14680099487305, Loss Train: 4.8721318307798356e-05, Loss Test: 26.357229232788086
Epoch 16900, Loss Total: 54.14680099487305, Loss Train: 4.8721318307798356e-05, Loss Test: 26.357229232788086
Epoch 17000, Loss Total: 54.14680099487305, Loss Train: 4.8721318307798356e-05, Loss Test: 26.357229232788086
Epoch 17100, Loss Total: 54.14680099487305, Loss Train: 4.8721318307798356e-05, Loss Test: 26.357229232788086
Epoch 17200, Loss Total: 54.14680099487305, Loss Train: 4.8721318307798356e-05, Loss Test: 26.357229232788086
Epoch 17300, Loss Total: 54.14680099487305, Loss Train: 4.8721318307798356e-05, Loss Test: 26.357229232788086
Epoch 17400, Loss Total: 54.14680099487305, Loss Train: 4.8721318307798356e-05, Loss Test: 26.357229232788086
Epoch 17500, Loss Total: 54.14680099487305, Loss Train: 4.8721318307798356e-05, Loss Test: 26.357229232788086
Epoch 17600, Loss Total: 54.14680099487305, Loss Train: 4.8721318307798356e-05, Loss Test: 26.357229232788086
Epoch 17700, Loss Total: 54.14680099487305, Loss Train: 4.8721318307798356e-05, Loss Test: 26.357229232788086
Epoch 17800, Loss Total: 54.14680099487305, Loss Train: 4.8721318307798356e-05, Loss Test: 26.357229232788086
Epoch 17900, Loss Total: 54.14680099487305, Loss Train: 4.8721318307798356e-05, Loss Test: 26.357229232788086
Epoch 18000, Loss Total: 54.14680099487305, Loss Train: 4.8721318307798356e-05, Loss Test: 26.357229232788086
Epoch 18100, Loss Total: 54.14680099487305, Loss Train: 4.8721318307798356e-05, Loss Test: 26.357229232788086
Epoch 18200, Loss Total: 54.14680099487305, Loss Train: 4.8721318307798356e-05, Loss Test: 26.357229232788086
Epoch 18300, Loss Total: 54.14680099487305, Loss Train: 4.8721318307798356e-05, Loss Test: 26.357229232788086
Epoch 18400, Loss Total: 54.14680099487305, Loss Train: 4.8721318307798356e-05, Loss Test: 26.357229232788086
Epoch 18500, Loss Total: 54.14680099487305, Loss Train: 4.8721318307798356e-05, Loss Test: 26.357229232788086
Epoch 18600, Loss Total: 54.14680099487305, Loss Train: 4.8721318307798356e-05, Loss Test: 26.357229232788086
Epoch 18700, Loss Total: 54.14680099487305, Loss Train: 4.8721318307798356e-05, Loss Test: 26.357229232788086
Epoch 18800, Loss Total: 54.14680099487305, Loss Train: 4.8721318307798356e-05, Loss Test: 26.357229232788086
Epoch 18900, Loss Total: 54.14680099487305, Loss Train: 4.8721318307798356e-05, Loss Test: 26.357229232788086
Epoch 19000, Loss Total: 54.14680099487305, Loss Train: 4.8721318307798356e-05, Loss Test: 26.357229232788086
Epoch 19100, Loss Total: 54.14680099487305, Loss Train: 4.8721318307798356e-05, Loss Test: 26.357229232788086
Epoch 19200, Loss Total: 54.14680099487305, Loss Train: 4.8721318307798356e-05, Loss Test: 26.357229232788086
Epoch 19300, Loss Total: 54.14680099487305, Loss Train: 4.8721318307798356e-05, Loss Test: 26.357229232788086
Epoch 19400, Loss Total: 54.14680099487305, Loss Train: 4.8721318307798356e-05, Loss Test: 26.357229232788086
Epoch 19500, Loss Total: 54.14680099487305, Loss Train: 4.8721318307798356e-05, Loss Test: 26.357229232788086
Epoch 19600, Loss Total: 54.14680099487305, Loss Train: 4.8721318307798356e-05, Loss Test: 26.357229232788086
Epoch 19700, Loss Total: 54.14680099487305, Loss Train: 4.8721318307798356e-05, Loss Test: 26.357229232788086
Epoch 19800, Loss Total: 54.14680099487305, Loss Train: 4.8721318307798356e-05, Loss Test: 26.357229232788086
Epoch 19900, Loss Total: 54.14680099487305, Loss Train: 4.8721318307798356e-05, Loss Test: 26.357229232788086
Added results for seed=10 and percentage=0.4
Finished task 96
