Running task 475 with seed=52 and percentage=0.45
Epoch 0, Loss Total: 83.79328918457031, Loss Train: 134.27830505371094, Loss Test: 128.04208374023438
Epoch 100, Loss Total: 40.82005310058594, Loss Train: 42.635372161865234, Loss Test: 56.98422622680664
Epoch 200, Loss Total: 40.21215057373047, Loss Train: 19.08820915222168, Loss Test: 35.123592376708984
Epoch 300, Loss Total: 43.640010833740234, Loss Train: 9.76513957977295, Loss Test: 29.334156036376953
Epoch 400, Loss Total: 46.603973388671875, Loss Train: 5.360602378845215, Loss Test: 27.481491088867188
Epoch 500, Loss Total: 48.87432098388672, Loss Train: 3.092054605484009, Loss Test: 26.857463836669922
Epoch 600, Loss Total: 50.536712646484375, Loss Train: 1.844525694847107, Loss Test: 26.642993927001953
Epoch 700, Loss Total: 51.73490905761719, Loss Train: 1.1230111122131348, Loss Test: 26.56984519958496
Epoch 800, Loss Total: 52.600257873535156, Loss Train: 0.6911786198616028, Loss Test: 26.549047470092773
Epoch 900, Loss Total: 53.22916793823242, Loss Train: 0.42713695764541626, Loss Test: 26.548877716064453
Epoch 1000, Loss Total: 53.68758010864258, Loss Train: 0.26363199949264526, Loss Test: 26.556392669677734
Epoch 1100, Loss Total: 54.021080017089844, Loss Train: 0.1617407351732254, Loss Test: 26.565799713134766
Epoch 1200, Loss Total: 54.26240158081055, Loss Train: 0.09820354729890823, Loss Test: 26.574575424194336
Epoch 1300, Loss Total: 54.43582534790039, Loss Train: 0.05877814441919327, Loss Test: 26.581844329833984
Epoch 1400, Loss Total: 54.55956268310547, Loss Train: 0.03456397354602814, Loss Test: 26.58750343322754
Epoch 1500, Loss Total: 54.6472282409668, Loss Train: 0.019915016368031502, Loss Test: 26.591758728027344
Epoch 1600, Loss Total: 54.708946228027344, Loss Train: 0.011220093816518784, Loss Test: 26.594905853271484
Epoch 1700, Loss Total: 54.75212097167969, Loss Train: 0.006173481233417988, Loss Test: 26.597213745117188
Epoch 1800, Loss Total: 54.78215026855469, Loss Train: 0.0033169067464768887, Loss Test: 26.598899841308594
Epoch 1900, Loss Total: 54.80289840698242, Loss Train: 0.001743644243106246, Loss Test: 26.60013198852539
Epoch 2000, Loss Total: 54.817142486572266, Loss Train: 0.0009021498262882233, Loss Test: 26.601032257080078
Epoch 2100, Loss Total: 54.82685089111328, Loss Train: 0.00046572566498070955, Loss Test: 26.6016902923584
Epoch 2200, Loss Total: 54.833431243896484, Loss Train: 0.0002466298174113035, Loss Test: 26.6021671295166
Epoch 2300, Loss Total: 54.83785629272461, Loss Train: 0.00014016231580171734, Loss Test: 26.602514266967773
Epoch 2400, Loss Total: 54.840824127197266, Loss Train: 9.015981777338311e-05, Loss Test: 26.602767944335938
Epoch 2500, Loss Total: 54.842803955078125, Loss Train: 6.737996591255069e-05, Loss Test: 26.602947235107422
Epoch 2600, Loss Total: 54.8441162109375, Loss Train: 5.7308054238092154e-05, Loss Test: 26.603076934814453
Epoch 2700, Loss Total: 54.84500503540039, Loss Train: 5.2907973440596834e-05, Loss Test: 26.60317039489746
Epoch 2800, Loss Total: 54.84558868408203, Loss Train: 5.1068836910417303e-05, Loss Test: 26.603239059448242
Epoch 2900, Loss Total: 54.845985412597656, Loss Train: 5.028106534155086e-05, Loss Test: 26.603286743164062
Epoch 3000, Loss Total: 54.84626007080078, Loss Train: 4.990074012312107e-05, Loss Test: 26.603321075439453
Epoch 3100, Loss Total: 54.846431732177734, Loss Train: 4.973827890353277e-05, Loss Test: 26.603343963623047
Epoch 3200, Loss Total: 54.846561431884766, Loss Train: 4.9882266466738656e-05, Loss Test: 26.60335922241211
Epoch 3300, Loss Total: 54.846641540527344, Loss Train: 4.960113437846303e-05, Loss Test: 26.603370666503906
Epoch 3400, Loss Total: 54.84666442871094, Loss Train: 4.9603040679357946e-05, Loss Test: 26.603374481201172
Epoch 3500, Loss Total: 54.846675872802734, Loss Train: 4.960279693477787e-05, Loss Test: 26.603374481201172
Epoch 3600, Loss Total: 54.846675872802734, Loss Train: 4.960279693477787e-05, Loss Test: 26.603374481201172
Epoch 3700, Loss Total: 54.846675872802734, Loss Train: 4.960279693477787e-05, Loss Test: 26.603374481201172
Epoch 3800, Loss Total: 54.846675872802734, Loss Train: 4.960279693477787e-05, Loss Test: 26.603374481201172
Epoch 3900, Loss Total: 54.846675872802734, Loss Train: 4.960279693477787e-05, Loss Test: 26.603374481201172
Epoch 4000, Loss Total: 54.846675872802734, Loss Train: 4.960279693477787e-05, Loss Test: 26.603374481201172
Epoch 4100, Loss Total: 54.846675872802734, Loss Train: 4.960279693477787e-05, Loss Test: 26.603374481201172
Epoch 4200, Loss Total: 54.846675872802734, Loss Train: 4.960279693477787e-05, Loss Test: 26.603374481201172
Epoch 4300, Loss Total: 54.846675872802734, Loss Train: 4.960279693477787e-05, Loss Test: 26.603374481201172
Epoch 4400, Loss Total: 54.846675872802734, Loss Train: 4.960279693477787e-05, Loss Test: 26.603374481201172
Epoch 4500, Loss Total: 54.846675872802734, Loss Train: 4.960279693477787e-05, Loss Test: 26.603374481201172
Epoch 4600, Loss Total: 54.846675872802734, Loss Train: 4.960279693477787e-05, Loss Test: 26.603374481201172
Epoch 4700, Loss Total: 54.846675872802734, Loss Train: 4.960279693477787e-05, Loss Test: 26.603374481201172
Epoch 4800, Loss Total: 54.846675872802734, Loss Train: 4.960279693477787e-05, Loss Test: 26.603374481201172
Epoch 4900, Loss Total: 54.846675872802734, Loss Train: 4.960279693477787e-05, Loss Test: 26.603374481201172
Epoch 5000, Loss Total: 54.846675872802734, Loss Train: 4.960279693477787e-05, Loss Test: 26.603374481201172
Epoch 5100, Loss Total: 54.846675872802734, Loss Train: 4.960279693477787e-05, Loss Test: 26.603374481201172
Epoch 5200, Loss Total: 54.846675872802734, Loss Train: 4.960279693477787e-05, Loss Test: 26.603374481201172
Epoch 5300, Loss Total: 54.846675872802734, Loss Train: 4.960279693477787e-05, Loss Test: 26.603374481201172
Epoch 5400, Loss Total: 54.846675872802734, Loss Train: 4.960279693477787e-05, Loss Test: 26.603374481201172
Epoch 5500, Loss Total: 54.846675872802734, Loss Train: 4.960279693477787e-05, Loss Test: 26.603374481201172
Epoch 5600, Loss Total: 54.846675872802734, Loss Train: 4.960279693477787e-05, Loss Test: 26.603374481201172
Epoch 5700, Loss Total: 54.846675872802734, Loss Train: 4.960279693477787e-05, Loss Test: 26.603374481201172
Epoch 5800, Loss Total: 54.846675872802734, Loss Train: 4.960279693477787e-05, Loss Test: 26.603374481201172
Epoch 5900, Loss Total: 54.846675872802734, Loss Train: 4.960279693477787e-05, Loss Test: 26.603374481201172
Epoch 6000, Loss Total: 54.846675872802734, Loss Train: 4.960279693477787e-05, Loss Test: 26.603374481201172
Epoch 6100, Loss Total: 54.846675872802734, Loss Train: 4.960279693477787e-05, Loss Test: 26.603374481201172
Epoch 6200, Loss Total: 54.846675872802734, Loss Train: 4.960279693477787e-05, Loss Test: 26.603374481201172
Epoch 6300, Loss Total: 54.846675872802734, Loss Train: 4.960279693477787e-05, Loss Test: 26.603374481201172
Epoch 6400, Loss Total: 54.846675872802734, Loss Train: 4.960279693477787e-05, Loss Test: 26.603374481201172
Epoch 6500, Loss Total: 54.846675872802734, Loss Train: 4.960279693477787e-05, Loss Test: 26.603374481201172
Epoch 6600, Loss Total: 54.846675872802734, Loss Train: 4.960279693477787e-05, Loss Test: 26.603374481201172
Epoch 6700, Loss Total: 54.846675872802734, Loss Train: 4.960279693477787e-05, Loss Test: 26.603374481201172
Epoch 6800, Loss Total: 54.846675872802734, Loss Train: 4.960279693477787e-05, Loss Test: 26.603374481201172
Epoch 6900, Loss Total: 54.846675872802734, Loss Train: 4.960279693477787e-05, Loss Test: 26.603374481201172
Epoch 7000, Loss Total: 54.846675872802734, Loss Train: 4.960279693477787e-05, Loss Test: 26.603374481201172
Epoch 7100, Loss Total: 54.846675872802734, Loss Train: 4.960279693477787e-05, Loss Test: 26.603374481201172
Epoch 7200, Loss Total: 54.846675872802734, Loss Train: 4.960279693477787e-05, Loss Test: 26.603374481201172
Epoch 7300, Loss Total: 54.846675872802734, Loss Train: 4.960279693477787e-05, Loss Test: 26.603374481201172
Epoch 7400, Loss Total: 54.846675872802734, Loss Train: 4.960279693477787e-05, Loss Test: 26.603374481201172
Epoch 7500, Loss Total: 54.846675872802734, Loss Train: 4.960279693477787e-05, Loss Test: 26.603374481201172
Epoch 7600, Loss Total: 54.846675872802734, Loss Train: 4.960279693477787e-05, Loss Test: 26.603374481201172
Epoch 7700, Loss Total: 54.846675872802734, Loss Train: 4.960279693477787e-05, Loss Test: 26.603374481201172
Epoch 7800, Loss Total: 54.846675872802734, Loss Train: 4.960279693477787e-05, Loss Test: 26.603374481201172
Epoch 7900, Loss Total: 54.846675872802734, Loss Train: 4.960279693477787e-05, Loss Test: 26.603374481201172
Epoch 8000, Loss Total: 54.846675872802734, Loss Train: 4.960279693477787e-05, Loss Test: 26.603374481201172
Epoch 8100, Loss Total: 54.846675872802734, Loss Train: 4.960279693477787e-05, Loss Test: 26.603374481201172
Epoch 8200, Loss Total: 54.846675872802734, Loss Train: 4.960279693477787e-05, Loss Test: 26.603374481201172
Epoch 8300, Loss Total: 54.846675872802734, Loss Train: 4.960279693477787e-05, Loss Test: 26.603374481201172
Epoch 8400, Loss Total: 54.846675872802734, Loss Train: 4.960279693477787e-05, Loss Test: 26.603374481201172
Epoch 8500, Loss Total: 54.846675872802734, Loss Train: 4.960279693477787e-05, Loss Test: 26.603374481201172
Epoch 8600, Loss Total: 54.846675872802734, Loss Train: 4.960279693477787e-05, Loss Test: 26.603374481201172
Epoch 8700, Loss Total: 54.846675872802734, Loss Train: 4.960279693477787e-05, Loss Test: 26.603374481201172
Epoch 8800, Loss Total: 54.846675872802734, Loss Train: 4.960279693477787e-05, Loss Test: 26.603374481201172
Epoch 8900, Loss Total: 54.846675872802734, Loss Train: 4.960279693477787e-05, Loss Test: 26.603374481201172
Epoch 9000, Loss Total: 54.846675872802734, Loss Train: 4.960279693477787e-05, Loss Test: 26.603374481201172
Epoch 9100, Loss Total: 54.846675872802734, Loss Train: 4.960279693477787e-05, Loss Test: 26.603374481201172
Epoch 9200, Loss Total: 54.846675872802734, Loss Train: 4.960279693477787e-05, Loss Test: 26.603374481201172
Epoch 9300, Loss Total: 54.846675872802734, Loss Train: 4.960279693477787e-05, Loss Test: 26.603374481201172
Epoch 9400, Loss Total: 54.846675872802734, Loss Train: 4.960279693477787e-05, Loss Test: 26.603374481201172
Epoch 9500, Loss Total: 54.846675872802734, Loss Train: 4.960279693477787e-05, Loss Test: 26.603374481201172
Epoch 9600, Loss Total: 54.846675872802734, Loss Train: 4.960279693477787e-05, Loss Test: 26.603374481201172
Epoch 9700, Loss Total: 54.846675872802734, Loss Train: 4.960279693477787e-05, Loss Test: 26.603374481201172
Epoch 9800, Loss Total: 54.846675872802734, Loss Train: 4.960279693477787e-05, Loss Test: 26.603374481201172
Epoch 9900, Loss Total: 54.846675872802734, Loss Train: 4.960279693477787e-05, Loss Test: 26.603374481201172
Epoch 10000, Loss Total: 54.846675872802734, Loss Train: 4.960279693477787e-05, Loss Test: 26.603374481201172
Epoch 10100, Loss Total: 54.846675872802734, Loss Train: 4.960279693477787e-05, Loss Test: 26.603374481201172
Epoch 10200, Loss Total: 54.846675872802734, Loss Train: 4.960279693477787e-05, Loss Test: 26.603374481201172
Epoch 10300, Loss Total: 54.846675872802734, Loss Train: 4.960279693477787e-05, Loss Test: 26.603374481201172
Epoch 10400, Loss Total: 54.846675872802734, Loss Train: 4.960279693477787e-05, Loss Test: 26.603374481201172
Epoch 10500, Loss Total: 54.846675872802734, Loss Train: 4.960279693477787e-05, Loss Test: 26.603374481201172
Epoch 10600, Loss Total: 54.846675872802734, Loss Train: 4.960279693477787e-05, Loss Test: 26.603374481201172
Epoch 10700, Loss Total: 54.846675872802734, Loss Train: 4.960279693477787e-05, Loss Test: 26.603374481201172
Epoch 10800, Loss Total: 54.846675872802734, Loss Train: 4.960279693477787e-05, Loss Test: 26.603374481201172
Epoch 10900, Loss Total: 54.846675872802734, Loss Train: 4.960279693477787e-05, Loss Test: 26.603374481201172
Epoch 11000, Loss Total: 54.846675872802734, Loss Train: 4.960279693477787e-05, Loss Test: 26.603374481201172
Epoch 11100, Loss Total: 54.846675872802734, Loss Train: 4.960279693477787e-05, Loss Test: 26.603374481201172
Epoch 11200, Loss Total: 54.846675872802734, Loss Train: 4.960279693477787e-05, Loss Test: 26.603374481201172
Epoch 11300, Loss Total: 54.846675872802734, Loss Train: 4.960279693477787e-05, Loss Test: 26.603374481201172
Epoch 11400, Loss Total: 54.846675872802734, Loss Train: 4.960279693477787e-05, Loss Test: 26.603374481201172
Epoch 11500, Loss Total: 54.846675872802734, Loss Train: 4.960279693477787e-05, Loss Test: 26.603374481201172
Epoch 11600, Loss Total: 54.846675872802734, Loss Train: 4.960279693477787e-05, Loss Test: 26.603374481201172
Epoch 11700, Loss Total: 54.846675872802734, Loss Train: 4.960279693477787e-05, Loss Test: 26.603374481201172
Epoch 11800, Loss Total: 54.846675872802734, Loss Train: 4.960279693477787e-05, Loss Test: 26.603374481201172
Epoch 11900, Loss Total: 54.846675872802734, Loss Train: 4.960279693477787e-05, Loss Test: 26.603374481201172
Epoch 12000, Loss Total: 54.846675872802734, Loss Train: 4.960279693477787e-05, Loss Test: 26.603374481201172
Epoch 12100, Loss Total: 54.846675872802734, Loss Train: 4.960279693477787e-05, Loss Test: 26.603374481201172
Epoch 12200, Loss Total: 54.846675872802734, Loss Train: 4.960279693477787e-05, Loss Test: 26.603374481201172
Epoch 12300, Loss Total: 54.846675872802734, Loss Train: 4.960279693477787e-05, Loss Test: 26.603374481201172
Epoch 12400, Loss Total: 54.846675872802734, Loss Train: 4.960279693477787e-05, Loss Test: 26.603374481201172
Epoch 12500, Loss Total: 54.846675872802734, Loss Train: 4.960279693477787e-05, Loss Test: 26.603374481201172
Epoch 12600, Loss Total: 54.846675872802734, Loss Train: 4.960279693477787e-05, Loss Test: 26.603374481201172
Epoch 12700, Loss Total: 54.846675872802734, Loss Train: 4.960279693477787e-05, Loss Test: 26.603374481201172
Epoch 12800, Loss Total: 54.846675872802734, Loss Train: 4.960279693477787e-05, Loss Test: 26.603374481201172
Epoch 12900, Loss Total: 54.846675872802734, Loss Train: 4.960279693477787e-05, Loss Test: 26.603374481201172
Epoch 13000, Loss Total: 54.846675872802734, Loss Train: 4.960279693477787e-05, Loss Test: 26.603374481201172
Epoch 13100, Loss Total: 54.846675872802734, Loss Train: 4.960279693477787e-05, Loss Test: 26.603374481201172
Epoch 13200, Loss Total: 54.846675872802734, Loss Train: 4.960279693477787e-05, Loss Test: 26.603374481201172
Epoch 13300, Loss Total: 54.846675872802734, Loss Train: 4.960279693477787e-05, Loss Test: 26.603374481201172
Epoch 13400, Loss Total: 54.846675872802734, Loss Train: 4.960279693477787e-05, Loss Test: 26.603374481201172
Epoch 13500, Loss Total: 54.846675872802734, Loss Train: 4.960279693477787e-05, Loss Test: 26.603374481201172
Epoch 13600, Loss Total: 54.846675872802734, Loss Train: 4.960279693477787e-05, Loss Test: 26.603374481201172
Epoch 13700, Loss Total: 54.846675872802734, Loss Train: 4.960279693477787e-05, Loss Test: 26.603374481201172
Epoch 13800, Loss Total: 54.846675872802734, Loss Train: 4.960279693477787e-05, Loss Test: 26.603374481201172
Epoch 13900, Loss Total: 54.846675872802734, Loss Train: 4.960279693477787e-05, Loss Test: 26.603374481201172
Epoch 14000, Loss Total: 54.846675872802734, Loss Train: 4.960279693477787e-05, Loss Test: 26.603374481201172
Epoch 14100, Loss Total: 54.846675872802734, Loss Train: 4.960279693477787e-05, Loss Test: 26.603374481201172
Epoch 14200, Loss Total: 54.846675872802734, Loss Train: 4.960279693477787e-05, Loss Test: 26.603374481201172
Epoch 14300, Loss Total: 54.846675872802734, Loss Train: 4.960279693477787e-05, Loss Test: 26.603374481201172
Epoch 14400, Loss Total: 54.846675872802734, Loss Train: 4.960279693477787e-05, Loss Test: 26.603374481201172
Epoch 14500, Loss Total: 54.846675872802734, Loss Train: 4.960279693477787e-05, Loss Test: 26.603374481201172
Epoch 14600, Loss Total: 54.846675872802734, Loss Train: 4.960279693477787e-05, Loss Test: 26.603374481201172
Epoch 14700, Loss Total: 54.846675872802734, Loss Train: 4.960279693477787e-05, Loss Test: 26.603374481201172
Epoch 14800, Loss Total: 54.846675872802734, Loss Train: 4.960279693477787e-05, Loss Test: 26.603374481201172
Epoch 14900, Loss Total: 54.846675872802734, Loss Train: 4.960279693477787e-05, Loss Test: 26.603374481201172
Epoch 15000, Loss Total: 54.846675872802734, Loss Train: 4.960279693477787e-05, Loss Test: 26.603374481201172
Epoch 15100, Loss Total: 54.846675872802734, Loss Train: 4.960279693477787e-05, Loss Test: 26.603374481201172
Epoch 15200, Loss Total: 54.846675872802734, Loss Train: 4.960279693477787e-05, Loss Test: 26.603374481201172
Epoch 15300, Loss Total: 54.846675872802734, Loss Train: 4.960279693477787e-05, Loss Test: 26.603374481201172
Epoch 15400, Loss Total: 54.846675872802734, Loss Train: 4.960279693477787e-05, Loss Test: 26.603374481201172
Epoch 15500, Loss Total: 54.846675872802734, Loss Train: 4.960279693477787e-05, Loss Test: 26.603374481201172
Epoch 15600, Loss Total: 54.846675872802734, Loss Train: 4.960279693477787e-05, Loss Test: 26.603374481201172
Epoch 15700, Loss Total: 54.846675872802734, Loss Train: 4.960279693477787e-05, Loss Test: 26.603374481201172
Epoch 15800, Loss Total: 54.846675872802734, Loss Train: 4.960279693477787e-05, Loss Test: 26.603374481201172
Epoch 15900, Loss Total: 54.846675872802734, Loss Train: 4.960279693477787e-05, Loss Test: 26.603374481201172
Epoch 16000, Loss Total: 54.846675872802734, Loss Train: 4.960279693477787e-05, Loss Test: 26.603374481201172
Epoch 16100, Loss Total: 54.846675872802734, Loss Train: 4.960279693477787e-05, Loss Test: 26.603374481201172
Epoch 16200, Loss Total: 54.846675872802734, Loss Train: 4.960279693477787e-05, Loss Test: 26.603374481201172
Epoch 16300, Loss Total: 54.846675872802734, Loss Train: 4.960279693477787e-05, Loss Test: 26.603374481201172
Epoch 16400, Loss Total: 54.846675872802734, Loss Train: 4.960279693477787e-05, Loss Test: 26.603374481201172
Epoch 16500, Loss Total: 54.846675872802734, Loss Train: 4.960279693477787e-05, Loss Test: 26.603374481201172
Epoch 16600, Loss Total: 54.846675872802734, Loss Train: 4.960279693477787e-05, Loss Test: 26.603374481201172
Epoch 16700, Loss Total: 54.846675872802734, Loss Train: 4.960279693477787e-05, Loss Test: 26.603374481201172
Epoch 16800, Loss Total: 54.846675872802734, Loss Train: 4.960279693477787e-05, Loss Test: 26.603374481201172
Epoch 16900, Loss Total: 54.846675872802734, Loss Train: 4.960279693477787e-05, Loss Test: 26.603374481201172
Epoch 17000, Loss Total: 54.846675872802734, Loss Train: 4.960279693477787e-05, Loss Test: 26.603374481201172
Epoch 17100, Loss Total: 54.846675872802734, Loss Train: 4.960279693477787e-05, Loss Test: 26.603374481201172
Epoch 17200, Loss Total: 54.846675872802734, Loss Train: 4.960279693477787e-05, Loss Test: 26.603374481201172
Epoch 17300, Loss Total: 54.846675872802734, Loss Train: 4.960279693477787e-05, Loss Test: 26.603374481201172
Epoch 17400, Loss Total: 54.846675872802734, Loss Train: 4.960279693477787e-05, Loss Test: 26.603374481201172
Epoch 17500, Loss Total: 54.846675872802734, Loss Train: 4.960279693477787e-05, Loss Test: 26.603374481201172
Epoch 17600, Loss Total: 54.846675872802734, Loss Train: 4.960279693477787e-05, Loss Test: 26.603374481201172
Epoch 17700, Loss Total: 54.846675872802734, Loss Train: 4.960279693477787e-05, Loss Test: 26.603374481201172
Epoch 17800, Loss Total: 54.846675872802734, Loss Train: 4.960279693477787e-05, Loss Test: 26.603374481201172
Epoch 17900, Loss Total: 54.846675872802734, Loss Train: 4.960279693477787e-05, Loss Test: 26.603374481201172
Epoch 18000, Loss Total: 54.846675872802734, Loss Train: 4.960279693477787e-05, Loss Test: 26.603374481201172
Epoch 18100, Loss Total: 54.846675872802734, Loss Train: 4.960279693477787e-05, Loss Test: 26.603374481201172
Epoch 18200, Loss Total: 54.846675872802734, Loss Train: 4.960279693477787e-05, Loss Test: 26.603374481201172
Epoch 18300, Loss Total: 54.846675872802734, Loss Train: 4.960279693477787e-05, Loss Test: 26.603374481201172
Epoch 18400, Loss Total: 54.846675872802734, Loss Train: 4.960279693477787e-05, Loss Test: 26.603374481201172
Epoch 18500, Loss Total: 54.846675872802734, Loss Train: 4.960279693477787e-05, Loss Test: 26.603374481201172
Epoch 18600, Loss Total: 54.846675872802734, Loss Train: 4.960279693477787e-05, Loss Test: 26.603374481201172
Epoch 18700, Loss Total: 54.846675872802734, Loss Train: 4.960279693477787e-05, Loss Test: 26.603374481201172
Epoch 18800, Loss Total: 54.846675872802734, Loss Train: 4.960279693477787e-05, Loss Test: 26.603374481201172
Epoch 18900, Loss Total: 54.846675872802734, Loss Train: 4.960279693477787e-05, Loss Test: 26.603374481201172
Epoch 19000, Loss Total: 54.846675872802734, Loss Train: 4.960279693477787e-05, Loss Test: 26.603374481201172
Epoch 19100, Loss Total: 54.846675872802734, Loss Train: 4.960279693477787e-05, Loss Test: 26.603374481201172
Epoch 19200, Loss Total: 54.846675872802734, Loss Train: 4.960279693477787e-05, Loss Test: 26.603374481201172
Epoch 19300, Loss Total: 54.846675872802734, Loss Train: 4.960279693477787e-05, Loss Test: 26.603374481201172
Epoch 19400, Loss Total: 54.846675872802734, Loss Train: 4.960279693477787e-05, Loss Test: 26.603374481201172
Epoch 19500, Loss Total: 54.846675872802734, Loss Train: 4.960279693477787e-05, Loss Test: 26.603374481201172
Epoch 19600, Loss Total: 54.846675872802734, Loss Train: 4.960279693477787e-05, Loss Test: 26.603374481201172
Epoch 19700, Loss Total: 54.846675872802734, Loss Train: 4.960279693477787e-05, Loss Test: 26.603374481201172
Epoch 19800, Loss Total: 54.846675872802734, Loss Train: 4.960279693477787e-05, Loss Test: 26.603374481201172
Epoch 19900, Loss Total: 54.846675872802734, Loss Train: 4.960279693477787e-05, Loss Test: 26.603374481201172
Added results for seed=52 and percentage=0.45
Finished task 475
