Running task 736 with seed=81 and percentage=0.45
Epoch 0, Loss Total: 83.96410369873047, Loss Train: 129.7182159423828, Loss Test: 132.24032592773438
Epoch 100, Loss Total: 40.9105339050293, Loss Train: 40.41114044189453, Loss Test: 59.82882308959961
Epoch 200, Loss Total: 40.073707580566406, Loss Train: 18.111873626708984, Loss Test: 36.855960845947266
Epoch 300, Loss Total: 43.34599304199219, Loss Train: 9.328019142150879, Loss Test: 30.57207679748535
Epoch 400, Loss Total: 46.20474624633789, Loss Train: 5.154980182647705, Loss Test: 28.41794204711914
Epoch 500, Loss Total: 48.45485305786133, Loss Train: 2.989997625350952, Loss Test: 27.65380096435547
Epoch 600, Loss Total: 50.1617431640625, Loss Train: 1.7922642230987549, Loss Test: 27.417667388916016
Epoch 700, Loss Total: 51.44139862060547, Loss Train: 1.0968109369277954, Loss Test: 27.3897647857666
Epoch 800, Loss Total: 52.401100158691406, Loss Train: 0.679527997970581, Loss Test: 27.440059661865234
Epoch 900, Loss Total: 53.12174606323242, Loss Train: 0.423846572637558, Loss Test: 27.511804580688477
Epoch 1000, Loss Total: 53.661888122558594, Loss Train: 0.26507478952407837, Loss Test: 27.58028221130371
Epoch 1100, Loss Total: 54.065189361572266, Loss Train: 0.16563956439495087, Loss Test: 27.636356353759766
Epoch 1200, Loss Total: 54.365211486816406, Loss Train: 0.1030658408999443, Loss Test: 27.6785831451416
Epoch 1300, Loss Total: 54.58797836303711, Loss Train: 0.06363757699728012, Loss Test: 27.70882225036621
Epoch 1400, Loss Total: 54.75338363647461, Loss Train: 0.038854315876960754, Loss Test: 27.729917526245117
Epoch 1500, Loss Total: 54.87638854980469, Loss Train: 0.023378293961286545, Loss Test: 27.744524002075195
Epoch 1600, Loss Total: 54.968017578125, Loss Train: 0.013818780891597271, Loss Test: 27.75473976135254
Epoch 1700, Loss Total: 55.036338806152344, Loss Train: 0.008002994582057, Loss Test: 27.76204490661621
Epoch 1800, Loss Total: 55.087257385253906, Loss Train: 0.0045324512757360935, Loss Test: 27.767414093017578
Epoch 1900, Loss Total: 55.12507247924805, Loss Train: 0.00250860583037138, Loss Test: 27.771469116210938
Epoch 2000, Loss Total: 55.15304183959961, Loss Train: 0.0013591242022812366, Loss Test: 27.774599075317383
Epoch 2100, Loss Total: 55.17356491088867, Loss Train: 0.0007251344504766166, Loss Test: 27.77703285217285
Epoch 2200, Loss Total: 55.18848419189453, Loss Train: 0.00038649258203804493, Loss Test: 27.7789306640625
Epoch 2300, Loss Total: 55.19921875, Loss Train: 0.0002116430550813675, Loss Test: 27.780405044555664
Epoch 2400, Loss Total: 55.206844329833984, Loss Train: 0.00012459076242521405, Loss Test: 27.781532287597656
Epoch 2500, Loss Total: 55.212196350097656, Loss Train: 8.283504575956613e-05, Loss Test: 27.782381057739258
Epoch 2600, Loss Total: 55.215885162353516, Loss Train: 6.355195364449173e-05, Loss Test: 27.783010482788086
Epoch 2700, Loss Total: 55.2183952331543, Loss Train: 5.518471880350262e-05, Loss Test: 27.78346061706543
Epoch 2800, Loss Total: 55.22007751464844, Loss Train: 5.117120235809125e-05, Loss Test: 27.783782958984375
Epoch 2900, Loss Total: 55.221195220947266, Loss Train: 4.957581768394448e-05, Loss Test: 27.78400421142578
Epoch 3000, Loss Total: 55.221920013427734, Loss Train: 4.896426253253594e-05, Loss Test: 27.784154891967773
Epoch 3100, Loss Total: 55.22238540649414, Loss Train: 4.8718015023041517e-05, Loss Test: 27.784257888793945
Epoch 3200, Loss Total: 55.222679138183594, Loss Train: 4.858043757849373e-05, Loss Test: 27.78432846069336
Epoch 3300, Loss Total: 55.22287368774414, Loss Train: 4.85729324282147e-05, Loss Test: 27.78437042236328
Epoch 3400, Loss Total: 55.222991943359375, Loss Train: 4.8497884563403204e-05, Loss Test: 27.784400939941406
Epoch 3500, Loss Total: 55.22307205200195, Loss Train: 4.852420534007251e-05, Loss Test: 27.784420013427734
Epoch 3600, Loss Total: 55.22309494018555, Loss Train: 4.845444345846772e-05, Loss Test: 27.784427642822266
Epoch 3700, Loss Total: 55.22310256958008, Loss Train: 4.8454476200276986e-05, Loss Test: 27.7844295501709
Epoch 3800, Loss Total: 55.22310256958008, Loss Train: 4.8454476200276986e-05, Loss Test: 27.7844295501709
Epoch 3900, Loss Total: 55.22310256958008, Loss Train: 4.8454476200276986e-05, Loss Test: 27.7844295501709
Epoch 4000, Loss Total: 55.22310256958008, Loss Train: 4.8454476200276986e-05, Loss Test: 27.7844295501709
Epoch 4100, Loss Total: 55.22310256958008, Loss Train: 4.8454476200276986e-05, Loss Test: 27.7844295501709
Epoch 4200, Loss Total: 55.22310256958008, Loss Train: 4.8454476200276986e-05, Loss Test: 27.7844295501709
Epoch 4300, Loss Total: 55.22310256958008, Loss Train: 4.8454476200276986e-05, Loss Test: 27.7844295501709
Epoch 4400, Loss Total: 55.22310256958008, Loss Train: 4.8454476200276986e-05, Loss Test: 27.7844295501709
Epoch 4500, Loss Total: 55.22310256958008, Loss Train: 4.8454476200276986e-05, Loss Test: 27.7844295501709
Epoch 4600, Loss Total: 55.22310256958008, Loss Train: 4.8454476200276986e-05, Loss Test: 27.7844295501709
Epoch 4700, Loss Total: 55.22310256958008, Loss Train: 4.8454476200276986e-05, Loss Test: 27.7844295501709
Epoch 4800, Loss Total: 55.22310256958008, Loss Train: 4.8454476200276986e-05, Loss Test: 27.7844295501709
Epoch 4900, Loss Total: 55.22310256958008, Loss Train: 4.8454476200276986e-05, Loss Test: 27.7844295501709
Epoch 5000, Loss Total: 55.22310256958008, Loss Train: 4.8454476200276986e-05, Loss Test: 27.7844295501709
Epoch 5100, Loss Total: 55.22310256958008, Loss Train: 4.8454476200276986e-05, Loss Test: 27.7844295501709
Epoch 5200, Loss Total: 55.22310256958008, Loss Train: 4.8454476200276986e-05, Loss Test: 27.7844295501709
Epoch 5300, Loss Total: 55.22310256958008, Loss Train: 4.8454476200276986e-05, Loss Test: 27.7844295501709
Epoch 5400, Loss Total: 55.22310256958008, Loss Train: 4.8454476200276986e-05, Loss Test: 27.7844295501709
Epoch 5500, Loss Total: 55.22310256958008, Loss Train: 4.8454476200276986e-05, Loss Test: 27.7844295501709
Epoch 5600, Loss Total: 55.22310256958008, Loss Train: 4.8454476200276986e-05, Loss Test: 27.7844295501709
Epoch 5700, Loss Total: 55.22310256958008, Loss Train: 4.8454476200276986e-05, Loss Test: 27.7844295501709
Epoch 5800, Loss Total: 55.22310256958008, Loss Train: 4.8454476200276986e-05, Loss Test: 27.7844295501709
Epoch 5900, Loss Total: 55.22310256958008, Loss Train: 4.8454476200276986e-05, Loss Test: 27.7844295501709
Epoch 6000, Loss Total: 55.22310256958008, Loss Train: 4.8454476200276986e-05, Loss Test: 27.7844295501709
Epoch 6100, Loss Total: 55.22310256958008, Loss Train: 4.8454476200276986e-05, Loss Test: 27.7844295501709
Epoch 6200, Loss Total: 55.22310256958008, Loss Train: 4.8454476200276986e-05, Loss Test: 27.7844295501709
Epoch 6300, Loss Total: 55.22310256958008, Loss Train: 4.8454476200276986e-05, Loss Test: 27.7844295501709
Epoch 6400, Loss Total: 55.22310256958008, Loss Train: 4.8454476200276986e-05, Loss Test: 27.7844295501709
Epoch 6500, Loss Total: 55.22310256958008, Loss Train: 4.8454476200276986e-05, Loss Test: 27.7844295501709
Epoch 6600, Loss Total: 55.22310256958008, Loss Train: 4.8454476200276986e-05, Loss Test: 27.7844295501709
Epoch 6700, Loss Total: 55.22310256958008, Loss Train: 4.8454476200276986e-05, Loss Test: 27.7844295501709
Epoch 6800, Loss Total: 55.22310256958008, Loss Train: 4.8454476200276986e-05, Loss Test: 27.7844295501709
Epoch 6900, Loss Total: 55.22310256958008, Loss Train: 4.8454476200276986e-05, Loss Test: 27.7844295501709
Epoch 7000, Loss Total: 55.22310256958008, Loss Train: 4.8454476200276986e-05, Loss Test: 27.7844295501709
Epoch 7100, Loss Total: 55.22310256958008, Loss Train: 4.8454476200276986e-05, Loss Test: 27.7844295501709
Epoch 7200, Loss Total: 55.22310256958008, Loss Train: 4.8454476200276986e-05, Loss Test: 27.7844295501709
Epoch 7300, Loss Total: 55.22310256958008, Loss Train: 4.8454476200276986e-05, Loss Test: 27.7844295501709
Epoch 7400, Loss Total: 55.22310256958008, Loss Train: 4.8454476200276986e-05, Loss Test: 27.7844295501709
Epoch 7500, Loss Total: 55.22310256958008, Loss Train: 4.8454476200276986e-05, Loss Test: 27.7844295501709
Epoch 7600, Loss Total: 55.22310256958008, Loss Train: 4.8454476200276986e-05, Loss Test: 27.7844295501709
Epoch 7700, Loss Total: 55.22310256958008, Loss Train: 4.8454476200276986e-05, Loss Test: 27.7844295501709
Epoch 7800, Loss Total: 55.22310256958008, Loss Train: 4.8454476200276986e-05, Loss Test: 27.7844295501709
Epoch 7900, Loss Total: 55.22310256958008, Loss Train: 4.8454476200276986e-05, Loss Test: 27.7844295501709
Epoch 8000, Loss Total: 55.22310256958008, Loss Train: 4.8454476200276986e-05, Loss Test: 27.7844295501709
Epoch 8100, Loss Total: 55.22310256958008, Loss Train: 4.8454476200276986e-05, Loss Test: 27.7844295501709
Epoch 8200, Loss Total: 55.22310256958008, Loss Train: 4.8454476200276986e-05, Loss Test: 27.7844295501709
Epoch 8300, Loss Total: 55.22310256958008, Loss Train: 4.8454476200276986e-05, Loss Test: 27.7844295501709
Epoch 8400, Loss Total: 55.22310256958008, Loss Train: 4.8454476200276986e-05, Loss Test: 27.7844295501709
Epoch 8500, Loss Total: 55.22310256958008, Loss Train: 4.8454476200276986e-05, Loss Test: 27.7844295501709
Epoch 8600, Loss Total: 55.22310256958008, Loss Train: 4.8454476200276986e-05, Loss Test: 27.7844295501709
Epoch 8700, Loss Total: 55.22310256958008, Loss Train: 4.8454476200276986e-05, Loss Test: 27.7844295501709
Epoch 8800, Loss Total: 55.22310256958008, Loss Train: 4.8454476200276986e-05, Loss Test: 27.7844295501709
Epoch 8900, Loss Total: 55.22310256958008, Loss Train: 4.8454476200276986e-05, Loss Test: 27.7844295501709
Epoch 9000, Loss Total: 55.22310256958008, Loss Train: 4.8454476200276986e-05, Loss Test: 27.7844295501709
Epoch 9100, Loss Total: 55.22310256958008, Loss Train: 4.8454476200276986e-05, Loss Test: 27.7844295501709
Epoch 9200, Loss Total: 55.22310256958008, Loss Train: 4.8454476200276986e-05, Loss Test: 27.7844295501709
Epoch 9300, Loss Total: 55.22310256958008, Loss Train: 4.8454476200276986e-05, Loss Test: 27.7844295501709
Epoch 9400, Loss Total: 55.22310256958008, Loss Train: 4.8454476200276986e-05, Loss Test: 27.7844295501709
Epoch 9500, Loss Total: 55.22310256958008, Loss Train: 4.8454476200276986e-05, Loss Test: 27.7844295501709
Epoch 9600, Loss Total: 55.22310256958008, Loss Train: 4.8454476200276986e-05, Loss Test: 27.7844295501709
Epoch 9700, Loss Total: 55.22310256958008, Loss Train: 4.8454476200276986e-05, Loss Test: 27.7844295501709
Epoch 9800, Loss Total: 55.22310256958008, Loss Train: 4.8454476200276986e-05, Loss Test: 27.7844295501709
Epoch 9900, Loss Total: 55.22310256958008, Loss Train: 4.8454476200276986e-05, Loss Test: 27.7844295501709
Epoch 10000, Loss Total: 55.22310256958008, Loss Train: 4.8454476200276986e-05, Loss Test: 27.7844295501709
Epoch 10100, Loss Total: 55.22310256958008, Loss Train: 4.8454476200276986e-05, Loss Test: 27.7844295501709
Epoch 10200, Loss Total: 55.22310256958008, Loss Train: 4.8454476200276986e-05, Loss Test: 27.7844295501709
Epoch 10300, Loss Total: 55.22310256958008, Loss Train: 4.8454476200276986e-05, Loss Test: 27.7844295501709
Epoch 10400, Loss Total: 55.22310256958008, Loss Train: 4.8454476200276986e-05, Loss Test: 27.7844295501709
Epoch 10500, Loss Total: 55.22310256958008, Loss Train: 4.8454476200276986e-05, Loss Test: 27.7844295501709
Epoch 10600, Loss Total: 55.22310256958008, Loss Train: 4.8454476200276986e-05, Loss Test: 27.7844295501709
Epoch 10700, Loss Total: 55.22310256958008, Loss Train: 4.8454476200276986e-05, Loss Test: 27.7844295501709
Epoch 10800, Loss Total: 55.22310256958008, Loss Train: 4.8454476200276986e-05, Loss Test: 27.7844295501709
Epoch 10900, Loss Total: 55.22310256958008, Loss Train: 4.8454476200276986e-05, Loss Test: 27.7844295501709
Epoch 11000, Loss Total: 55.22310256958008, Loss Train: 4.8454476200276986e-05, Loss Test: 27.7844295501709
Epoch 11100, Loss Total: 55.22310256958008, Loss Train: 4.8454476200276986e-05, Loss Test: 27.7844295501709
Epoch 11200, Loss Total: 55.22310256958008, Loss Train: 4.8454476200276986e-05, Loss Test: 27.7844295501709
Epoch 11300, Loss Total: 55.22310256958008, Loss Train: 4.8454476200276986e-05, Loss Test: 27.7844295501709
Epoch 11400, Loss Total: 55.22310256958008, Loss Train: 4.8454476200276986e-05, Loss Test: 27.7844295501709
Epoch 11500, Loss Total: 55.22310256958008, Loss Train: 4.8454476200276986e-05, Loss Test: 27.7844295501709
Epoch 11600, Loss Total: 55.22310256958008, Loss Train: 4.8454476200276986e-05, Loss Test: 27.7844295501709
Epoch 11700, Loss Total: 55.22310256958008, Loss Train: 4.8454476200276986e-05, Loss Test: 27.7844295501709
Epoch 11800, Loss Total: 55.22310256958008, Loss Train: 4.8454476200276986e-05, Loss Test: 27.7844295501709
Epoch 11900, Loss Total: 55.22310256958008, Loss Train: 4.8454476200276986e-05, Loss Test: 27.7844295501709
Epoch 12000, Loss Total: 55.22310256958008, Loss Train: 4.8454476200276986e-05, Loss Test: 27.7844295501709
Epoch 12100, Loss Total: 55.22310256958008, Loss Train: 4.8454476200276986e-05, Loss Test: 27.7844295501709
Epoch 12200, Loss Total: 55.22310256958008, Loss Train: 4.8454476200276986e-05, Loss Test: 27.7844295501709
Epoch 12300, Loss Total: 55.22310256958008, Loss Train: 4.8454476200276986e-05, Loss Test: 27.7844295501709
Epoch 12400, Loss Total: 55.22310256958008, Loss Train: 4.8454476200276986e-05, Loss Test: 27.7844295501709
Epoch 12500, Loss Total: 55.22310256958008, Loss Train: 4.8454476200276986e-05, Loss Test: 27.7844295501709
Epoch 12600, Loss Total: 55.22310256958008, Loss Train: 4.8454476200276986e-05, Loss Test: 27.7844295501709
Epoch 12700, Loss Total: 55.22310256958008, Loss Train: 4.8454476200276986e-05, Loss Test: 27.7844295501709
Epoch 12800, Loss Total: 55.22310256958008, Loss Train: 4.8454476200276986e-05, Loss Test: 27.7844295501709
Epoch 12900, Loss Total: 55.22310256958008, Loss Train: 4.8454476200276986e-05, Loss Test: 27.7844295501709
Epoch 13000, Loss Total: 55.22310256958008, Loss Train: 4.8454476200276986e-05, Loss Test: 27.7844295501709
Epoch 13100, Loss Total: 55.22310256958008, Loss Train: 4.8454476200276986e-05, Loss Test: 27.7844295501709
Epoch 13200, Loss Total: 55.22310256958008, Loss Train: 4.8454476200276986e-05, Loss Test: 27.7844295501709
Epoch 13300, Loss Total: 55.22310256958008, Loss Train: 4.8454476200276986e-05, Loss Test: 27.7844295501709
Epoch 13400, Loss Total: 55.22310256958008, Loss Train: 4.8454476200276986e-05, Loss Test: 27.7844295501709
Epoch 13500, Loss Total: 55.22310256958008, Loss Train: 4.8454476200276986e-05, Loss Test: 27.7844295501709
Epoch 13600, Loss Total: 55.22310256958008, Loss Train: 4.8454476200276986e-05, Loss Test: 27.7844295501709
Epoch 13700, Loss Total: 55.22310256958008, Loss Train: 4.8454476200276986e-05, Loss Test: 27.7844295501709
Epoch 13800, Loss Total: 55.22310256958008, Loss Train: 4.8454476200276986e-05, Loss Test: 27.7844295501709
Epoch 13900, Loss Total: 55.22310256958008, Loss Train: 4.8454476200276986e-05, Loss Test: 27.7844295501709
Epoch 14000, Loss Total: 55.22310256958008, Loss Train: 4.8454476200276986e-05, Loss Test: 27.7844295501709
Epoch 14100, Loss Total: 55.22310256958008, Loss Train: 4.8454476200276986e-05, Loss Test: 27.7844295501709
Epoch 14200, Loss Total: 55.22310256958008, Loss Train: 4.8454476200276986e-05, Loss Test: 27.7844295501709
Epoch 14300, Loss Total: 55.22310256958008, Loss Train: 4.8454476200276986e-05, Loss Test: 27.7844295501709
Epoch 14400, Loss Total: 55.22310256958008, Loss Train: 4.8454476200276986e-05, Loss Test: 27.7844295501709
Epoch 14500, Loss Total: 55.22310256958008, Loss Train: 4.8454476200276986e-05, Loss Test: 27.7844295501709
Epoch 14600, Loss Total: 55.22310256958008, Loss Train: 4.8454476200276986e-05, Loss Test: 27.7844295501709
Epoch 14700, Loss Total: 55.22310256958008, Loss Train: 4.8454476200276986e-05, Loss Test: 27.7844295501709
Epoch 14800, Loss Total: 55.22310256958008, Loss Train: 4.8454476200276986e-05, Loss Test: 27.7844295501709
Epoch 14900, Loss Total: 55.22310256958008, Loss Train: 4.8454476200276986e-05, Loss Test: 27.7844295501709
Epoch 15000, Loss Total: 55.22310256958008, Loss Train: 4.8454476200276986e-05, Loss Test: 27.7844295501709
Epoch 15100, Loss Total: 55.22310256958008, Loss Train: 4.8454476200276986e-05, Loss Test: 27.7844295501709
Epoch 15200, Loss Total: 55.22310256958008, Loss Train: 4.8454476200276986e-05, Loss Test: 27.7844295501709
Epoch 15300, Loss Total: 55.22310256958008, Loss Train: 4.8454476200276986e-05, Loss Test: 27.7844295501709
Epoch 15400, Loss Total: 55.22310256958008, Loss Train: 4.8454476200276986e-05, Loss Test: 27.7844295501709
Epoch 15500, Loss Total: 55.22310256958008, Loss Train: 4.8454476200276986e-05, Loss Test: 27.7844295501709
Epoch 15600, Loss Total: 55.22310256958008, Loss Train: 4.8454476200276986e-05, Loss Test: 27.7844295501709
Epoch 15700, Loss Total: 55.22310256958008, Loss Train: 4.8454476200276986e-05, Loss Test: 27.7844295501709
Epoch 15800, Loss Total: 55.22310256958008, Loss Train: 4.8454476200276986e-05, Loss Test: 27.7844295501709
Epoch 15900, Loss Total: 55.22310256958008, Loss Train: 4.8454476200276986e-05, Loss Test: 27.7844295501709
Epoch 16000, Loss Total: 55.22310256958008, Loss Train: 4.8454476200276986e-05, Loss Test: 27.7844295501709
Epoch 16100, Loss Total: 55.22310256958008, Loss Train: 4.8454476200276986e-05, Loss Test: 27.7844295501709
Epoch 16200, Loss Total: 55.22310256958008, Loss Train: 4.8454476200276986e-05, Loss Test: 27.7844295501709
Epoch 16300, Loss Total: 55.22310256958008, Loss Train: 4.8454476200276986e-05, Loss Test: 27.7844295501709
Epoch 16400, Loss Total: 55.22310256958008, Loss Train: 4.8454476200276986e-05, Loss Test: 27.7844295501709
Epoch 16500, Loss Total: 55.22310256958008, Loss Train: 4.8454476200276986e-05, Loss Test: 27.7844295501709
Epoch 16600, Loss Total: 55.22310256958008, Loss Train: 4.8454476200276986e-05, Loss Test: 27.7844295501709
Epoch 16700, Loss Total: 55.22310256958008, Loss Train: 4.8454476200276986e-05, Loss Test: 27.7844295501709
Epoch 16800, Loss Total: 55.22310256958008, Loss Train: 4.8454476200276986e-05, Loss Test: 27.7844295501709
Epoch 16900, Loss Total: 55.22310256958008, Loss Train: 4.8454476200276986e-05, Loss Test: 27.7844295501709
Epoch 17000, Loss Total: 55.22310256958008, Loss Train: 4.8454476200276986e-05, Loss Test: 27.7844295501709
Epoch 17100, Loss Total: 55.22310256958008, Loss Train: 4.8454476200276986e-05, Loss Test: 27.7844295501709
Epoch 17200, Loss Total: 55.22310256958008, Loss Train: 4.8454476200276986e-05, Loss Test: 27.7844295501709
Epoch 17300, Loss Total: 55.22310256958008, Loss Train: 4.8454476200276986e-05, Loss Test: 27.7844295501709
Epoch 17400, Loss Total: 55.22310256958008, Loss Train: 4.8454476200276986e-05, Loss Test: 27.7844295501709
Epoch 17500, Loss Total: 55.22310256958008, Loss Train: 4.8454476200276986e-05, Loss Test: 27.7844295501709
Epoch 17600, Loss Total: 55.22310256958008, Loss Train: 4.8454476200276986e-05, Loss Test: 27.7844295501709
Epoch 17700, Loss Total: 55.22310256958008, Loss Train: 4.8454476200276986e-05, Loss Test: 27.7844295501709
Epoch 17800, Loss Total: 55.22310256958008, Loss Train: 4.8454476200276986e-05, Loss Test: 27.7844295501709
Epoch 17900, Loss Total: 55.22310256958008, Loss Train: 4.8454476200276986e-05, Loss Test: 27.7844295501709
Epoch 18000, Loss Total: 55.22310256958008, Loss Train: 4.8454476200276986e-05, Loss Test: 27.7844295501709
Epoch 18100, Loss Total: 55.22310256958008, Loss Train: 4.8454476200276986e-05, Loss Test: 27.7844295501709
Epoch 18200, Loss Total: 55.22310256958008, Loss Train: 4.8454476200276986e-05, Loss Test: 27.7844295501709
Epoch 18300, Loss Total: 55.22310256958008, Loss Train: 4.8454476200276986e-05, Loss Test: 27.7844295501709
Epoch 18400, Loss Total: 55.22310256958008, Loss Train: 4.8454476200276986e-05, Loss Test: 27.7844295501709
Epoch 18500, Loss Total: 55.22310256958008, Loss Train: 4.8454476200276986e-05, Loss Test: 27.7844295501709
Epoch 18600, Loss Total: 55.22310256958008, Loss Train: 4.8454476200276986e-05, Loss Test: 27.7844295501709
Epoch 18700, Loss Total: 55.22310256958008, Loss Train: 4.8454476200276986e-05, Loss Test: 27.7844295501709
Epoch 18800, Loss Total: 55.22310256958008, Loss Train: 4.8454476200276986e-05, Loss Test: 27.7844295501709
Epoch 18900, Loss Total: 55.22310256958008, Loss Train: 4.8454476200276986e-05, Loss Test: 27.7844295501709
Epoch 19000, Loss Total: 55.22310256958008, Loss Train: 4.8454476200276986e-05, Loss Test: 27.7844295501709
Epoch 19100, Loss Total: 55.22310256958008, Loss Train: 4.8454476200276986e-05, Loss Test: 27.7844295501709
Epoch 19200, Loss Total: 55.22310256958008, Loss Train: 4.8454476200276986e-05, Loss Test: 27.7844295501709
Epoch 19300, Loss Total: 55.22310256958008, Loss Train: 4.8454476200276986e-05, Loss Test: 27.7844295501709
Epoch 19400, Loss Total: 55.22310256958008, Loss Train: 4.8454476200276986e-05, Loss Test: 27.7844295501709
Epoch 19500, Loss Total: 55.22310256958008, Loss Train: 4.8454476200276986e-05, Loss Test: 27.7844295501709
Epoch 19600, Loss Total: 55.22310256958008, Loss Train: 4.8454476200276986e-05, Loss Test: 27.7844295501709
Epoch 19700, Loss Total: 55.22310256958008, Loss Train: 4.8454476200276986e-05, Loss Test: 27.7844295501709
Epoch 19800, Loss Total: 55.22310256958008, Loss Train: 4.8454476200276986e-05, Loss Test: 27.7844295501709
Epoch 19900, Loss Total: 55.22310256958008, Loss Train: 4.8454476200276986e-05, Loss Test: 27.7844295501709
Added results for seed=81 and percentage=0.45
Finished task 736
