Running task 138 with seed=15 and percentage=0.25
Epoch 0, Loss Total: 84.1097183227539, Loss Train: 134.32723999023438, Loss Test: 130.35755920410156
Epoch 100, Loss Total: 45.06211853027344, Loss Train: 42.15578079223633, Loss Test: 67.5271987915039
Epoch 200, Loss Total: 41.35490798950195, Loss Train: 18.69305419921875, Loss Test: 40.80860900878906
Epoch 300, Loss Total: 45.06662368774414, Loss Train: 9.434545516967773, Loss Test: 33.31275939941406
Epoch 400, Loss Total: 48.70359802246094, Loss Train: 5.070611953735352, Loss Test: 30.920860290527344
Epoch 500, Loss Total: 51.55129623413086, Loss Train: 2.835886240005493, Loss Test: 30.13762855529785
Epoch 600, Loss Total: 53.72584533691406, Loss Train: 1.6243939399719238, Loss Test: 29.95217514038086
Epoch 700, Loss Total: 55.3978385925293, Loss Train: 0.9413661360740662, Loss Test: 30.02452850341797
Epoch 800, Loss Total: 56.7017707824707, Loss Train: 0.5477060079574585, Loss Test: 30.221635818481445
Epoch 900, Loss Total: 57.73289489746094, Loss Train: 0.31865769624710083, Loss Test: 30.481298446655273
Epoch 1000, Loss Total: 58.55719757080078, Loss Train: 0.1850002408027649, Loss Test: 30.76909637451172
Epoch 1100, Loss Total: 59.221248626708984, Loss Train: 0.10696524381637573, Loss Test: 31.06355857849121
Epoch 1200, Loss Total: 59.75883483886719, Loss Train: 0.061423759907484055, Loss Test: 31.350309371948242
Epoch 1300, Loss Total: 60.19501495361328, Loss Train: 0.03489873185753822, Loss Test: 31.61942481994629
Epoch 1400, Loss Total: 60.54867935180664, Loss Train: 0.019531898200511932, Loss Test: 31.864212036132812
Epoch 1500, Loss Total: 60.834312438964844, Loss Train: 0.01072065718472004, Loss Test: 32.08057403564453
Epoch 1600, Loss Total: 61.06329345703125, Loss Train: 0.005749272182583809, Loss Test: 32.26663589477539
Epoch 1700, Loss Total: 61.244930267333984, Loss Train: 0.0030061835423111916, Loss Test: 32.42241287231445
Epoch 1800, Loss Total: 61.3870849609375, Loss Train: 0.0015341314719989896, Loss Test: 32.54946517944336
Epoch 1900, Loss Total: 61.496585845947266, Loss Train: 0.0007694510859437287, Loss Test: 32.65044403076172
Epoch 2000, Loss Total: 61.579471588134766, Loss Train: 0.0003864467144012451, Loss Test: 32.72868728637695
Epoch 2100, Loss Total: 61.64103317260742, Loss Train: 0.0002018884551944211, Loss Test: 32.78780746459961
Epoch 2200, Loss Total: 61.68584060668945, Loss Train: 0.00011645493941614404, Loss Test: 32.83137512207031
Epoch 2300, Loss Total: 61.717803955078125, Loss Train: 7.851718692108989e-05, Loss Test: 32.86270523071289
Epoch 2400, Loss Total: 61.74011993408203, Loss Train: 6.211439904291183e-05, Loss Test: 32.884681701660156
Epoch 2500, Loss Total: 61.75539016723633, Loss Train: 5.5444073950638995e-05, Loss Test: 32.89972686767578
Epoch 2600, Loss Total: 61.76561737060547, Loss Train: 5.253382187220268e-05, Loss Test: 32.90977478027344
Epoch 2700, Loss Total: 61.77232360839844, Loss Train: 5.132399019203149e-05, Loss Test: 32.91632080078125
Epoch 2800, Loss Total: 61.77663803100586, Loss Train: 5.0813814596040174e-05, Loss Test: 32.92048263549805
Epoch 2900, Loss Total: 61.77937698364258, Loss Train: 5.061606498202309e-05, Loss Test: 32.92306900024414
Epoch 3000, Loss Total: 61.78107452392578, Loss Train: 5.058409442426637e-05, Loss Test: 32.92464065551758
Epoch 3100, Loss Total: 61.78211975097656, Loss Train: 5.046681690146215e-05, Loss Test: 32.925567626953125
Epoch 3200, Loss Total: 61.782752990722656, Loss Train: 5.048441016697325e-05, Loss Test: 32.92611312866211
Epoch 3300, Loss Total: 61.78314971923828, Loss Train: 5.040201358497143e-05, Loss Test: 32.926422119140625
Epoch 3400, Loss Total: 61.783382415771484, Loss Train: 5.0397640734445304e-05, Loss Test: 32.92659378051758
Epoch 3500, Loss Total: 61.783470153808594, Loss Train: 5.03991250297986e-05, Loss Test: 32.926658630371094
Epoch 3600, Loss Total: 61.78349304199219, Loss Train: 5.0399215979268774e-05, Loss Test: 32.92667007446289
Epoch 3700, Loss Total: 61.78349304199219, Loss Train: 5.0399215979268774e-05, Loss Test: 32.92667007446289
Epoch 3800, Loss Total: 61.78349304199219, Loss Train: 5.0399215979268774e-05, Loss Test: 32.92667007446289
Epoch 3900, Loss Total: 61.78349304199219, Loss Train: 5.0399215979268774e-05, Loss Test: 32.92667007446289
Epoch 4000, Loss Total: 61.78349304199219, Loss Train: 5.0399215979268774e-05, Loss Test: 32.92667007446289
Epoch 4100, Loss Total: 61.78349304199219, Loss Train: 5.0399215979268774e-05, Loss Test: 32.92667007446289
Epoch 4200, Loss Total: 61.78349304199219, Loss Train: 5.0399215979268774e-05, Loss Test: 32.92667007446289
Epoch 4300, Loss Total: 61.78349304199219, Loss Train: 5.0399215979268774e-05, Loss Test: 32.92667007446289
Epoch 4400, Loss Total: 61.78349304199219, Loss Train: 5.0399215979268774e-05, Loss Test: 32.92667007446289
Epoch 4500, Loss Total: 61.78349304199219, Loss Train: 5.0399215979268774e-05, Loss Test: 32.92667007446289
Epoch 4600, Loss Total: 61.78349304199219, Loss Train: 5.0399215979268774e-05, Loss Test: 32.92667007446289
Epoch 4700, Loss Total: 61.78349304199219, Loss Train: 5.0399215979268774e-05, Loss Test: 32.92667007446289
Epoch 4800, Loss Total: 61.78349304199219, Loss Train: 5.0399215979268774e-05, Loss Test: 32.92667007446289
Epoch 4900, Loss Total: 61.78349304199219, Loss Train: 5.0399215979268774e-05, Loss Test: 32.92667007446289
Epoch 5000, Loss Total: 61.78349304199219, Loss Train: 5.0399215979268774e-05, Loss Test: 32.92667007446289
Epoch 5100, Loss Total: 61.78349304199219, Loss Train: 5.0399215979268774e-05, Loss Test: 32.92667007446289
Epoch 5200, Loss Total: 61.78349304199219, Loss Train: 5.0399215979268774e-05, Loss Test: 32.92667007446289
Epoch 5300, Loss Total: 61.78349304199219, Loss Train: 5.0399215979268774e-05, Loss Test: 32.92667007446289
Epoch 5400, Loss Total: 61.78349304199219, Loss Train: 5.0399215979268774e-05, Loss Test: 32.92667007446289
Epoch 5500, Loss Total: 61.78349304199219, Loss Train: 5.0399215979268774e-05, Loss Test: 32.92667007446289
Epoch 5600, Loss Total: 61.78349304199219, Loss Train: 5.0399215979268774e-05, Loss Test: 32.92667007446289
Epoch 5700, Loss Total: 61.78349304199219, Loss Train: 5.0399215979268774e-05, Loss Test: 32.92667007446289
Epoch 5800, Loss Total: 61.78349304199219, Loss Train: 5.0399215979268774e-05, Loss Test: 32.92667007446289
Epoch 5900, Loss Total: 61.78349304199219, Loss Train: 5.0399215979268774e-05, Loss Test: 32.92667007446289
Epoch 6000, Loss Total: 61.78349304199219, Loss Train: 5.0399215979268774e-05, Loss Test: 32.92667007446289
Epoch 6100, Loss Total: 61.78349304199219, Loss Train: 5.0399215979268774e-05, Loss Test: 32.92667007446289
Epoch 6200, Loss Total: 61.78349304199219, Loss Train: 5.0399215979268774e-05, Loss Test: 32.92667007446289
Epoch 6300, Loss Total: 61.78349304199219, Loss Train: 5.0399215979268774e-05, Loss Test: 32.92667007446289
Epoch 6400, Loss Total: 61.78349304199219, Loss Train: 5.0399215979268774e-05, Loss Test: 32.92667007446289
Epoch 6500, Loss Total: 61.78349304199219, Loss Train: 5.0399215979268774e-05, Loss Test: 32.92667007446289
Epoch 6600, Loss Total: 61.78349304199219, Loss Train: 5.0399215979268774e-05, Loss Test: 32.92667007446289
Epoch 6700, Loss Total: 61.78349304199219, Loss Train: 5.0399215979268774e-05, Loss Test: 32.92667007446289
Epoch 6800, Loss Total: 61.78349304199219, Loss Train: 5.0399215979268774e-05, Loss Test: 32.92667007446289
Epoch 6900, Loss Total: 61.78349304199219, Loss Train: 5.0399215979268774e-05, Loss Test: 32.92667007446289
Epoch 7000, Loss Total: 61.78349304199219, Loss Train: 5.0399215979268774e-05, Loss Test: 32.92667007446289
Epoch 7100, Loss Total: 61.78349304199219, Loss Train: 5.0399215979268774e-05, Loss Test: 32.92667007446289
Epoch 7200, Loss Total: 61.78349304199219, Loss Train: 5.0399215979268774e-05, Loss Test: 32.92667007446289
Epoch 7300, Loss Total: 61.78349304199219, Loss Train: 5.0399215979268774e-05, Loss Test: 32.92667007446289
Epoch 7400, Loss Total: 61.78349304199219, Loss Train: 5.0399215979268774e-05, Loss Test: 32.92667007446289
Epoch 7500, Loss Total: 61.78349304199219, Loss Train: 5.0399215979268774e-05, Loss Test: 32.92667007446289
Epoch 7600, Loss Total: 61.78349304199219, Loss Train: 5.0399215979268774e-05, Loss Test: 32.92667007446289
Epoch 7700, Loss Total: 61.78349304199219, Loss Train: 5.0399215979268774e-05, Loss Test: 32.92667007446289
Epoch 7800, Loss Total: 61.78349304199219, Loss Train: 5.0399215979268774e-05, Loss Test: 32.92667007446289
Epoch 7900, Loss Total: 61.78349304199219, Loss Train: 5.0399215979268774e-05, Loss Test: 32.92667007446289
Epoch 8000, Loss Total: 61.78349304199219, Loss Train: 5.0399215979268774e-05, Loss Test: 32.92667007446289
Epoch 8100, Loss Total: 61.78349304199219, Loss Train: 5.0399215979268774e-05, Loss Test: 32.92667007446289
Epoch 8200, Loss Total: 61.78349304199219, Loss Train: 5.0399215979268774e-05, Loss Test: 32.92667007446289
Epoch 8300, Loss Total: 61.78349304199219, Loss Train: 5.0399215979268774e-05, Loss Test: 32.92667007446289
Epoch 8400, Loss Total: 61.78349304199219, Loss Train: 5.0399215979268774e-05, Loss Test: 32.92667007446289
Epoch 8500, Loss Total: 61.78349304199219, Loss Train: 5.0399215979268774e-05, Loss Test: 32.92667007446289
Epoch 8600, Loss Total: 61.78349304199219, Loss Train: 5.0399215979268774e-05, Loss Test: 32.92667007446289
Epoch 8700, Loss Total: 61.78349304199219, Loss Train: 5.0399215979268774e-05, Loss Test: 32.92667007446289
Epoch 8800, Loss Total: 61.78349304199219, Loss Train: 5.0399215979268774e-05, Loss Test: 32.92667007446289
Epoch 8900, Loss Total: 61.78349304199219, Loss Train: 5.0399215979268774e-05, Loss Test: 32.92667007446289
Epoch 9000, Loss Total: 61.78349304199219, Loss Train: 5.0399215979268774e-05, Loss Test: 32.92667007446289
Epoch 9100, Loss Total: 61.78349304199219, Loss Train: 5.0399215979268774e-05, Loss Test: 32.92667007446289
Epoch 9200, Loss Total: 61.78349304199219, Loss Train: 5.0399215979268774e-05, Loss Test: 32.92667007446289
Epoch 9300, Loss Total: 61.78349304199219, Loss Train: 5.0399215979268774e-05, Loss Test: 32.92667007446289
Epoch 9400, Loss Total: 61.78349304199219, Loss Train: 5.0399215979268774e-05, Loss Test: 32.92667007446289
Epoch 9500, Loss Total: 61.78349304199219, Loss Train: 5.0399215979268774e-05, Loss Test: 32.92667007446289
Epoch 9600, Loss Total: 61.78349304199219, Loss Train: 5.0399215979268774e-05, Loss Test: 32.92667007446289
Epoch 9700, Loss Total: 61.78349304199219, Loss Train: 5.0399215979268774e-05, Loss Test: 32.92667007446289
Epoch 9800, Loss Total: 61.78349304199219, Loss Train: 5.0399215979268774e-05, Loss Test: 32.92667007446289
Epoch 9900, Loss Total: 61.78349304199219, Loss Train: 5.0399215979268774e-05, Loss Test: 32.92667007446289
Epoch 10000, Loss Total: 61.78349304199219, Loss Train: 5.0399215979268774e-05, Loss Test: 32.92667007446289
Epoch 10100, Loss Total: 61.78349304199219, Loss Train: 5.0399215979268774e-05, Loss Test: 32.92667007446289
Epoch 10200, Loss Total: 61.78349304199219, Loss Train: 5.0399215979268774e-05, Loss Test: 32.92667007446289
Epoch 10300, Loss Total: 61.78349304199219, Loss Train: 5.0399215979268774e-05, Loss Test: 32.92667007446289
Epoch 10400, Loss Total: 61.78349304199219, Loss Train: 5.0399215979268774e-05, Loss Test: 32.92667007446289
Epoch 10500, Loss Total: 61.78349304199219, Loss Train: 5.0399215979268774e-05, Loss Test: 32.92667007446289
Epoch 10600, Loss Total: 61.78349304199219, Loss Train: 5.0399215979268774e-05, Loss Test: 32.92667007446289
Epoch 10700, Loss Total: 61.78349304199219, Loss Train: 5.0399215979268774e-05, Loss Test: 32.92667007446289
Epoch 10800, Loss Total: 61.78349304199219, Loss Train: 5.0399215979268774e-05, Loss Test: 32.92667007446289
Epoch 10900, Loss Total: 61.78349304199219, Loss Train: 5.0399215979268774e-05, Loss Test: 32.92667007446289
Epoch 11000, Loss Total: 61.78349304199219, Loss Train: 5.0399215979268774e-05, Loss Test: 32.92667007446289
Epoch 11100, Loss Total: 61.78349304199219, Loss Train: 5.0399215979268774e-05, Loss Test: 32.92667007446289
Epoch 11200, Loss Total: 61.78349304199219, Loss Train: 5.0399215979268774e-05, Loss Test: 32.92667007446289
Epoch 11300, Loss Total: 61.78349304199219, Loss Train: 5.0399215979268774e-05, Loss Test: 32.92667007446289
Epoch 11400, Loss Total: 61.78349304199219, Loss Train: 5.0399215979268774e-05, Loss Test: 32.92667007446289
Epoch 11500, Loss Total: 61.78349304199219, Loss Train: 5.0399215979268774e-05, Loss Test: 32.92667007446289
Epoch 11600, Loss Total: 61.78349304199219, Loss Train: 5.0399215979268774e-05, Loss Test: 32.92667007446289
Epoch 11700, Loss Total: 61.78349304199219, Loss Train: 5.0399215979268774e-05, Loss Test: 32.92667007446289
Epoch 11800, Loss Total: 61.78349304199219, Loss Train: 5.0399215979268774e-05, Loss Test: 32.92667007446289
Epoch 11900, Loss Total: 61.78349304199219, Loss Train: 5.0399215979268774e-05, Loss Test: 32.92667007446289
Epoch 12000, Loss Total: 61.78349304199219, Loss Train: 5.0399215979268774e-05, Loss Test: 32.92667007446289
Epoch 12100, Loss Total: 61.78349304199219, Loss Train: 5.0399215979268774e-05, Loss Test: 32.92667007446289
Epoch 12200, Loss Total: 61.78349304199219, Loss Train: 5.0399215979268774e-05, Loss Test: 32.92667007446289
Epoch 12300, Loss Total: 61.78349304199219, Loss Train: 5.0399215979268774e-05, Loss Test: 32.92667007446289
Epoch 12400, Loss Total: 61.78349304199219, Loss Train: 5.0399215979268774e-05, Loss Test: 32.92667007446289
Epoch 12500, Loss Total: 61.78349304199219, Loss Train: 5.0399215979268774e-05, Loss Test: 32.92667007446289
Epoch 12600, Loss Total: 61.78349304199219, Loss Train: 5.0399215979268774e-05, Loss Test: 32.92667007446289
Epoch 12700, Loss Total: 61.78349304199219, Loss Train: 5.0399215979268774e-05, Loss Test: 32.92667007446289
Epoch 12800, Loss Total: 61.78349304199219, Loss Train: 5.0399215979268774e-05, Loss Test: 32.92667007446289
Epoch 12900, Loss Total: 61.78349304199219, Loss Train: 5.0399215979268774e-05, Loss Test: 32.92667007446289
Epoch 13000, Loss Total: 61.78349304199219, Loss Train: 5.0399215979268774e-05, Loss Test: 32.92667007446289
Epoch 13100, Loss Total: 61.78349304199219, Loss Train: 5.0399215979268774e-05, Loss Test: 32.92667007446289
Epoch 13200, Loss Total: 61.78349304199219, Loss Train: 5.0399215979268774e-05, Loss Test: 32.92667007446289
Epoch 13300, Loss Total: 61.78349304199219, Loss Train: 5.0399215979268774e-05, Loss Test: 32.92667007446289
Epoch 13400, Loss Total: 61.78349304199219, Loss Train: 5.0399215979268774e-05, Loss Test: 32.92667007446289
Epoch 13500, Loss Total: 61.78349304199219, Loss Train: 5.0399215979268774e-05, Loss Test: 32.92667007446289
Epoch 13600, Loss Total: 61.78349304199219, Loss Train: 5.0399215979268774e-05, Loss Test: 32.92667007446289
Epoch 13700, Loss Total: 61.78349304199219, Loss Train: 5.0399215979268774e-05, Loss Test: 32.92667007446289
Epoch 13800, Loss Total: 61.78349304199219, Loss Train: 5.0399215979268774e-05, Loss Test: 32.92667007446289
Epoch 13900, Loss Total: 61.78349304199219, Loss Train: 5.0399215979268774e-05, Loss Test: 32.92667007446289
Epoch 14000, Loss Total: 61.78349304199219, Loss Train: 5.0399215979268774e-05, Loss Test: 32.92667007446289
Epoch 14100, Loss Total: 61.78349304199219, Loss Train: 5.0399215979268774e-05, Loss Test: 32.92667007446289
Epoch 14200, Loss Total: 61.78349304199219, Loss Train: 5.0399215979268774e-05, Loss Test: 32.92667007446289
Epoch 14300, Loss Total: 61.78349304199219, Loss Train: 5.0399215979268774e-05, Loss Test: 32.92667007446289
Epoch 14400, Loss Total: 61.78349304199219, Loss Train: 5.0399215979268774e-05, Loss Test: 32.92667007446289
Epoch 14500, Loss Total: 61.78349304199219, Loss Train: 5.0399215979268774e-05, Loss Test: 32.92667007446289
Epoch 14600, Loss Total: 61.78349304199219, Loss Train: 5.0399215979268774e-05, Loss Test: 32.92667007446289
Epoch 14700, Loss Total: 61.78349304199219, Loss Train: 5.0399215979268774e-05, Loss Test: 32.92667007446289
Epoch 14800, Loss Total: 61.78349304199219, Loss Train: 5.0399215979268774e-05, Loss Test: 32.92667007446289
Epoch 14900, Loss Total: 61.78349304199219, Loss Train: 5.0399215979268774e-05, Loss Test: 32.92667007446289
Epoch 15000, Loss Total: 61.78349304199219, Loss Train: 5.0399215979268774e-05, Loss Test: 32.92667007446289
Epoch 15100, Loss Total: 61.78349304199219, Loss Train: 5.0399215979268774e-05, Loss Test: 32.92667007446289
Epoch 15200, Loss Total: 61.78349304199219, Loss Train: 5.0399215979268774e-05, Loss Test: 32.92667007446289
Epoch 15300, Loss Total: 61.78349304199219, Loss Train: 5.0399215979268774e-05, Loss Test: 32.92667007446289
Epoch 15400, Loss Total: 61.78349304199219, Loss Train: 5.0399215979268774e-05, Loss Test: 32.92667007446289
Epoch 15500, Loss Total: 61.78349304199219, Loss Train: 5.0399215979268774e-05, Loss Test: 32.92667007446289
Epoch 15600, Loss Total: 61.78349304199219, Loss Train: 5.0399215979268774e-05, Loss Test: 32.92667007446289
Epoch 15700, Loss Total: 61.78349304199219, Loss Train: 5.0399215979268774e-05, Loss Test: 32.92667007446289
Epoch 15800, Loss Total: 61.78349304199219, Loss Train: 5.0399215979268774e-05, Loss Test: 32.92667007446289
Epoch 15900, Loss Total: 61.78349304199219, Loss Train: 5.0399215979268774e-05, Loss Test: 32.92667007446289
Epoch 16000, Loss Total: 61.78349304199219, Loss Train: 5.0399215979268774e-05, Loss Test: 32.92667007446289
Epoch 16100, Loss Total: 61.78349304199219, Loss Train: 5.0399215979268774e-05, Loss Test: 32.92667007446289
Epoch 16200, Loss Total: 61.78349304199219, Loss Train: 5.0399215979268774e-05, Loss Test: 32.92667007446289
Epoch 16300, Loss Total: 61.78349304199219, Loss Train: 5.0399215979268774e-05, Loss Test: 32.92667007446289
Epoch 16400, Loss Total: 61.78349304199219, Loss Train: 5.0399215979268774e-05, Loss Test: 32.92667007446289
Epoch 16500, Loss Total: 61.78349304199219, Loss Train: 5.0399215979268774e-05, Loss Test: 32.92667007446289
Epoch 16600, Loss Total: 61.78349304199219, Loss Train: 5.0399215979268774e-05, Loss Test: 32.92667007446289
Epoch 16700, Loss Total: 61.78349304199219, Loss Train: 5.0399215979268774e-05, Loss Test: 32.92667007446289
Epoch 16800, Loss Total: 61.78349304199219, Loss Train: 5.0399215979268774e-05, Loss Test: 32.92667007446289
Epoch 16900, Loss Total: 61.78349304199219, Loss Train: 5.0399215979268774e-05, Loss Test: 32.92667007446289
Epoch 17000, Loss Total: 61.78349304199219, Loss Train: 5.0399215979268774e-05, Loss Test: 32.92667007446289
Epoch 17100, Loss Total: 61.78349304199219, Loss Train: 5.0399215979268774e-05, Loss Test: 32.92667007446289
Epoch 17200, Loss Total: 61.78349304199219, Loss Train: 5.0399215979268774e-05, Loss Test: 32.92667007446289
Epoch 17300, Loss Total: 61.78349304199219, Loss Train: 5.0399215979268774e-05, Loss Test: 32.92667007446289
Epoch 17400, Loss Total: 61.78349304199219, Loss Train: 5.0399215979268774e-05, Loss Test: 32.92667007446289
Epoch 17500, Loss Total: 61.78349304199219, Loss Train: 5.0399215979268774e-05, Loss Test: 32.92667007446289
Epoch 17600, Loss Total: 61.78349304199219, Loss Train: 5.0399215979268774e-05, Loss Test: 32.92667007446289
Epoch 17700, Loss Total: 61.78349304199219, Loss Train: 5.0399215979268774e-05, Loss Test: 32.92667007446289
Epoch 17800, Loss Total: 61.78349304199219, Loss Train: 5.0399215979268774e-05, Loss Test: 32.92667007446289
Epoch 17900, Loss Total: 61.78349304199219, Loss Train: 5.0399215979268774e-05, Loss Test: 32.92667007446289
Epoch 18000, Loss Total: 61.78349304199219, Loss Train: 5.0399215979268774e-05, Loss Test: 32.92667007446289
Epoch 18100, Loss Total: 61.78349304199219, Loss Train: 5.0399215979268774e-05, Loss Test: 32.92667007446289
Epoch 18200, Loss Total: 61.78349304199219, Loss Train: 5.0399215979268774e-05, Loss Test: 32.92667007446289
Epoch 18300, Loss Total: 61.78349304199219, Loss Train: 5.0399215979268774e-05, Loss Test: 32.92667007446289
Epoch 18400, Loss Total: 61.78349304199219, Loss Train: 5.0399215979268774e-05, Loss Test: 32.92667007446289
Epoch 18500, Loss Total: 61.78349304199219, Loss Train: 5.0399215979268774e-05, Loss Test: 32.92667007446289
Epoch 18600, Loss Total: 61.78349304199219, Loss Train: 5.0399215979268774e-05, Loss Test: 32.92667007446289
Epoch 18700, Loss Total: 61.78349304199219, Loss Train: 5.0399215979268774e-05, Loss Test: 32.92667007446289
Epoch 18800, Loss Total: 61.78349304199219, Loss Train: 5.0399215979268774e-05, Loss Test: 32.92667007446289
Epoch 18900, Loss Total: 61.78349304199219, Loss Train: 5.0399215979268774e-05, Loss Test: 32.92667007446289
Epoch 19000, Loss Total: 61.78349304199219, Loss Train: 5.0399215979268774e-05, Loss Test: 32.92667007446289
Epoch 19100, Loss Total: 61.78349304199219, Loss Train: 5.0399215979268774e-05, Loss Test: 32.92667007446289
Epoch 19200, Loss Total: 61.78349304199219, Loss Train: 5.0399215979268774e-05, Loss Test: 32.92667007446289
Epoch 19300, Loss Total: 61.78349304199219, Loss Train: 5.0399215979268774e-05, Loss Test: 32.92667007446289
Epoch 19400, Loss Total: 61.78349304199219, Loss Train: 5.0399215979268774e-05, Loss Test: 32.92667007446289
Epoch 19500, Loss Total: 61.78349304199219, Loss Train: 5.0399215979268774e-05, Loss Test: 32.92667007446289
Epoch 19600, Loss Total: 61.78349304199219, Loss Train: 5.0399215979268774e-05, Loss Test: 32.92667007446289
Epoch 19700, Loss Total: 61.78349304199219, Loss Train: 5.0399215979268774e-05, Loss Test: 32.92667007446289
Epoch 19800, Loss Total: 61.78349304199219, Loss Train: 5.0399215979268774e-05, Loss Test: 32.92667007446289
Epoch 19900, Loss Total: 61.78349304199219, Loss Train: 5.0399215979268774e-05, Loss Test: 32.92667007446289
Added results for seed=15 and percentage=0.25
Finished task 138
