Running task 79 with seed=8 and percentage=0.45
Epoch 0, Loss Total: 83.8138656616211, Loss Train: 132.53030395507812, Loss Test: 129.5445098876953
Epoch 100, Loss Total: 40.67190170288086, Loss Train: 41.07225036621094, Loss Test: 57.7890625
Epoch 200, Loss Total: 40.189579010009766, Loss Train: 18.00762176513672, Loss Test: 35.60511016845703
Epoch 300, Loss Total: 43.65724182128906, Loss Train: 9.010958671569824, Loss Test: 29.462615966796875
Epoch 400, Loss Total: 46.62193298339844, Loss Train: 4.816490650177002, Loss Test: 27.297582626342773
Epoch 500, Loss Total: 48.91398620605469, Loss Train: 2.6971800327301025, Loss Test: 26.461055755615234
Epoch 600, Loss Total: 50.614784240722656, Loss Train: 1.5627777576446533, Loss Test: 26.129684448242188
Epoch 700, Loss Total: 51.8516731262207, Loss Train: 0.9280570149421692, Loss Test: 26.007286071777344
Epoch 800, Loss Total: 52.749855041503906, Loss Train: 0.5609527230262756, Loss Test: 25.97829246520996
Epoch 900, Loss Total: 53.40578079223633, Loss Train: 0.3431146740913391, Loss Test: 25.991756439208984
Epoch 1000, Loss Total: 53.88663864135742, Loss Train: 0.21116721630096436, Loss Test: 26.022424697875977
Epoch 1100, Loss Total: 54.238956451416016, Loss Train: 0.12998148798942566, Loss Test: 26.05732536315918
Epoch 1200, Loss Total: 54.49602508544922, Loss Train: 0.07953774929046631, Loss Test: 26.09015464782715
Epoch 1300, Loss Total: 54.682491302490234, Loss Train: 0.04810674116015434, Loss Test: 26.118322372436523
Epoch 1400, Loss Total: 54.81695556640625, Loss Train: 0.0286122914403677, Loss Test: 26.14122772216797
Epoch 1500, Loss Total: 54.913429260253906, Loss Train: 0.016662970185279846, Loss Test: 26.15921401977539
Epoch 1600, Loss Total: 54.98237991333008, Loss Train: 0.00947035476565361, Loss Test: 26.173009872436523
Epoch 1700, Loss Total: 55.031551361083984, Loss Train: 0.005241744685918093, Loss Test: 26.183414459228516
Epoch 1800, Loss Total: 55.06656265258789, Loss Train: 0.002824251540005207, Loss Test: 26.191171646118164
Epoch 1900, Loss Total: 55.09147262573242, Loss Train: 0.0014850897714495659, Loss Test: 26.1969051361084
Epoch 2000, Loss Total: 55.109188079833984, Loss Train: 0.0007682007853873074, Loss Test: 26.20111656188965
Epoch 2100, Loss Total: 55.121768951416016, Loss Train: 0.0003979350149165839, Loss Test: 26.204198837280273
Epoch 2200, Loss Total: 55.13069534301758, Loss Train: 0.0002136526454705745, Loss Test: 26.206443786621094
Epoch 2300, Loss Total: 55.13702392578125, Loss Train: 0.0001253172813449055, Loss Test: 26.208086013793945
Epoch 2400, Loss Total: 55.14149475097656, Loss Train: 8.435371273662895e-05, Loss Test: 26.20928192138672
Epoch 2500, Loss Total: 55.1446533203125, Loss Train: 6.598302570637316e-05, Loss Test: 26.210153579711914
Epoch 2600, Loss Total: 55.146873474121094, Loss Train: 5.795607285108417e-05, Loss Test: 26.21078872680664
Epoch 2700, Loss Total: 55.1484375, Loss Train: 5.4490948969032615e-05, Loss Test: 26.21125030517578
Epoch 2800, Loss Total: 55.1495361328125, Loss Train: 5.300595876178704e-05, Loss Test: 26.211589813232422
Epoch 2900, Loss Total: 55.15031051635742, Loss Train: 5.230651731835678e-05, Loss Test: 26.211837768554688
Epoch 3000, Loss Total: 55.150856018066406, Loss Train: 5.199591760174371e-05, Loss Test: 26.212020874023438
Epoch 3100, Loss Total: 55.1512336730957, Loss Train: 5.185749614611268e-05, Loss Test: 26.21215057373047
Epoch 3200, Loss Total: 55.15151596069336, Loss Train: 5.18353954248596e-05, Loss Test: 26.21224594116211
Epoch 3300, Loss Total: 55.15169906616211, Loss Train: 5.176956256036647e-05, Loss Test: 26.21231460571289
Epoch 3400, Loss Total: 55.151798248291016, Loss Train: 5.174482794245705e-05, Loss Test: 26.21234703063965
Epoch 3500, Loss Total: 55.15182113647461, Loss Train: 5.1743721996899694e-05, Loss Test: 26.21236228942871
Epoch 3600, Loss Total: 55.15184020996094, Loss Train: 5.174371472094208e-05, Loss Test: 26.21236801147461
Epoch 3700, Loss Total: 55.1518440246582, Loss Train: 5.174371472094208e-05, Loss Test: 26.212369918823242
Epoch 3800, Loss Total: 55.1518440246582, Loss Train: 5.1743721996899694e-05, Loss Test: 26.212369918823242
Epoch 3900, Loss Total: 55.1518440246582, Loss Train: 5.174371835892089e-05, Loss Test: 26.212369918823242
Epoch 4000, Loss Total: 55.1518440246582, Loss Train: 5.174371835892089e-05, Loss Test: 26.212369918823242
Epoch 4100, Loss Total: 55.1518440246582, Loss Train: 5.174371835892089e-05, Loss Test: 26.212369918823242
Epoch 4200, Loss Total: 55.1518440246582, Loss Train: 5.174371835892089e-05, Loss Test: 26.212369918823242
Epoch 4300, Loss Total: 55.1518440246582, Loss Train: 5.174371835892089e-05, Loss Test: 26.212369918823242
Epoch 4400, Loss Total: 55.1518440246582, Loss Train: 5.174371835892089e-05, Loss Test: 26.212369918823242
Epoch 4500, Loss Total: 55.1518440246582, Loss Train: 5.174371835892089e-05, Loss Test: 26.212369918823242
Epoch 4600, Loss Total: 55.1518440246582, Loss Train: 5.174371835892089e-05, Loss Test: 26.212369918823242
Epoch 4700, Loss Total: 55.1518440246582, Loss Train: 5.174371835892089e-05, Loss Test: 26.212369918823242
Epoch 4800, Loss Total: 55.1518440246582, Loss Train: 5.174371835892089e-05, Loss Test: 26.212369918823242
Epoch 4900, Loss Total: 55.1518440246582, Loss Train: 5.174371835892089e-05, Loss Test: 26.212369918823242
Epoch 5000, Loss Total: 55.1518440246582, Loss Train: 5.174371835892089e-05, Loss Test: 26.212369918823242
Epoch 5100, Loss Total: 55.1518440246582, Loss Train: 5.174371835892089e-05, Loss Test: 26.212369918823242
Epoch 5200, Loss Total: 55.1518440246582, Loss Train: 5.174371835892089e-05, Loss Test: 26.212369918823242
Epoch 5300, Loss Total: 55.1518440246582, Loss Train: 5.174371835892089e-05, Loss Test: 26.212369918823242
Epoch 5400, Loss Total: 55.1518440246582, Loss Train: 5.174371835892089e-05, Loss Test: 26.212369918823242
Epoch 5500, Loss Total: 55.1518440246582, Loss Train: 5.174371835892089e-05, Loss Test: 26.212369918823242
Epoch 5600, Loss Total: 55.1518440246582, Loss Train: 5.174371835892089e-05, Loss Test: 26.212369918823242
Epoch 5700, Loss Total: 55.1518440246582, Loss Train: 5.174371835892089e-05, Loss Test: 26.212369918823242
Epoch 5800, Loss Total: 55.1518440246582, Loss Train: 5.174371835892089e-05, Loss Test: 26.212369918823242
Epoch 5900, Loss Total: 55.1518440246582, Loss Train: 5.174371835892089e-05, Loss Test: 26.212369918823242
Epoch 6000, Loss Total: 55.1518440246582, Loss Train: 5.174371835892089e-05, Loss Test: 26.212369918823242
Epoch 6100, Loss Total: 55.1518440246582, Loss Train: 5.174371835892089e-05, Loss Test: 26.212369918823242
Epoch 6200, Loss Total: 55.1518440246582, Loss Train: 5.174371835892089e-05, Loss Test: 26.212369918823242
Epoch 6300, Loss Total: 55.1518440246582, Loss Train: 5.174371835892089e-05, Loss Test: 26.212369918823242
Epoch 6400, Loss Total: 55.1518440246582, Loss Train: 5.174371835892089e-05, Loss Test: 26.212369918823242
Epoch 6500, Loss Total: 55.1518440246582, Loss Train: 5.174371835892089e-05, Loss Test: 26.212369918823242
Epoch 6600, Loss Total: 55.1518440246582, Loss Train: 5.174371835892089e-05, Loss Test: 26.212369918823242
Epoch 6700, Loss Total: 55.1518440246582, Loss Train: 5.174371835892089e-05, Loss Test: 26.212369918823242
Epoch 6800, Loss Total: 55.1518440246582, Loss Train: 5.174371835892089e-05, Loss Test: 26.212369918823242
Epoch 6900, Loss Total: 55.1518440246582, Loss Train: 5.174371835892089e-05, Loss Test: 26.212369918823242
Epoch 7000, Loss Total: 55.1518440246582, Loss Train: 5.174371835892089e-05, Loss Test: 26.212369918823242
Epoch 7100, Loss Total: 55.1518440246582, Loss Train: 5.174371835892089e-05, Loss Test: 26.212369918823242
Epoch 7200, Loss Total: 55.1518440246582, Loss Train: 5.174371835892089e-05, Loss Test: 26.212369918823242
Epoch 7300, Loss Total: 55.1518440246582, Loss Train: 5.174371835892089e-05, Loss Test: 26.212369918823242
Epoch 7400, Loss Total: 55.1518440246582, Loss Train: 5.174371835892089e-05, Loss Test: 26.212369918823242
Epoch 7500, Loss Total: 55.1518440246582, Loss Train: 5.174371835892089e-05, Loss Test: 26.212369918823242
Epoch 7600, Loss Total: 55.1518440246582, Loss Train: 5.174371835892089e-05, Loss Test: 26.212369918823242
Epoch 7700, Loss Total: 55.1518440246582, Loss Train: 5.174371835892089e-05, Loss Test: 26.212369918823242
Epoch 7800, Loss Total: 55.1518440246582, Loss Train: 5.174371835892089e-05, Loss Test: 26.212369918823242
Epoch 7900, Loss Total: 55.1518440246582, Loss Train: 5.174371835892089e-05, Loss Test: 26.212369918823242
Epoch 8000, Loss Total: 55.1518440246582, Loss Train: 5.174371835892089e-05, Loss Test: 26.212369918823242
Epoch 8100, Loss Total: 55.1518440246582, Loss Train: 5.174371835892089e-05, Loss Test: 26.212369918823242
Epoch 8200, Loss Total: 55.1518440246582, Loss Train: 5.174371835892089e-05, Loss Test: 26.212369918823242
Epoch 8300, Loss Total: 55.1518440246582, Loss Train: 5.174371835892089e-05, Loss Test: 26.212369918823242
Epoch 8400, Loss Total: 55.1518440246582, Loss Train: 5.174371835892089e-05, Loss Test: 26.212369918823242
Epoch 8500, Loss Total: 55.1518440246582, Loss Train: 5.174371835892089e-05, Loss Test: 26.212369918823242
Epoch 8600, Loss Total: 55.1518440246582, Loss Train: 5.174371835892089e-05, Loss Test: 26.212369918823242
Epoch 8700, Loss Total: 55.1518440246582, Loss Train: 5.174371835892089e-05, Loss Test: 26.212369918823242
Epoch 8800, Loss Total: 55.1518440246582, Loss Train: 5.174371835892089e-05, Loss Test: 26.212369918823242
Epoch 8900, Loss Total: 55.1518440246582, Loss Train: 5.174371835892089e-05, Loss Test: 26.212369918823242
Epoch 9000, Loss Total: 55.1518440246582, Loss Train: 5.174371835892089e-05, Loss Test: 26.212369918823242
Epoch 9100, Loss Total: 55.1518440246582, Loss Train: 5.174371835892089e-05, Loss Test: 26.212369918823242
Epoch 9200, Loss Total: 55.1518440246582, Loss Train: 5.174371835892089e-05, Loss Test: 26.212369918823242
Epoch 9300, Loss Total: 55.1518440246582, Loss Train: 5.174371835892089e-05, Loss Test: 26.212369918823242
Epoch 9400, Loss Total: 55.1518440246582, Loss Train: 5.174371835892089e-05, Loss Test: 26.212369918823242
Epoch 9500, Loss Total: 55.1518440246582, Loss Train: 5.174371835892089e-05, Loss Test: 26.212369918823242
Epoch 9600, Loss Total: 55.1518440246582, Loss Train: 5.174371835892089e-05, Loss Test: 26.212369918823242
Epoch 9700, Loss Total: 55.1518440246582, Loss Train: 5.174371835892089e-05, Loss Test: 26.212369918823242
Epoch 9800, Loss Total: 55.1518440246582, Loss Train: 5.174371835892089e-05, Loss Test: 26.212369918823242
Epoch 9900, Loss Total: 55.1518440246582, Loss Train: 5.174371835892089e-05, Loss Test: 26.212369918823242
Epoch 10000, Loss Total: 55.1518440246582, Loss Train: 5.174371835892089e-05, Loss Test: 26.212369918823242
Epoch 10100, Loss Total: 55.1518440246582, Loss Train: 5.174371835892089e-05, Loss Test: 26.212369918823242
Epoch 10200, Loss Total: 55.1518440246582, Loss Train: 5.174371835892089e-05, Loss Test: 26.212369918823242
Epoch 10300, Loss Total: 55.1518440246582, Loss Train: 5.174371835892089e-05, Loss Test: 26.212369918823242
Epoch 10400, Loss Total: 55.1518440246582, Loss Train: 5.174371835892089e-05, Loss Test: 26.212369918823242
Epoch 10500, Loss Total: 55.1518440246582, Loss Train: 5.174371835892089e-05, Loss Test: 26.212369918823242
Epoch 10600, Loss Total: 55.1518440246582, Loss Train: 5.174371835892089e-05, Loss Test: 26.212369918823242
Epoch 10700, Loss Total: 55.1518440246582, Loss Train: 5.174371835892089e-05, Loss Test: 26.212369918823242
Epoch 10800, Loss Total: 55.1518440246582, Loss Train: 5.174371835892089e-05, Loss Test: 26.212369918823242
Epoch 10900, Loss Total: 55.1518440246582, Loss Train: 5.174371835892089e-05, Loss Test: 26.212369918823242
Epoch 11000, Loss Total: 55.1518440246582, Loss Train: 5.174371835892089e-05, Loss Test: 26.212369918823242
Epoch 11100, Loss Total: 55.1518440246582, Loss Train: 5.174371835892089e-05, Loss Test: 26.212369918823242
Epoch 11200, Loss Total: 55.1518440246582, Loss Train: 5.174371835892089e-05, Loss Test: 26.212369918823242
Epoch 11300, Loss Total: 55.1518440246582, Loss Train: 5.174371835892089e-05, Loss Test: 26.212369918823242
Epoch 11400, Loss Total: 55.1518440246582, Loss Train: 5.174371835892089e-05, Loss Test: 26.212369918823242
Epoch 11500, Loss Total: 55.1518440246582, Loss Train: 5.174371835892089e-05, Loss Test: 26.212369918823242
Epoch 11600, Loss Total: 55.1518440246582, Loss Train: 5.174371835892089e-05, Loss Test: 26.212369918823242
Epoch 11700, Loss Total: 55.1518440246582, Loss Train: 5.174371835892089e-05, Loss Test: 26.212369918823242
Epoch 11800, Loss Total: 55.1518440246582, Loss Train: 5.174371835892089e-05, Loss Test: 26.212369918823242
Epoch 11900, Loss Total: 55.1518440246582, Loss Train: 5.174371835892089e-05, Loss Test: 26.212369918823242
Epoch 12000, Loss Total: 55.1518440246582, Loss Train: 5.174371835892089e-05, Loss Test: 26.212369918823242
Epoch 12100, Loss Total: 55.1518440246582, Loss Train: 5.174371835892089e-05, Loss Test: 26.212369918823242
Epoch 12200, Loss Total: 55.1518440246582, Loss Train: 5.174371835892089e-05, Loss Test: 26.212369918823242
Epoch 12300, Loss Total: 55.1518440246582, Loss Train: 5.174371835892089e-05, Loss Test: 26.212369918823242
Epoch 12400, Loss Total: 55.1518440246582, Loss Train: 5.174371835892089e-05, Loss Test: 26.212369918823242
Epoch 12500, Loss Total: 55.1518440246582, Loss Train: 5.174371835892089e-05, Loss Test: 26.212369918823242
Epoch 12600, Loss Total: 55.1518440246582, Loss Train: 5.174371835892089e-05, Loss Test: 26.212369918823242
Epoch 12700, Loss Total: 55.1518440246582, Loss Train: 5.174371835892089e-05, Loss Test: 26.212369918823242
Epoch 12800, Loss Total: 55.1518440246582, Loss Train: 5.174371835892089e-05, Loss Test: 26.212369918823242
Epoch 12900, Loss Total: 55.1518440246582, Loss Train: 5.174371835892089e-05, Loss Test: 26.212369918823242
Epoch 13000, Loss Total: 55.1518440246582, Loss Train: 5.174371835892089e-05, Loss Test: 26.212369918823242
Epoch 13100, Loss Total: 55.1518440246582, Loss Train: 5.174371835892089e-05, Loss Test: 26.212369918823242
Epoch 13200, Loss Total: 55.1518440246582, Loss Train: 5.174371835892089e-05, Loss Test: 26.212369918823242
Epoch 13300, Loss Total: 55.1518440246582, Loss Train: 5.174371835892089e-05, Loss Test: 26.212369918823242
Epoch 13400, Loss Total: 55.1518440246582, Loss Train: 5.174371835892089e-05, Loss Test: 26.212369918823242
Epoch 13500, Loss Total: 55.1518440246582, Loss Train: 5.174371835892089e-05, Loss Test: 26.212369918823242
Epoch 13600, Loss Total: 55.1518440246582, Loss Train: 5.174371835892089e-05, Loss Test: 26.212369918823242
Epoch 13700, Loss Total: 55.1518440246582, Loss Train: 5.174371835892089e-05, Loss Test: 26.212369918823242
Epoch 13800, Loss Total: 55.1518440246582, Loss Train: 5.174371835892089e-05, Loss Test: 26.212369918823242
Epoch 13900, Loss Total: 55.1518440246582, Loss Train: 5.174371835892089e-05, Loss Test: 26.212369918823242
Epoch 14000, Loss Total: 55.1518440246582, Loss Train: 5.174371835892089e-05, Loss Test: 26.212369918823242
Epoch 14100, Loss Total: 55.1518440246582, Loss Train: 5.174371835892089e-05, Loss Test: 26.212369918823242
Epoch 14200, Loss Total: 55.1518440246582, Loss Train: 5.174371835892089e-05, Loss Test: 26.212369918823242
Epoch 14300, Loss Total: 55.1518440246582, Loss Train: 5.174371835892089e-05, Loss Test: 26.212369918823242
Epoch 14400, Loss Total: 55.1518440246582, Loss Train: 5.174371835892089e-05, Loss Test: 26.212369918823242
Epoch 14500, Loss Total: 55.1518440246582, Loss Train: 5.174371835892089e-05, Loss Test: 26.212369918823242
Epoch 14600, Loss Total: 55.1518440246582, Loss Train: 5.174371835892089e-05, Loss Test: 26.212369918823242
Epoch 14700, Loss Total: 55.1518440246582, Loss Train: 5.174371835892089e-05, Loss Test: 26.212369918823242
Epoch 14800, Loss Total: 55.1518440246582, Loss Train: 5.174371835892089e-05, Loss Test: 26.212369918823242
Epoch 14900, Loss Total: 55.1518440246582, Loss Train: 5.174371835892089e-05, Loss Test: 26.212369918823242
Epoch 15000, Loss Total: 55.1518440246582, Loss Train: 5.174371835892089e-05, Loss Test: 26.212369918823242
Epoch 15100, Loss Total: 55.1518440246582, Loss Train: 5.174371835892089e-05, Loss Test: 26.212369918823242
Epoch 15200, Loss Total: 55.1518440246582, Loss Train: 5.174371835892089e-05, Loss Test: 26.212369918823242
Epoch 15300, Loss Total: 55.1518440246582, Loss Train: 5.174371835892089e-05, Loss Test: 26.212369918823242
Epoch 15400, Loss Total: 55.1518440246582, Loss Train: 5.174371835892089e-05, Loss Test: 26.212369918823242
Epoch 15500, Loss Total: 55.1518440246582, Loss Train: 5.174371835892089e-05, Loss Test: 26.212369918823242
Epoch 15600, Loss Total: 55.1518440246582, Loss Train: 5.174371835892089e-05, Loss Test: 26.212369918823242
Epoch 15700, Loss Total: 55.1518440246582, Loss Train: 5.174371835892089e-05, Loss Test: 26.212369918823242
Epoch 15800, Loss Total: 55.1518440246582, Loss Train: 5.174371835892089e-05, Loss Test: 26.212369918823242
Epoch 15900, Loss Total: 55.1518440246582, Loss Train: 5.174371835892089e-05, Loss Test: 26.212369918823242
Epoch 16000, Loss Total: 55.1518440246582, Loss Train: 5.174371835892089e-05, Loss Test: 26.212369918823242
Epoch 16100, Loss Total: 55.1518440246582, Loss Train: 5.174371835892089e-05, Loss Test: 26.212369918823242
Epoch 16200, Loss Total: 55.1518440246582, Loss Train: 5.174371835892089e-05, Loss Test: 26.212369918823242
Epoch 16300, Loss Total: 55.1518440246582, Loss Train: 5.174371835892089e-05, Loss Test: 26.212369918823242
Epoch 16400, Loss Total: 55.1518440246582, Loss Train: 5.174371835892089e-05, Loss Test: 26.212369918823242
Epoch 16500, Loss Total: 55.1518440246582, Loss Train: 5.174371835892089e-05, Loss Test: 26.212369918823242
Epoch 16600, Loss Total: 55.1518440246582, Loss Train: 5.174371835892089e-05, Loss Test: 26.212369918823242
Epoch 16700, Loss Total: 55.1518440246582, Loss Train: 5.174371835892089e-05, Loss Test: 26.212369918823242
Epoch 16800, Loss Total: 55.1518440246582, Loss Train: 5.174371835892089e-05, Loss Test: 26.212369918823242
Epoch 16900, Loss Total: 55.1518440246582, Loss Train: 5.174371835892089e-05, Loss Test: 26.212369918823242
Epoch 17000, Loss Total: 55.1518440246582, Loss Train: 5.174371835892089e-05, Loss Test: 26.212369918823242
Epoch 17100, Loss Total: 55.1518440246582, Loss Train: 5.174371835892089e-05, Loss Test: 26.212369918823242
Epoch 17200, Loss Total: 55.1518440246582, Loss Train: 5.174371835892089e-05, Loss Test: 26.212369918823242
Epoch 17300, Loss Total: 55.1518440246582, Loss Train: 5.174371835892089e-05, Loss Test: 26.212369918823242
Epoch 17400, Loss Total: 55.1518440246582, Loss Train: 5.174371835892089e-05, Loss Test: 26.212369918823242
Epoch 17500, Loss Total: 55.1518440246582, Loss Train: 5.174371835892089e-05, Loss Test: 26.212369918823242
Epoch 17600, Loss Total: 55.1518440246582, Loss Train: 5.174371835892089e-05, Loss Test: 26.212369918823242
Epoch 17700, Loss Total: 55.1518440246582, Loss Train: 5.174371835892089e-05, Loss Test: 26.212369918823242
Epoch 17800, Loss Total: 55.1518440246582, Loss Train: 5.174371835892089e-05, Loss Test: 26.212369918823242
Epoch 17900, Loss Total: 55.1518440246582, Loss Train: 5.174371835892089e-05, Loss Test: 26.212369918823242
Epoch 18000, Loss Total: 55.1518440246582, Loss Train: 5.174371835892089e-05, Loss Test: 26.212369918823242
Epoch 18100, Loss Total: 55.1518440246582, Loss Train: 5.174371835892089e-05, Loss Test: 26.212369918823242
Epoch 18200, Loss Total: 55.1518440246582, Loss Train: 5.174371835892089e-05, Loss Test: 26.212369918823242
Epoch 18300, Loss Total: 55.1518440246582, Loss Train: 5.174371835892089e-05, Loss Test: 26.212369918823242
Epoch 18400, Loss Total: 55.1518440246582, Loss Train: 5.174371835892089e-05, Loss Test: 26.212369918823242
Epoch 18500, Loss Total: 55.1518440246582, Loss Train: 5.174371835892089e-05, Loss Test: 26.212369918823242
Epoch 18600, Loss Total: 55.1518440246582, Loss Train: 5.174371835892089e-05, Loss Test: 26.212369918823242
Epoch 18700, Loss Total: 55.1518440246582, Loss Train: 5.174371835892089e-05, Loss Test: 26.212369918823242
Epoch 18800, Loss Total: 55.1518440246582, Loss Train: 5.174371835892089e-05, Loss Test: 26.212369918823242
Epoch 18900, Loss Total: 55.1518440246582, Loss Train: 5.174371835892089e-05, Loss Test: 26.212369918823242
Epoch 19000, Loss Total: 55.1518440246582, Loss Train: 5.174371835892089e-05, Loss Test: 26.212369918823242
Epoch 19100, Loss Total: 55.1518440246582, Loss Train: 5.174371835892089e-05, Loss Test: 26.212369918823242
Epoch 19200, Loss Total: 55.1518440246582, Loss Train: 5.174371835892089e-05, Loss Test: 26.212369918823242
Epoch 19300, Loss Total: 55.1518440246582, Loss Train: 5.174371835892089e-05, Loss Test: 26.212369918823242
Epoch 19400, Loss Total: 55.1518440246582, Loss Train: 5.174371835892089e-05, Loss Test: 26.212369918823242
Epoch 19500, Loss Total: 55.1518440246582, Loss Train: 5.174371835892089e-05, Loss Test: 26.212369918823242
Epoch 19600, Loss Total: 55.1518440246582, Loss Train: 5.174371835892089e-05, Loss Test: 26.212369918823242
Epoch 19700, Loss Total: 55.1518440246582, Loss Train: 5.174371835892089e-05, Loss Test: 26.212369918823242
Epoch 19800, Loss Total: 55.1518440246582, Loss Train: 5.174371835892089e-05, Loss Test: 26.212369918823242
Epoch 19900, Loss Total: 55.1518440246582, Loss Train: 5.174371835892089e-05, Loss Test: 26.212369918823242
Results for seed=8 and percentage=0.45 already exist, skipping.
Finished task 79
