Running task 158 with seed=17 and percentage=0.35
Epoch 0, Loss Total: 84.02352142333984, Loss Train: 130.49273681640625, Loss Test: 131.59205627441406
Epoch 100, Loss Total: 42.37222671508789, Loss Train: 40.03306579589844, Loss Test: 63.41355514526367
Epoch 200, Loss Total: 40.24979019165039, Loss Train: 17.435762405395508, Loss Test: 38.852516174316406
Epoch 300, Loss Total: 43.55209732055664, Loss Train: 8.768646240234375, Loss Test: 32.12063980102539
Epoch 400, Loss Total: 46.36083984375, Loss Train: 4.777527332305908, Loss Test: 29.843955993652344
Epoch 500, Loss Total: 48.424110412597656, Loss Train: 2.756211757659912, Loss Test: 28.981979370117188
Epoch 600, Loss Total: 49.902469635009766, Loss Train: 1.6541435718536377, Loss Test: 28.634727478027344
Epoch 700, Loss Total: 50.95796203613281, Loss Train: 1.018215537071228, Loss Test: 28.48841667175293
Epoch 800, Loss Total: 51.71224594116211, Loss Train: 0.636311411857605, Loss Test: 28.423587799072266
Epoch 900, Loss Total: 52.2496223449707, Loss Train: 0.4006410539150238, Loss Test: 28.39201545715332
Epoch 1000, Loss Total: 52.62898254394531, Loss Train: 0.25256654620170593, Loss Test: 28.373641967773438
Epoch 1100, Loss Total: 52.89336395263672, Loss Train: 0.15853287279605865, Loss Test: 28.360347747802734
Epoch 1200, Loss Total: 53.07516098022461, Loss Train: 0.09858034551143646, Loss Test: 28.349214553833008
Epoch 1300, Loss Total: 53.19876480102539, Loss Train: 0.060452740639448166, Loss Test: 28.339454650878906
Epoch 1400, Loss Total: 53.2822151184082, Loss Train: 0.036413051187992096, Loss Test: 28.33101463317871
Epoch 1500, Loss Total: 53.33843994140625, Loss Train: 0.02146962471306324, Loss Test: 28.3239688873291
Epoch 1600, Loss Total: 53.376441955566406, Loss Train: 0.012357589788734913, Loss Test: 28.318307876586914
Epoch 1700, Loss Total: 53.40231704711914, Loss Train: 0.006930151488631964, Loss Test: 28.313922882080078
Epoch 1800, Loss Total: 53.42011260986328, Loss Train: 0.003783924039453268, Loss Test: 28.310636520385742
Epoch 1900, Loss Total: 53.432491302490234, Loss Train: 0.0020140104461461306, Loss Test: 28.308256149291992
Epoch 2000, Loss Total: 53.44119644165039, Loss Train: 0.0010502070654183626, Loss Test: 28.306583404541016
Epoch 2100, Loss Total: 53.447349548339844, Loss Train: 0.0005430462770164013, Loss Test: 28.305456161499023
Epoch 2200, Loss Total: 53.45173645019531, Loss Train: 0.0002854830527212471, Loss Test: 28.30472755432129
Epoch 2300, Loss Total: 53.454856872558594, Loss Train: 0.00015918773715384305, Loss Test: 28.304288864135742
Epoch 2400, Loss Total: 53.45709991455078, Loss Train: 9.950260573532432e-05, Loss Test: 28.304054260253906
Epoch 2500, Loss Total: 53.45870590209961, Loss Train: 7.212609489215538e-05, Loss Test: 28.3039493560791
Epoch 2600, Loss Total: 53.4598503112793, Loss Train: 6.00020975980442e-05, Loss Test: 28.303930282592773
Epoch 2700, Loss Total: 53.46066665649414, Loss Train: 5.459773092297837e-05, Loss Test: 28.3039608001709
Epoch 2800, Loss Total: 53.46125411987305, Loss Train: 5.2288014558143914e-05, Loss Test: 28.30401611328125
Epoch 2900, Loss Total: 53.461669921875, Loss Train: 5.127143958816305e-05, Loss Test: 28.304075241088867
Epoch 3000, Loss Total: 53.46196365356445, Loss Train: 5.0827897212002426e-05, Loss Test: 28.30413818359375
Epoch 3100, Loss Total: 53.4621696472168, Loss Train: 5.056391455582343e-05, Loss Test: 28.30419158935547
Epoch 3200, Loss Total: 53.46232986450195, Loss Train: 5.045375655754469e-05, Loss Test: 28.30423355102539
Epoch 3300, Loss Total: 53.46242904663086, Loss Train: 5.041502299718559e-05, Loss Test: 28.304271697998047
Epoch 3400, Loss Total: 53.4625129699707, Loss Train: 5.0458344048820436e-05, Loss Test: 28.30430030822754
Epoch 3500, Loss Total: 53.462562561035156, Loss Train: 5.035781941842288e-05, Loss Test: 28.3043212890625
Epoch 3600, Loss Total: 53.46257400512695, Loss Train: 5.035613139625639e-05, Loss Test: 28.30432891845703
Epoch 3700, Loss Total: 53.46258544921875, Loss Train: 5.035610593040474e-05, Loss Test: 28.304332733154297
Epoch 3800, Loss Total: 53.46258544921875, Loss Train: 5.0356109568383545e-05, Loss Test: 28.304332733154297
Epoch 3900, Loss Total: 53.46258544921875, Loss Train: 5.0356109568383545e-05, Loss Test: 28.304332733154297
Epoch 4000, Loss Total: 53.46258544921875, Loss Train: 5.0356109568383545e-05, Loss Test: 28.304332733154297
Epoch 4100, Loss Total: 53.46258544921875, Loss Train: 5.0356109568383545e-05, Loss Test: 28.304332733154297
Epoch 4200, Loss Total: 53.46258544921875, Loss Train: 5.0356109568383545e-05, Loss Test: 28.304332733154297
Epoch 4300, Loss Total: 53.46258544921875, Loss Train: 5.0356109568383545e-05, Loss Test: 28.304332733154297
Epoch 4400, Loss Total: 53.46258544921875, Loss Train: 5.0356109568383545e-05, Loss Test: 28.304332733154297
Epoch 4500, Loss Total: 53.46258544921875, Loss Train: 5.0356109568383545e-05, Loss Test: 28.304332733154297
Epoch 4600, Loss Total: 53.46258544921875, Loss Train: 5.0356109568383545e-05, Loss Test: 28.304332733154297
Epoch 4700, Loss Total: 53.46258544921875, Loss Train: 5.0356109568383545e-05, Loss Test: 28.304332733154297
Epoch 4800, Loss Total: 53.46258544921875, Loss Train: 5.0356109568383545e-05, Loss Test: 28.304332733154297
Epoch 4900, Loss Total: 53.46258544921875, Loss Train: 5.0356109568383545e-05, Loss Test: 28.304332733154297
Epoch 5000, Loss Total: 53.46258544921875, Loss Train: 5.0356109568383545e-05, Loss Test: 28.304332733154297
Epoch 5100, Loss Total: 53.46258544921875, Loss Train: 5.0356109568383545e-05, Loss Test: 28.304332733154297
Epoch 5200, Loss Total: 53.46258544921875, Loss Train: 5.0356109568383545e-05, Loss Test: 28.304332733154297
Epoch 5300, Loss Total: 53.46258544921875, Loss Train: 5.0356109568383545e-05, Loss Test: 28.304332733154297
Epoch 5400, Loss Total: 53.46258544921875, Loss Train: 5.0356109568383545e-05, Loss Test: 28.304332733154297
Epoch 5500, Loss Total: 53.46258544921875, Loss Train: 5.0356109568383545e-05, Loss Test: 28.304332733154297
Epoch 5600, Loss Total: 53.46258544921875, Loss Train: 5.0356109568383545e-05, Loss Test: 28.304332733154297
Epoch 5700, Loss Total: 53.46258544921875, Loss Train: 5.0356109568383545e-05, Loss Test: 28.304332733154297
Epoch 5800, Loss Total: 53.46258544921875, Loss Train: 5.0356109568383545e-05, Loss Test: 28.304332733154297
Epoch 5900, Loss Total: 53.46258544921875, Loss Train: 5.0356109568383545e-05, Loss Test: 28.304332733154297
Epoch 6000, Loss Total: 53.46258544921875, Loss Train: 5.0356109568383545e-05, Loss Test: 28.304332733154297
Epoch 6100, Loss Total: 53.46258544921875, Loss Train: 5.0356109568383545e-05, Loss Test: 28.304332733154297
Epoch 6200, Loss Total: 53.46258544921875, Loss Train: 5.0356109568383545e-05, Loss Test: 28.304332733154297
Epoch 6300, Loss Total: 53.46258544921875, Loss Train: 5.0356109568383545e-05, Loss Test: 28.304332733154297
Epoch 6400, Loss Total: 53.46258544921875, Loss Train: 5.0356109568383545e-05, Loss Test: 28.304332733154297
Epoch 6500, Loss Total: 53.46258544921875, Loss Train: 5.0356109568383545e-05, Loss Test: 28.304332733154297
Epoch 6600, Loss Total: 53.46258544921875, Loss Train: 5.0356109568383545e-05, Loss Test: 28.304332733154297
Epoch 6700, Loss Total: 53.46258544921875, Loss Train: 5.0356109568383545e-05, Loss Test: 28.304332733154297
Epoch 6800, Loss Total: 53.46258544921875, Loss Train: 5.0356109568383545e-05, Loss Test: 28.304332733154297
Epoch 6900, Loss Total: 53.46258544921875, Loss Train: 5.0356109568383545e-05, Loss Test: 28.304332733154297
Epoch 7000, Loss Total: 53.46258544921875, Loss Train: 5.0356109568383545e-05, Loss Test: 28.304332733154297
Epoch 7100, Loss Total: 53.46258544921875, Loss Train: 5.0356109568383545e-05, Loss Test: 28.304332733154297
Epoch 7200, Loss Total: 53.46258544921875, Loss Train: 5.0356109568383545e-05, Loss Test: 28.304332733154297
Epoch 7300, Loss Total: 53.46258544921875, Loss Train: 5.0356109568383545e-05, Loss Test: 28.304332733154297
Epoch 7400, Loss Total: 53.46258544921875, Loss Train: 5.0356109568383545e-05, Loss Test: 28.304332733154297
Epoch 7500, Loss Total: 53.46258544921875, Loss Train: 5.0356109568383545e-05, Loss Test: 28.304332733154297
Epoch 7600, Loss Total: 53.46258544921875, Loss Train: 5.0356109568383545e-05, Loss Test: 28.304332733154297
Epoch 7700, Loss Total: 53.46258544921875, Loss Train: 5.0356109568383545e-05, Loss Test: 28.304332733154297
Epoch 7800, Loss Total: 53.46258544921875, Loss Train: 5.0356109568383545e-05, Loss Test: 28.304332733154297
Epoch 7900, Loss Total: 53.46258544921875, Loss Train: 5.0356109568383545e-05, Loss Test: 28.304332733154297
Epoch 8000, Loss Total: 53.46258544921875, Loss Train: 5.0356109568383545e-05, Loss Test: 28.304332733154297
Epoch 8100, Loss Total: 53.46258544921875, Loss Train: 5.0356109568383545e-05, Loss Test: 28.304332733154297
Epoch 8200, Loss Total: 53.46258544921875, Loss Train: 5.0356109568383545e-05, Loss Test: 28.304332733154297
Epoch 8300, Loss Total: 53.46258544921875, Loss Train: 5.0356109568383545e-05, Loss Test: 28.304332733154297
Epoch 8400, Loss Total: 53.46258544921875, Loss Train: 5.0356109568383545e-05, Loss Test: 28.304332733154297
Epoch 8500, Loss Total: 53.46258544921875, Loss Train: 5.0356109568383545e-05, Loss Test: 28.304332733154297
Epoch 8600, Loss Total: 53.46258544921875, Loss Train: 5.0356109568383545e-05, Loss Test: 28.304332733154297
Epoch 8700, Loss Total: 53.46258544921875, Loss Train: 5.0356109568383545e-05, Loss Test: 28.304332733154297
Epoch 8800, Loss Total: 53.46258544921875, Loss Train: 5.0356109568383545e-05, Loss Test: 28.304332733154297
Epoch 8900, Loss Total: 53.46258544921875, Loss Train: 5.0356109568383545e-05, Loss Test: 28.304332733154297
Epoch 9000, Loss Total: 53.46258544921875, Loss Train: 5.0356109568383545e-05, Loss Test: 28.304332733154297
Epoch 9100, Loss Total: 53.46258544921875, Loss Train: 5.0356109568383545e-05, Loss Test: 28.304332733154297
Epoch 9200, Loss Total: 53.46258544921875, Loss Train: 5.0356109568383545e-05, Loss Test: 28.304332733154297
Epoch 9300, Loss Total: 53.46258544921875, Loss Train: 5.0356109568383545e-05, Loss Test: 28.304332733154297
Epoch 9400, Loss Total: 53.46258544921875, Loss Train: 5.0356109568383545e-05, Loss Test: 28.304332733154297
Epoch 9500, Loss Total: 53.46258544921875, Loss Train: 5.0356109568383545e-05, Loss Test: 28.304332733154297
Epoch 9600, Loss Total: 53.46258544921875, Loss Train: 5.0356109568383545e-05, Loss Test: 28.304332733154297
Epoch 9700, Loss Total: 53.46258544921875, Loss Train: 5.0356109568383545e-05, Loss Test: 28.304332733154297
Epoch 9800, Loss Total: 53.46258544921875, Loss Train: 5.0356109568383545e-05, Loss Test: 28.304332733154297
Epoch 9900, Loss Total: 53.46258544921875, Loss Train: 5.0356109568383545e-05, Loss Test: 28.304332733154297
Epoch 10000, Loss Total: 53.46258544921875, Loss Train: 5.0356109568383545e-05, Loss Test: 28.304332733154297
Epoch 10100, Loss Total: 53.46258544921875, Loss Train: 5.0356109568383545e-05, Loss Test: 28.304332733154297
Epoch 10200, Loss Total: 53.46258544921875, Loss Train: 5.0356109568383545e-05, Loss Test: 28.304332733154297
Epoch 10300, Loss Total: 53.46258544921875, Loss Train: 5.0356109568383545e-05, Loss Test: 28.304332733154297
Epoch 10400, Loss Total: 53.46258544921875, Loss Train: 5.0356109568383545e-05, Loss Test: 28.304332733154297
Epoch 10500, Loss Total: 53.46258544921875, Loss Train: 5.0356109568383545e-05, Loss Test: 28.304332733154297
Epoch 10600, Loss Total: 53.46258544921875, Loss Train: 5.0356109568383545e-05, Loss Test: 28.304332733154297
Epoch 10700, Loss Total: 53.46258544921875, Loss Train: 5.0356109568383545e-05, Loss Test: 28.304332733154297
Epoch 10800, Loss Total: 53.46258544921875, Loss Train: 5.0356109568383545e-05, Loss Test: 28.304332733154297
Epoch 10900, Loss Total: 53.46258544921875, Loss Train: 5.0356109568383545e-05, Loss Test: 28.304332733154297
Epoch 11000, Loss Total: 53.46258544921875, Loss Train: 5.0356109568383545e-05, Loss Test: 28.304332733154297
Epoch 11100, Loss Total: 53.46258544921875, Loss Train: 5.0356109568383545e-05, Loss Test: 28.304332733154297
Epoch 11200, Loss Total: 53.46258544921875, Loss Train: 5.0356109568383545e-05, Loss Test: 28.304332733154297
Epoch 11300, Loss Total: 53.46258544921875, Loss Train: 5.0356109568383545e-05, Loss Test: 28.304332733154297
Epoch 11400, Loss Total: 53.46258544921875, Loss Train: 5.0356109568383545e-05, Loss Test: 28.304332733154297
Epoch 11500, Loss Total: 53.46258544921875, Loss Train: 5.0356109568383545e-05, Loss Test: 28.304332733154297
Epoch 11600, Loss Total: 53.46258544921875, Loss Train: 5.0356109568383545e-05, Loss Test: 28.304332733154297
Epoch 11700, Loss Total: 53.46258544921875, Loss Train: 5.0356109568383545e-05, Loss Test: 28.304332733154297
Epoch 11800, Loss Total: 53.46258544921875, Loss Train: 5.0356109568383545e-05, Loss Test: 28.304332733154297
Epoch 11900, Loss Total: 53.46258544921875, Loss Train: 5.0356109568383545e-05, Loss Test: 28.304332733154297
Epoch 12000, Loss Total: 53.46258544921875, Loss Train: 5.0356109568383545e-05, Loss Test: 28.304332733154297
Epoch 12100, Loss Total: 53.46258544921875, Loss Train: 5.0356109568383545e-05, Loss Test: 28.304332733154297
Epoch 12200, Loss Total: 53.46258544921875, Loss Train: 5.0356109568383545e-05, Loss Test: 28.304332733154297
Epoch 12300, Loss Total: 53.46258544921875, Loss Train: 5.0356109568383545e-05, Loss Test: 28.304332733154297
Epoch 12400, Loss Total: 53.46258544921875, Loss Train: 5.0356109568383545e-05, Loss Test: 28.304332733154297
Epoch 12500, Loss Total: 53.46258544921875, Loss Train: 5.0356109568383545e-05, Loss Test: 28.304332733154297
Epoch 12600, Loss Total: 53.46258544921875, Loss Train: 5.0356109568383545e-05, Loss Test: 28.304332733154297
Epoch 12700, Loss Total: 53.46258544921875, Loss Train: 5.0356109568383545e-05, Loss Test: 28.304332733154297
Epoch 12800, Loss Total: 53.46258544921875, Loss Train: 5.0356109568383545e-05, Loss Test: 28.304332733154297
Epoch 12900, Loss Total: 53.46258544921875, Loss Train: 5.0356109568383545e-05, Loss Test: 28.304332733154297
Epoch 13000, Loss Total: 53.46258544921875, Loss Train: 5.0356109568383545e-05, Loss Test: 28.304332733154297
Epoch 13100, Loss Total: 53.46258544921875, Loss Train: 5.0356109568383545e-05, Loss Test: 28.304332733154297
Epoch 13200, Loss Total: 53.46258544921875, Loss Train: 5.0356109568383545e-05, Loss Test: 28.304332733154297
Epoch 13300, Loss Total: 53.46258544921875, Loss Train: 5.0356109568383545e-05, Loss Test: 28.304332733154297
Epoch 13400, Loss Total: 53.46258544921875, Loss Train: 5.0356109568383545e-05, Loss Test: 28.304332733154297
Epoch 13500, Loss Total: 53.46258544921875, Loss Train: 5.0356109568383545e-05, Loss Test: 28.304332733154297
Epoch 13600, Loss Total: 53.46258544921875, Loss Train: 5.0356109568383545e-05, Loss Test: 28.304332733154297
Epoch 13700, Loss Total: 53.46258544921875, Loss Train: 5.0356109568383545e-05, Loss Test: 28.304332733154297
Epoch 13800, Loss Total: 53.46258544921875, Loss Train: 5.0356109568383545e-05, Loss Test: 28.304332733154297
Epoch 13900, Loss Total: 53.46258544921875, Loss Train: 5.0356109568383545e-05, Loss Test: 28.304332733154297
Epoch 14000, Loss Total: 53.46258544921875, Loss Train: 5.0356109568383545e-05, Loss Test: 28.304332733154297
Epoch 14100, Loss Total: 53.46258544921875, Loss Train: 5.0356109568383545e-05, Loss Test: 28.304332733154297
Epoch 14200, Loss Total: 53.46258544921875, Loss Train: 5.0356109568383545e-05, Loss Test: 28.304332733154297
Epoch 14300, Loss Total: 53.46258544921875, Loss Train: 5.0356109568383545e-05, Loss Test: 28.304332733154297
Epoch 14400, Loss Total: 53.46258544921875, Loss Train: 5.0356109568383545e-05, Loss Test: 28.304332733154297
Epoch 14500, Loss Total: 53.46258544921875, Loss Train: 5.0356109568383545e-05, Loss Test: 28.304332733154297
Epoch 14600, Loss Total: 53.46258544921875, Loss Train: 5.0356109568383545e-05, Loss Test: 28.304332733154297
Epoch 14700, Loss Total: 53.46258544921875, Loss Train: 5.0356109568383545e-05, Loss Test: 28.304332733154297
Epoch 14800, Loss Total: 53.46258544921875, Loss Train: 5.0356109568383545e-05, Loss Test: 28.304332733154297
Epoch 14900, Loss Total: 53.46258544921875, Loss Train: 5.0356109568383545e-05, Loss Test: 28.304332733154297
Epoch 15000, Loss Total: 53.46258544921875, Loss Train: 5.0356109568383545e-05, Loss Test: 28.304332733154297
Epoch 15100, Loss Total: 53.46258544921875, Loss Train: 5.0356109568383545e-05, Loss Test: 28.304332733154297
Epoch 15200, Loss Total: 53.46258544921875, Loss Train: 5.0356109568383545e-05, Loss Test: 28.304332733154297
Epoch 15300, Loss Total: 53.46258544921875, Loss Train: 5.0356109568383545e-05, Loss Test: 28.304332733154297
Epoch 15400, Loss Total: 53.46258544921875, Loss Train: 5.0356109568383545e-05, Loss Test: 28.304332733154297
Epoch 15500, Loss Total: 53.46258544921875, Loss Train: 5.0356109568383545e-05, Loss Test: 28.304332733154297
Epoch 15600, Loss Total: 53.46258544921875, Loss Train: 5.0356109568383545e-05, Loss Test: 28.304332733154297
Epoch 15700, Loss Total: 53.46258544921875, Loss Train: 5.0356109568383545e-05, Loss Test: 28.304332733154297
Epoch 15800, Loss Total: 53.46258544921875, Loss Train: 5.0356109568383545e-05, Loss Test: 28.304332733154297
Epoch 15900, Loss Total: 53.46258544921875, Loss Train: 5.0356109568383545e-05, Loss Test: 28.304332733154297
Epoch 16000, Loss Total: 53.46258544921875, Loss Train: 5.0356109568383545e-05, Loss Test: 28.304332733154297
Epoch 16100, Loss Total: 53.46258544921875, Loss Train: 5.0356109568383545e-05, Loss Test: 28.304332733154297
Epoch 16200, Loss Total: 53.46258544921875, Loss Train: 5.0356109568383545e-05, Loss Test: 28.304332733154297
Epoch 16300, Loss Total: 53.46258544921875, Loss Train: 5.0356109568383545e-05, Loss Test: 28.304332733154297
Epoch 16400, Loss Total: 53.46258544921875, Loss Train: 5.0356109568383545e-05, Loss Test: 28.304332733154297
Epoch 16500, Loss Total: 53.46258544921875, Loss Train: 5.0356109568383545e-05, Loss Test: 28.304332733154297
Epoch 16600, Loss Total: 53.46258544921875, Loss Train: 5.0356109568383545e-05, Loss Test: 28.304332733154297
Epoch 16700, Loss Total: 53.46258544921875, Loss Train: 5.0356109568383545e-05, Loss Test: 28.304332733154297
Epoch 16800, Loss Total: 53.46258544921875, Loss Train: 5.0356109568383545e-05, Loss Test: 28.304332733154297
Epoch 16900, Loss Total: 53.46258544921875, Loss Train: 5.0356109568383545e-05, Loss Test: 28.304332733154297
Epoch 17000, Loss Total: 53.46258544921875, Loss Train: 5.0356109568383545e-05, Loss Test: 28.304332733154297
Epoch 17100, Loss Total: 53.46258544921875, Loss Train: 5.0356109568383545e-05, Loss Test: 28.304332733154297
Epoch 17200, Loss Total: 53.46258544921875, Loss Train: 5.0356109568383545e-05, Loss Test: 28.304332733154297
Epoch 17300, Loss Total: 53.46258544921875, Loss Train: 5.0356109568383545e-05, Loss Test: 28.304332733154297
Epoch 17400, Loss Total: 53.46258544921875, Loss Train: 5.0356109568383545e-05, Loss Test: 28.304332733154297
Epoch 17500, Loss Total: 53.46258544921875, Loss Train: 5.0356109568383545e-05, Loss Test: 28.304332733154297
Epoch 17600, Loss Total: 53.46258544921875, Loss Train: 5.0356109568383545e-05, Loss Test: 28.304332733154297
Epoch 17700, Loss Total: 53.46258544921875, Loss Train: 5.0356109568383545e-05, Loss Test: 28.304332733154297
Epoch 17800, Loss Total: 53.46258544921875, Loss Train: 5.0356109568383545e-05, Loss Test: 28.304332733154297
Epoch 17900, Loss Total: 53.46258544921875, Loss Train: 5.0356109568383545e-05, Loss Test: 28.304332733154297
Epoch 18000, Loss Total: 53.46258544921875, Loss Train: 5.0356109568383545e-05, Loss Test: 28.304332733154297
Epoch 18100, Loss Total: 53.46258544921875, Loss Train: 5.0356109568383545e-05, Loss Test: 28.304332733154297
Epoch 18200, Loss Total: 53.46258544921875, Loss Train: 5.0356109568383545e-05, Loss Test: 28.304332733154297
Epoch 18300, Loss Total: 53.46258544921875, Loss Train: 5.0356109568383545e-05, Loss Test: 28.304332733154297
Epoch 18400, Loss Total: 53.46258544921875, Loss Train: 5.0356109568383545e-05, Loss Test: 28.304332733154297
Epoch 18500, Loss Total: 53.46258544921875, Loss Train: 5.0356109568383545e-05, Loss Test: 28.304332733154297
Epoch 18600, Loss Total: 53.46258544921875, Loss Train: 5.0356109568383545e-05, Loss Test: 28.304332733154297
Epoch 18700, Loss Total: 53.46258544921875, Loss Train: 5.0356109568383545e-05, Loss Test: 28.304332733154297
Epoch 18800, Loss Total: 53.46258544921875, Loss Train: 5.0356109568383545e-05, Loss Test: 28.304332733154297
Epoch 18900, Loss Total: 53.46258544921875, Loss Train: 5.0356109568383545e-05, Loss Test: 28.304332733154297
Epoch 19000, Loss Total: 53.46258544921875, Loss Train: 5.0356109568383545e-05, Loss Test: 28.304332733154297
Epoch 19100, Loss Total: 53.46258544921875, Loss Train: 5.0356109568383545e-05, Loss Test: 28.304332733154297
Epoch 19200, Loss Total: 53.46258544921875, Loss Train: 5.0356109568383545e-05, Loss Test: 28.304332733154297
Epoch 19300, Loss Total: 53.46258544921875, Loss Train: 5.0356109568383545e-05, Loss Test: 28.304332733154297
Epoch 19400, Loss Total: 53.46258544921875, Loss Train: 5.0356109568383545e-05, Loss Test: 28.304332733154297
Epoch 19500, Loss Total: 53.46258544921875, Loss Train: 5.0356109568383545e-05, Loss Test: 28.304332733154297
Epoch 19600, Loss Total: 53.46258544921875, Loss Train: 5.0356109568383545e-05, Loss Test: 28.304332733154297
Epoch 19700, Loss Total: 53.46258544921875, Loss Train: 5.0356109568383545e-05, Loss Test: 28.304332733154297
Epoch 19800, Loss Total: 53.46258544921875, Loss Train: 5.0356109568383545e-05, Loss Test: 28.304332733154297
Epoch 19900, Loss Total: 53.46258544921875, Loss Train: 5.0356109568383545e-05, Loss Test: 28.304332733154297
Added results for seed=17 and percentage=0.35
Finished task 158
