Running task 806 with seed=89 and percentage=0.35
Epoch 0, Loss Total: 84.01013946533203, Loss Train: 129.5101776123047, Loss Test: 132.09080505371094
Epoch 100, Loss Total: 42.14518737792969, Loss Train: 38.97354507446289, Loss Test: 63.07728958129883
Epoch 200, Loss Total: 40.27112579345703, Loss Train: 16.24712562561035, Loss Test: 39.085853576660156
Epoch 300, Loss Total: 43.98373794555664, Loss Train: 7.611462593078613, Loss Test: 32.68626022338867
Epoch 400, Loss Total: 47.34015655517578, Loss Train: 3.7383174896240234, Loss Test: 30.634531021118164
Epoch 500, Loss Total: 49.92210006713867, Loss Train: 1.880463719367981, Loss Test: 29.912036895751953
Epoch 600, Loss Total: 51.849666595458984, Loss Train: 0.9532583951950073, Loss Test: 29.65119171142578
Epoch 700, Loss Total: 53.27312088012695, Loss Train: 0.4799742102622986, Loss Test: 29.565410614013672
Epoch 800, Loss Total: 54.315433502197266, Loss Train: 0.23731328547000885, Loss Test: 29.547462463378906
Epoch 900, Loss Total: 55.071556091308594, Loss Train: 0.1142987608909607, Loss Test: 29.55400848388672
Epoch 1000, Loss Total: 55.6142463684082, Loss Train: 0.0533381886780262, Loss Test: 29.567548751831055
Epoch 1100, Loss Total: 55.99934005737305, Loss Train: 0.02403017319738865, Loss Test: 29.581520080566406
Epoch 1200, Loss Total: 56.269508361816406, Loss Train: 0.010430771857500076, Loss Test: 29.59388542175293
Epoch 1300, Loss Total: 56.45711135864258, Loss Train: 0.004363703075796366, Loss Test: 29.60431671142578
Epoch 1400, Loss Total: 56.5863037109375, Loss Train: 0.0017690437380224466, Loss Test: 29.613021850585938
Epoch 1500, Loss Total: 56.674781799316406, Loss Train: 0.0007075181347317994, Loss Test: 29.620275497436523
Epoch 1600, Loss Total: 56.7352409362793, Loss Train: 0.0002923051069956273, Loss Test: 29.62632179260254
Epoch 1700, Loss Total: 56.7765998840332, Loss Train: 0.00013673571811523288, Loss Test: 29.63132095336914
Epoch 1800, Loss Total: 56.80501174926758, Loss Train: 8.055153739405796e-05, Loss Test: 29.635404586791992
Epoch 1900, Loss Total: 56.82465744018555, Loss Train: 6.0718597524100915e-05, Loss Test: 29.638683319091797
Epoch 2000, Loss Total: 56.83834457397461, Loss Train: 5.3752053645439446e-05, Loss Test: 29.641271591186523
Epoch 2100, Loss Total: 56.84797286987305, Loss Train: 5.126598625793122e-05, Loss Test: 29.643274307250977
Epoch 2200, Loss Total: 56.85478591918945, Loss Train: 5.030398824601434e-05, Loss Test: 29.644798278808594
Epoch 2300, Loss Total: 56.859642028808594, Loss Train: 4.9913876864593476e-05, Loss Test: 29.64594078063965
Epoch 2400, Loss Total: 56.86311721801758, Loss Train: 4.973676550434902e-05, Loss Test: 29.646785736083984
Epoch 2500, Loss Total: 56.86562728881836, Loss Train: 4.969466317561455e-05, Loss Test: 29.64740562438965
Epoch 2600, Loss Total: 56.866825103759766, Loss Train: 4.967060885974206e-05, Loss Test: 29.6477108001709
Epoch 2700, Loss Total: 56.867332458496094, Loss Train: 4.967048516846262e-05, Loss Test: 29.647844314575195
Epoch 2800, Loss Total: 56.86757278442383, Loss Train: 4.967048516846262e-05, Loss Test: 29.647905349731445
Epoch 2900, Loss Total: 56.86768341064453, Loss Train: 4.967048516846262e-05, Loss Test: 29.64793586730957
Epoch 3000, Loss Total: 56.86772918701172, Loss Train: 4.967048153048381e-05, Loss Test: 29.64794921875
Epoch 3100, Loss Total: 56.86775588989258, Loss Train: 4.967048153048381e-05, Loss Test: 29.6479549407959
Epoch 3200, Loss Total: 56.867767333984375, Loss Train: 4.967048153048381e-05, Loss Test: 29.647958755493164
Epoch 3300, Loss Total: 56.867767333984375, Loss Train: 4.967048153048381e-05, Loss Test: 29.647958755493164
Epoch 3400, Loss Total: 56.867767333984375, Loss Train: 4.967048153048381e-05, Loss Test: 29.647958755493164
Epoch 3500, Loss Total: 56.867767333984375, Loss Train: 4.967048153048381e-05, Loss Test: 29.647958755493164
Epoch 3600, Loss Total: 56.867767333984375, Loss Train: 4.967048153048381e-05, Loss Test: 29.647958755493164
Epoch 3700, Loss Total: 56.867767333984375, Loss Train: 4.967048153048381e-05, Loss Test: 29.647958755493164
Epoch 3800, Loss Total: 56.867767333984375, Loss Train: 4.967048153048381e-05, Loss Test: 29.647958755493164
Epoch 3900, Loss Total: 56.867767333984375, Loss Train: 4.967048153048381e-05, Loss Test: 29.647958755493164
Epoch 4000, Loss Total: 56.867767333984375, Loss Train: 4.967048153048381e-05, Loss Test: 29.647958755493164
Epoch 4100, Loss Total: 56.867767333984375, Loss Train: 4.967048153048381e-05, Loss Test: 29.647958755493164
Epoch 4200, Loss Total: 56.867767333984375, Loss Train: 4.967048153048381e-05, Loss Test: 29.647958755493164
Epoch 4300, Loss Total: 56.867767333984375, Loss Train: 4.967048153048381e-05, Loss Test: 29.647958755493164
Epoch 4400, Loss Total: 56.867767333984375, Loss Train: 4.967048153048381e-05, Loss Test: 29.647958755493164
Epoch 4500, Loss Total: 56.867767333984375, Loss Train: 4.967048153048381e-05, Loss Test: 29.647958755493164
Epoch 4600, Loss Total: 56.867767333984375, Loss Train: 4.967048153048381e-05, Loss Test: 29.647958755493164
Epoch 4700, Loss Total: 56.867767333984375, Loss Train: 4.967048153048381e-05, Loss Test: 29.647958755493164
Epoch 4800, Loss Total: 56.867767333984375, Loss Train: 4.967048153048381e-05, Loss Test: 29.647958755493164
Epoch 4900, Loss Total: 56.867767333984375, Loss Train: 4.967048153048381e-05, Loss Test: 29.647958755493164
Epoch 5000, Loss Total: 56.867767333984375, Loss Train: 4.967048153048381e-05, Loss Test: 29.647958755493164
Epoch 5100, Loss Total: 56.867767333984375, Loss Train: 4.967048153048381e-05, Loss Test: 29.647958755493164
Epoch 5200, Loss Total: 56.867767333984375, Loss Train: 4.967048153048381e-05, Loss Test: 29.647958755493164
Epoch 5300, Loss Total: 56.867767333984375, Loss Train: 4.967048153048381e-05, Loss Test: 29.647958755493164
Epoch 5400, Loss Total: 56.867767333984375, Loss Train: 4.967048153048381e-05, Loss Test: 29.647958755493164
Epoch 5500, Loss Total: 56.867767333984375, Loss Train: 4.967048153048381e-05, Loss Test: 29.647958755493164
Epoch 5600, Loss Total: 56.867767333984375, Loss Train: 4.967048153048381e-05, Loss Test: 29.647958755493164
Epoch 5700, Loss Total: 56.867767333984375, Loss Train: 4.967048153048381e-05, Loss Test: 29.647958755493164
Epoch 5800, Loss Total: 56.867767333984375, Loss Train: 4.967048153048381e-05, Loss Test: 29.647958755493164
Epoch 5900, Loss Total: 56.867767333984375, Loss Train: 4.967048153048381e-05, Loss Test: 29.647958755493164
Epoch 6000, Loss Total: 56.867767333984375, Loss Train: 4.967048153048381e-05, Loss Test: 29.647958755493164
Epoch 6100, Loss Total: 56.867767333984375, Loss Train: 4.967048153048381e-05, Loss Test: 29.647958755493164
Epoch 6200, Loss Total: 56.867767333984375, Loss Train: 4.967048153048381e-05, Loss Test: 29.647958755493164
Epoch 6300, Loss Total: 56.867767333984375, Loss Train: 4.967048153048381e-05, Loss Test: 29.647958755493164
Epoch 6400, Loss Total: 56.867767333984375, Loss Train: 4.967048153048381e-05, Loss Test: 29.647958755493164
Epoch 6500, Loss Total: 56.867767333984375, Loss Train: 4.967048153048381e-05, Loss Test: 29.647958755493164
Epoch 6600, Loss Total: 56.867767333984375, Loss Train: 4.967048153048381e-05, Loss Test: 29.647958755493164
Epoch 6700, Loss Total: 56.867767333984375, Loss Train: 4.967048153048381e-05, Loss Test: 29.647958755493164
Epoch 6800, Loss Total: 56.867767333984375, Loss Train: 4.967048153048381e-05, Loss Test: 29.647958755493164
Epoch 6900, Loss Total: 56.867767333984375, Loss Train: 4.967048153048381e-05, Loss Test: 29.647958755493164
Epoch 7000, Loss Total: 56.867767333984375, Loss Train: 4.967048153048381e-05, Loss Test: 29.647958755493164
Epoch 7100, Loss Total: 56.867767333984375, Loss Train: 4.967048153048381e-05, Loss Test: 29.647958755493164
Epoch 7200, Loss Total: 56.867767333984375, Loss Train: 4.967048153048381e-05, Loss Test: 29.647958755493164
Epoch 7300, Loss Total: 56.867767333984375, Loss Train: 4.967048153048381e-05, Loss Test: 29.647958755493164
Epoch 7400, Loss Total: 56.867767333984375, Loss Train: 4.967048153048381e-05, Loss Test: 29.647958755493164
Epoch 7500, Loss Total: 56.867767333984375, Loss Train: 4.967048153048381e-05, Loss Test: 29.647958755493164
Epoch 7600, Loss Total: 56.867767333984375, Loss Train: 4.967048153048381e-05, Loss Test: 29.647958755493164
Epoch 7700, Loss Total: 56.867767333984375, Loss Train: 4.967048153048381e-05, Loss Test: 29.647958755493164
Epoch 7800, Loss Total: 56.867767333984375, Loss Train: 4.967048153048381e-05, Loss Test: 29.647958755493164
Epoch 7900, Loss Total: 56.867767333984375, Loss Train: 4.967048153048381e-05, Loss Test: 29.647958755493164
Epoch 8000, Loss Total: 56.867767333984375, Loss Train: 4.967048153048381e-05, Loss Test: 29.647958755493164
Epoch 8100, Loss Total: 56.867767333984375, Loss Train: 4.967048153048381e-05, Loss Test: 29.647958755493164
Epoch 8200, Loss Total: 56.867767333984375, Loss Train: 4.967048153048381e-05, Loss Test: 29.647958755493164
Epoch 8300, Loss Total: 56.867767333984375, Loss Train: 4.967048153048381e-05, Loss Test: 29.647958755493164
Epoch 8400, Loss Total: 56.867767333984375, Loss Train: 4.967048153048381e-05, Loss Test: 29.647958755493164
Epoch 8500, Loss Total: 56.867767333984375, Loss Train: 4.967048153048381e-05, Loss Test: 29.647958755493164
Epoch 8600, Loss Total: 56.867767333984375, Loss Train: 4.967048153048381e-05, Loss Test: 29.647958755493164
Epoch 8700, Loss Total: 56.867767333984375, Loss Train: 4.967048153048381e-05, Loss Test: 29.647958755493164
Epoch 8800, Loss Total: 56.867767333984375, Loss Train: 4.967048153048381e-05, Loss Test: 29.647958755493164
Epoch 8900, Loss Total: 56.867767333984375, Loss Train: 4.967048153048381e-05, Loss Test: 29.647958755493164
Epoch 9000, Loss Total: 56.867767333984375, Loss Train: 4.967048153048381e-05, Loss Test: 29.647958755493164
Epoch 9100, Loss Total: 56.867767333984375, Loss Train: 4.967048153048381e-05, Loss Test: 29.647958755493164
Epoch 9200, Loss Total: 56.867767333984375, Loss Train: 4.967048153048381e-05, Loss Test: 29.647958755493164
Epoch 9300, Loss Total: 56.867767333984375, Loss Train: 4.967048153048381e-05, Loss Test: 29.647958755493164
Epoch 9400, Loss Total: 56.867767333984375, Loss Train: 4.967048153048381e-05, Loss Test: 29.647958755493164
Epoch 9500, Loss Total: 56.867767333984375, Loss Train: 4.967048153048381e-05, Loss Test: 29.647958755493164
Epoch 9600, Loss Total: 56.867767333984375, Loss Train: 4.967048153048381e-05, Loss Test: 29.647958755493164
Epoch 9700, Loss Total: 56.867767333984375, Loss Train: 4.967048153048381e-05, Loss Test: 29.647958755493164
Epoch 9800, Loss Total: 56.867767333984375, Loss Train: 4.967048153048381e-05, Loss Test: 29.647958755493164
Epoch 9900, Loss Total: 56.867767333984375, Loss Train: 4.967048153048381e-05, Loss Test: 29.647958755493164
Epoch 10000, Loss Total: 56.867767333984375, Loss Train: 4.967048153048381e-05, Loss Test: 29.647958755493164
Epoch 10100, Loss Total: 56.867767333984375, Loss Train: 4.967048153048381e-05, Loss Test: 29.647958755493164
Epoch 10200, Loss Total: 56.867767333984375, Loss Train: 4.967048153048381e-05, Loss Test: 29.647958755493164
Epoch 10300, Loss Total: 56.867767333984375, Loss Train: 4.967048153048381e-05, Loss Test: 29.647958755493164
Epoch 10400, Loss Total: 56.867767333984375, Loss Train: 4.967048153048381e-05, Loss Test: 29.647958755493164
Epoch 10500, Loss Total: 56.867767333984375, Loss Train: 4.967048153048381e-05, Loss Test: 29.647958755493164
Epoch 10600, Loss Total: 56.867767333984375, Loss Train: 4.967048153048381e-05, Loss Test: 29.647958755493164
Epoch 10700, Loss Total: 56.867767333984375, Loss Train: 4.967048153048381e-05, Loss Test: 29.647958755493164
Epoch 10800, Loss Total: 56.867767333984375, Loss Train: 4.967048153048381e-05, Loss Test: 29.647958755493164
Epoch 10900, Loss Total: 56.867767333984375, Loss Train: 4.967048153048381e-05, Loss Test: 29.647958755493164
Epoch 11000, Loss Total: 56.867767333984375, Loss Train: 4.967048153048381e-05, Loss Test: 29.647958755493164
Epoch 11100, Loss Total: 56.867767333984375, Loss Train: 4.967048153048381e-05, Loss Test: 29.647958755493164
Epoch 11200, Loss Total: 56.867767333984375, Loss Train: 4.967048153048381e-05, Loss Test: 29.647958755493164
Epoch 11300, Loss Total: 56.867767333984375, Loss Train: 4.967048153048381e-05, Loss Test: 29.647958755493164
Epoch 11400, Loss Total: 56.867767333984375, Loss Train: 4.967048153048381e-05, Loss Test: 29.647958755493164
Epoch 11500, Loss Total: 56.867767333984375, Loss Train: 4.967048153048381e-05, Loss Test: 29.647958755493164
Epoch 11600, Loss Total: 56.867767333984375, Loss Train: 4.967048153048381e-05, Loss Test: 29.647958755493164
Epoch 11700, Loss Total: 56.867767333984375, Loss Train: 4.967048153048381e-05, Loss Test: 29.647958755493164
Epoch 11800, Loss Total: 56.867767333984375, Loss Train: 4.967048153048381e-05, Loss Test: 29.647958755493164
Epoch 11900, Loss Total: 56.867767333984375, Loss Train: 4.967048153048381e-05, Loss Test: 29.647958755493164
Epoch 12000, Loss Total: 56.867767333984375, Loss Train: 4.967048153048381e-05, Loss Test: 29.647958755493164
Epoch 12100, Loss Total: 56.867767333984375, Loss Train: 4.967048153048381e-05, Loss Test: 29.647958755493164
Epoch 12200, Loss Total: 56.867767333984375, Loss Train: 4.967048153048381e-05, Loss Test: 29.647958755493164
Epoch 12300, Loss Total: 56.867767333984375, Loss Train: 4.967048153048381e-05, Loss Test: 29.647958755493164
Epoch 12400, Loss Total: 56.867767333984375, Loss Train: 4.967048153048381e-05, Loss Test: 29.647958755493164
Epoch 12500, Loss Total: 56.867767333984375, Loss Train: 4.967048153048381e-05, Loss Test: 29.647958755493164
Epoch 12600, Loss Total: 56.867767333984375, Loss Train: 4.967048153048381e-05, Loss Test: 29.647958755493164
Epoch 12700, Loss Total: 56.867767333984375, Loss Train: 4.967048153048381e-05, Loss Test: 29.647958755493164
Epoch 12800, Loss Total: 56.867767333984375, Loss Train: 4.967048153048381e-05, Loss Test: 29.647958755493164
Epoch 12900, Loss Total: 56.867767333984375, Loss Train: 4.967048153048381e-05, Loss Test: 29.647958755493164
Epoch 13000, Loss Total: 56.867767333984375, Loss Train: 4.967048153048381e-05, Loss Test: 29.647958755493164
Epoch 13100, Loss Total: 56.867767333984375, Loss Train: 4.967048153048381e-05, Loss Test: 29.647958755493164
Epoch 13200, Loss Total: 56.867767333984375, Loss Train: 4.967048153048381e-05, Loss Test: 29.647958755493164
Epoch 13300, Loss Total: 56.867767333984375, Loss Train: 4.967048153048381e-05, Loss Test: 29.647958755493164
Epoch 13400, Loss Total: 56.867767333984375, Loss Train: 4.967048153048381e-05, Loss Test: 29.647958755493164
Epoch 13500, Loss Total: 56.867767333984375, Loss Train: 4.967048153048381e-05, Loss Test: 29.647958755493164
Epoch 13600, Loss Total: 56.867767333984375, Loss Train: 4.967048153048381e-05, Loss Test: 29.647958755493164
Epoch 13700, Loss Total: 56.867767333984375, Loss Train: 4.967048153048381e-05, Loss Test: 29.647958755493164
Epoch 13800, Loss Total: 56.867767333984375, Loss Train: 4.967048153048381e-05, Loss Test: 29.647958755493164
Epoch 13900, Loss Total: 56.867767333984375, Loss Train: 4.967048153048381e-05, Loss Test: 29.647958755493164
Epoch 14000, Loss Total: 56.867767333984375, Loss Train: 4.967048153048381e-05, Loss Test: 29.647958755493164
Epoch 14100, Loss Total: 56.867767333984375, Loss Train: 4.967048153048381e-05, Loss Test: 29.647958755493164
Epoch 14200, Loss Total: 56.867767333984375, Loss Train: 4.967048153048381e-05, Loss Test: 29.647958755493164
Epoch 14300, Loss Total: 56.867767333984375, Loss Train: 4.967048153048381e-05, Loss Test: 29.647958755493164
Epoch 14400, Loss Total: 56.867767333984375, Loss Train: 4.967048153048381e-05, Loss Test: 29.647958755493164
Epoch 14500, Loss Total: 56.867767333984375, Loss Train: 4.967048153048381e-05, Loss Test: 29.647958755493164
Epoch 14600, Loss Total: 56.867767333984375, Loss Train: 4.967048153048381e-05, Loss Test: 29.647958755493164
Epoch 14700, Loss Total: 56.867767333984375, Loss Train: 4.967048153048381e-05, Loss Test: 29.647958755493164
Epoch 14800, Loss Total: 56.867767333984375, Loss Train: 4.967048153048381e-05, Loss Test: 29.647958755493164
Epoch 14900, Loss Total: 56.867767333984375, Loss Train: 4.967048153048381e-05, Loss Test: 29.647958755493164
Epoch 15000, Loss Total: 56.867767333984375, Loss Train: 4.967048153048381e-05, Loss Test: 29.647958755493164
Epoch 15100, Loss Total: 56.867767333984375, Loss Train: 4.967048153048381e-05, Loss Test: 29.647958755493164
Epoch 15200, Loss Total: 56.867767333984375, Loss Train: 4.967048153048381e-05, Loss Test: 29.647958755493164
Epoch 15300, Loss Total: 56.867767333984375, Loss Train: 4.967048153048381e-05, Loss Test: 29.647958755493164
Epoch 15400, Loss Total: 56.867767333984375, Loss Train: 4.967048153048381e-05, Loss Test: 29.647958755493164
Epoch 15500, Loss Total: 56.867767333984375, Loss Train: 4.967048153048381e-05, Loss Test: 29.647958755493164
Epoch 15600, Loss Total: 56.867767333984375, Loss Train: 4.967048153048381e-05, Loss Test: 29.647958755493164
Epoch 15700, Loss Total: 56.867767333984375, Loss Train: 4.967048153048381e-05, Loss Test: 29.647958755493164
Epoch 15800, Loss Total: 56.867767333984375, Loss Train: 4.967048153048381e-05, Loss Test: 29.647958755493164
Epoch 15900, Loss Total: 56.867767333984375, Loss Train: 4.967048153048381e-05, Loss Test: 29.647958755493164
Epoch 16000, Loss Total: 56.867767333984375, Loss Train: 4.967048153048381e-05, Loss Test: 29.647958755493164
Epoch 16100, Loss Total: 56.867767333984375, Loss Train: 4.967048153048381e-05, Loss Test: 29.647958755493164
Epoch 16200, Loss Total: 56.867767333984375, Loss Train: 4.967048153048381e-05, Loss Test: 29.647958755493164
Epoch 16300, Loss Total: 56.867767333984375, Loss Train: 4.967048153048381e-05, Loss Test: 29.647958755493164
Epoch 16400, Loss Total: 56.867767333984375, Loss Train: 4.967048153048381e-05, Loss Test: 29.647958755493164
Epoch 16500, Loss Total: 56.867767333984375, Loss Train: 4.967048153048381e-05, Loss Test: 29.647958755493164
Epoch 16600, Loss Total: 56.867767333984375, Loss Train: 4.967048153048381e-05, Loss Test: 29.647958755493164
Epoch 16700, Loss Total: 56.867767333984375, Loss Train: 4.967048153048381e-05, Loss Test: 29.647958755493164
Epoch 16800, Loss Total: 56.867767333984375, Loss Train: 4.967048153048381e-05, Loss Test: 29.647958755493164
Epoch 16900, Loss Total: 56.867767333984375, Loss Train: 4.967048153048381e-05, Loss Test: 29.647958755493164
Epoch 17000, Loss Total: 56.867767333984375, Loss Train: 4.967048153048381e-05, Loss Test: 29.647958755493164
Epoch 17100, Loss Total: 56.867767333984375, Loss Train: 4.967048153048381e-05, Loss Test: 29.647958755493164
Epoch 17200, Loss Total: 56.867767333984375, Loss Train: 4.967048153048381e-05, Loss Test: 29.647958755493164
Epoch 17300, Loss Total: 56.867767333984375, Loss Train: 4.967048153048381e-05, Loss Test: 29.647958755493164
Epoch 17400, Loss Total: 56.867767333984375, Loss Train: 4.967048153048381e-05, Loss Test: 29.647958755493164
Epoch 17500, Loss Total: 56.867767333984375, Loss Train: 4.967048153048381e-05, Loss Test: 29.647958755493164
Epoch 17600, Loss Total: 56.867767333984375, Loss Train: 4.967048153048381e-05, Loss Test: 29.647958755493164
Epoch 17700, Loss Total: 56.867767333984375, Loss Train: 4.967048153048381e-05, Loss Test: 29.647958755493164
Epoch 17800, Loss Total: 56.867767333984375, Loss Train: 4.967048153048381e-05, Loss Test: 29.647958755493164
Epoch 17900, Loss Total: 56.867767333984375, Loss Train: 4.967048153048381e-05, Loss Test: 29.647958755493164
Epoch 18000, Loss Total: 56.867767333984375, Loss Train: 4.967048153048381e-05, Loss Test: 29.647958755493164
Epoch 18100, Loss Total: 56.867767333984375, Loss Train: 4.967048153048381e-05, Loss Test: 29.647958755493164
Epoch 18200, Loss Total: 56.867767333984375, Loss Train: 4.967048153048381e-05, Loss Test: 29.647958755493164
Epoch 18300, Loss Total: 56.867767333984375, Loss Train: 4.967048153048381e-05, Loss Test: 29.647958755493164
Epoch 18400, Loss Total: 56.867767333984375, Loss Train: 4.967048153048381e-05, Loss Test: 29.647958755493164
Epoch 18500, Loss Total: 56.867767333984375, Loss Train: 4.967048153048381e-05, Loss Test: 29.647958755493164
Epoch 18600, Loss Total: 56.867767333984375, Loss Train: 4.967048153048381e-05, Loss Test: 29.647958755493164
Epoch 18700, Loss Total: 56.867767333984375, Loss Train: 4.967048153048381e-05, Loss Test: 29.647958755493164
Epoch 18800, Loss Total: 56.867767333984375, Loss Train: 4.967048153048381e-05, Loss Test: 29.647958755493164
Epoch 18900, Loss Total: 56.867767333984375, Loss Train: 4.967048153048381e-05, Loss Test: 29.647958755493164
Epoch 19000, Loss Total: 56.867767333984375, Loss Train: 4.967048153048381e-05, Loss Test: 29.647958755493164
Epoch 19100, Loss Total: 56.867767333984375, Loss Train: 4.967048153048381e-05, Loss Test: 29.647958755493164
Epoch 19200, Loss Total: 56.867767333984375, Loss Train: 4.967048153048381e-05, Loss Test: 29.647958755493164
Epoch 19300, Loss Total: 56.867767333984375, Loss Train: 4.967048153048381e-05, Loss Test: 29.647958755493164
Epoch 19400, Loss Total: 56.867767333984375, Loss Train: 4.967048153048381e-05, Loss Test: 29.647958755493164
Epoch 19500, Loss Total: 56.867767333984375, Loss Train: 4.967048153048381e-05, Loss Test: 29.647958755493164
Epoch 19600, Loss Total: 56.867767333984375, Loss Train: 4.967048153048381e-05, Loss Test: 29.647958755493164
Epoch 19700, Loss Total: 56.867767333984375, Loss Train: 4.967048153048381e-05, Loss Test: 29.647958755493164
Epoch 19800, Loss Total: 56.867767333984375, Loss Train: 4.967048153048381e-05, Loss Test: 29.647958755493164
Epoch 19900, Loss Total: 56.867767333984375, Loss Train: 4.967048153048381e-05, Loss Test: 29.647958755493164
Added results for seed=89 and percentage=0.35
Finished task 806
