Running task 897 with seed=99 and percentage=0.40
Epoch 0, Loss Total: 83.65178680419922, Loss Train: 134.59756469726562, Loss Test: 127.98367309570312
Epoch 100, Loss Total: 41.43120193481445, Loss Train: 43.145015716552734, Loss Test: 58.772987365722656
Epoch 200, Loss Total: 40.2159309387207, Loss Train: 19.700265884399414, Loss Test: 35.42562484741211
Epoch 300, Loss Total: 43.96733474731445, Loss Train: 10.34653377532959, Loss Test: 28.976642608642578
Epoch 400, Loss Total: 47.37321090698242, Loss Train: 5.874384880065918, Loss Test: 26.83738899230957
Epoch 500, Loss Total: 49.98408126831055, Loss Train: 3.5236074924468994, Loss Test: 26.059263229370117
Epoch 600, Loss Total: 51.86485290527344, Loss Train: 2.194068193435669, Loss Test: 25.732309341430664
Epoch 700, Loss Total: 53.19032287597656, Loss Train: 1.3993171453475952, Loss Test: 25.562484741210938
Epoch 800, Loss Total: 54.12715148925781, Loss Train: 0.905547559261322, Loss Test: 25.458589553833008
Epoch 900, Loss Total: 54.79758071899414, Loss Train: 0.5904968976974487, Loss Test: 25.391035079956055
Epoch 1000, Loss Total: 55.28349304199219, Loss Train: 0.38571131229400635, Loss Test: 25.347373962402344
Epoch 1100, Loss Total: 55.639259338378906, Loss Train: 0.25097981095314026, Loss Test: 25.320281982421875
Epoch 1200, Loss Total: 55.90194320678711, Loss Train: 0.16183128952980042, Loss Test: 25.304615020751953
Epoch 1300, Loss Total: 56.097412109375, Loss Train: 0.1029050275683403, Loss Test: 25.2966365814209
Epoch 1400, Loss Total: 56.24396514892578, Loss Train: 0.0642552450299263, Loss Test: 25.293617248535156
Epoch 1500, Loss Total: 56.35463333129883, Loss Train: 0.03925618901848793, Loss Test: 25.293601989746094
Epoch 1600, Loss Total: 56.43867492675781, Loss Train: 0.02339647337794304, Loss Test: 25.295246124267578
Epoch 1700, Loss Total: 56.50270080566406, Loss Train: 0.013571886345744133, Loss Test: 25.29764175415039
Epoch 1800, Loss Total: 56.55149841308594, Loss Train: 0.007650948595255613, Loss Test: 25.300222396850586
Epoch 1900, Loss Total: 56.58857727050781, Loss Train: 0.0041897594928741455, Loss Test: 25.30266761779785
Epoch 2000, Loss Total: 56.6165771484375, Loss Train: 0.002231766702607274, Loss Test: 25.3048095703125
Epoch 2100, Loss Total: 56.63753890991211, Loss Train: 0.0011620825389400125, Loss Test: 25.306598663330078
Epoch 2200, Loss Total: 56.65305709838867, Loss Train: 0.0005986172473058105, Loss Test: 25.30803680419922
Epoch 2300, Loss Total: 56.66438674926758, Loss Train: 0.00031282842974178493, Loss Test: 25.309160232543945
Epoch 2400, Loss Total: 56.67255783081055, Loss Train: 0.00017320546612609178, Loss Test: 25.310012817382812
Epoch 2500, Loss Total: 56.67833709716797, Loss Train: 0.00010767255298560485, Loss Test: 25.310651779174805
Epoch 2600, Loss Total: 56.68238067626953, Loss Train: 7.787887443555519e-05, Loss Test: 25.311119079589844
Epoch 2700, Loss Total: 56.68516159057617, Loss Train: 6.50666406727396e-05, Loss Test: 25.311458587646484
Epoch 2800, Loss Total: 56.687042236328125, Loss Train: 5.9162401157664135e-05, Loss Test: 25.311697006225586
Epoch 2900, Loss Total: 56.68829345703125, Loss Train: 5.678207890014164e-05, Loss Test: 25.311866760253906
Epoch 3000, Loss Total: 56.689125061035156, Loss Train: 5.5766031437087804e-05, Loss Test: 25.31198501586914
Epoch 3100, Loss Total: 56.68967056274414, Loss Train: 5.530034104594961e-05, Loss Test: 25.31206703186035
Epoch 3200, Loss Total: 56.690025329589844, Loss Train: 5.510567643796094e-05, Loss Test: 25.312122344970703
Epoch 3300, Loss Total: 56.690250396728516, Loss Train: 5.4996726248646155e-05, Loss Test: 25.31216049194336
Epoch 3400, Loss Total: 56.69039535522461, Loss Train: 5.494020660989918e-05, Loss Test: 25.31218910217285
Epoch 3500, Loss Total: 56.690494537353516, Loss Train: 5.492856871569529e-05, Loss Test: 25.312206268310547
Epoch 3600, Loss Total: 56.69052505493164, Loss Train: 5.492076161317527e-05, Loss Test: 25.312211990356445
Epoch 3700, Loss Total: 56.69053268432617, Loss Train: 5.492073614732362e-05, Loss Test: 25.312213897705078
Epoch 3800, Loss Total: 56.69053649902344, Loss Train: 5.492073614732362e-05, Loss Test: 25.31221580505371
Epoch 3900, Loss Total: 56.69053649902344, Loss Train: 5.492074342328124e-05, Loss Test: 25.31221580505371
Epoch 4000, Loss Total: 56.69053649902344, Loss Train: 5.492073614732362e-05, Loss Test: 25.31221580505371
Epoch 4100, Loss Total: 56.69053649902344, Loss Train: 5.492073614732362e-05, Loss Test: 25.31221580505371
Epoch 4200, Loss Total: 56.69053649902344, Loss Train: 5.492073614732362e-05, Loss Test: 25.31221580505371
Epoch 4300, Loss Total: 56.69053649902344, Loss Train: 5.492073614732362e-05, Loss Test: 25.31221580505371
Epoch 4400, Loss Total: 56.69053649902344, Loss Train: 5.492073614732362e-05, Loss Test: 25.31221580505371
Epoch 4500, Loss Total: 56.69053649902344, Loss Train: 5.492073614732362e-05, Loss Test: 25.31221580505371
Epoch 4600, Loss Total: 56.69053649902344, Loss Train: 5.492073614732362e-05, Loss Test: 25.31221580505371
Epoch 4700, Loss Total: 56.69053649902344, Loss Train: 5.492073614732362e-05, Loss Test: 25.31221580505371
Epoch 4800, Loss Total: 56.69053649902344, Loss Train: 5.492073614732362e-05, Loss Test: 25.31221580505371
Epoch 4900, Loss Total: 56.69053649902344, Loss Train: 5.492073614732362e-05, Loss Test: 25.31221580505371
Epoch 5000, Loss Total: 56.69053649902344, Loss Train: 5.492073614732362e-05, Loss Test: 25.31221580505371
Epoch 5100, Loss Total: 56.69053649902344, Loss Train: 5.492073614732362e-05, Loss Test: 25.31221580505371
Epoch 5200, Loss Total: 56.69053649902344, Loss Train: 5.492073614732362e-05, Loss Test: 25.31221580505371
Epoch 5300, Loss Total: 56.69053649902344, Loss Train: 5.492073614732362e-05, Loss Test: 25.31221580505371
Epoch 5400, Loss Total: 56.69053649902344, Loss Train: 5.492073614732362e-05, Loss Test: 25.31221580505371
Epoch 5500, Loss Total: 56.69053649902344, Loss Train: 5.492073614732362e-05, Loss Test: 25.31221580505371
Epoch 5600, Loss Total: 56.69053649902344, Loss Train: 5.492073614732362e-05, Loss Test: 25.31221580505371
Epoch 5700, Loss Total: 56.69053649902344, Loss Train: 5.492073614732362e-05, Loss Test: 25.31221580505371
Epoch 5800, Loss Total: 56.69053649902344, Loss Train: 5.492073614732362e-05, Loss Test: 25.31221580505371
Epoch 5900, Loss Total: 56.69053649902344, Loss Train: 5.492073614732362e-05, Loss Test: 25.31221580505371
Epoch 6000, Loss Total: 56.69053649902344, Loss Train: 5.492073614732362e-05, Loss Test: 25.31221580505371
Epoch 6100, Loss Total: 56.69053649902344, Loss Train: 5.492073614732362e-05, Loss Test: 25.31221580505371
Epoch 6200, Loss Total: 56.69053649902344, Loss Train: 5.492073614732362e-05, Loss Test: 25.31221580505371
Epoch 6300, Loss Total: 56.69053649902344, Loss Train: 5.492073614732362e-05, Loss Test: 25.31221580505371
Epoch 6400, Loss Total: 56.69053649902344, Loss Train: 5.492073614732362e-05, Loss Test: 25.31221580505371
Epoch 6500, Loss Total: 56.69053649902344, Loss Train: 5.492073614732362e-05, Loss Test: 25.31221580505371
Epoch 6600, Loss Total: 56.69053649902344, Loss Train: 5.492073614732362e-05, Loss Test: 25.31221580505371
Epoch 6700, Loss Total: 56.69053649902344, Loss Train: 5.492073614732362e-05, Loss Test: 25.31221580505371
Epoch 6800, Loss Total: 56.69053649902344, Loss Train: 5.492073614732362e-05, Loss Test: 25.31221580505371
Epoch 6900, Loss Total: 56.69053649902344, Loss Train: 5.492073614732362e-05, Loss Test: 25.31221580505371
Epoch 7000, Loss Total: 56.69053649902344, Loss Train: 5.492073614732362e-05, Loss Test: 25.31221580505371
Epoch 7100, Loss Total: 56.69053649902344, Loss Train: 5.492073614732362e-05, Loss Test: 25.31221580505371
Epoch 7200, Loss Total: 56.69053649902344, Loss Train: 5.492073614732362e-05, Loss Test: 25.31221580505371
Epoch 7300, Loss Total: 56.69053649902344, Loss Train: 5.492073614732362e-05, Loss Test: 25.31221580505371
Epoch 7400, Loss Total: 56.69053649902344, Loss Train: 5.492073614732362e-05, Loss Test: 25.31221580505371
Epoch 7500, Loss Total: 56.69053649902344, Loss Train: 5.492073614732362e-05, Loss Test: 25.31221580505371
Epoch 7600, Loss Total: 56.69053649902344, Loss Train: 5.492073614732362e-05, Loss Test: 25.31221580505371
Epoch 7700, Loss Total: 56.69053649902344, Loss Train: 5.492073614732362e-05, Loss Test: 25.31221580505371
Epoch 7800, Loss Total: 56.69053649902344, Loss Train: 5.492073614732362e-05, Loss Test: 25.31221580505371
Epoch 7900, Loss Total: 56.69053649902344, Loss Train: 5.492073614732362e-05, Loss Test: 25.31221580505371
Epoch 8000, Loss Total: 56.69053649902344, Loss Train: 5.492073614732362e-05, Loss Test: 25.31221580505371
Epoch 8100, Loss Total: 56.69053649902344, Loss Train: 5.492073614732362e-05, Loss Test: 25.31221580505371
Epoch 8200, Loss Total: 56.69053649902344, Loss Train: 5.492073614732362e-05, Loss Test: 25.31221580505371
Epoch 8300, Loss Total: 56.69053649902344, Loss Train: 5.492073614732362e-05, Loss Test: 25.31221580505371
Epoch 8400, Loss Total: 56.69053649902344, Loss Train: 5.492073614732362e-05, Loss Test: 25.31221580505371
Epoch 8500, Loss Total: 56.69053649902344, Loss Train: 5.492073614732362e-05, Loss Test: 25.31221580505371
Epoch 8600, Loss Total: 56.69053649902344, Loss Train: 5.492073614732362e-05, Loss Test: 25.31221580505371
Epoch 8700, Loss Total: 56.69053649902344, Loss Train: 5.492073614732362e-05, Loss Test: 25.31221580505371
Epoch 8800, Loss Total: 56.69053649902344, Loss Train: 5.492073614732362e-05, Loss Test: 25.31221580505371
Epoch 8900, Loss Total: 56.69053649902344, Loss Train: 5.492073614732362e-05, Loss Test: 25.31221580505371
Epoch 9000, Loss Total: 56.69053649902344, Loss Train: 5.492073614732362e-05, Loss Test: 25.31221580505371
Epoch 9100, Loss Total: 56.69053649902344, Loss Train: 5.492073614732362e-05, Loss Test: 25.31221580505371
Epoch 9200, Loss Total: 56.69053649902344, Loss Train: 5.492073614732362e-05, Loss Test: 25.31221580505371
Epoch 9300, Loss Total: 56.69053649902344, Loss Train: 5.492073614732362e-05, Loss Test: 25.31221580505371
Epoch 9400, Loss Total: 56.69053649902344, Loss Train: 5.492073614732362e-05, Loss Test: 25.31221580505371
Epoch 9500, Loss Total: 56.69053649902344, Loss Train: 5.492073614732362e-05, Loss Test: 25.31221580505371
Epoch 9600, Loss Total: 56.69053649902344, Loss Train: 5.492073614732362e-05, Loss Test: 25.31221580505371
Epoch 9700, Loss Total: 56.69053649902344, Loss Train: 5.492073614732362e-05, Loss Test: 25.31221580505371
Epoch 9800, Loss Total: 56.69053649902344, Loss Train: 5.492073614732362e-05, Loss Test: 25.31221580505371
Epoch 9900, Loss Total: 56.69053649902344, Loss Train: 5.492073614732362e-05, Loss Test: 25.31221580505371
Epoch 10000, Loss Total: 56.69053649902344, Loss Train: 5.492073614732362e-05, Loss Test: 25.31221580505371
Epoch 10100, Loss Total: 56.69053649902344, Loss Train: 5.492073614732362e-05, Loss Test: 25.31221580505371
Epoch 10200, Loss Total: 56.69053649902344, Loss Train: 5.492073614732362e-05, Loss Test: 25.31221580505371
Epoch 10300, Loss Total: 56.69053649902344, Loss Train: 5.492073614732362e-05, Loss Test: 25.31221580505371
Epoch 10400, Loss Total: 56.69053649902344, Loss Train: 5.492073614732362e-05, Loss Test: 25.31221580505371
Epoch 10500, Loss Total: 56.69053649902344, Loss Train: 5.492073614732362e-05, Loss Test: 25.31221580505371
Epoch 10600, Loss Total: 56.69053649902344, Loss Train: 5.492073614732362e-05, Loss Test: 25.31221580505371
Epoch 10700, Loss Total: 56.69053649902344, Loss Train: 5.492073614732362e-05, Loss Test: 25.31221580505371
Epoch 10800, Loss Total: 56.69053649902344, Loss Train: 5.492073614732362e-05, Loss Test: 25.31221580505371
Epoch 10900, Loss Total: 56.69053649902344, Loss Train: 5.492073614732362e-05, Loss Test: 25.31221580505371
Epoch 11000, Loss Total: 56.69053649902344, Loss Train: 5.492073614732362e-05, Loss Test: 25.31221580505371
Epoch 11100, Loss Total: 56.69053649902344, Loss Train: 5.492073614732362e-05, Loss Test: 25.31221580505371
Epoch 11200, Loss Total: 56.69053649902344, Loss Train: 5.492073614732362e-05, Loss Test: 25.31221580505371
Epoch 11300, Loss Total: 56.69053649902344, Loss Train: 5.492073614732362e-05, Loss Test: 25.31221580505371
Epoch 11400, Loss Total: 56.69053649902344, Loss Train: 5.492073614732362e-05, Loss Test: 25.31221580505371
Epoch 11500, Loss Total: 56.69053649902344, Loss Train: 5.492073614732362e-05, Loss Test: 25.31221580505371
Epoch 11600, Loss Total: 56.69053649902344, Loss Train: 5.492073614732362e-05, Loss Test: 25.31221580505371
Epoch 11700, Loss Total: 56.69053649902344, Loss Train: 5.492073614732362e-05, Loss Test: 25.31221580505371
Epoch 11800, Loss Total: 56.69053649902344, Loss Train: 5.492073614732362e-05, Loss Test: 25.31221580505371
Epoch 11900, Loss Total: 56.69053649902344, Loss Train: 5.492073614732362e-05, Loss Test: 25.31221580505371
Epoch 12000, Loss Total: 56.69053649902344, Loss Train: 5.492073614732362e-05, Loss Test: 25.31221580505371
Epoch 12100, Loss Total: 56.69053649902344, Loss Train: 5.492073614732362e-05, Loss Test: 25.31221580505371
Epoch 12200, Loss Total: 56.69053649902344, Loss Train: 5.492073614732362e-05, Loss Test: 25.31221580505371
Epoch 12300, Loss Total: 56.69053649902344, Loss Train: 5.492073614732362e-05, Loss Test: 25.31221580505371
Epoch 12400, Loss Total: 56.69053649902344, Loss Train: 5.492073614732362e-05, Loss Test: 25.31221580505371
Epoch 12500, Loss Total: 56.69053649902344, Loss Train: 5.492073614732362e-05, Loss Test: 25.31221580505371
Epoch 12600, Loss Total: 56.69053649902344, Loss Train: 5.492073614732362e-05, Loss Test: 25.31221580505371
Epoch 12700, Loss Total: 56.69053649902344, Loss Train: 5.492073614732362e-05, Loss Test: 25.31221580505371
Epoch 12800, Loss Total: 56.69053649902344, Loss Train: 5.492073614732362e-05, Loss Test: 25.31221580505371
Epoch 12900, Loss Total: 56.69053649902344, Loss Train: 5.492073614732362e-05, Loss Test: 25.31221580505371
Epoch 13000, Loss Total: 56.69053649902344, Loss Train: 5.492073614732362e-05, Loss Test: 25.31221580505371
Epoch 13100, Loss Total: 56.69053649902344, Loss Train: 5.492073614732362e-05, Loss Test: 25.31221580505371
Epoch 13200, Loss Total: 56.69053649902344, Loss Train: 5.492073614732362e-05, Loss Test: 25.31221580505371
Epoch 13300, Loss Total: 56.69053649902344, Loss Train: 5.492073614732362e-05, Loss Test: 25.31221580505371
Epoch 13400, Loss Total: 56.69053649902344, Loss Train: 5.492073614732362e-05, Loss Test: 25.31221580505371
Epoch 13500, Loss Total: 56.69053649902344, Loss Train: 5.492073614732362e-05, Loss Test: 25.31221580505371
Epoch 13600, Loss Total: 56.69053649902344, Loss Train: 5.492073614732362e-05, Loss Test: 25.31221580505371
Epoch 13700, Loss Total: 56.69053649902344, Loss Train: 5.492073614732362e-05, Loss Test: 25.31221580505371
Epoch 13800, Loss Total: 56.69053649902344, Loss Train: 5.492073614732362e-05, Loss Test: 25.31221580505371
Epoch 13900, Loss Total: 56.69053649902344, Loss Train: 5.492073614732362e-05, Loss Test: 25.31221580505371
Epoch 14000, Loss Total: 56.69053649902344, Loss Train: 5.492073614732362e-05, Loss Test: 25.31221580505371
Epoch 14100, Loss Total: 56.69053649902344, Loss Train: 5.492073614732362e-05, Loss Test: 25.31221580505371
Epoch 14200, Loss Total: 56.69053649902344, Loss Train: 5.492073614732362e-05, Loss Test: 25.31221580505371
Epoch 14300, Loss Total: 56.69053649902344, Loss Train: 5.492073614732362e-05, Loss Test: 25.31221580505371
Epoch 14400, Loss Total: 56.69053649902344, Loss Train: 5.492073614732362e-05, Loss Test: 25.31221580505371
Epoch 14500, Loss Total: 56.69053649902344, Loss Train: 5.492073614732362e-05, Loss Test: 25.31221580505371
Epoch 14600, Loss Total: 56.69053649902344, Loss Train: 5.492073614732362e-05, Loss Test: 25.31221580505371
Epoch 14700, Loss Total: 56.69053649902344, Loss Train: 5.492073614732362e-05, Loss Test: 25.31221580505371
Epoch 14800, Loss Total: 56.69053649902344, Loss Train: 5.492073614732362e-05, Loss Test: 25.31221580505371
Epoch 14900, Loss Total: 56.69053649902344, Loss Train: 5.492073614732362e-05, Loss Test: 25.31221580505371
Epoch 15000, Loss Total: 56.69053649902344, Loss Train: 5.492073614732362e-05, Loss Test: 25.31221580505371
Epoch 15100, Loss Total: 56.69053649902344, Loss Train: 5.492073614732362e-05, Loss Test: 25.31221580505371
Epoch 15200, Loss Total: 56.69053649902344, Loss Train: 5.492073614732362e-05, Loss Test: 25.31221580505371
Epoch 15300, Loss Total: 56.69053649902344, Loss Train: 5.492073614732362e-05, Loss Test: 25.31221580505371
Epoch 15400, Loss Total: 56.69053649902344, Loss Train: 5.492073614732362e-05, Loss Test: 25.31221580505371
Epoch 15500, Loss Total: 56.69053649902344, Loss Train: 5.492073614732362e-05, Loss Test: 25.31221580505371
Epoch 15600, Loss Total: 56.69053649902344, Loss Train: 5.492073614732362e-05, Loss Test: 25.31221580505371
Epoch 15700, Loss Total: 56.69053649902344, Loss Train: 5.492073614732362e-05, Loss Test: 25.31221580505371
Epoch 15800, Loss Total: 56.69053649902344, Loss Train: 5.492073614732362e-05, Loss Test: 25.31221580505371
Epoch 15900, Loss Total: 56.69053649902344, Loss Train: 5.492073614732362e-05, Loss Test: 25.31221580505371
Epoch 16000, Loss Total: 56.69053649902344, Loss Train: 5.492073614732362e-05, Loss Test: 25.31221580505371
Epoch 16100, Loss Total: 56.69053649902344, Loss Train: 5.492073614732362e-05, Loss Test: 25.31221580505371
Epoch 16200, Loss Total: 56.69053649902344, Loss Train: 5.492073614732362e-05, Loss Test: 25.31221580505371
Epoch 16300, Loss Total: 56.69053649902344, Loss Train: 5.492073614732362e-05, Loss Test: 25.31221580505371
Epoch 16400, Loss Total: 56.69053649902344, Loss Train: 5.492073614732362e-05, Loss Test: 25.31221580505371
Epoch 16500, Loss Total: 56.69053649902344, Loss Train: 5.492073614732362e-05, Loss Test: 25.31221580505371
Epoch 16600, Loss Total: 56.69053649902344, Loss Train: 5.492073614732362e-05, Loss Test: 25.31221580505371
Epoch 16700, Loss Total: 56.69053649902344, Loss Train: 5.492073614732362e-05, Loss Test: 25.31221580505371
Epoch 16800, Loss Total: 56.69053649902344, Loss Train: 5.492073614732362e-05, Loss Test: 25.31221580505371
Epoch 16900, Loss Total: 56.69053649902344, Loss Train: 5.492073614732362e-05, Loss Test: 25.31221580505371
Epoch 17000, Loss Total: 56.69053649902344, Loss Train: 5.492073614732362e-05, Loss Test: 25.31221580505371
Epoch 17100, Loss Total: 56.69053649902344, Loss Train: 5.492073614732362e-05, Loss Test: 25.31221580505371
Epoch 17200, Loss Total: 56.69053649902344, Loss Train: 5.492073614732362e-05, Loss Test: 25.31221580505371
Epoch 17300, Loss Total: 56.69053649902344, Loss Train: 5.492073614732362e-05, Loss Test: 25.31221580505371
Epoch 17400, Loss Total: 56.69053649902344, Loss Train: 5.492073614732362e-05, Loss Test: 25.31221580505371
Epoch 17500, Loss Total: 56.69053649902344, Loss Train: 5.492073614732362e-05, Loss Test: 25.31221580505371
Epoch 17600, Loss Total: 56.69053649902344, Loss Train: 5.492073614732362e-05, Loss Test: 25.31221580505371
Epoch 17700, Loss Total: 56.69053649902344, Loss Train: 5.492073614732362e-05, Loss Test: 25.31221580505371
Epoch 17800, Loss Total: 56.69053649902344, Loss Train: 5.492073614732362e-05, Loss Test: 25.31221580505371
Epoch 17900, Loss Total: 56.69053649902344, Loss Train: 5.492073614732362e-05, Loss Test: 25.31221580505371
Epoch 18000, Loss Total: 56.69053649902344, Loss Train: 5.492073614732362e-05, Loss Test: 25.31221580505371
Epoch 18100, Loss Total: 56.69053649902344, Loss Train: 5.492073614732362e-05, Loss Test: 25.31221580505371
Epoch 18200, Loss Total: 56.69053649902344, Loss Train: 5.492073614732362e-05, Loss Test: 25.31221580505371
Epoch 18300, Loss Total: 56.69053649902344, Loss Train: 5.492073614732362e-05, Loss Test: 25.31221580505371
Epoch 18400, Loss Total: 56.69053649902344, Loss Train: 5.492073614732362e-05, Loss Test: 25.31221580505371
Epoch 18500, Loss Total: 56.69053649902344, Loss Train: 5.492073614732362e-05, Loss Test: 25.31221580505371
Epoch 18600, Loss Total: 56.69053649902344, Loss Train: 5.492073614732362e-05, Loss Test: 25.31221580505371
Epoch 18700, Loss Total: 56.69053649902344, Loss Train: 5.492073614732362e-05, Loss Test: 25.31221580505371
Epoch 18800, Loss Total: 56.69053649902344, Loss Train: 5.492073614732362e-05, Loss Test: 25.31221580505371
Epoch 18900, Loss Total: 56.69053649902344, Loss Train: 5.492073614732362e-05, Loss Test: 25.31221580505371
Epoch 19000, Loss Total: 56.69053649902344, Loss Train: 5.492073614732362e-05, Loss Test: 25.31221580505371
Epoch 19100, Loss Total: 56.69053649902344, Loss Train: 5.492073614732362e-05, Loss Test: 25.31221580505371
Epoch 19200, Loss Total: 56.69053649902344, Loss Train: 5.492073614732362e-05, Loss Test: 25.31221580505371
Epoch 19300, Loss Total: 56.69053649902344, Loss Train: 5.492073614732362e-05, Loss Test: 25.31221580505371
Epoch 19400, Loss Total: 56.69053649902344, Loss Train: 5.492073614732362e-05, Loss Test: 25.31221580505371
Epoch 19500, Loss Total: 56.69053649902344, Loss Train: 5.492073614732362e-05, Loss Test: 25.31221580505371
Epoch 19600, Loss Total: 56.69053649902344, Loss Train: 5.492073614732362e-05, Loss Test: 25.31221580505371
Epoch 19700, Loss Total: 56.69053649902344, Loss Train: 5.492073614732362e-05, Loss Test: 25.31221580505371
Epoch 19800, Loss Total: 56.69053649902344, Loss Train: 5.492073614732362e-05, Loss Test: 25.31221580505371
Epoch 19900, Loss Total: 56.69053649902344, Loss Train: 5.492073614732362e-05, Loss Test: 25.31221580505371
Added results for seed=99 and percentage=0.4
Finished task 897
