Running task 41 with seed=4 and percentage=0.35
Epoch 0, Loss Total: 84.17675018310547, Loss Train: 136.05364990234375, Loss Test: 128.94424438476562
Epoch 100, Loss Total: 42.29665756225586, Loss Train: 44.0667839050293, Loss Test: 60.64641571044922
Epoch 200, Loss Total: 40.46446228027344, Loss Train: 20.373559951782227, Loss Test: 36.35348892211914
Epoch 300, Loss Total: 44.071632385253906, Loss Train: 10.765538215637207, Loss Test: 30.1505069732666
Epoch 400, Loss Total: 47.25802993774414, Loss Train: 6.09369421005249, Loss Test: 28.38477325439453
Epoch 500, Loss Total: 49.686180114746094, Loss Train: 3.616793632507324, Loss Test: 27.93778419494629
Epoch 600, Loss Total: 51.46641159057617, Loss Train: 2.219733953475952, Loss Test: 27.913095474243164
Epoch 700, Loss Total: 52.75413513183594, Loss Train: 1.3936567306518555, Loss Test: 28.014984130859375
Epoch 800, Loss Total: 53.68901443481445, Loss Train: 0.8877646923065186, Loss Test: 28.1418399810791
Epoch 900, Loss Total: 54.37636184692383, Loss Train: 0.5697943568229675, Loss Test: 28.2603816986084
Epoch 1000, Loss Total: 54.889320373535156, Loss Train: 0.3661804795265198, Loss Test: 28.362016677856445
Epoch 1100, Loss Total: 55.27745819091797, Loss Train: 0.23427273333072662, Loss Test: 28.446725845336914
Epoch 1200, Loss Total: 55.5745849609375, Loss Train: 0.1484367549419403, Loss Test: 28.51690673828125
Epoch 1300, Loss Total: 55.8040885925293, Loss Train: 0.09272433817386627, Loss Test: 28.575103759765625
Epoch 1400, Loss Total: 55.98244094848633, Loss Train: 0.05688854679465294, Loss Test: 28.62335777282715
Epoch 1500, Loss Total: 56.121437072753906, Loss Train: 0.034172721207141876, Loss Test: 28.663204193115234
Epoch 1600, Loss Total: 56.229736328125, Loss Train: 0.020049119368195534, Loss Test: 28.69581413269043
Epoch 1700, Loss Total: 56.31382751464844, Loss Train: 0.011467759497463703, Loss Test: 28.722164154052734
Epoch 1800, Loss Total: 56.37870788574219, Loss Train: 0.006388175766915083, Loss Test: 28.74312973022461
Epoch 1900, Loss Total: 56.42832946777344, Loss Train: 0.0034657479263842106, Loss Test: 28.75952911376953
Epoch 2000, Loss Total: 56.46587371826172, Loss Train: 0.001834699185565114, Loss Test: 28.77212905883789
Epoch 2100, Loss Total: 56.49390411376953, Loss Train: 0.0009532385738566518, Loss Test: 28.781635284423828
Epoch 2200, Loss Total: 56.51456069946289, Loss Train: 0.0004924500244669616, Loss Test: 28.788679122924805
Epoch 2300, Loss Total: 56.529541015625, Loss Train: 0.00025980224017985165, Loss Test: 28.79380226135254
Epoch 2400, Loss Total: 56.54023742675781, Loss Train: 0.00014642305904999375, Loss Test: 28.79746437072754
Epoch 2500, Loss Total: 56.547760009765625, Loss Train: 9.320428216597065e-05, Loss Test: 28.80003547668457
Epoch 2600, Loss Total: 56.55294418334961, Loss Train: 6.896591366967186e-05, Loss Test: 28.801809310913086
Epoch 2700, Loss Total: 56.55648422241211, Loss Train: 5.8318757510278374e-05, Loss Test: 28.803014755249023
Epoch 2800, Loss Total: 56.55884552001953, Loss Train: 5.39155189471785e-05, Loss Test: 28.803823471069336
Epoch 2900, Loss Total: 56.56040573120117, Loss Train: 5.194005643716082e-05, Loss Test: 28.804357528686523
Epoch 3000, Loss Total: 56.561424255371094, Loss Train: 5.1226623327238485e-05, Loss Test: 28.804706573486328
Epoch 3100, Loss Total: 56.56208038330078, Loss Train: 5.0829024985432625e-05, Loss Test: 28.804935455322266
Epoch 3200, Loss Total: 56.5625, Loss Train: 5.065210643806495e-05, Loss Test: 28.805082321166992
Epoch 3300, Loss Total: 56.562774658203125, Loss Train: 5.066209996584803e-05, Loss Test: 28.80517578125
Epoch 3400, Loss Total: 56.56294631958008, Loss Train: 5.0571503379615024e-05, Loss Test: 28.80523681640625
Epoch 3500, Loss Total: 56.56303787231445, Loss Train: 5.056198642705567e-05, Loss Test: 28.805269241333008
Epoch 3600, Loss Total: 56.56307601928711, Loss Train: 5.055950168753043e-05, Loss Test: 28.805282592773438
Epoch 3700, Loss Total: 56.563079833984375, Loss Train: 5.0559494411572814e-05, Loss Test: 28.80528450012207
Epoch 3800, Loss Total: 56.563079833984375, Loss Train: 5.055949804955162e-05, Loss Test: 28.805286407470703
Epoch 3900, Loss Total: 56.563079833984375, Loss Train: 5.055949804955162e-05, Loss Test: 28.805286407470703
Epoch 4000, Loss Total: 56.563079833984375, Loss Train: 5.055949804955162e-05, Loss Test: 28.805286407470703
Epoch 4100, Loss Total: 56.563079833984375, Loss Train: 5.055949804955162e-05, Loss Test: 28.805286407470703
Epoch 4200, Loss Total: 56.563079833984375, Loss Train: 5.055949804955162e-05, Loss Test: 28.805286407470703
Epoch 4300, Loss Total: 56.563079833984375, Loss Train: 5.055949804955162e-05, Loss Test: 28.805286407470703
Epoch 4400, Loss Total: 56.563079833984375, Loss Train: 5.055949804955162e-05, Loss Test: 28.805286407470703
Epoch 4500, Loss Total: 56.563079833984375, Loss Train: 5.055949804955162e-05, Loss Test: 28.805286407470703
Epoch 4600, Loss Total: 56.563079833984375, Loss Train: 5.055949804955162e-05, Loss Test: 28.805286407470703
Epoch 4700, Loss Total: 56.563079833984375, Loss Train: 5.055949804955162e-05, Loss Test: 28.805286407470703
Epoch 4800, Loss Total: 56.563079833984375, Loss Train: 5.055949804955162e-05, Loss Test: 28.805286407470703
Epoch 4900, Loss Total: 56.563079833984375, Loss Train: 5.055949804955162e-05, Loss Test: 28.805286407470703
Epoch 5000, Loss Total: 56.563079833984375, Loss Train: 5.055949804955162e-05, Loss Test: 28.805286407470703
Epoch 5100, Loss Total: 56.563079833984375, Loss Train: 5.055949804955162e-05, Loss Test: 28.805286407470703
Epoch 5200, Loss Total: 56.563079833984375, Loss Train: 5.055949804955162e-05, Loss Test: 28.805286407470703
Epoch 5300, Loss Total: 56.563079833984375, Loss Train: 5.055949804955162e-05, Loss Test: 28.805286407470703
Epoch 5400, Loss Total: 56.563079833984375, Loss Train: 5.055949804955162e-05, Loss Test: 28.805286407470703
Epoch 5500, Loss Total: 56.563079833984375, Loss Train: 5.055949804955162e-05, Loss Test: 28.805286407470703
Epoch 5600, Loss Total: 56.563079833984375, Loss Train: 5.055949804955162e-05, Loss Test: 28.805286407470703
Epoch 5700, Loss Total: 56.563079833984375, Loss Train: 5.055949804955162e-05, Loss Test: 28.805286407470703
Epoch 5800, Loss Total: 56.563079833984375, Loss Train: 5.055949804955162e-05, Loss Test: 28.805286407470703
Epoch 5900, Loss Total: 56.563079833984375, Loss Train: 5.055949804955162e-05, Loss Test: 28.805286407470703
Epoch 6000, Loss Total: 56.563079833984375, Loss Train: 5.055949804955162e-05, Loss Test: 28.805286407470703
Epoch 6100, Loss Total: 56.563079833984375, Loss Train: 5.055949804955162e-05, Loss Test: 28.805286407470703
Epoch 6200, Loss Total: 56.563079833984375, Loss Train: 5.055949804955162e-05, Loss Test: 28.805286407470703
Epoch 6300, Loss Total: 56.563079833984375, Loss Train: 5.055949804955162e-05, Loss Test: 28.805286407470703
Epoch 6400, Loss Total: 56.563079833984375, Loss Train: 5.055949804955162e-05, Loss Test: 28.805286407470703
Epoch 6500, Loss Total: 56.563079833984375, Loss Train: 5.055949804955162e-05, Loss Test: 28.805286407470703
Epoch 6600, Loss Total: 56.563079833984375, Loss Train: 5.055949804955162e-05, Loss Test: 28.805286407470703
Epoch 6700, Loss Total: 56.563079833984375, Loss Train: 5.055949804955162e-05, Loss Test: 28.805286407470703
Epoch 6800, Loss Total: 56.563079833984375, Loss Train: 5.055949804955162e-05, Loss Test: 28.805286407470703
Epoch 6900, Loss Total: 56.563079833984375, Loss Train: 5.055949804955162e-05, Loss Test: 28.805286407470703
Epoch 7000, Loss Total: 56.563079833984375, Loss Train: 5.055949804955162e-05, Loss Test: 28.805286407470703
Epoch 7100, Loss Total: 56.563079833984375, Loss Train: 5.055949804955162e-05, Loss Test: 28.805286407470703
Epoch 7200, Loss Total: 56.563079833984375, Loss Train: 5.055949804955162e-05, Loss Test: 28.805286407470703
Epoch 7300, Loss Total: 56.563079833984375, Loss Train: 5.055949804955162e-05, Loss Test: 28.805286407470703
Epoch 7400, Loss Total: 56.563079833984375, Loss Train: 5.055949804955162e-05, Loss Test: 28.805286407470703
Epoch 7500, Loss Total: 56.563079833984375, Loss Train: 5.055949804955162e-05, Loss Test: 28.805286407470703
Epoch 7600, Loss Total: 56.563079833984375, Loss Train: 5.055949804955162e-05, Loss Test: 28.805286407470703
Epoch 7700, Loss Total: 56.563079833984375, Loss Train: 5.055949804955162e-05, Loss Test: 28.805286407470703
Epoch 7800, Loss Total: 56.563079833984375, Loss Train: 5.055949804955162e-05, Loss Test: 28.805286407470703
Epoch 7900, Loss Total: 56.563079833984375, Loss Train: 5.055949804955162e-05, Loss Test: 28.805286407470703
Epoch 8000, Loss Total: 56.563079833984375, Loss Train: 5.055949804955162e-05, Loss Test: 28.805286407470703
Epoch 8100, Loss Total: 56.563079833984375, Loss Train: 5.055949804955162e-05, Loss Test: 28.805286407470703
Epoch 8200, Loss Total: 56.563079833984375, Loss Train: 5.055949804955162e-05, Loss Test: 28.805286407470703
Epoch 8300, Loss Total: 56.563079833984375, Loss Train: 5.055949804955162e-05, Loss Test: 28.805286407470703
Epoch 8400, Loss Total: 56.563079833984375, Loss Train: 5.055949804955162e-05, Loss Test: 28.805286407470703
Epoch 8500, Loss Total: 56.563079833984375, Loss Train: 5.055949804955162e-05, Loss Test: 28.805286407470703
Epoch 8600, Loss Total: 56.563079833984375, Loss Train: 5.055949804955162e-05, Loss Test: 28.805286407470703
Epoch 8700, Loss Total: 56.563079833984375, Loss Train: 5.055949804955162e-05, Loss Test: 28.805286407470703
Epoch 8800, Loss Total: 56.563079833984375, Loss Train: 5.055949804955162e-05, Loss Test: 28.805286407470703
Epoch 8900, Loss Total: 56.563079833984375, Loss Train: 5.055949804955162e-05, Loss Test: 28.805286407470703
Epoch 9000, Loss Total: 56.563079833984375, Loss Train: 5.055949804955162e-05, Loss Test: 28.805286407470703
Epoch 9100, Loss Total: 56.563079833984375, Loss Train: 5.055949804955162e-05, Loss Test: 28.805286407470703
Epoch 9200, Loss Total: 56.563079833984375, Loss Train: 5.055949804955162e-05, Loss Test: 28.805286407470703
Epoch 9300, Loss Total: 56.563079833984375, Loss Train: 5.055949804955162e-05, Loss Test: 28.805286407470703
Epoch 9400, Loss Total: 56.563079833984375, Loss Train: 5.055949804955162e-05, Loss Test: 28.805286407470703
Epoch 9500, Loss Total: 56.563079833984375, Loss Train: 5.055949804955162e-05, Loss Test: 28.805286407470703
Epoch 9600, Loss Total: 56.563079833984375, Loss Train: 5.055949804955162e-05, Loss Test: 28.805286407470703
Epoch 9700, Loss Total: 56.563079833984375, Loss Train: 5.055949804955162e-05, Loss Test: 28.805286407470703
Epoch 9800, Loss Total: 56.563079833984375, Loss Train: 5.055949804955162e-05, Loss Test: 28.805286407470703
Epoch 9900, Loss Total: 56.563079833984375, Loss Train: 5.055949804955162e-05, Loss Test: 28.805286407470703
Epoch 10000, Loss Total: 56.563079833984375, Loss Train: 5.055949804955162e-05, Loss Test: 28.805286407470703
Epoch 10100, Loss Total: 56.563079833984375, Loss Train: 5.055949804955162e-05, Loss Test: 28.805286407470703
Epoch 10200, Loss Total: 56.563079833984375, Loss Train: 5.055949804955162e-05, Loss Test: 28.805286407470703
Epoch 10300, Loss Total: 56.563079833984375, Loss Train: 5.055949804955162e-05, Loss Test: 28.805286407470703
Epoch 10400, Loss Total: 56.563079833984375, Loss Train: 5.055949804955162e-05, Loss Test: 28.805286407470703
Epoch 10500, Loss Total: 56.563079833984375, Loss Train: 5.055949804955162e-05, Loss Test: 28.805286407470703
Epoch 10600, Loss Total: 56.563079833984375, Loss Train: 5.055949804955162e-05, Loss Test: 28.805286407470703
Epoch 10700, Loss Total: 56.563079833984375, Loss Train: 5.055949804955162e-05, Loss Test: 28.805286407470703
Epoch 10800, Loss Total: 56.563079833984375, Loss Train: 5.055949804955162e-05, Loss Test: 28.805286407470703
Epoch 10900, Loss Total: 56.563079833984375, Loss Train: 5.055949804955162e-05, Loss Test: 28.805286407470703
Epoch 11000, Loss Total: 56.563079833984375, Loss Train: 5.055949804955162e-05, Loss Test: 28.805286407470703
Epoch 11100, Loss Total: 56.563079833984375, Loss Train: 5.055949804955162e-05, Loss Test: 28.805286407470703
Epoch 11200, Loss Total: 56.563079833984375, Loss Train: 5.055949804955162e-05, Loss Test: 28.805286407470703
Epoch 11300, Loss Total: 56.563079833984375, Loss Train: 5.055949804955162e-05, Loss Test: 28.805286407470703
Epoch 11400, Loss Total: 56.563079833984375, Loss Train: 5.055949804955162e-05, Loss Test: 28.805286407470703
Epoch 11500, Loss Total: 56.563079833984375, Loss Train: 5.055949804955162e-05, Loss Test: 28.805286407470703
Epoch 11600, Loss Total: 56.563079833984375, Loss Train: 5.055949804955162e-05, Loss Test: 28.805286407470703
Epoch 11700, Loss Total: 56.563079833984375, Loss Train: 5.055949804955162e-05, Loss Test: 28.805286407470703
Epoch 11800, Loss Total: 56.563079833984375, Loss Train: 5.055949804955162e-05, Loss Test: 28.805286407470703
Epoch 11900, Loss Total: 56.563079833984375, Loss Train: 5.055949804955162e-05, Loss Test: 28.805286407470703
Epoch 12000, Loss Total: 56.563079833984375, Loss Train: 5.055949804955162e-05, Loss Test: 28.805286407470703
Epoch 12100, Loss Total: 56.563079833984375, Loss Train: 5.055949804955162e-05, Loss Test: 28.805286407470703
Epoch 12200, Loss Total: 56.563079833984375, Loss Train: 5.055949804955162e-05, Loss Test: 28.805286407470703
Epoch 12300, Loss Total: 56.563079833984375, Loss Train: 5.055949804955162e-05, Loss Test: 28.805286407470703
Epoch 12400, Loss Total: 56.563079833984375, Loss Train: 5.055949804955162e-05, Loss Test: 28.805286407470703
Epoch 12500, Loss Total: 56.563079833984375, Loss Train: 5.055949804955162e-05, Loss Test: 28.805286407470703
Epoch 12600, Loss Total: 56.563079833984375, Loss Train: 5.055949804955162e-05, Loss Test: 28.805286407470703
Epoch 12700, Loss Total: 56.563079833984375, Loss Train: 5.055949804955162e-05, Loss Test: 28.805286407470703
Epoch 12800, Loss Total: 56.563079833984375, Loss Train: 5.055949804955162e-05, Loss Test: 28.805286407470703
Epoch 12900, Loss Total: 56.563079833984375, Loss Train: 5.055949804955162e-05, Loss Test: 28.805286407470703
Epoch 13000, Loss Total: 56.563079833984375, Loss Train: 5.055949804955162e-05, Loss Test: 28.805286407470703
Epoch 13100, Loss Total: 56.563079833984375, Loss Train: 5.055949804955162e-05, Loss Test: 28.805286407470703
Epoch 13200, Loss Total: 56.563079833984375, Loss Train: 5.055949804955162e-05, Loss Test: 28.805286407470703
Epoch 13300, Loss Total: 56.563079833984375, Loss Train: 5.055949804955162e-05, Loss Test: 28.805286407470703
Epoch 13400, Loss Total: 56.563079833984375, Loss Train: 5.055949804955162e-05, Loss Test: 28.805286407470703
Epoch 13500, Loss Total: 56.563079833984375, Loss Train: 5.055949804955162e-05, Loss Test: 28.805286407470703
Epoch 13600, Loss Total: 56.563079833984375, Loss Train: 5.055949804955162e-05, Loss Test: 28.805286407470703
Epoch 13700, Loss Total: 56.563079833984375, Loss Train: 5.055949804955162e-05, Loss Test: 28.805286407470703
Epoch 13800, Loss Total: 56.563079833984375, Loss Train: 5.055949804955162e-05, Loss Test: 28.805286407470703
Epoch 13900, Loss Total: 56.563079833984375, Loss Train: 5.055949804955162e-05, Loss Test: 28.805286407470703
Epoch 14000, Loss Total: 56.563079833984375, Loss Train: 5.055949804955162e-05, Loss Test: 28.805286407470703
Epoch 14100, Loss Total: 56.563079833984375, Loss Train: 5.055949804955162e-05, Loss Test: 28.805286407470703
Epoch 14200, Loss Total: 56.563079833984375, Loss Train: 5.055949804955162e-05, Loss Test: 28.805286407470703
Epoch 14300, Loss Total: 56.563079833984375, Loss Train: 5.055949804955162e-05, Loss Test: 28.805286407470703
Epoch 14400, Loss Total: 56.563079833984375, Loss Train: 5.055949804955162e-05, Loss Test: 28.805286407470703
Epoch 14500, Loss Total: 56.563079833984375, Loss Train: 5.055949804955162e-05, Loss Test: 28.805286407470703
Epoch 14600, Loss Total: 56.563079833984375, Loss Train: 5.055949804955162e-05, Loss Test: 28.805286407470703
Epoch 14700, Loss Total: 56.563079833984375, Loss Train: 5.055949804955162e-05, Loss Test: 28.805286407470703
Epoch 14800, Loss Total: 56.563079833984375, Loss Train: 5.055949804955162e-05, Loss Test: 28.805286407470703
Epoch 14900, Loss Total: 56.563079833984375, Loss Train: 5.055949804955162e-05, Loss Test: 28.805286407470703
Epoch 15000, Loss Total: 56.563079833984375, Loss Train: 5.055949804955162e-05, Loss Test: 28.805286407470703
Epoch 15100, Loss Total: 56.563079833984375, Loss Train: 5.055949804955162e-05, Loss Test: 28.805286407470703
Epoch 15200, Loss Total: 56.563079833984375, Loss Train: 5.055949804955162e-05, Loss Test: 28.805286407470703
Epoch 15300, Loss Total: 56.563079833984375, Loss Train: 5.055949804955162e-05, Loss Test: 28.805286407470703
Epoch 15400, Loss Total: 56.563079833984375, Loss Train: 5.055949804955162e-05, Loss Test: 28.805286407470703
Epoch 15500, Loss Total: 56.563079833984375, Loss Train: 5.055949804955162e-05, Loss Test: 28.805286407470703
Epoch 15600, Loss Total: 56.563079833984375, Loss Train: 5.055949804955162e-05, Loss Test: 28.805286407470703
Epoch 15700, Loss Total: 56.563079833984375, Loss Train: 5.055949804955162e-05, Loss Test: 28.805286407470703
Epoch 15800, Loss Total: 56.563079833984375, Loss Train: 5.055949804955162e-05, Loss Test: 28.805286407470703
Epoch 15900, Loss Total: 56.563079833984375, Loss Train: 5.055949804955162e-05, Loss Test: 28.805286407470703
Epoch 16000, Loss Total: 56.563079833984375, Loss Train: 5.055949804955162e-05, Loss Test: 28.805286407470703
Epoch 16100, Loss Total: 56.563079833984375, Loss Train: 5.055949804955162e-05, Loss Test: 28.805286407470703
Epoch 16200, Loss Total: 56.563079833984375, Loss Train: 5.055949804955162e-05, Loss Test: 28.805286407470703
Epoch 16300, Loss Total: 56.563079833984375, Loss Train: 5.055949804955162e-05, Loss Test: 28.805286407470703
Epoch 16400, Loss Total: 56.563079833984375, Loss Train: 5.055949804955162e-05, Loss Test: 28.805286407470703
Epoch 16500, Loss Total: 56.563079833984375, Loss Train: 5.055949804955162e-05, Loss Test: 28.805286407470703
Epoch 16600, Loss Total: 56.563079833984375, Loss Train: 5.055949804955162e-05, Loss Test: 28.805286407470703
Epoch 16700, Loss Total: 56.563079833984375, Loss Train: 5.055949804955162e-05, Loss Test: 28.805286407470703
Epoch 16800, Loss Total: 56.563079833984375, Loss Train: 5.055949804955162e-05, Loss Test: 28.805286407470703
Epoch 16900, Loss Total: 56.563079833984375, Loss Train: 5.055949804955162e-05, Loss Test: 28.805286407470703
Epoch 17000, Loss Total: 56.563079833984375, Loss Train: 5.055949804955162e-05, Loss Test: 28.805286407470703
Epoch 17100, Loss Total: 56.563079833984375, Loss Train: 5.055949804955162e-05, Loss Test: 28.805286407470703
Epoch 17200, Loss Total: 56.563079833984375, Loss Train: 5.055949804955162e-05, Loss Test: 28.805286407470703
Epoch 17300, Loss Total: 56.563079833984375, Loss Train: 5.055949804955162e-05, Loss Test: 28.805286407470703
Epoch 17400, Loss Total: 56.563079833984375, Loss Train: 5.055949804955162e-05, Loss Test: 28.805286407470703
Epoch 17500, Loss Total: 56.563079833984375, Loss Train: 5.055949804955162e-05, Loss Test: 28.805286407470703
Epoch 17600, Loss Total: 56.563079833984375, Loss Train: 5.055949804955162e-05, Loss Test: 28.805286407470703
Epoch 17700, Loss Total: 56.563079833984375, Loss Train: 5.055949804955162e-05, Loss Test: 28.805286407470703
Epoch 17800, Loss Total: 56.563079833984375, Loss Train: 5.055949804955162e-05, Loss Test: 28.805286407470703
Epoch 17900, Loss Total: 56.563079833984375, Loss Train: 5.055949804955162e-05, Loss Test: 28.805286407470703
Epoch 18000, Loss Total: 56.563079833984375, Loss Train: 5.055949804955162e-05, Loss Test: 28.805286407470703
Epoch 18100, Loss Total: 56.563079833984375, Loss Train: 5.055949804955162e-05, Loss Test: 28.805286407470703
Epoch 18200, Loss Total: 56.563079833984375, Loss Train: 5.055949804955162e-05, Loss Test: 28.805286407470703
Epoch 18300, Loss Total: 56.563079833984375, Loss Train: 5.055949804955162e-05, Loss Test: 28.805286407470703
Epoch 18400, Loss Total: 56.563079833984375, Loss Train: 5.055949804955162e-05, Loss Test: 28.805286407470703
Epoch 18500, Loss Total: 56.563079833984375, Loss Train: 5.055949804955162e-05, Loss Test: 28.805286407470703
Epoch 18600, Loss Total: 56.563079833984375, Loss Train: 5.055949804955162e-05, Loss Test: 28.805286407470703
Epoch 18700, Loss Total: 56.563079833984375, Loss Train: 5.055949804955162e-05, Loss Test: 28.805286407470703
Epoch 18800, Loss Total: 56.563079833984375, Loss Train: 5.055949804955162e-05, Loss Test: 28.805286407470703
Epoch 18900, Loss Total: 56.563079833984375, Loss Train: 5.055949804955162e-05, Loss Test: 28.805286407470703
Epoch 19000, Loss Total: 56.563079833984375, Loss Train: 5.055949804955162e-05, Loss Test: 28.805286407470703
Epoch 19100, Loss Total: 56.563079833984375, Loss Train: 5.055949804955162e-05, Loss Test: 28.805286407470703
Epoch 19200, Loss Total: 56.563079833984375, Loss Train: 5.055949804955162e-05, Loss Test: 28.805286407470703
Epoch 19300, Loss Total: 56.563079833984375, Loss Train: 5.055949804955162e-05, Loss Test: 28.805286407470703
Epoch 19400, Loss Total: 56.563079833984375, Loss Train: 5.055949804955162e-05, Loss Test: 28.805286407470703
Epoch 19500, Loss Total: 56.563079833984375, Loss Train: 5.055949804955162e-05, Loss Test: 28.805286407470703
Epoch 19600, Loss Total: 56.563079833984375, Loss Train: 5.055949804955162e-05, Loss Test: 28.805286407470703
Epoch 19700, Loss Total: 56.563079833984375, Loss Train: 5.055949804955162e-05, Loss Test: 28.805286407470703
Epoch 19800, Loss Total: 56.563079833984375, Loss Train: 5.055949804955162e-05, Loss Test: 28.805286407470703
Epoch 19900, Loss Total: 56.563079833984375, Loss Train: 5.055949804955162e-05, Loss Test: 28.805286407470703
Results for seed=4 and percentage=0.35 already exist, skipping.
Finished task 41
