Running task 528 with seed=58 and percentage=0.40
Epoch 0, Loss Total: 83.88301849365234, Loss Train: 133.20155334472656, Loss Test: 129.5372772216797
Epoch 100, Loss Total: 41.48063278198242, Loss Train: 42.71274185180664, Loss Test: 58.902774810791016
Epoch 200, Loss Total: 40.39344024658203, Loss Train: 19.897268295288086, Loss Test: 35.60594940185547
Epoch 300, Loss Total: 43.75639724731445, Loss Train: 10.799180030822754, Loss Test: 29.331754684448242
Epoch 400, Loss Total: 46.527671813964844, Loss Train: 6.3415985107421875, Loss Test: 27.260961532592773
Epoch 500, Loss Total: 48.6373405456543, Loss Train: 3.924215793609619, Loss Test: 26.517478942871094
Epoch 600, Loss Total: 50.238739013671875, Loss Train: 2.5134172439575195, Loss Test: 26.24726676940918
Epoch 700, Loss Total: 51.453426361083984, Loss Train: 1.6430256366729736, Loss Test: 26.162254333496094
Epoch 800, Loss Total: 52.37320327758789, Loss Train: 1.0846612453460693, Loss Test: 26.155214309692383
Epoch 900, Loss Total: 53.066776275634766, Loss Train: 0.7171682715415955, Loss Test: 26.181238174438477
Epoch 1000, Loss Total: 53.58692169189453, Loss Train: 0.47172683477401733, Loss Test: 26.21965980529785
Epoch 1100, Loss Total: 53.975135803222656, Loss Train: 0.3069547414779663, Loss Test: 26.260589599609375
Epoch 1200, Loss Total: 54.26411437988281, Loss Train: 0.19669006764888763, Loss Test: 26.29936408996582
Epoch 1300, Loss Total: 54.47916793823242, Loss Train: 0.12365008145570755, Loss Test: 26.333942413330078
Epoch 1400, Loss Total: 54.639488220214844, Loss Train: 0.07603386044502258, Loss Test: 26.36361312866211
Epoch 1500, Loss Total: 54.75930404663086, Loss Train: 0.045622020959854126, Loss Test: 26.388341903686523
Epoch 1600, Loss Total: 54.84905242919922, Loss Train: 0.026660408824682236, Loss Test: 26.40846061706543
Epoch 1700, Loss Total: 54.91633224487305, Loss Train: 0.015151619911193848, Loss Test: 26.424470901489258
Epoch 1800, Loss Total: 54.96669006347656, Loss Train: 0.008367136120796204, Loss Test: 26.436952590942383
Epoch 1900, Loss Total: 55.004241943359375, Loss Train: 0.004490224178880453, Loss Test: 26.446491241455078
Epoch 2000, Loss Total: 55.03205108642578, Loss Train: 0.00234553636983037, Loss Test: 26.453649520874023
Epoch 2100, Loss Total: 55.05246353149414, Loss Train: 0.0011991054052487016, Loss Test: 26.45892333984375
Epoch 2200, Loss Total: 55.067283630371094, Loss Train: 0.0006073478143662214, Loss Test: 26.462743759155273
Epoch 2300, Loss Total: 55.07790756225586, Loss Train: 0.00031266669975593686, Loss Test: 26.465463638305664
Epoch 2400, Loss Total: 55.085418701171875, Loss Train: 0.00017113059584517032, Loss Test: 26.467376708984375
Epoch 2500, Loss Total: 55.09065246582031, Loss Train: 0.00010549592116149142, Loss Test: 26.46870231628418
Epoch 2600, Loss Total: 55.09424591064453, Loss Train: 7.602581899845973e-05, Loss Test: 26.469606399536133
Epoch 2700, Loss Total: 55.096675872802734, Loss Train: 6.31560105830431e-05, Loss Test: 26.470218658447266
Epoch 2800, Loss Total: 55.09830093383789, Loss Train: 5.768992195953615e-05, Loss Test: 26.470626831054688
Epoch 2900, Loss Total: 55.09937286376953, Loss Train: 5.529188274522312e-05, Loss Test: 26.470901489257812
Epoch 3000, Loss Total: 55.100067138671875, Loss Train: 5.4334173910319805e-05, Loss Test: 26.471084594726562
Epoch 3100, Loss Total: 55.10051345825195, Loss Train: 5.3822332120034844e-05, Loss Test: 26.471206665039062
Epoch 3200, Loss Total: 55.100807189941406, Loss Train: 5.362722367863171e-05, Loss Test: 26.471288681030273
Epoch 3300, Loss Total: 55.10099792480469, Loss Train: 5.3512081649387255e-05, Loss Test: 26.47134017944336
Epoch 3400, Loss Total: 55.10111999511719, Loss Train: 5.3428921091835946e-05, Loss Test: 26.471376419067383
Epoch 3500, Loss Total: 55.101192474365234, Loss Train: 5.3428571845870465e-05, Loss Test: 26.471399307250977
Epoch 3600, Loss Total: 55.10124588012695, Loss Train: 5.347733895177953e-05, Loss Test: 26.471420288085938
Epoch 3700, Loss Total: 55.101261138916016, Loss Train: 5.342203439795412e-05, Loss Test: 26.471426010131836
Epoch 3800, Loss Total: 55.101261138916016, Loss Train: 5.342313670553267e-05, Loss Test: 26.47142791748047
Epoch 3900, Loss Total: 55.101261138916016, Loss Train: 5.342314034351148e-05, Loss Test: 26.47142791748047
Epoch 4000, Loss Total: 55.101261138916016, Loss Train: 5.342314034351148e-05, Loss Test: 26.47142791748047
Epoch 4100, Loss Total: 55.101261138916016, Loss Train: 5.342314034351148e-05, Loss Test: 26.47142791748047
Epoch 4200, Loss Total: 55.101261138916016, Loss Train: 5.342314034351148e-05, Loss Test: 26.47142791748047
Epoch 4300, Loss Total: 55.101261138916016, Loss Train: 5.342314034351148e-05, Loss Test: 26.47142791748047
Epoch 4400, Loss Total: 55.101261138916016, Loss Train: 5.342314034351148e-05, Loss Test: 26.47142791748047
Epoch 4500, Loss Total: 55.101261138916016, Loss Train: 5.342314034351148e-05, Loss Test: 26.47142791748047
Epoch 4600, Loss Total: 55.101261138916016, Loss Train: 5.342314034351148e-05, Loss Test: 26.47142791748047
Epoch 4700, Loss Total: 55.101261138916016, Loss Train: 5.342314034351148e-05, Loss Test: 26.47142791748047
Epoch 4800, Loss Total: 55.101261138916016, Loss Train: 5.342314034351148e-05, Loss Test: 26.47142791748047
Epoch 4900, Loss Total: 55.101261138916016, Loss Train: 5.342314034351148e-05, Loss Test: 26.47142791748047
Epoch 5000, Loss Total: 55.101261138916016, Loss Train: 5.342314034351148e-05, Loss Test: 26.47142791748047
Epoch 5100, Loss Total: 55.101261138916016, Loss Train: 5.342314034351148e-05, Loss Test: 26.47142791748047
Epoch 5200, Loss Total: 55.101261138916016, Loss Train: 5.342314034351148e-05, Loss Test: 26.47142791748047
Epoch 5300, Loss Total: 55.101261138916016, Loss Train: 5.342314034351148e-05, Loss Test: 26.47142791748047
Epoch 5400, Loss Total: 55.101261138916016, Loss Train: 5.342314034351148e-05, Loss Test: 26.47142791748047
Epoch 5500, Loss Total: 55.101261138916016, Loss Train: 5.342314034351148e-05, Loss Test: 26.47142791748047
Epoch 5600, Loss Total: 55.101261138916016, Loss Train: 5.342314034351148e-05, Loss Test: 26.47142791748047
Epoch 5700, Loss Total: 55.101261138916016, Loss Train: 5.342314034351148e-05, Loss Test: 26.47142791748047
Epoch 5800, Loss Total: 55.101261138916016, Loss Train: 5.342314034351148e-05, Loss Test: 26.47142791748047
Epoch 5900, Loss Total: 55.101261138916016, Loss Train: 5.342314034351148e-05, Loss Test: 26.47142791748047
Epoch 6000, Loss Total: 55.101261138916016, Loss Train: 5.342314034351148e-05, Loss Test: 26.47142791748047
Epoch 6100, Loss Total: 55.101261138916016, Loss Train: 5.342314034351148e-05, Loss Test: 26.47142791748047
Epoch 6200, Loss Total: 55.101261138916016, Loss Train: 5.342314034351148e-05, Loss Test: 26.47142791748047
Epoch 6300, Loss Total: 55.101261138916016, Loss Train: 5.342314034351148e-05, Loss Test: 26.47142791748047
Epoch 6400, Loss Total: 55.101261138916016, Loss Train: 5.342314034351148e-05, Loss Test: 26.47142791748047
Epoch 6500, Loss Total: 55.101261138916016, Loss Train: 5.342314034351148e-05, Loss Test: 26.47142791748047
Epoch 6600, Loss Total: 55.101261138916016, Loss Train: 5.342314034351148e-05, Loss Test: 26.47142791748047
Epoch 6700, Loss Total: 55.101261138916016, Loss Train: 5.342314034351148e-05, Loss Test: 26.47142791748047
Epoch 6800, Loss Total: 55.101261138916016, Loss Train: 5.342314034351148e-05, Loss Test: 26.47142791748047
Epoch 6900, Loss Total: 55.101261138916016, Loss Train: 5.342314034351148e-05, Loss Test: 26.47142791748047
Epoch 7000, Loss Total: 55.101261138916016, Loss Train: 5.342314034351148e-05, Loss Test: 26.47142791748047
Epoch 7100, Loss Total: 55.101261138916016, Loss Train: 5.342314034351148e-05, Loss Test: 26.47142791748047
Epoch 7200, Loss Total: 55.101261138916016, Loss Train: 5.342314034351148e-05, Loss Test: 26.47142791748047
Epoch 7300, Loss Total: 55.101261138916016, Loss Train: 5.342314034351148e-05, Loss Test: 26.47142791748047
Epoch 7400, Loss Total: 55.101261138916016, Loss Train: 5.342314034351148e-05, Loss Test: 26.47142791748047
Epoch 7500, Loss Total: 55.101261138916016, Loss Train: 5.342314034351148e-05, Loss Test: 26.47142791748047
Epoch 7600, Loss Total: 55.101261138916016, Loss Train: 5.342314034351148e-05, Loss Test: 26.47142791748047
Epoch 7700, Loss Total: 55.101261138916016, Loss Train: 5.342314034351148e-05, Loss Test: 26.47142791748047
Epoch 7800, Loss Total: 55.101261138916016, Loss Train: 5.342314034351148e-05, Loss Test: 26.47142791748047
Epoch 7900, Loss Total: 55.101261138916016, Loss Train: 5.342314034351148e-05, Loss Test: 26.47142791748047
Epoch 8000, Loss Total: 55.101261138916016, Loss Train: 5.342314034351148e-05, Loss Test: 26.47142791748047
Epoch 8100, Loss Total: 55.101261138916016, Loss Train: 5.342314034351148e-05, Loss Test: 26.47142791748047
Epoch 8200, Loss Total: 55.101261138916016, Loss Train: 5.342314034351148e-05, Loss Test: 26.47142791748047
Epoch 8300, Loss Total: 55.101261138916016, Loss Train: 5.342314034351148e-05, Loss Test: 26.47142791748047
Epoch 8400, Loss Total: 55.101261138916016, Loss Train: 5.342314034351148e-05, Loss Test: 26.47142791748047
Epoch 8500, Loss Total: 55.101261138916016, Loss Train: 5.342314034351148e-05, Loss Test: 26.47142791748047
Epoch 8600, Loss Total: 55.101261138916016, Loss Train: 5.342314034351148e-05, Loss Test: 26.47142791748047
Epoch 8700, Loss Total: 55.101261138916016, Loss Train: 5.342314034351148e-05, Loss Test: 26.47142791748047
Epoch 8800, Loss Total: 55.101261138916016, Loss Train: 5.342314034351148e-05, Loss Test: 26.47142791748047
Epoch 8900, Loss Total: 55.101261138916016, Loss Train: 5.342314034351148e-05, Loss Test: 26.47142791748047
Epoch 9000, Loss Total: 55.101261138916016, Loss Train: 5.342314034351148e-05, Loss Test: 26.47142791748047
Epoch 9100, Loss Total: 55.101261138916016, Loss Train: 5.342314034351148e-05, Loss Test: 26.47142791748047
Epoch 9200, Loss Total: 55.101261138916016, Loss Train: 5.342314034351148e-05, Loss Test: 26.47142791748047
Epoch 9300, Loss Total: 55.101261138916016, Loss Train: 5.342314034351148e-05, Loss Test: 26.47142791748047
Epoch 9400, Loss Total: 55.101261138916016, Loss Train: 5.342314034351148e-05, Loss Test: 26.47142791748047
Epoch 9500, Loss Total: 55.101261138916016, Loss Train: 5.342314034351148e-05, Loss Test: 26.47142791748047
Epoch 9600, Loss Total: 55.101261138916016, Loss Train: 5.342314034351148e-05, Loss Test: 26.47142791748047
Epoch 9700, Loss Total: 55.101261138916016, Loss Train: 5.342314034351148e-05, Loss Test: 26.47142791748047
Epoch 9800, Loss Total: 55.101261138916016, Loss Train: 5.342314034351148e-05, Loss Test: 26.47142791748047
Epoch 9900, Loss Total: 55.101261138916016, Loss Train: 5.342314034351148e-05, Loss Test: 26.47142791748047
Epoch 10000, Loss Total: 55.101261138916016, Loss Train: 5.342314034351148e-05, Loss Test: 26.47142791748047
Epoch 10100, Loss Total: 55.101261138916016, Loss Train: 5.342314034351148e-05, Loss Test: 26.47142791748047
Epoch 10200, Loss Total: 55.101261138916016, Loss Train: 5.342314034351148e-05, Loss Test: 26.47142791748047
Epoch 10300, Loss Total: 55.101261138916016, Loss Train: 5.342314034351148e-05, Loss Test: 26.47142791748047
Epoch 10400, Loss Total: 55.101261138916016, Loss Train: 5.342314034351148e-05, Loss Test: 26.47142791748047
Epoch 10500, Loss Total: 55.101261138916016, Loss Train: 5.342314034351148e-05, Loss Test: 26.47142791748047
Epoch 10600, Loss Total: 55.101261138916016, Loss Train: 5.342314034351148e-05, Loss Test: 26.47142791748047
Epoch 10700, Loss Total: 55.101261138916016, Loss Train: 5.342314034351148e-05, Loss Test: 26.47142791748047
Epoch 10800, Loss Total: 55.101261138916016, Loss Train: 5.342314034351148e-05, Loss Test: 26.47142791748047
Epoch 10900, Loss Total: 55.101261138916016, Loss Train: 5.342314034351148e-05, Loss Test: 26.47142791748047
Epoch 11000, Loss Total: 55.101261138916016, Loss Train: 5.342314034351148e-05, Loss Test: 26.47142791748047
Epoch 11100, Loss Total: 55.101261138916016, Loss Train: 5.342314034351148e-05, Loss Test: 26.47142791748047
Epoch 11200, Loss Total: 55.101261138916016, Loss Train: 5.342314034351148e-05, Loss Test: 26.47142791748047
Epoch 11300, Loss Total: 55.101261138916016, Loss Train: 5.342314034351148e-05, Loss Test: 26.47142791748047
Epoch 11400, Loss Total: 55.101261138916016, Loss Train: 5.342314034351148e-05, Loss Test: 26.47142791748047
Epoch 11500, Loss Total: 55.101261138916016, Loss Train: 5.342314034351148e-05, Loss Test: 26.47142791748047
Epoch 11600, Loss Total: 55.101261138916016, Loss Train: 5.342314034351148e-05, Loss Test: 26.47142791748047
Epoch 11700, Loss Total: 55.101261138916016, Loss Train: 5.342314034351148e-05, Loss Test: 26.47142791748047
Epoch 11800, Loss Total: 55.101261138916016, Loss Train: 5.342314034351148e-05, Loss Test: 26.47142791748047
Epoch 11900, Loss Total: 55.101261138916016, Loss Train: 5.342314034351148e-05, Loss Test: 26.47142791748047
Epoch 12000, Loss Total: 55.101261138916016, Loss Train: 5.342314034351148e-05, Loss Test: 26.47142791748047
Epoch 12100, Loss Total: 55.101261138916016, Loss Train: 5.342314034351148e-05, Loss Test: 26.47142791748047
Epoch 12200, Loss Total: 55.101261138916016, Loss Train: 5.342314034351148e-05, Loss Test: 26.47142791748047
Epoch 12300, Loss Total: 55.101261138916016, Loss Train: 5.342314034351148e-05, Loss Test: 26.47142791748047
Epoch 12400, Loss Total: 55.101261138916016, Loss Train: 5.342314034351148e-05, Loss Test: 26.47142791748047
Epoch 12500, Loss Total: 55.101261138916016, Loss Train: 5.342314034351148e-05, Loss Test: 26.47142791748047
Epoch 12600, Loss Total: 55.101261138916016, Loss Train: 5.342314034351148e-05, Loss Test: 26.47142791748047
Epoch 12700, Loss Total: 55.101261138916016, Loss Train: 5.342314034351148e-05, Loss Test: 26.47142791748047
Epoch 12800, Loss Total: 55.101261138916016, Loss Train: 5.342314034351148e-05, Loss Test: 26.47142791748047
Epoch 12900, Loss Total: 55.101261138916016, Loss Train: 5.342314034351148e-05, Loss Test: 26.47142791748047
Epoch 13000, Loss Total: 55.101261138916016, Loss Train: 5.342314034351148e-05, Loss Test: 26.47142791748047
Epoch 13100, Loss Total: 55.101261138916016, Loss Train: 5.342314034351148e-05, Loss Test: 26.47142791748047
Epoch 13200, Loss Total: 55.101261138916016, Loss Train: 5.342314034351148e-05, Loss Test: 26.47142791748047
Epoch 13300, Loss Total: 55.101261138916016, Loss Train: 5.342314034351148e-05, Loss Test: 26.47142791748047
Epoch 13400, Loss Total: 55.101261138916016, Loss Train: 5.342314034351148e-05, Loss Test: 26.47142791748047
Epoch 13500, Loss Total: 55.101261138916016, Loss Train: 5.342314034351148e-05, Loss Test: 26.47142791748047
Epoch 13600, Loss Total: 55.101261138916016, Loss Train: 5.342314034351148e-05, Loss Test: 26.47142791748047
Epoch 13700, Loss Total: 55.101261138916016, Loss Train: 5.342314034351148e-05, Loss Test: 26.47142791748047
Epoch 13800, Loss Total: 55.101261138916016, Loss Train: 5.342314034351148e-05, Loss Test: 26.47142791748047
Epoch 13900, Loss Total: 55.101261138916016, Loss Train: 5.342314034351148e-05, Loss Test: 26.47142791748047
Epoch 14000, Loss Total: 55.101261138916016, Loss Train: 5.342314034351148e-05, Loss Test: 26.47142791748047
Epoch 14100, Loss Total: 55.101261138916016, Loss Train: 5.342314034351148e-05, Loss Test: 26.47142791748047
Epoch 14200, Loss Total: 55.101261138916016, Loss Train: 5.342314034351148e-05, Loss Test: 26.47142791748047
Epoch 14300, Loss Total: 55.101261138916016, Loss Train: 5.342314034351148e-05, Loss Test: 26.47142791748047
Epoch 14400, Loss Total: 55.101261138916016, Loss Train: 5.342314034351148e-05, Loss Test: 26.47142791748047
Epoch 14500, Loss Total: 55.101261138916016, Loss Train: 5.342314034351148e-05, Loss Test: 26.47142791748047
Epoch 14600, Loss Total: 55.101261138916016, Loss Train: 5.342314034351148e-05, Loss Test: 26.47142791748047
Epoch 14700, Loss Total: 55.101261138916016, Loss Train: 5.342314034351148e-05, Loss Test: 26.47142791748047
Epoch 14800, Loss Total: 55.101261138916016, Loss Train: 5.342314034351148e-05, Loss Test: 26.47142791748047
Epoch 14900, Loss Total: 55.101261138916016, Loss Train: 5.342314034351148e-05, Loss Test: 26.47142791748047
Epoch 15000, Loss Total: 55.101261138916016, Loss Train: 5.342314034351148e-05, Loss Test: 26.47142791748047
Epoch 15100, Loss Total: 55.101261138916016, Loss Train: 5.342314034351148e-05, Loss Test: 26.47142791748047
Epoch 15200, Loss Total: 55.101261138916016, Loss Train: 5.342314034351148e-05, Loss Test: 26.47142791748047
Epoch 15300, Loss Total: 55.101261138916016, Loss Train: 5.342314034351148e-05, Loss Test: 26.47142791748047
Epoch 15400, Loss Total: 55.101261138916016, Loss Train: 5.342314034351148e-05, Loss Test: 26.47142791748047
Epoch 15500, Loss Total: 55.101261138916016, Loss Train: 5.342314034351148e-05, Loss Test: 26.47142791748047
Epoch 15600, Loss Total: 55.101261138916016, Loss Train: 5.342314034351148e-05, Loss Test: 26.47142791748047
Epoch 15700, Loss Total: 55.101261138916016, Loss Train: 5.342314034351148e-05, Loss Test: 26.47142791748047
Epoch 15800, Loss Total: 55.101261138916016, Loss Train: 5.342314034351148e-05, Loss Test: 26.47142791748047
Epoch 15900, Loss Total: 55.101261138916016, Loss Train: 5.342314034351148e-05, Loss Test: 26.47142791748047
Epoch 16000, Loss Total: 55.101261138916016, Loss Train: 5.342314034351148e-05, Loss Test: 26.47142791748047
Epoch 16100, Loss Total: 55.101261138916016, Loss Train: 5.342314034351148e-05, Loss Test: 26.47142791748047
Epoch 16200, Loss Total: 55.101261138916016, Loss Train: 5.342314034351148e-05, Loss Test: 26.47142791748047
Epoch 16300, Loss Total: 55.101261138916016, Loss Train: 5.342314034351148e-05, Loss Test: 26.47142791748047
Epoch 16400, Loss Total: 55.101261138916016, Loss Train: 5.342314034351148e-05, Loss Test: 26.47142791748047
Epoch 16500, Loss Total: 55.101261138916016, Loss Train: 5.342314034351148e-05, Loss Test: 26.47142791748047
Epoch 16600, Loss Total: 55.101261138916016, Loss Train: 5.342314034351148e-05, Loss Test: 26.47142791748047
Epoch 16700, Loss Total: 55.101261138916016, Loss Train: 5.342314034351148e-05, Loss Test: 26.47142791748047
Epoch 16800, Loss Total: 55.101261138916016, Loss Train: 5.342314034351148e-05, Loss Test: 26.47142791748047
Epoch 16900, Loss Total: 55.101261138916016, Loss Train: 5.342314034351148e-05, Loss Test: 26.47142791748047
Epoch 17000, Loss Total: 55.101261138916016, Loss Train: 5.342314034351148e-05, Loss Test: 26.47142791748047
Epoch 17100, Loss Total: 55.101261138916016, Loss Train: 5.342314034351148e-05, Loss Test: 26.47142791748047
Epoch 17200, Loss Total: 55.101261138916016, Loss Train: 5.342314034351148e-05, Loss Test: 26.47142791748047
Epoch 17300, Loss Total: 55.101261138916016, Loss Train: 5.342314034351148e-05, Loss Test: 26.47142791748047
Epoch 17400, Loss Total: 55.101261138916016, Loss Train: 5.342314034351148e-05, Loss Test: 26.47142791748047
Epoch 17500, Loss Total: 55.101261138916016, Loss Train: 5.342314034351148e-05, Loss Test: 26.47142791748047
Epoch 17600, Loss Total: 55.101261138916016, Loss Train: 5.342314034351148e-05, Loss Test: 26.47142791748047
Epoch 17700, Loss Total: 55.101261138916016, Loss Train: 5.342314034351148e-05, Loss Test: 26.47142791748047
Epoch 17800, Loss Total: 55.101261138916016, Loss Train: 5.342314034351148e-05, Loss Test: 26.47142791748047
Epoch 17900, Loss Total: 55.101261138916016, Loss Train: 5.342314034351148e-05, Loss Test: 26.47142791748047
Epoch 18000, Loss Total: 55.101261138916016, Loss Train: 5.342314034351148e-05, Loss Test: 26.47142791748047
Epoch 18100, Loss Total: 55.101261138916016, Loss Train: 5.342314034351148e-05, Loss Test: 26.47142791748047
Epoch 18200, Loss Total: 55.101261138916016, Loss Train: 5.342314034351148e-05, Loss Test: 26.47142791748047
Epoch 18300, Loss Total: 55.101261138916016, Loss Train: 5.342314034351148e-05, Loss Test: 26.47142791748047
Epoch 18400, Loss Total: 55.101261138916016, Loss Train: 5.342314034351148e-05, Loss Test: 26.47142791748047
Epoch 18500, Loss Total: 55.101261138916016, Loss Train: 5.342314034351148e-05, Loss Test: 26.47142791748047
Epoch 18600, Loss Total: 55.101261138916016, Loss Train: 5.342314034351148e-05, Loss Test: 26.47142791748047
Epoch 18700, Loss Total: 55.101261138916016, Loss Train: 5.342314034351148e-05, Loss Test: 26.47142791748047
Epoch 18800, Loss Total: 55.101261138916016, Loss Train: 5.342314034351148e-05, Loss Test: 26.47142791748047
Epoch 18900, Loss Total: 55.101261138916016, Loss Train: 5.342314034351148e-05, Loss Test: 26.47142791748047
Epoch 19000, Loss Total: 55.101261138916016, Loss Train: 5.342314034351148e-05, Loss Test: 26.47142791748047
Epoch 19100, Loss Total: 55.101261138916016, Loss Train: 5.342314034351148e-05, Loss Test: 26.47142791748047
Epoch 19200, Loss Total: 55.101261138916016, Loss Train: 5.342314034351148e-05, Loss Test: 26.47142791748047
Epoch 19300, Loss Total: 55.101261138916016, Loss Train: 5.342314034351148e-05, Loss Test: 26.47142791748047
Epoch 19400, Loss Total: 55.101261138916016, Loss Train: 5.342314034351148e-05, Loss Test: 26.47142791748047
Epoch 19500, Loss Total: 55.101261138916016, Loss Train: 5.342314034351148e-05, Loss Test: 26.47142791748047
Epoch 19600, Loss Total: 55.101261138916016, Loss Train: 5.342314034351148e-05, Loss Test: 26.47142791748047
Epoch 19700, Loss Total: 55.101261138916016, Loss Train: 5.342314034351148e-05, Loss Test: 26.47142791748047
Epoch 19800, Loss Total: 55.101261138916016, Loss Train: 5.342314034351148e-05, Loss Test: 26.47142791748047
Epoch 19900, Loss Total: 55.101261138916016, Loss Train: 5.342314034351148e-05, Loss Test: 26.47142791748047
Added results for seed=58 and percentage=0.4
Finished task 528
