Running task 104 with seed=11 and percentage=0.35
Epoch 0, Loss Total: 83.8558578491211, Loss Train: 127.82170867919922, Loss Test: 132.613037109375
Epoch 100, Loss Total: 42.164974212646484, Loss Train: 38.2214241027832, Loss Test: 63.76993179321289
Epoch 200, Loss Total: 40.549983978271484, Loss Train: 16.593950271606445, Loss Test: 39.163917541503906
Epoch 300, Loss Total: 44.368892669677734, Loss Train: 8.341753959655762, Loss Test: 32.51484298706055
Epoch 400, Loss Total: 47.61595153808594, Loss Train: 4.467681407928467, Loss Test: 30.366512298583984
Epoch 500, Loss Total: 50.02287292480469, Loss Train: 2.473198890686035, Loss Test: 29.643016815185547
Epoch 600, Loss Total: 51.78015899658203, Loss Train: 1.3896557092666626, Loss Test: 29.42197036743164
Epoch 700, Loss Total: 53.067596435546875, Loss Train: 0.7829791903495789, Loss Test: 29.383670806884766
Epoch 800, Loss Total: 54.01227951049805, Loss Train: 0.4391939043998718, Loss Test: 29.407215118408203
Epoch 900, Loss Total: 54.70097732543945, Loss Train: 0.2443772256374359, Loss Test: 29.444320678710938
Epoch 1000, Loss Total: 55.19649887084961, Loss Train: 0.13469462096691132, Loss Test: 29.476694107055664
Epoch 1100, Loss Total: 55.547332763671875, Loss Train: 0.07350920885801315, Loss Test: 29.499414443969727
Epoch 1200, Loss Total: 55.79185104370117, Loss Train: 0.03970682993531227, Loss Test: 29.513151168823242
Epoch 1300, Loss Total: 55.96003723144531, Loss Train: 0.02120581455528736, Loss Test: 29.52035903930664
Epoch 1400, Loss Total: 56.07464599609375, Loss Train: 0.011174876242876053, Loss Test: 29.523508071899414
Epoch 1500, Loss Total: 56.15235137939453, Loss Train: 0.005795666016638279, Loss Test: 29.524471282958984
Epoch 1600, Loss Total: 56.205020904541016, Loss Train: 0.0029515884816646576, Loss Test: 29.52445411682129
Epoch 1700, Loss Total: 56.240848541259766, Loss Train: 0.0014762242790311575, Loss Test: 29.524131774902344
Epoch 1800, Loss Total: 56.265384674072266, Loss Train: 0.0007293526432476938, Loss Test: 29.523828506469727
Epoch 1900, Loss Total: 56.28233337402344, Loss Train: 0.00036240709596313536, Loss Test: 29.523662567138672
Epoch 2000, Loss Total: 56.29413604736328, Loss Train: 0.00018809277389664203, Loss Test: 29.523643493652344
Epoch 2100, Loss Total: 56.302433013916016, Loss Train: 0.00010840010509127751, Loss Test: 29.52374267578125
Epoch 2200, Loss Total: 56.30829620361328, Loss Train: 7.334107795031741e-05, Loss Test: 29.523916244506836
Epoch 2300, Loss Total: 56.312469482421875, Loss Train: 5.8472192904446274e-05, Loss Test: 29.52412223815918
Epoch 2400, Loss Total: 56.31544494628906, Loss Train: 5.239339225227013e-05, Loss Test: 29.52433204650879
Epoch 2500, Loss Total: 56.31755828857422, Loss Train: 4.987373176845722e-05, Loss Test: 29.524532318115234
Epoch 2600, Loss Total: 56.3190803527832, Loss Train: 4.888137482339516e-05, Loss Test: 29.52471160888672
Epoch 2700, Loss Total: 56.32015609741211, Loss Train: 4.8538273404119536e-05, Loss Test: 29.52486228942871
Epoch 2800, Loss Total: 56.32093048095703, Loss Train: 4.830479883821681e-05, Loss Test: 29.524980545043945
Epoch 2900, Loss Total: 56.32148742675781, Loss Train: 4.819903551833704e-05, Loss Test: 29.52507781982422
Epoch 3000, Loss Total: 56.32188415527344, Loss Train: 4.819918831344694e-05, Loss Test: 29.525150299072266
Epoch 3100, Loss Total: 56.322139739990234, Loss Train: 4.814647036255337e-05, Loss Test: 29.52519989013672
Epoch 3200, Loss Total: 56.32223129272461, Loss Train: 4.8144767788471654e-05, Loss Test: 29.525218963623047
Epoch 3300, Loss Total: 56.3222770690918, Loss Train: 4.814476415049285e-05, Loss Test: 29.525230407714844
Epoch 3400, Loss Total: 56.322288513183594, Loss Train: 4.814476051251404e-05, Loss Test: 29.525232315063477
Epoch 3500, Loss Total: 56.322288513183594, Loss Train: 4.814476415049285e-05, Loss Test: 29.52523422241211
Epoch 3600, Loss Total: 56.322288513183594, Loss Train: 4.814476415049285e-05, Loss Test: 29.52523422241211
Epoch 3700, Loss Total: 56.322288513183594, Loss Train: 4.814476415049285e-05, Loss Test: 29.52523422241211
Epoch 3800, Loss Total: 56.322288513183594, Loss Train: 4.814476415049285e-05, Loss Test: 29.52523422241211
Epoch 3900, Loss Total: 56.322288513183594, Loss Train: 4.814476415049285e-05, Loss Test: 29.52523422241211
Epoch 4000, Loss Total: 56.322288513183594, Loss Train: 4.814476415049285e-05, Loss Test: 29.52523422241211
Epoch 4100, Loss Total: 56.322288513183594, Loss Train: 4.814476415049285e-05, Loss Test: 29.52523422241211
Epoch 4200, Loss Total: 56.322288513183594, Loss Train: 4.814476415049285e-05, Loss Test: 29.52523422241211
Epoch 4300, Loss Total: 56.322288513183594, Loss Train: 4.814476415049285e-05, Loss Test: 29.52523422241211
Epoch 4400, Loss Total: 56.322288513183594, Loss Train: 4.814476415049285e-05, Loss Test: 29.52523422241211
Epoch 4500, Loss Total: 56.322288513183594, Loss Train: 4.814476415049285e-05, Loss Test: 29.52523422241211
Epoch 4600, Loss Total: 56.322288513183594, Loss Train: 4.814476415049285e-05, Loss Test: 29.52523422241211
Epoch 4700, Loss Total: 56.322288513183594, Loss Train: 4.814476415049285e-05, Loss Test: 29.52523422241211
Epoch 4800, Loss Total: 56.322288513183594, Loss Train: 4.814476415049285e-05, Loss Test: 29.52523422241211
Epoch 4900, Loss Total: 56.322288513183594, Loss Train: 4.814476415049285e-05, Loss Test: 29.52523422241211
Epoch 5000, Loss Total: 56.322288513183594, Loss Train: 4.814476415049285e-05, Loss Test: 29.52523422241211
Epoch 5100, Loss Total: 56.322288513183594, Loss Train: 4.814476415049285e-05, Loss Test: 29.52523422241211
Epoch 5200, Loss Total: 56.322288513183594, Loss Train: 4.814476415049285e-05, Loss Test: 29.52523422241211
Epoch 5300, Loss Total: 56.322288513183594, Loss Train: 4.814476415049285e-05, Loss Test: 29.52523422241211
Epoch 5400, Loss Total: 56.322288513183594, Loss Train: 4.814476415049285e-05, Loss Test: 29.52523422241211
Epoch 5500, Loss Total: 56.322288513183594, Loss Train: 4.814476415049285e-05, Loss Test: 29.52523422241211
Epoch 5600, Loss Total: 56.322288513183594, Loss Train: 4.814476415049285e-05, Loss Test: 29.52523422241211
Epoch 5700, Loss Total: 56.322288513183594, Loss Train: 4.814476415049285e-05, Loss Test: 29.52523422241211
Epoch 5800, Loss Total: 56.322288513183594, Loss Train: 4.814476415049285e-05, Loss Test: 29.52523422241211
Epoch 5900, Loss Total: 56.322288513183594, Loss Train: 4.814476415049285e-05, Loss Test: 29.52523422241211
Epoch 6000, Loss Total: 56.322288513183594, Loss Train: 4.814476415049285e-05, Loss Test: 29.52523422241211
Epoch 6100, Loss Total: 56.322288513183594, Loss Train: 4.814476415049285e-05, Loss Test: 29.52523422241211
Epoch 6200, Loss Total: 56.322288513183594, Loss Train: 4.814476415049285e-05, Loss Test: 29.52523422241211
Epoch 6300, Loss Total: 56.322288513183594, Loss Train: 4.814476415049285e-05, Loss Test: 29.52523422241211
Epoch 6400, Loss Total: 56.322288513183594, Loss Train: 4.814476415049285e-05, Loss Test: 29.52523422241211
Epoch 6500, Loss Total: 56.322288513183594, Loss Train: 4.814476415049285e-05, Loss Test: 29.52523422241211
Epoch 6600, Loss Total: 56.322288513183594, Loss Train: 4.814476415049285e-05, Loss Test: 29.52523422241211
Epoch 6700, Loss Total: 56.322288513183594, Loss Train: 4.814476415049285e-05, Loss Test: 29.52523422241211
Epoch 6800, Loss Total: 56.322288513183594, Loss Train: 4.814476415049285e-05, Loss Test: 29.52523422241211
Epoch 6900, Loss Total: 56.322288513183594, Loss Train: 4.814476415049285e-05, Loss Test: 29.52523422241211
Epoch 7000, Loss Total: 56.322288513183594, Loss Train: 4.814476415049285e-05, Loss Test: 29.52523422241211
Epoch 7100, Loss Total: 56.322288513183594, Loss Train: 4.814476415049285e-05, Loss Test: 29.52523422241211
Epoch 7200, Loss Total: 56.322288513183594, Loss Train: 4.814476415049285e-05, Loss Test: 29.52523422241211
Epoch 7300, Loss Total: 56.322288513183594, Loss Train: 4.814476415049285e-05, Loss Test: 29.52523422241211
Epoch 7400, Loss Total: 56.322288513183594, Loss Train: 4.814476415049285e-05, Loss Test: 29.52523422241211
Epoch 7500, Loss Total: 56.322288513183594, Loss Train: 4.814476415049285e-05, Loss Test: 29.52523422241211
Epoch 7600, Loss Total: 56.322288513183594, Loss Train: 4.814476415049285e-05, Loss Test: 29.52523422241211
Epoch 7700, Loss Total: 56.322288513183594, Loss Train: 4.814476415049285e-05, Loss Test: 29.52523422241211
Epoch 7800, Loss Total: 56.322288513183594, Loss Train: 4.814476415049285e-05, Loss Test: 29.52523422241211
Epoch 7900, Loss Total: 56.322288513183594, Loss Train: 4.814476415049285e-05, Loss Test: 29.52523422241211
Epoch 8000, Loss Total: 56.322288513183594, Loss Train: 4.814476415049285e-05, Loss Test: 29.52523422241211
Epoch 8100, Loss Total: 56.322288513183594, Loss Train: 4.814476415049285e-05, Loss Test: 29.52523422241211
Epoch 8200, Loss Total: 56.322288513183594, Loss Train: 4.814476415049285e-05, Loss Test: 29.52523422241211
Epoch 8300, Loss Total: 56.322288513183594, Loss Train: 4.814476415049285e-05, Loss Test: 29.52523422241211
Epoch 8400, Loss Total: 56.322288513183594, Loss Train: 4.814476415049285e-05, Loss Test: 29.52523422241211
Epoch 8500, Loss Total: 56.322288513183594, Loss Train: 4.814476415049285e-05, Loss Test: 29.52523422241211
Epoch 8600, Loss Total: 56.322288513183594, Loss Train: 4.814476415049285e-05, Loss Test: 29.52523422241211
Epoch 8700, Loss Total: 56.322288513183594, Loss Train: 4.814476415049285e-05, Loss Test: 29.52523422241211
Epoch 8800, Loss Total: 56.322288513183594, Loss Train: 4.814476415049285e-05, Loss Test: 29.52523422241211
Epoch 8900, Loss Total: 56.322288513183594, Loss Train: 4.814476415049285e-05, Loss Test: 29.52523422241211
Epoch 9000, Loss Total: 56.322288513183594, Loss Train: 4.814476415049285e-05, Loss Test: 29.52523422241211
Epoch 9100, Loss Total: 56.322288513183594, Loss Train: 4.814476415049285e-05, Loss Test: 29.52523422241211
Epoch 9200, Loss Total: 56.322288513183594, Loss Train: 4.814476415049285e-05, Loss Test: 29.52523422241211
Epoch 9300, Loss Total: 56.322288513183594, Loss Train: 4.814476415049285e-05, Loss Test: 29.52523422241211
Epoch 9400, Loss Total: 56.322288513183594, Loss Train: 4.814476415049285e-05, Loss Test: 29.52523422241211
Epoch 9500, Loss Total: 56.322288513183594, Loss Train: 4.814476415049285e-05, Loss Test: 29.52523422241211
Epoch 9600, Loss Total: 56.322288513183594, Loss Train: 4.814476415049285e-05, Loss Test: 29.52523422241211
Epoch 9700, Loss Total: 56.322288513183594, Loss Train: 4.814476415049285e-05, Loss Test: 29.52523422241211
Epoch 9800, Loss Total: 56.322288513183594, Loss Train: 4.814476415049285e-05, Loss Test: 29.52523422241211
Epoch 9900, Loss Total: 56.322288513183594, Loss Train: 4.814476415049285e-05, Loss Test: 29.52523422241211
Epoch 10000, Loss Total: 56.322288513183594, Loss Train: 4.814476415049285e-05, Loss Test: 29.52523422241211
Epoch 10100, Loss Total: 56.322288513183594, Loss Train: 4.814476415049285e-05, Loss Test: 29.52523422241211
Epoch 10200, Loss Total: 56.322288513183594, Loss Train: 4.814476415049285e-05, Loss Test: 29.52523422241211
Epoch 10300, Loss Total: 56.322288513183594, Loss Train: 4.814476415049285e-05, Loss Test: 29.52523422241211
Epoch 10400, Loss Total: 56.322288513183594, Loss Train: 4.814476415049285e-05, Loss Test: 29.52523422241211
Epoch 10500, Loss Total: 56.322288513183594, Loss Train: 4.814476415049285e-05, Loss Test: 29.52523422241211
Epoch 10600, Loss Total: 56.322288513183594, Loss Train: 4.814476415049285e-05, Loss Test: 29.52523422241211
Epoch 10700, Loss Total: 56.322288513183594, Loss Train: 4.814476415049285e-05, Loss Test: 29.52523422241211
Epoch 10800, Loss Total: 56.322288513183594, Loss Train: 4.814476415049285e-05, Loss Test: 29.52523422241211
Epoch 10900, Loss Total: 56.322288513183594, Loss Train: 4.814476415049285e-05, Loss Test: 29.52523422241211
Epoch 11000, Loss Total: 56.322288513183594, Loss Train: 4.814476415049285e-05, Loss Test: 29.52523422241211
Epoch 11100, Loss Total: 56.322288513183594, Loss Train: 4.814476415049285e-05, Loss Test: 29.52523422241211
Epoch 11200, Loss Total: 56.322288513183594, Loss Train: 4.814476415049285e-05, Loss Test: 29.52523422241211
Epoch 11300, Loss Total: 56.322288513183594, Loss Train: 4.814476415049285e-05, Loss Test: 29.52523422241211
Epoch 11400, Loss Total: 56.322288513183594, Loss Train: 4.814476415049285e-05, Loss Test: 29.52523422241211
Epoch 11500, Loss Total: 56.322288513183594, Loss Train: 4.814476415049285e-05, Loss Test: 29.52523422241211
Epoch 11600, Loss Total: 56.322288513183594, Loss Train: 4.814476415049285e-05, Loss Test: 29.52523422241211
Epoch 11700, Loss Total: 56.322288513183594, Loss Train: 4.814476415049285e-05, Loss Test: 29.52523422241211
Epoch 11800, Loss Total: 56.322288513183594, Loss Train: 4.814476415049285e-05, Loss Test: 29.52523422241211
Epoch 11900, Loss Total: 56.322288513183594, Loss Train: 4.814476415049285e-05, Loss Test: 29.52523422241211
Epoch 12000, Loss Total: 56.322288513183594, Loss Train: 4.814476415049285e-05, Loss Test: 29.52523422241211
Epoch 12100, Loss Total: 56.322288513183594, Loss Train: 4.814476415049285e-05, Loss Test: 29.52523422241211
Epoch 12200, Loss Total: 56.322288513183594, Loss Train: 4.814476415049285e-05, Loss Test: 29.52523422241211
Epoch 12300, Loss Total: 56.322288513183594, Loss Train: 4.814476415049285e-05, Loss Test: 29.52523422241211
Epoch 12400, Loss Total: 56.322288513183594, Loss Train: 4.814476415049285e-05, Loss Test: 29.52523422241211
Epoch 12500, Loss Total: 56.322288513183594, Loss Train: 4.814476415049285e-05, Loss Test: 29.52523422241211
Epoch 12600, Loss Total: 56.322288513183594, Loss Train: 4.814476415049285e-05, Loss Test: 29.52523422241211
Epoch 12700, Loss Total: 56.322288513183594, Loss Train: 4.814476415049285e-05, Loss Test: 29.52523422241211
Epoch 12800, Loss Total: 56.322288513183594, Loss Train: 4.814476415049285e-05, Loss Test: 29.52523422241211
Epoch 12900, Loss Total: 56.322288513183594, Loss Train: 4.814476415049285e-05, Loss Test: 29.52523422241211
Epoch 13000, Loss Total: 56.322288513183594, Loss Train: 4.814476415049285e-05, Loss Test: 29.52523422241211
Epoch 13100, Loss Total: 56.322288513183594, Loss Train: 4.814476415049285e-05, Loss Test: 29.52523422241211
Epoch 13200, Loss Total: 56.322288513183594, Loss Train: 4.814476415049285e-05, Loss Test: 29.52523422241211
Epoch 13300, Loss Total: 56.322288513183594, Loss Train: 4.814476415049285e-05, Loss Test: 29.52523422241211
Epoch 13400, Loss Total: 56.322288513183594, Loss Train: 4.814476415049285e-05, Loss Test: 29.52523422241211
Epoch 13500, Loss Total: 56.322288513183594, Loss Train: 4.814476415049285e-05, Loss Test: 29.52523422241211
Epoch 13600, Loss Total: 56.322288513183594, Loss Train: 4.814476415049285e-05, Loss Test: 29.52523422241211
Epoch 13700, Loss Total: 56.322288513183594, Loss Train: 4.814476415049285e-05, Loss Test: 29.52523422241211
Epoch 13800, Loss Total: 56.322288513183594, Loss Train: 4.814476415049285e-05, Loss Test: 29.52523422241211
Epoch 13900, Loss Total: 56.322288513183594, Loss Train: 4.814476415049285e-05, Loss Test: 29.52523422241211
Epoch 14000, Loss Total: 56.322288513183594, Loss Train: 4.814476415049285e-05, Loss Test: 29.52523422241211
Epoch 14100, Loss Total: 56.322288513183594, Loss Train: 4.814476415049285e-05, Loss Test: 29.52523422241211
Epoch 14200, Loss Total: 56.322288513183594, Loss Train: 4.814476415049285e-05, Loss Test: 29.52523422241211
Epoch 14300, Loss Total: 56.322288513183594, Loss Train: 4.814476415049285e-05, Loss Test: 29.52523422241211
Epoch 14400, Loss Total: 56.322288513183594, Loss Train: 4.814476415049285e-05, Loss Test: 29.52523422241211
Epoch 14500, Loss Total: 56.322288513183594, Loss Train: 4.814476415049285e-05, Loss Test: 29.52523422241211
Epoch 14600, Loss Total: 56.322288513183594, Loss Train: 4.814476415049285e-05, Loss Test: 29.52523422241211
Epoch 14700, Loss Total: 56.322288513183594, Loss Train: 4.814476415049285e-05, Loss Test: 29.52523422241211
Epoch 14800, Loss Total: 56.322288513183594, Loss Train: 4.814476415049285e-05, Loss Test: 29.52523422241211
Epoch 14900, Loss Total: 56.322288513183594, Loss Train: 4.814476415049285e-05, Loss Test: 29.52523422241211
Epoch 15000, Loss Total: 56.322288513183594, Loss Train: 4.814476415049285e-05, Loss Test: 29.52523422241211
Epoch 15100, Loss Total: 56.322288513183594, Loss Train: 4.814476415049285e-05, Loss Test: 29.52523422241211
Epoch 15200, Loss Total: 56.322288513183594, Loss Train: 4.814476415049285e-05, Loss Test: 29.52523422241211
Epoch 15300, Loss Total: 56.322288513183594, Loss Train: 4.814476415049285e-05, Loss Test: 29.52523422241211
Epoch 15400, Loss Total: 56.322288513183594, Loss Train: 4.814476415049285e-05, Loss Test: 29.52523422241211
Epoch 15500, Loss Total: 56.322288513183594, Loss Train: 4.814476415049285e-05, Loss Test: 29.52523422241211
Epoch 15600, Loss Total: 56.322288513183594, Loss Train: 4.814476415049285e-05, Loss Test: 29.52523422241211
Epoch 15700, Loss Total: 56.322288513183594, Loss Train: 4.814476415049285e-05, Loss Test: 29.52523422241211
Epoch 15800, Loss Total: 56.322288513183594, Loss Train: 4.814476415049285e-05, Loss Test: 29.52523422241211
Epoch 15900, Loss Total: 56.322288513183594, Loss Train: 4.814476415049285e-05, Loss Test: 29.52523422241211
Epoch 16000, Loss Total: 56.322288513183594, Loss Train: 4.814476415049285e-05, Loss Test: 29.52523422241211
Epoch 16100, Loss Total: 56.322288513183594, Loss Train: 4.814476415049285e-05, Loss Test: 29.52523422241211
Epoch 16200, Loss Total: 56.322288513183594, Loss Train: 4.814476415049285e-05, Loss Test: 29.52523422241211
Epoch 16300, Loss Total: 56.322288513183594, Loss Train: 4.814476415049285e-05, Loss Test: 29.52523422241211
Epoch 16400, Loss Total: 56.322288513183594, Loss Train: 4.814476415049285e-05, Loss Test: 29.52523422241211
Epoch 16500, Loss Total: 56.322288513183594, Loss Train: 4.814476415049285e-05, Loss Test: 29.52523422241211
Epoch 16600, Loss Total: 56.322288513183594, Loss Train: 4.814476415049285e-05, Loss Test: 29.52523422241211
Epoch 16700, Loss Total: 56.322288513183594, Loss Train: 4.814476415049285e-05, Loss Test: 29.52523422241211
Epoch 16800, Loss Total: 56.322288513183594, Loss Train: 4.814476415049285e-05, Loss Test: 29.52523422241211
Epoch 16900, Loss Total: 56.322288513183594, Loss Train: 4.814476415049285e-05, Loss Test: 29.52523422241211
Epoch 17000, Loss Total: 56.322288513183594, Loss Train: 4.814476415049285e-05, Loss Test: 29.52523422241211
Epoch 17100, Loss Total: 56.322288513183594, Loss Train: 4.814476415049285e-05, Loss Test: 29.52523422241211
Epoch 17200, Loss Total: 56.322288513183594, Loss Train: 4.814476415049285e-05, Loss Test: 29.52523422241211
Epoch 17300, Loss Total: 56.322288513183594, Loss Train: 4.814476415049285e-05, Loss Test: 29.52523422241211
Epoch 17400, Loss Total: 56.322288513183594, Loss Train: 4.814476415049285e-05, Loss Test: 29.52523422241211
Epoch 17500, Loss Total: 56.322288513183594, Loss Train: 4.814476415049285e-05, Loss Test: 29.52523422241211
Epoch 17600, Loss Total: 56.322288513183594, Loss Train: 4.814476415049285e-05, Loss Test: 29.52523422241211
Epoch 17700, Loss Total: 56.322288513183594, Loss Train: 4.814476415049285e-05, Loss Test: 29.52523422241211
Epoch 17800, Loss Total: 56.322288513183594, Loss Train: 4.814476415049285e-05, Loss Test: 29.52523422241211
Epoch 17900, Loss Total: 56.322288513183594, Loss Train: 4.814476415049285e-05, Loss Test: 29.52523422241211
Epoch 18000, Loss Total: 56.322288513183594, Loss Train: 4.814476415049285e-05, Loss Test: 29.52523422241211
Epoch 18100, Loss Total: 56.322288513183594, Loss Train: 4.814476415049285e-05, Loss Test: 29.52523422241211
Epoch 18200, Loss Total: 56.322288513183594, Loss Train: 4.814476415049285e-05, Loss Test: 29.52523422241211
Epoch 18300, Loss Total: 56.322288513183594, Loss Train: 4.814476415049285e-05, Loss Test: 29.52523422241211
Epoch 18400, Loss Total: 56.322288513183594, Loss Train: 4.814476415049285e-05, Loss Test: 29.52523422241211
Epoch 18500, Loss Total: 56.322288513183594, Loss Train: 4.814476415049285e-05, Loss Test: 29.52523422241211
Epoch 18600, Loss Total: 56.322288513183594, Loss Train: 4.814476415049285e-05, Loss Test: 29.52523422241211
Epoch 18700, Loss Total: 56.322288513183594, Loss Train: 4.814476415049285e-05, Loss Test: 29.52523422241211
Epoch 18800, Loss Total: 56.322288513183594, Loss Train: 4.814476415049285e-05, Loss Test: 29.52523422241211
Epoch 18900, Loss Total: 56.322288513183594, Loss Train: 4.814476415049285e-05, Loss Test: 29.52523422241211
Epoch 19000, Loss Total: 56.322288513183594, Loss Train: 4.814476415049285e-05, Loss Test: 29.52523422241211
Epoch 19100, Loss Total: 56.322288513183594, Loss Train: 4.814476415049285e-05, Loss Test: 29.52523422241211
Epoch 19200, Loss Total: 56.322288513183594, Loss Train: 4.814476415049285e-05, Loss Test: 29.52523422241211
Epoch 19300, Loss Total: 56.322288513183594, Loss Train: 4.814476415049285e-05, Loss Test: 29.52523422241211
Epoch 19400, Loss Total: 56.322288513183594, Loss Train: 4.814476415049285e-05, Loss Test: 29.52523422241211
Epoch 19500, Loss Total: 56.322288513183594, Loss Train: 4.814476415049285e-05, Loss Test: 29.52523422241211
Epoch 19600, Loss Total: 56.322288513183594, Loss Train: 4.814476415049285e-05, Loss Test: 29.52523422241211
Epoch 19700, Loss Total: 56.322288513183594, Loss Train: 4.814476415049285e-05, Loss Test: 29.52523422241211
Epoch 19800, Loss Total: 56.322288513183594, Loss Train: 4.814476415049285e-05, Loss Test: 29.52523422241211
Epoch 19900, Loss Total: 56.322288513183594, Loss Train: 4.814476415049285e-05, Loss Test: 29.52523422241211
Added results for seed=11 and percentage=0.35
Finished task 104
