Running task 54 with seed=6 and percentage=0.10
Epoch 0, Loss Total: 84.25643157958984, Loss Train: 119.78121948242188, Loss Test: 132.87771606445312
Epoch 100, Loss Total: 56.19614028930664, Loss Train: 33.74087142944336, Loss Test: 89.711181640625
Epoch 200, Loss Total: 44.8761100769043, Loss Train: 14.2733154296875, Loss Test: 57.96213150024414
Epoch 300, Loss Total: 45.087806701660156, Loss Train: 7.101473808288574, Loss Test: 45.405330657958984
Epoch 400, Loss Total: 48.003597259521484, Loss Train: 3.785378932952881, Loss Test: 40.46422576904297
Epoch 500, Loss Total: 51.20600509643555, Loss Train: 2.079451560974121, Loss Test: 38.59385681152344
Epoch 600, Loss Total: 54.121131896972656, Loss Train: 1.145516276359558, Loss Test: 38.05332946777344
Epoch 700, Loss Total: 56.64741134643555, Loss Train: 0.6203033328056335, Loss Test: 38.10497283935547
Epoch 800, Loss Total: 58.79697036743164, Loss Train: 0.32589012384414673, Loss Test: 38.407623291015625
Epoch 900, Loss Total: 60.60395431518555, Loss Train: 0.16475781798362732, Loss Test: 38.796348571777344
Epoch 1000, Loss Total: 62.10535430908203, Loss Train: 0.07973379641771317, Loss Test: 39.1919059753418
Epoch 1100, Loss Total: 63.338497161865234, Loss Train: 0.03680792450904846, Loss Test: 39.558650970458984
Epoch 1200, Loss Total: 64.34042358398438, Loss Train: 0.016174474731087685, Loss Test: 39.88283920288086
Epoch 1300, Loss Total: 65.14673614501953, Loss Train: 0.006763623561710119, Loss Test: 40.16136169433594
Epoch 1400, Loss Total: 65.79043579101562, Loss Train: 0.0026997432578355074, Loss Test: 40.396018981933594
Epoch 1500, Loss Total: 66.3010025024414, Loss Train: 0.0010397708974778652, Loss Test: 40.59081268310547
Epoch 1600, Loss Total: 66.70404815673828, Loss Train: 0.0003977088781539351, Loss Test: 40.7505989074707
Epoch 1700, Loss Total: 67.02116394042969, Loss Train: 0.00016143418906722218, Loss Test: 40.88039016723633
Epoch 1800, Loss Total: 67.27019500732422, Loss Train: 7.803108019288629e-05, Loss Test: 40.9849739074707
Epoch 1900, Loss Total: 67.46556854248047, Loss Train: 4.9192181904800236e-05, Loss Test: 41.06870651245117
Epoch 2000, Loss Total: 67.61882781982422, Loss Train: 3.917210051440634e-05, Loss Test: 41.13540267944336
Epoch 2100, Loss Total: 67.73905181884766, Loss Train: 3.555660441634245e-05, Loss Test: 41.18830490112305
Epoch 2200, Loss Total: 67.8333969116211, Loss Train: 3.4085489460267127e-05, Loss Test: 41.2301139831543
Epoch 2300, Loss Total: 67.90744018554688, Loss Train: 3.3627013181103393e-05, Loss Test: 41.263057708740234
Epoch 2400, Loss Total: 67.9655532836914, Loss Train: 3.34036085405387e-05, Loss Test: 41.2889404296875
Epoch 2500, Loss Total: 68.01114654541016, Loss Train: 3.353972715558484e-05, Loss Test: 41.30919647216797
Epoch 2600, Loss Total: 68.0367660522461, Loss Train: 3.328908860567026e-05, Loss Test: 41.320556640625
Epoch 2700, Loss Total: 68.04804229736328, Loss Train: 3.328959792270325e-05, Loss Test: 41.32554244995117
Epoch 2800, Loss Total: 68.05335235595703, Loss Train: 3.328960156068206e-05, Loss Test: 41.327880859375
Epoch 2900, Loss Total: 68.05592346191406, Loss Train: 3.328960156068206e-05, Loss Test: 41.32902145385742
Epoch 3000, Loss Total: 68.05721282958984, Loss Train: 3.328960156068206e-05, Loss Test: 41.329586029052734
Epoch 3100, Loss Total: 68.05784606933594, Loss Train: 3.328960156068206e-05, Loss Test: 41.32987594604492
Epoch 3200, Loss Total: 68.05816650390625, Loss Train: 3.328960156068206e-05, Loss Test: 41.33001708984375
Epoch 3300, Loss Total: 68.05831146240234, Loss Train: 3.328960156068206e-05, Loss Test: 41.330078125
Epoch 3400, Loss Total: 68.0583724975586, Loss Train: 3.328960156068206e-05, Loss Test: 41.33010482788086
Epoch 3500, Loss Total: 68.05838012695312, Loss Train: 3.328960156068206e-05, Loss Test: 41.33010482788086
Epoch 3600, Loss Total: 68.05838775634766, Loss Train: 3.328960156068206e-05, Loss Test: 41.330108642578125
Epoch 3700, Loss Total: 68.05838775634766, Loss Train: 3.328960156068206e-05, Loss Test: 41.330108642578125
Epoch 3800, Loss Total: 68.05838012695312, Loss Train: 3.328960156068206e-05, Loss Test: 41.330108642578125
Epoch 3900, Loss Total: 68.05838012695312, Loss Train: 3.328960156068206e-05, Loss Test: 41.330108642578125
Epoch 4000, Loss Total: 68.05838012695312, Loss Train: 3.328960156068206e-05, Loss Test: 41.330108642578125
Epoch 4100, Loss Total: 68.05838012695312, Loss Train: 3.328960156068206e-05, Loss Test: 41.330108642578125
Epoch 4200, Loss Total: 68.05838012695312, Loss Train: 3.328960156068206e-05, Loss Test: 41.330108642578125
Epoch 4300, Loss Total: 68.05838012695312, Loss Train: 3.328960156068206e-05, Loss Test: 41.330108642578125
Epoch 4400, Loss Total: 68.05838012695312, Loss Train: 3.328960156068206e-05, Loss Test: 41.330108642578125
Epoch 4500, Loss Total: 68.05838012695312, Loss Train: 3.328960156068206e-05, Loss Test: 41.330108642578125
Epoch 4600, Loss Total: 68.05838012695312, Loss Train: 3.328960156068206e-05, Loss Test: 41.330108642578125
Epoch 4700, Loss Total: 68.05838012695312, Loss Train: 3.328960156068206e-05, Loss Test: 41.330108642578125
Epoch 4800, Loss Total: 68.05838012695312, Loss Train: 3.328960156068206e-05, Loss Test: 41.330108642578125
Epoch 4900, Loss Total: 68.05838012695312, Loss Train: 3.328960156068206e-05, Loss Test: 41.330108642578125
Epoch 5000, Loss Total: 68.05838012695312, Loss Train: 3.328960156068206e-05, Loss Test: 41.330108642578125
Epoch 5100, Loss Total: 68.05838012695312, Loss Train: 3.328960156068206e-05, Loss Test: 41.330108642578125
Epoch 5200, Loss Total: 68.05838012695312, Loss Train: 3.328960156068206e-05, Loss Test: 41.330108642578125
Epoch 5300, Loss Total: 68.05838012695312, Loss Train: 3.328960156068206e-05, Loss Test: 41.330108642578125
Epoch 5400, Loss Total: 68.05838012695312, Loss Train: 3.328960156068206e-05, Loss Test: 41.330108642578125
Epoch 5500, Loss Total: 68.05838012695312, Loss Train: 3.328960156068206e-05, Loss Test: 41.330108642578125
Epoch 5600, Loss Total: 68.05838012695312, Loss Train: 3.328960156068206e-05, Loss Test: 41.330108642578125
Epoch 5700, Loss Total: 68.05838012695312, Loss Train: 3.328960156068206e-05, Loss Test: 41.330108642578125
Epoch 5800, Loss Total: 68.05838012695312, Loss Train: 3.328960156068206e-05, Loss Test: 41.330108642578125
Epoch 5900, Loss Total: 68.05838012695312, Loss Train: 3.328960156068206e-05, Loss Test: 41.330108642578125
Epoch 6000, Loss Total: 68.05838012695312, Loss Train: 3.328960156068206e-05, Loss Test: 41.330108642578125
Epoch 6100, Loss Total: 68.05838012695312, Loss Train: 3.328960156068206e-05, Loss Test: 41.330108642578125
Epoch 6200, Loss Total: 68.05838012695312, Loss Train: 3.328960156068206e-05, Loss Test: 41.330108642578125
Epoch 6300, Loss Total: 68.05838012695312, Loss Train: 3.328960156068206e-05, Loss Test: 41.330108642578125
Epoch 6400, Loss Total: 68.05838012695312, Loss Train: 3.328960156068206e-05, Loss Test: 41.330108642578125
Epoch 6500, Loss Total: 68.05838012695312, Loss Train: 3.328960156068206e-05, Loss Test: 41.330108642578125
Epoch 6600, Loss Total: 68.05838012695312, Loss Train: 3.328960156068206e-05, Loss Test: 41.330108642578125
Epoch 6700, Loss Total: 68.05838012695312, Loss Train: 3.328960156068206e-05, Loss Test: 41.330108642578125
Epoch 6800, Loss Total: 68.05838012695312, Loss Train: 3.328960156068206e-05, Loss Test: 41.330108642578125
Epoch 6900, Loss Total: 68.05838012695312, Loss Train: 3.328960156068206e-05, Loss Test: 41.330108642578125
Epoch 7000, Loss Total: 68.05838012695312, Loss Train: 3.328960156068206e-05, Loss Test: 41.330108642578125
Epoch 7100, Loss Total: 68.05838012695312, Loss Train: 3.328960156068206e-05, Loss Test: 41.330108642578125
Epoch 7200, Loss Total: 68.05838012695312, Loss Train: 3.328960156068206e-05, Loss Test: 41.330108642578125
Epoch 7300, Loss Total: 68.05838012695312, Loss Train: 3.328960156068206e-05, Loss Test: 41.330108642578125
Epoch 7400, Loss Total: 68.05838012695312, Loss Train: 3.328960156068206e-05, Loss Test: 41.330108642578125
Epoch 7500, Loss Total: 68.05838012695312, Loss Train: 3.328960156068206e-05, Loss Test: 41.330108642578125
Epoch 7600, Loss Total: 68.05838012695312, Loss Train: 3.328960156068206e-05, Loss Test: 41.330108642578125
Epoch 7700, Loss Total: 68.05838012695312, Loss Train: 3.328960156068206e-05, Loss Test: 41.330108642578125
Epoch 7800, Loss Total: 68.05838012695312, Loss Train: 3.328960156068206e-05, Loss Test: 41.330108642578125
Epoch 7900, Loss Total: 68.05838012695312, Loss Train: 3.328960156068206e-05, Loss Test: 41.330108642578125
Epoch 8000, Loss Total: 68.05838012695312, Loss Train: 3.328960156068206e-05, Loss Test: 41.330108642578125
Epoch 8100, Loss Total: 68.05838012695312, Loss Train: 3.328960156068206e-05, Loss Test: 41.330108642578125
Epoch 8200, Loss Total: 68.05838012695312, Loss Train: 3.328960156068206e-05, Loss Test: 41.330108642578125
Epoch 8300, Loss Total: 68.05838012695312, Loss Train: 3.328960156068206e-05, Loss Test: 41.330108642578125
Epoch 8400, Loss Total: 68.05838012695312, Loss Train: 3.328960156068206e-05, Loss Test: 41.330108642578125
Epoch 8500, Loss Total: 68.05838012695312, Loss Train: 3.328960156068206e-05, Loss Test: 41.330108642578125
Epoch 8600, Loss Total: 68.05838012695312, Loss Train: 3.328960156068206e-05, Loss Test: 41.330108642578125
Epoch 8700, Loss Total: 68.05838012695312, Loss Train: 3.328960156068206e-05, Loss Test: 41.330108642578125
Epoch 8800, Loss Total: 68.05838012695312, Loss Train: 3.328960156068206e-05, Loss Test: 41.330108642578125
Epoch 8900, Loss Total: 68.05838012695312, Loss Train: 3.328960156068206e-05, Loss Test: 41.330108642578125
Epoch 9000, Loss Total: 68.05838012695312, Loss Train: 3.328960156068206e-05, Loss Test: 41.330108642578125
Epoch 9100, Loss Total: 68.05838012695312, Loss Train: 3.328960156068206e-05, Loss Test: 41.330108642578125
Epoch 9200, Loss Total: 68.05838012695312, Loss Train: 3.328960156068206e-05, Loss Test: 41.330108642578125
Epoch 9300, Loss Total: 68.05838012695312, Loss Train: 3.328960156068206e-05, Loss Test: 41.330108642578125
Epoch 9400, Loss Total: 68.05838012695312, Loss Train: 3.328960156068206e-05, Loss Test: 41.330108642578125
Epoch 9500, Loss Total: 68.05838012695312, Loss Train: 3.328960156068206e-05, Loss Test: 41.330108642578125
Epoch 9600, Loss Total: 68.05838012695312, Loss Train: 3.328960156068206e-05, Loss Test: 41.330108642578125
Epoch 9700, Loss Total: 68.05838012695312, Loss Train: 3.328960156068206e-05, Loss Test: 41.330108642578125
Epoch 9800, Loss Total: 68.05838012695312, Loss Train: 3.328960156068206e-05, Loss Test: 41.330108642578125
Epoch 9900, Loss Total: 68.05838012695312, Loss Train: 3.328960156068206e-05, Loss Test: 41.330108642578125
Epoch 10000, Loss Total: 68.05838012695312, Loss Train: 3.328960156068206e-05, Loss Test: 41.330108642578125
Epoch 10100, Loss Total: 68.05838012695312, Loss Train: 3.328960156068206e-05, Loss Test: 41.330108642578125
Epoch 10200, Loss Total: 68.05838012695312, Loss Train: 3.328960156068206e-05, Loss Test: 41.330108642578125
Epoch 10300, Loss Total: 68.05838012695312, Loss Train: 3.328960156068206e-05, Loss Test: 41.330108642578125
Epoch 10400, Loss Total: 68.05838012695312, Loss Train: 3.328960156068206e-05, Loss Test: 41.330108642578125
Epoch 10500, Loss Total: 68.05838012695312, Loss Train: 3.328960156068206e-05, Loss Test: 41.330108642578125
Epoch 10600, Loss Total: 68.05838012695312, Loss Train: 3.328960156068206e-05, Loss Test: 41.330108642578125
Epoch 10700, Loss Total: 68.05838012695312, Loss Train: 3.328960156068206e-05, Loss Test: 41.330108642578125
Epoch 10800, Loss Total: 68.05838012695312, Loss Train: 3.328960156068206e-05, Loss Test: 41.330108642578125
Epoch 10900, Loss Total: 68.05838012695312, Loss Train: 3.328960156068206e-05, Loss Test: 41.330108642578125
Epoch 11000, Loss Total: 68.05838012695312, Loss Train: 3.328960156068206e-05, Loss Test: 41.330108642578125
Epoch 11100, Loss Total: 68.05838012695312, Loss Train: 3.328960156068206e-05, Loss Test: 41.330108642578125
Epoch 11200, Loss Total: 68.05838012695312, Loss Train: 3.328960156068206e-05, Loss Test: 41.330108642578125
Epoch 11300, Loss Total: 68.05838012695312, Loss Train: 3.328960156068206e-05, Loss Test: 41.330108642578125
Epoch 11400, Loss Total: 68.05838012695312, Loss Train: 3.328960156068206e-05, Loss Test: 41.330108642578125
Epoch 11500, Loss Total: 68.05838012695312, Loss Train: 3.328960156068206e-05, Loss Test: 41.330108642578125
Epoch 11600, Loss Total: 68.05838012695312, Loss Train: 3.328960156068206e-05, Loss Test: 41.330108642578125
Epoch 11700, Loss Total: 68.05838012695312, Loss Train: 3.328960156068206e-05, Loss Test: 41.330108642578125
Epoch 11800, Loss Total: 68.05838012695312, Loss Train: 3.328960156068206e-05, Loss Test: 41.330108642578125
Epoch 11900, Loss Total: 68.05838012695312, Loss Train: 3.328960156068206e-05, Loss Test: 41.330108642578125
Epoch 12000, Loss Total: 68.05838012695312, Loss Train: 3.328960156068206e-05, Loss Test: 41.330108642578125
Epoch 12100, Loss Total: 68.05838012695312, Loss Train: 3.328960156068206e-05, Loss Test: 41.330108642578125
Epoch 12200, Loss Total: 68.05838012695312, Loss Train: 3.328960156068206e-05, Loss Test: 41.330108642578125
Epoch 12300, Loss Total: 68.05838012695312, Loss Train: 3.328960156068206e-05, Loss Test: 41.330108642578125
Epoch 12400, Loss Total: 68.05838012695312, Loss Train: 3.328960156068206e-05, Loss Test: 41.330108642578125
Epoch 12500, Loss Total: 68.05838012695312, Loss Train: 3.328960156068206e-05, Loss Test: 41.330108642578125
Epoch 12600, Loss Total: 68.05838012695312, Loss Train: 3.328960156068206e-05, Loss Test: 41.330108642578125
Epoch 12700, Loss Total: 68.05838012695312, Loss Train: 3.328960156068206e-05, Loss Test: 41.330108642578125
Epoch 12800, Loss Total: 68.05838012695312, Loss Train: 3.328960156068206e-05, Loss Test: 41.330108642578125
Epoch 12900, Loss Total: 68.05838012695312, Loss Train: 3.328960156068206e-05, Loss Test: 41.330108642578125
Epoch 13000, Loss Total: 68.05838012695312, Loss Train: 3.328960156068206e-05, Loss Test: 41.330108642578125
Epoch 13100, Loss Total: 68.05838012695312, Loss Train: 3.328960156068206e-05, Loss Test: 41.330108642578125
Epoch 13200, Loss Total: 68.05838012695312, Loss Train: 3.328960156068206e-05, Loss Test: 41.330108642578125
Epoch 13300, Loss Total: 68.05838012695312, Loss Train: 3.328960156068206e-05, Loss Test: 41.330108642578125
Epoch 13400, Loss Total: 68.05838012695312, Loss Train: 3.328960156068206e-05, Loss Test: 41.330108642578125
Epoch 13500, Loss Total: 68.05838012695312, Loss Train: 3.328960156068206e-05, Loss Test: 41.330108642578125
Epoch 13600, Loss Total: 68.05838012695312, Loss Train: 3.328960156068206e-05, Loss Test: 41.330108642578125
Epoch 13700, Loss Total: 68.05838012695312, Loss Train: 3.328960156068206e-05, Loss Test: 41.330108642578125
Epoch 13800, Loss Total: 68.05838012695312, Loss Train: 3.328960156068206e-05, Loss Test: 41.330108642578125
Epoch 13900, Loss Total: 68.05838012695312, Loss Train: 3.328960156068206e-05, Loss Test: 41.330108642578125
Epoch 14000, Loss Total: 68.05838012695312, Loss Train: 3.328960156068206e-05, Loss Test: 41.330108642578125
Epoch 14100, Loss Total: 68.05838012695312, Loss Train: 3.328960156068206e-05, Loss Test: 41.330108642578125
Epoch 14200, Loss Total: 68.05838012695312, Loss Train: 3.328960156068206e-05, Loss Test: 41.330108642578125
Epoch 14300, Loss Total: 68.05838012695312, Loss Train: 3.328960156068206e-05, Loss Test: 41.330108642578125
Epoch 14400, Loss Total: 68.05838012695312, Loss Train: 3.328960156068206e-05, Loss Test: 41.330108642578125
Epoch 14500, Loss Total: 68.05838012695312, Loss Train: 3.328960156068206e-05, Loss Test: 41.330108642578125
Epoch 14600, Loss Total: 68.05838012695312, Loss Train: 3.328960156068206e-05, Loss Test: 41.330108642578125
Epoch 14700, Loss Total: 68.05838012695312, Loss Train: 3.328960156068206e-05, Loss Test: 41.330108642578125
Epoch 14800, Loss Total: 68.05838012695312, Loss Train: 3.328960156068206e-05, Loss Test: 41.330108642578125
Epoch 14900, Loss Total: 68.05838012695312, Loss Train: 3.328960156068206e-05, Loss Test: 41.330108642578125
Epoch 15000, Loss Total: 68.05838012695312, Loss Train: 3.328960156068206e-05, Loss Test: 41.330108642578125
Epoch 15100, Loss Total: 68.05838012695312, Loss Train: 3.328960156068206e-05, Loss Test: 41.330108642578125
Epoch 15200, Loss Total: 68.05838012695312, Loss Train: 3.328960156068206e-05, Loss Test: 41.330108642578125
Epoch 15300, Loss Total: 68.05838012695312, Loss Train: 3.328960156068206e-05, Loss Test: 41.330108642578125
Epoch 15400, Loss Total: 68.05838012695312, Loss Train: 3.328960156068206e-05, Loss Test: 41.330108642578125
Epoch 15500, Loss Total: 68.05838012695312, Loss Train: 3.328960156068206e-05, Loss Test: 41.330108642578125
Epoch 15600, Loss Total: 68.05838012695312, Loss Train: 3.328960156068206e-05, Loss Test: 41.330108642578125
Epoch 15700, Loss Total: 68.05838012695312, Loss Train: 3.328960156068206e-05, Loss Test: 41.330108642578125
Epoch 15800, Loss Total: 68.05838012695312, Loss Train: 3.328960156068206e-05, Loss Test: 41.330108642578125
Epoch 15900, Loss Total: 68.05838012695312, Loss Train: 3.328960156068206e-05, Loss Test: 41.330108642578125
Epoch 16000, Loss Total: 68.05838012695312, Loss Train: 3.328960156068206e-05, Loss Test: 41.330108642578125
Epoch 16100, Loss Total: 68.05838012695312, Loss Train: 3.328960156068206e-05, Loss Test: 41.330108642578125
Epoch 16200, Loss Total: 68.05838012695312, Loss Train: 3.328960156068206e-05, Loss Test: 41.330108642578125
Epoch 16300, Loss Total: 68.05838012695312, Loss Train: 3.328960156068206e-05, Loss Test: 41.330108642578125
Epoch 16400, Loss Total: 68.05838012695312, Loss Train: 3.328960156068206e-05, Loss Test: 41.330108642578125
Epoch 16500, Loss Total: 68.05838012695312, Loss Train: 3.328960156068206e-05, Loss Test: 41.330108642578125
Epoch 16600, Loss Total: 68.05838012695312, Loss Train: 3.328960156068206e-05, Loss Test: 41.330108642578125
Epoch 16700, Loss Total: 68.05838012695312, Loss Train: 3.328960156068206e-05, Loss Test: 41.330108642578125
Epoch 16800, Loss Total: 68.05838012695312, Loss Train: 3.328960156068206e-05, Loss Test: 41.330108642578125
Epoch 16900, Loss Total: 68.05838012695312, Loss Train: 3.328960156068206e-05, Loss Test: 41.330108642578125
Epoch 17000, Loss Total: 68.05838012695312, Loss Train: 3.328960156068206e-05, Loss Test: 41.330108642578125
Epoch 17100, Loss Total: 68.05838012695312, Loss Train: 3.328960156068206e-05, Loss Test: 41.330108642578125
Epoch 17200, Loss Total: 68.05838012695312, Loss Train: 3.328960156068206e-05, Loss Test: 41.330108642578125
Epoch 17300, Loss Total: 68.05838012695312, Loss Train: 3.328960156068206e-05, Loss Test: 41.330108642578125
Epoch 17400, Loss Total: 68.05838012695312, Loss Train: 3.328960156068206e-05, Loss Test: 41.330108642578125
Epoch 17500, Loss Total: 68.05838012695312, Loss Train: 3.328960156068206e-05, Loss Test: 41.330108642578125
Epoch 17600, Loss Total: 68.05838012695312, Loss Train: 3.328960156068206e-05, Loss Test: 41.330108642578125
Epoch 17700, Loss Total: 68.05838012695312, Loss Train: 3.328960156068206e-05, Loss Test: 41.330108642578125
Epoch 17800, Loss Total: 68.05838012695312, Loss Train: 3.328960156068206e-05, Loss Test: 41.330108642578125
Epoch 17900, Loss Total: 68.05838012695312, Loss Train: 3.328960156068206e-05, Loss Test: 41.330108642578125
Epoch 18000, Loss Total: 68.05838012695312, Loss Train: 3.328960156068206e-05, Loss Test: 41.330108642578125
Epoch 18100, Loss Total: 68.05838012695312, Loss Train: 3.328960156068206e-05, Loss Test: 41.330108642578125
Epoch 18200, Loss Total: 68.05838012695312, Loss Train: 3.328960156068206e-05, Loss Test: 41.330108642578125
Epoch 18300, Loss Total: 68.05838012695312, Loss Train: 3.328960156068206e-05, Loss Test: 41.330108642578125
Epoch 18400, Loss Total: 68.05838012695312, Loss Train: 3.328960156068206e-05, Loss Test: 41.330108642578125
Epoch 18500, Loss Total: 68.05838012695312, Loss Train: 3.328960156068206e-05, Loss Test: 41.330108642578125
Epoch 18600, Loss Total: 68.05838012695312, Loss Train: 3.328960156068206e-05, Loss Test: 41.330108642578125
Epoch 18700, Loss Total: 68.05838012695312, Loss Train: 3.328960156068206e-05, Loss Test: 41.330108642578125
Epoch 18800, Loss Total: 68.05838012695312, Loss Train: 3.328960156068206e-05, Loss Test: 41.330108642578125
Epoch 18900, Loss Total: 68.05838012695312, Loss Train: 3.328960156068206e-05, Loss Test: 41.330108642578125
Epoch 19000, Loss Total: 68.05838012695312, Loss Train: 3.328960156068206e-05, Loss Test: 41.330108642578125
Epoch 19100, Loss Total: 68.05838012695312, Loss Train: 3.328960156068206e-05, Loss Test: 41.330108642578125
Epoch 19200, Loss Total: 68.05838012695312, Loss Train: 3.328960156068206e-05, Loss Test: 41.330108642578125
Epoch 19300, Loss Total: 68.05838012695312, Loss Train: 3.328960156068206e-05, Loss Test: 41.330108642578125
Epoch 19400, Loss Total: 68.05838012695312, Loss Train: 3.328960156068206e-05, Loss Test: 41.330108642578125
Epoch 19500, Loss Total: 68.05838012695312, Loss Train: 3.328960156068206e-05, Loss Test: 41.330108642578125
Epoch 19600, Loss Total: 68.05838012695312, Loss Train: 3.328960156068206e-05, Loss Test: 41.330108642578125
Epoch 19700, Loss Total: 68.05838012695312, Loss Train: 3.328960156068206e-05, Loss Test: 41.330108642578125
Epoch 19800, Loss Total: 68.05838012695312, Loss Train: 3.328960156068206e-05, Loss Test: 41.330108642578125
Epoch 19900, Loss Total: 68.05838012695312, Loss Train: 3.328960156068206e-05, Loss Test: 41.330108642578125
Results for seed=6 and percentage=0.1 already exist, skipping.
Finished task 54
