Running task 835 with seed=92 and percentage=0.45
Epoch 0, Loss Total: 83.81268310546875, Loss Train: 130.22262573242188, Loss Test: 131.3998260498047
Epoch 100, Loss Total: 40.888675689697266, Loss Train: 40.356388092041016, Loss Test: 59.78483963012695
Epoch 200, Loss Total: 39.813201904296875, Loss Train: 18.139427185058594, Loss Test: 36.71075439453125
Epoch 300, Loss Total: 42.81464385986328, Loss Train: 9.411025047302246, Loss Test: 30.344621658325195
Epoch 400, Loss Total: 45.38515090942383, Loss Train: 5.226147174835205, Loss Test: 28.05001449584961
Epoch 500, Loss Total: 47.346702575683594, Loss Train: 3.020169496536255, Loss Test: 27.086570739746094
Epoch 600, Loss Total: 48.791107177734375, Loss Train: 1.783381700515747, Loss Test: 26.640031814575195
Epoch 700, Loss Total: 49.84572219848633, Loss Train: 1.0637191534042358, Loss Test: 26.420228958129883
Epoch 800, Loss Total: 50.6187629699707, Loss Train: 0.6372338533401489, Loss Test: 26.308765411376953
Epoch 900, Loss Total: 51.187156677246094, Loss Train: 0.38243213295936584, Loss Test: 26.251279830932617
Epoch 1000, Loss Total: 51.60377502441406, Loss Train: 0.22950927913188934, Loss Test: 26.220928192138672
Epoch 1100, Loss Total: 51.90656661987305, Loss Train: 0.1373898684978485, Loss Test: 26.204160690307617
Epoch 1200, Loss Total: 52.124244689941406, Loss Train: 0.08175285905599594, Loss Test: 26.194217681884766
Epoch 1300, Loss Total: 52.279083251953125, Loss Train: 0.048154398798942566, Loss Test: 26.18780517578125
Epoch 1400, Loss Total: 52.38829040527344, Loss Train: 0.027957284823060036, Loss Test: 26.183361053466797
Epoch 1500, Loss Total: 52.464866638183594, Loss Train: 0.015936391428112984, Loss Test: 26.180116653442383
Epoch 1600, Loss Total: 52.51837158203125, Loss Train: 0.0088914530351758, Loss Test: 26.177688598632812
Epoch 1700, Loss Total: 52.55570602416992, Loss Train: 0.004846330266445875, Loss Test: 26.175851821899414
Epoch 1800, Loss Total: 52.58174514770508, Loss Train: 0.002580176806077361, Loss Test: 26.174470901489258
Epoch 1900, Loss Total: 52.599884033203125, Loss Train: 0.0013457529712468386, Loss Test: 26.17344093322754
Epoch 2000, Loss Total: 52.61250686645508, Loss Train: 0.0006936733261682093, Loss Test: 26.172687530517578
Epoch 2100, Loss Total: 52.621273040771484, Loss Train: 0.0003601880162023008, Loss Test: 26.172142028808594
Epoch 2200, Loss Total: 52.62732696533203, Loss Train: 0.00019539822824299335, Loss Test: 26.171764373779297
Epoch 2300, Loss Total: 52.631500244140625, Loss Train: 0.00011661808821372688, Loss Test: 26.171504974365234
Epoch 2400, Loss Total: 52.63437271118164, Loss Train: 8.009738667169586e-05, Loss Test: 26.171340942382812
Epoch 2500, Loss Total: 52.63633346557617, Loss Train: 6.377763929776847e-05, Loss Test: 26.171241760253906
Epoch 2600, Loss Total: 52.637672424316406, Loss Train: 5.662153853336349e-05, Loss Test: 26.171184539794922
Epoch 2700, Loss Total: 52.638580322265625, Loss Train: 5.346674151951447e-05, Loss Test: 26.171161651611328
Epoch 2800, Loss Total: 52.63920593261719, Loss Train: 5.210601011640392e-05, Loss Test: 26.171154022216797
Epoch 2900, Loss Total: 52.63963317871094, Loss Train: 5.152435915078968e-05, Loss Test: 26.171159744262695
Epoch 3000, Loss Total: 52.63992691040039, Loss Train: 5.128554766997695e-05, Loss Test: 26.17116355895996
Epoch 3100, Loss Total: 52.64012908935547, Loss Train: 5.1110753702232614e-05, Loss Test: 26.171171188354492
Epoch 3200, Loss Total: 52.640262603759766, Loss Train: 5.1044466090388596e-05, Loss Test: 26.171180725097656
Epoch 3300, Loss Total: 52.64031219482422, Loss Train: 5.101814531371929e-05, Loss Test: 26.171184539794922
Epoch 3400, Loss Total: 52.64035415649414, Loss Train: 5.1007576985284686e-05, Loss Test: 26.17119026184082
Epoch 3500, Loss Total: 52.640384674072266, Loss Train: 5.0997219659620896e-05, Loss Test: 26.171192169189453
Epoch 3600, Loss Total: 52.64040756225586, Loss Train: 5.0991915486520156e-05, Loss Test: 26.171192169189453
Epoch 3700, Loss Total: 52.64042282104492, Loss Train: 5.099190821056254e-05, Loss Test: 26.171194076538086
Epoch 3800, Loss Total: 52.64042282104492, Loss Train: 5.099190821056254e-05, Loss Test: 26.171194076538086
Epoch 3900, Loss Total: 52.64042282104492, Loss Train: 5.099190821056254e-05, Loss Test: 26.171194076538086
Epoch 4000, Loss Total: 52.64042282104492, Loss Train: 5.099190821056254e-05, Loss Test: 26.171194076538086
Epoch 4100, Loss Total: 52.64042282104492, Loss Train: 5.099190821056254e-05, Loss Test: 26.171194076538086
Epoch 4200, Loss Total: 52.64042282104492, Loss Train: 5.099190821056254e-05, Loss Test: 26.171194076538086
Epoch 4300, Loss Total: 52.64042282104492, Loss Train: 5.099190821056254e-05, Loss Test: 26.171194076538086
Epoch 4400, Loss Total: 52.64042282104492, Loss Train: 5.099190821056254e-05, Loss Test: 26.171194076538086
Epoch 4500, Loss Total: 52.64042282104492, Loss Train: 5.099190821056254e-05, Loss Test: 26.171194076538086
Epoch 4600, Loss Total: 52.64042282104492, Loss Train: 5.099190821056254e-05, Loss Test: 26.171194076538086
Epoch 4700, Loss Total: 52.64042282104492, Loss Train: 5.099190821056254e-05, Loss Test: 26.171194076538086
Epoch 4800, Loss Total: 52.64042282104492, Loss Train: 5.099190821056254e-05, Loss Test: 26.171194076538086
Epoch 4900, Loss Total: 52.64042282104492, Loss Train: 5.099190821056254e-05, Loss Test: 26.171194076538086
Epoch 5000, Loss Total: 52.64042282104492, Loss Train: 5.099190821056254e-05, Loss Test: 26.171194076538086
Epoch 5100, Loss Total: 52.64042282104492, Loss Train: 5.099190821056254e-05, Loss Test: 26.171194076538086
Epoch 5200, Loss Total: 52.64042282104492, Loss Train: 5.099190821056254e-05, Loss Test: 26.171194076538086
Epoch 5300, Loss Total: 52.64042282104492, Loss Train: 5.099190821056254e-05, Loss Test: 26.171194076538086
Epoch 5400, Loss Total: 52.64042282104492, Loss Train: 5.099190821056254e-05, Loss Test: 26.171194076538086
Epoch 5500, Loss Total: 52.64042282104492, Loss Train: 5.099190821056254e-05, Loss Test: 26.171194076538086
Epoch 5600, Loss Total: 52.64042282104492, Loss Train: 5.099190821056254e-05, Loss Test: 26.171194076538086
Epoch 5700, Loss Total: 52.64042282104492, Loss Train: 5.099190821056254e-05, Loss Test: 26.171194076538086
Epoch 5800, Loss Total: 52.64042282104492, Loss Train: 5.099190821056254e-05, Loss Test: 26.171194076538086
Epoch 5900, Loss Total: 52.64042282104492, Loss Train: 5.099190821056254e-05, Loss Test: 26.171194076538086
Epoch 6000, Loss Total: 52.64042282104492, Loss Train: 5.099190821056254e-05, Loss Test: 26.171194076538086
Epoch 6100, Loss Total: 52.64042282104492, Loss Train: 5.099190821056254e-05, Loss Test: 26.171194076538086
Epoch 6200, Loss Total: 52.64042282104492, Loss Train: 5.099190821056254e-05, Loss Test: 26.171194076538086
Epoch 6300, Loss Total: 52.64042282104492, Loss Train: 5.099190821056254e-05, Loss Test: 26.171194076538086
Epoch 6400, Loss Total: 52.64042282104492, Loss Train: 5.099190821056254e-05, Loss Test: 26.171194076538086
Epoch 6500, Loss Total: 52.64042282104492, Loss Train: 5.099190821056254e-05, Loss Test: 26.171194076538086
Epoch 6600, Loss Total: 52.64042282104492, Loss Train: 5.099190821056254e-05, Loss Test: 26.171194076538086
Epoch 6700, Loss Total: 52.64042282104492, Loss Train: 5.099190821056254e-05, Loss Test: 26.171194076538086
Epoch 6800, Loss Total: 52.64042282104492, Loss Train: 5.099190821056254e-05, Loss Test: 26.171194076538086
Epoch 6900, Loss Total: 52.64042282104492, Loss Train: 5.099190821056254e-05, Loss Test: 26.171194076538086
Epoch 7000, Loss Total: 52.64042282104492, Loss Train: 5.099190821056254e-05, Loss Test: 26.171194076538086
Epoch 7100, Loss Total: 52.64042282104492, Loss Train: 5.099190821056254e-05, Loss Test: 26.171194076538086
Epoch 7200, Loss Total: 52.64042282104492, Loss Train: 5.099190821056254e-05, Loss Test: 26.171194076538086
Epoch 7300, Loss Total: 52.64042282104492, Loss Train: 5.099190821056254e-05, Loss Test: 26.171194076538086
Epoch 7400, Loss Total: 52.64042282104492, Loss Train: 5.099190821056254e-05, Loss Test: 26.171194076538086
Epoch 7500, Loss Total: 52.64042282104492, Loss Train: 5.099190821056254e-05, Loss Test: 26.171194076538086
Epoch 7600, Loss Total: 52.64042282104492, Loss Train: 5.099190821056254e-05, Loss Test: 26.171194076538086
Epoch 7700, Loss Total: 52.64042282104492, Loss Train: 5.099190821056254e-05, Loss Test: 26.171194076538086
Epoch 7800, Loss Total: 52.64042282104492, Loss Train: 5.099190821056254e-05, Loss Test: 26.171194076538086
Epoch 7900, Loss Total: 52.64042282104492, Loss Train: 5.099190821056254e-05, Loss Test: 26.171194076538086
Epoch 8000, Loss Total: 52.64042282104492, Loss Train: 5.099190821056254e-05, Loss Test: 26.171194076538086
Epoch 8100, Loss Total: 52.64042282104492, Loss Train: 5.099190821056254e-05, Loss Test: 26.171194076538086
Epoch 8200, Loss Total: 52.64042282104492, Loss Train: 5.099190821056254e-05, Loss Test: 26.171194076538086
Epoch 8300, Loss Total: 52.64042282104492, Loss Train: 5.099190821056254e-05, Loss Test: 26.171194076538086
Epoch 8400, Loss Total: 52.64042282104492, Loss Train: 5.099190821056254e-05, Loss Test: 26.171194076538086
Epoch 8500, Loss Total: 52.64042282104492, Loss Train: 5.099190821056254e-05, Loss Test: 26.171194076538086
Epoch 8600, Loss Total: 52.64042282104492, Loss Train: 5.099190821056254e-05, Loss Test: 26.171194076538086
Epoch 8700, Loss Total: 52.64042282104492, Loss Train: 5.099190821056254e-05, Loss Test: 26.171194076538086
Epoch 8800, Loss Total: 52.64042282104492, Loss Train: 5.099190821056254e-05, Loss Test: 26.171194076538086
Epoch 8900, Loss Total: 52.64042282104492, Loss Train: 5.099190821056254e-05, Loss Test: 26.171194076538086
Epoch 9000, Loss Total: 52.64042282104492, Loss Train: 5.099190821056254e-05, Loss Test: 26.171194076538086
Epoch 9100, Loss Total: 52.64042282104492, Loss Train: 5.099190821056254e-05, Loss Test: 26.171194076538086
Epoch 9200, Loss Total: 52.64042282104492, Loss Train: 5.099190821056254e-05, Loss Test: 26.171194076538086
Epoch 9300, Loss Total: 52.64042282104492, Loss Train: 5.099190821056254e-05, Loss Test: 26.171194076538086
Epoch 9400, Loss Total: 52.64042282104492, Loss Train: 5.099190821056254e-05, Loss Test: 26.171194076538086
Epoch 9500, Loss Total: 52.64042282104492, Loss Train: 5.099190821056254e-05, Loss Test: 26.171194076538086
Epoch 9600, Loss Total: 52.64042282104492, Loss Train: 5.099190821056254e-05, Loss Test: 26.171194076538086
Epoch 9700, Loss Total: 52.64042282104492, Loss Train: 5.099190821056254e-05, Loss Test: 26.171194076538086
Epoch 9800, Loss Total: 52.64042282104492, Loss Train: 5.099190821056254e-05, Loss Test: 26.171194076538086
Epoch 9900, Loss Total: 52.64042282104492, Loss Train: 5.099190821056254e-05, Loss Test: 26.171194076538086
Epoch 10000, Loss Total: 52.64042282104492, Loss Train: 5.099190821056254e-05, Loss Test: 26.171194076538086
Epoch 10100, Loss Total: 52.64042282104492, Loss Train: 5.099190821056254e-05, Loss Test: 26.171194076538086
Epoch 10200, Loss Total: 52.64042282104492, Loss Train: 5.099190821056254e-05, Loss Test: 26.171194076538086
Epoch 10300, Loss Total: 52.64042282104492, Loss Train: 5.099190821056254e-05, Loss Test: 26.171194076538086
Epoch 10400, Loss Total: 52.64042282104492, Loss Train: 5.099190821056254e-05, Loss Test: 26.171194076538086
Epoch 10500, Loss Total: 52.64042282104492, Loss Train: 5.099190821056254e-05, Loss Test: 26.171194076538086
Epoch 10600, Loss Total: 52.64042282104492, Loss Train: 5.099190821056254e-05, Loss Test: 26.171194076538086
Epoch 10700, Loss Total: 52.64042282104492, Loss Train: 5.099190821056254e-05, Loss Test: 26.171194076538086
Epoch 10800, Loss Total: 52.64042282104492, Loss Train: 5.099190821056254e-05, Loss Test: 26.171194076538086
Epoch 10900, Loss Total: 52.64042282104492, Loss Train: 5.099190821056254e-05, Loss Test: 26.171194076538086
Epoch 11000, Loss Total: 52.64042282104492, Loss Train: 5.099190821056254e-05, Loss Test: 26.171194076538086
Epoch 11100, Loss Total: 52.64042282104492, Loss Train: 5.099190821056254e-05, Loss Test: 26.171194076538086
Epoch 11200, Loss Total: 52.64042282104492, Loss Train: 5.099190821056254e-05, Loss Test: 26.171194076538086
Epoch 11300, Loss Total: 52.64042282104492, Loss Train: 5.099190821056254e-05, Loss Test: 26.171194076538086
Epoch 11400, Loss Total: 52.64042282104492, Loss Train: 5.099190821056254e-05, Loss Test: 26.171194076538086
Epoch 11500, Loss Total: 52.64042282104492, Loss Train: 5.099190821056254e-05, Loss Test: 26.171194076538086
Epoch 11600, Loss Total: 52.64042282104492, Loss Train: 5.099190821056254e-05, Loss Test: 26.171194076538086
Epoch 11700, Loss Total: 52.64042282104492, Loss Train: 5.099190821056254e-05, Loss Test: 26.171194076538086
Epoch 11800, Loss Total: 52.64042282104492, Loss Train: 5.099190821056254e-05, Loss Test: 26.171194076538086
Epoch 11900, Loss Total: 52.64042282104492, Loss Train: 5.099190821056254e-05, Loss Test: 26.171194076538086
Epoch 12000, Loss Total: 52.64042282104492, Loss Train: 5.099190821056254e-05, Loss Test: 26.171194076538086
Epoch 12100, Loss Total: 52.64042282104492, Loss Train: 5.099190821056254e-05, Loss Test: 26.171194076538086
Epoch 12200, Loss Total: 52.64042282104492, Loss Train: 5.099190821056254e-05, Loss Test: 26.171194076538086
Epoch 12300, Loss Total: 52.64042282104492, Loss Train: 5.099190821056254e-05, Loss Test: 26.171194076538086
Epoch 12400, Loss Total: 52.64042282104492, Loss Train: 5.099190821056254e-05, Loss Test: 26.171194076538086
Epoch 12500, Loss Total: 52.64042282104492, Loss Train: 5.099190821056254e-05, Loss Test: 26.171194076538086
Epoch 12600, Loss Total: 52.64042282104492, Loss Train: 5.099190821056254e-05, Loss Test: 26.171194076538086
Epoch 12700, Loss Total: 52.64042282104492, Loss Train: 5.099190821056254e-05, Loss Test: 26.171194076538086
Epoch 12800, Loss Total: 52.64042282104492, Loss Train: 5.099190821056254e-05, Loss Test: 26.171194076538086
Epoch 12900, Loss Total: 52.64042282104492, Loss Train: 5.099190821056254e-05, Loss Test: 26.171194076538086
Epoch 13000, Loss Total: 52.64042282104492, Loss Train: 5.099190821056254e-05, Loss Test: 26.171194076538086
Epoch 13100, Loss Total: 52.64042282104492, Loss Train: 5.099190821056254e-05, Loss Test: 26.171194076538086
Epoch 13200, Loss Total: 52.64042282104492, Loss Train: 5.099190821056254e-05, Loss Test: 26.171194076538086
Epoch 13300, Loss Total: 52.64042282104492, Loss Train: 5.099190821056254e-05, Loss Test: 26.171194076538086
Epoch 13400, Loss Total: 52.64042282104492, Loss Train: 5.099190821056254e-05, Loss Test: 26.171194076538086
Epoch 13500, Loss Total: 52.64042282104492, Loss Train: 5.099190821056254e-05, Loss Test: 26.171194076538086
Epoch 13600, Loss Total: 52.64042282104492, Loss Train: 5.099190821056254e-05, Loss Test: 26.171194076538086
Epoch 13700, Loss Total: 52.64042282104492, Loss Train: 5.099190821056254e-05, Loss Test: 26.171194076538086
Epoch 13800, Loss Total: 52.64042282104492, Loss Train: 5.099190821056254e-05, Loss Test: 26.171194076538086
Epoch 13900, Loss Total: 52.64042282104492, Loss Train: 5.099190821056254e-05, Loss Test: 26.171194076538086
Epoch 14000, Loss Total: 52.64042282104492, Loss Train: 5.099190821056254e-05, Loss Test: 26.171194076538086
Epoch 14100, Loss Total: 52.64042282104492, Loss Train: 5.099190821056254e-05, Loss Test: 26.171194076538086
Epoch 14200, Loss Total: 52.64042282104492, Loss Train: 5.099190821056254e-05, Loss Test: 26.171194076538086
Epoch 14300, Loss Total: 52.64042282104492, Loss Train: 5.099190821056254e-05, Loss Test: 26.171194076538086
Epoch 14400, Loss Total: 52.64042282104492, Loss Train: 5.099190821056254e-05, Loss Test: 26.171194076538086
Epoch 14500, Loss Total: 52.64042282104492, Loss Train: 5.099190821056254e-05, Loss Test: 26.171194076538086
Epoch 14600, Loss Total: 52.64042282104492, Loss Train: 5.099190821056254e-05, Loss Test: 26.171194076538086
Epoch 14700, Loss Total: 52.64042282104492, Loss Train: 5.099190821056254e-05, Loss Test: 26.171194076538086
Epoch 14800, Loss Total: 52.64042282104492, Loss Train: 5.099190821056254e-05, Loss Test: 26.171194076538086
Epoch 14900, Loss Total: 52.64042282104492, Loss Train: 5.099190821056254e-05, Loss Test: 26.171194076538086
Epoch 15000, Loss Total: 52.64042282104492, Loss Train: 5.099190821056254e-05, Loss Test: 26.171194076538086
Epoch 15100, Loss Total: 52.64042282104492, Loss Train: 5.099190821056254e-05, Loss Test: 26.171194076538086
Epoch 15200, Loss Total: 52.64042282104492, Loss Train: 5.099190821056254e-05, Loss Test: 26.171194076538086
Epoch 15300, Loss Total: 52.64042282104492, Loss Train: 5.099190821056254e-05, Loss Test: 26.171194076538086
Epoch 15400, Loss Total: 52.64042282104492, Loss Train: 5.099190821056254e-05, Loss Test: 26.171194076538086
Epoch 15500, Loss Total: 52.64042282104492, Loss Train: 5.099190821056254e-05, Loss Test: 26.171194076538086
Epoch 15600, Loss Total: 52.64042282104492, Loss Train: 5.099190821056254e-05, Loss Test: 26.171194076538086
Epoch 15700, Loss Total: 52.64042282104492, Loss Train: 5.099190821056254e-05, Loss Test: 26.171194076538086
Epoch 15800, Loss Total: 52.64042282104492, Loss Train: 5.099190821056254e-05, Loss Test: 26.171194076538086
Epoch 15900, Loss Total: 52.64042282104492, Loss Train: 5.099190821056254e-05, Loss Test: 26.171194076538086
Epoch 16000, Loss Total: 52.64042282104492, Loss Train: 5.099190821056254e-05, Loss Test: 26.171194076538086
Epoch 16100, Loss Total: 52.64042282104492, Loss Train: 5.099190821056254e-05, Loss Test: 26.171194076538086
Epoch 16200, Loss Total: 52.64042282104492, Loss Train: 5.099190821056254e-05, Loss Test: 26.171194076538086
Epoch 16300, Loss Total: 52.64042282104492, Loss Train: 5.099190821056254e-05, Loss Test: 26.171194076538086
Epoch 16400, Loss Total: 52.64042282104492, Loss Train: 5.099190821056254e-05, Loss Test: 26.171194076538086
Epoch 16500, Loss Total: 52.64042282104492, Loss Train: 5.099190821056254e-05, Loss Test: 26.171194076538086
Epoch 16600, Loss Total: 52.64042282104492, Loss Train: 5.099190821056254e-05, Loss Test: 26.171194076538086
Epoch 16700, Loss Total: 52.64042282104492, Loss Train: 5.099190821056254e-05, Loss Test: 26.171194076538086
Epoch 16800, Loss Total: 52.64042282104492, Loss Train: 5.099190821056254e-05, Loss Test: 26.171194076538086
Epoch 16900, Loss Total: 52.64042282104492, Loss Train: 5.099190821056254e-05, Loss Test: 26.171194076538086
Epoch 17000, Loss Total: 52.64042282104492, Loss Train: 5.099190821056254e-05, Loss Test: 26.171194076538086
Epoch 17100, Loss Total: 52.64042282104492, Loss Train: 5.099190821056254e-05, Loss Test: 26.171194076538086
Epoch 17200, Loss Total: 52.64042282104492, Loss Train: 5.099190821056254e-05, Loss Test: 26.171194076538086
Epoch 17300, Loss Total: 52.64042282104492, Loss Train: 5.099190821056254e-05, Loss Test: 26.171194076538086
Epoch 17400, Loss Total: 52.64042282104492, Loss Train: 5.099190821056254e-05, Loss Test: 26.171194076538086
Epoch 17500, Loss Total: 52.64042282104492, Loss Train: 5.099190821056254e-05, Loss Test: 26.171194076538086
Epoch 17600, Loss Total: 52.64042282104492, Loss Train: 5.099190821056254e-05, Loss Test: 26.171194076538086
Epoch 17700, Loss Total: 52.64042282104492, Loss Train: 5.099190821056254e-05, Loss Test: 26.171194076538086
Epoch 17800, Loss Total: 52.64042282104492, Loss Train: 5.099190821056254e-05, Loss Test: 26.171194076538086
Epoch 17900, Loss Total: 52.64042282104492, Loss Train: 5.099190821056254e-05, Loss Test: 26.171194076538086
Epoch 18000, Loss Total: 52.64042282104492, Loss Train: 5.099190821056254e-05, Loss Test: 26.171194076538086
Epoch 18100, Loss Total: 52.64042282104492, Loss Train: 5.099190821056254e-05, Loss Test: 26.171194076538086
Epoch 18200, Loss Total: 52.64042282104492, Loss Train: 5.099190821056254e-05, Loss Test: 26.171194076538086
Epoch 18300, Loss Total: 52.64042282104492, Loss Train: 5.099190821056254e-05, Loss Test: 26.171194076538086
Epoch 18400, Loss Total: 52.64042282104492, Loss Train: 5.099190821056254e-05, Loss Test: 26.171194076538086
Epoch 18500, Loss Total: 52.64042282104492, Loss Train: 5.099190821056254e-05, Loss Test: 26.171194076538086
Epoch 18600, Loss Total: 52.64042282104492, Loss Train: 5.099190821056254e-05, Loss Test: 26.171194076538086
Epoch 18700, Loss Total: 52.64042282104492, Loss Train: 5.099190821056254e-05, Loss Test: 26.171194076538086
Epoch 18800, Loss Total: 52.64042282104492, Loss Train: 5.099190821056254e-05, Loss Test: 26.171194076538086
Epoch 18900, Loss Total: 52.64042282104492, Loss Train: 5.099190821056254e-05, Loss Test: 26.171194076538086
Epoch 19000, Loss Total: 52.64042282104492, Loss Train: 5.099190821056254e-05, Loss Test: 26.171194076538086
Epoch 19100, Loss Total: 52.64042282104492, Loss Train: 5.099190821056254e-05, Loss Test: 26.171194076538086
Epoch 19200, Loss Total: 52.64042282104492, Loss Train: 5.099190821056254e-05, Loss Test: 26.171194076538086
Epoch 19300, Loss Total: 52.64042282104492, Loss Train: 5.099190821056254e-05, Loss Test: 26.171194076538086
Epoch 19400, Loss Total: 52.64042282104492, Loss Train: 5.099190821056254e-05, Loss Test: 26.171194076538086
Epoch 19500, Loss Total: 52.64042282104492, Loss Train: 5.099190821056254e-05, Loss Test: 26.171194076538086
Epoch 19600, Loss Total: 52.64042282104492, Loss Train: 5.099190821056254e-05, Loss Test: 26.171194076538086
Epoch 19700, Loss Total: 52.64042282104492, Loss Train: 5.099190821056254e-05, Loss Test: 26.171194076538086
Epoch 19800, Loss Total: 52.64042282104492, Loss Train: 5.099190821056254e-05, Loss Test: 26.171194076538086
Epoch 19900, Loss Total: 52.64042282104492, Loss Train: 5.099190821056254e-05, Loss Test: 26.171194076538086
Added results for seed=92 and percentage=0.45
Finished task 835
