Running task 630 with seed=70 and percentage=0.10
Epoch 0, Loss Total: 84.23261260986328, Loss Train: 110.94416046142578, Loss Test: 133.8235626220703
Epoch 100, Loss Total: 56.63847732543945, Loss Train: 26.707712173461914, Loss Test: 91.09884643554688
Epoch 200, Loss Total: 45.505191802978516, Loss Train: 9.480311393737793, Loss Test: 59.4681282043457
Epoch 300, Loss Total: 45.655757904052734, Loss Train: 4.1289873123168945, Loss Test: 47.42462921142578
Epoch 400, Loss Total: 48.23867416381836, Loss Train: 2.0141441822052, Loss Test: 43.07777786254883
Epoch 500, Loss Total: 50.89459228515625, Loss Train: 1.0643186569213867, Loss Test: 41.6299934387207
Epoch 600, Loss Total: 53.10758972167969, Loss Train: 0.5904490351676941, Loss Test: 41.279754638671875
Epoch 700, Loss Total: 54.835960388183594, Loss Train: 0.33335527777671814, Loss Test: 41.32734298706055
Epoch 800, Loss Total: 56.157894134521484, Loss Train: 0.18704327940940857, Loss Test: 41.49884796142578
Epoch 900, Loss Total: 57.16300964355469, Loss Train: 0.10268095135688782, Loss Test: 41.6885986328125
Epoch 1000, Loss Total: 57.92511749267578, Loss Train: 0.054609764367341995, Loss Test: 41.85833740234375
Epoch 1100, Loss Total: 58.50112533569336, Loss Train: 0.027961725369095802, Loss Test: 41.99729919433594
Epoch 1200, Loss Total: 58.934837341308594, Loss Train: 0.013727701269090176, Loss Test: 42.10580825805664
Epoch 1300, Loss Total: 59.260276794433594, Loss Train: 0.006445925682783127, Loss Test: 42.18821334838867
Epoch 1400, Loss Total: 59.503807067871094, Loss Train: 0.0028937719762325287, Loss Test: 42.24973678588867
Epoch 1500, Loss Total: 59.68572998046875, Loss Train: 0.0012465876061469316, Loss Test: 42.29521560668945
Epoch 1600, Loss Total: 59.82152557373047, Loss Train: 0.0005219756276346743, Loss Test: 42.32866287231445
Epoch 1700, Loss Total: 59.92291259765625, Loss Train: 0.00021973946422804147, Loss Test: 42.35322952270508
Epoch 1800, Loss Total: 59.998687744140625, Loss Train: 0.00010003901843447238, Loss Test: 42.371299743652344
Epoch 1900, Loss Total: 60.05540084838867, Loss Train: 5.4695272410754114e-05, Loss Test: 42.384647369384766
Epoch 2000, Loss Total: 60.09793472290039, Loss Train: 3.807893881457858e-05, Loss Test: 42.39457702636719
Epoch 2100, Loss Total: 60.12991714477539, Loss Train: 3.209606802556664e-05, Loss Test: 42.40202713012695
Epoch 2200, Loss Total: 60.154014587402344, Loss Train: 2.983379272336606e-05, Loss Test: 42.40766906738281
Epoch 2300, Loss Total: 60.17221450805664, Loss Train: 2.8977477995795198e-05, Loss Test: 42.411983489990234
Epoch 2400, Loss Total: 60.18600845336914, Loss Train: 2.8598977223737165e-05, Loss Test: 42.415313720703125
Epoch 2500, Loss Total: 60.19648742675781, Loss Train: 2.847307587217074e-05, Loss Test: 42.41790008544922
Epoch 2600, Loss Total: 60.20446014404297, Loss Train: 2.8411826860974543e-05, Loss Test: 42.419921875
Epoch 2700, Loss Total: 60.210540771484375, Loss Train: 2.8379725335980766e-05, Loss Test: 42.42151641845703
Epoch 2800, Loss Total: 60.21364212036133, Loss Train: 2.837544343492482e-05, Loss Test: 42.422359466552734
Epoch 2900, Loss Total: 60.21498107910156, Loss Train: 2.837540887412615e-05, Loss Test: 42.4227294921875
Epoch 3000, Loss Total: 60.21561050415039, Loss Train: 2.8375410693115555e-05, Loss Test: 42.42290496826172
Epoch 3100, Loss Total: 60.21591567993164, Loss Train: 2.8375414331094362e-05, Loss Test: 42.422996520996094
Epoch 3200, Loss Total: 60.21605682373047, Loss Train: 2.8375414331094362e-05, Loss Test: 42.423038482666016
Epoch 3300, Loss Total: 60.21611785888672, Loss Train: 2.8375414331094362e-05, Loss Test: 42.42306137084961
Epoch 3400, Loss Total: 60.216156005859375, Loss Train: 2.8375414331094362e-05, Loss Test: 42.423072814941406
Epoch 3500, Loss Total: 60.21616744995117, Loss Train: 2.8375414331094362e-05, Loss Test: 42.42307662963867
Epoch 3600, Loss Total: 60.21616744995117, Loss Train: 2.8375414331094362e-05, Loss Test: 42.42307662963867
Epoch 3700, Loss Total: 60.21616744995117, Loss Train: 2.8375414331094362e-05, Loss Test: 42.42307662963867
Epoch 3800, Loss Total: 60.21616744995117, Loss Train: 2.8375414331094362e-05, Loss Test: 42.42307662963867
Epoch 3900, Loss Total: 60.21616744995117, Loss Train: 2.8375414331094362e-05, Loss Test: 42.42307662963867
Epoch 4000, Loss Total: 60.21616744995117, Loss Train: 2.8375414331094362e-05, Loss Test: 42.42307662963867
Epoch 4100, Loss Total: 60.21616744995117, Loss Train: 2.8375414331094362e-05, Loss Test: 42.42307662963867
Epoch 4200, Loss Total: 60.21616744995117, Loss Train: 2.8375414331094362e-05, Loss Test: 42.42307662963867
Epoch 4300, Loss Total: 60.21616744995117, Loss Train: 2.8375414331094362e-05, Loss Test: 42.42307662963867
Epoch 4400, Loss Total: 60.21616744995117, Loss Train: 2.8375414331094362e-05, Loss Test: 42.42307662963867
Epoch 4500, Loss Total: 60.21616744995117, Loss Train: 2.8375414331094362e-05, Loss Test: 42.42307662963867
Epoch 4600, Loss Total: 60.21616744995117, Loss Train: 2.8375414331094362e-05, Loss Test: 42.42307662963867
Epoch 4700, Loss Total: 60.21616744995117, Loss Train: 2.8375414331094362e-05, Loss Test: 42.42307662963867
Epoch 4800, Loss Total: 60.21616744995117, Loss Train: 2.8375414331094362e-05, Loss Test: 42.42307662963867
Epoch 4900, Loss Total: 60.21616744995117, Loss Train: 2.8375414331094362e-05, Loss Test: 42.42307662963867
Epoch 5000, Loss Total: 60.21616744995117, Loss Train: 2.8375414331094362e-05, Loss Test: 42.42307662963867
Epoch 5100, Loss Total: 60.21616744995117, Loss Train: 2.8375414331094362e-05, Loss Test: 42.42307662963867
Epoch 5200, Loss Total: 60.21616744995117, Loss Train: 2.8375414331094362e-05, Loss Test: 42.42307662963867
Epoch 5300, Loss Total: 60.21616744995117, Loss Train: 2.8375414331094362e-05, Loss Test: 42.42307662963867
Epoch 5400, Loss Total: 60.21616744995117, Loss Train: 2.8375414331094362e-05, Loss Test: 42.42307662963867
Epoch 5500, Loss Total: 60.21616744995117, Loss Train: 2.8375414331094362e-05, Loss Test: 42.42307662963867
Epoch 5600, Loss Total: 60.21616744995117, Loss Train: 2.8375414331094362e-05, Loss Test: 42.42307662963867
Epoch 5700, Loss Total: 60.21616744995117, Loss Train: 2.8375414331094362e-05, Loss Test: 42.42307662963867
Epoch 5800, Loss Total: 60.21616744995117, Loss Train: 2.8375414331094362e-05, Loss Test: 42.42307662963867
Epoch 5900, Loss Total: 60.21616744995117, Loss Train: 2.8375414331094362e-05, Loss Test: 42.42307662963867
Epoch 6000, Loss Total: 60.21616744995117, Loss Train: 2.8375414331094362e-05, Loss Test: 42.42307662963867
Epoch 6100, Loss Total: 60.21616744995117, Loss Train: 2.8375414331094362e-05, Loss Test: 42.42307662963867
Epoch 6200, Loss Total: 60.21616744995117, Loss Train: 2.8375414331094362e-05, Loss Test: 42.42307662963867
Epoch 6300, Loss Total: 60.21616744995117, Loss Train: 2.8375414331094362e-05, Loss Test: 42.42307662963867
Epoch 6400, Loss Total: 60.21616744995117, Loss Train: 2.8375414331094362e-05, Loss Test: 42.42307662963867
Epoch 6500, Loss Total: 60.21616744995117, Loss Train: 2.8375414331094362e-05, Loss Test: 42.42307662963867
Epoch 6600, Loss Total: 60.21616744995117, Loss Train: 2.8375414331094362e-05, Loss Test: 42.42307662963867
Epoch 6700, Loss Total: 60.21616744995117, Loss Train: 2.8375414331094362e-05, Loss Test: 42.42307662963867
Epoch 6800, Loss Total: 60.21616744995117, Loss Train: 2.8375414331094362e-05, Loss Test: 42.42307662963867
Epoch 6900, Loss Total: 60.21616744995117, Loss Train: 2.8375414331094362e-05, Loss Test: 42.42307662963867
Epoch 7000, Loss Total: 60.21616744995117, Loss Train: 2.8375414331094362e-05, Loss Test: 42.42307662963867
Epoch 7100, Loss Total: 60.21616744995117, Loss Train: 2.8375414331094362e-05, Loss Test: 42.42307662963867
Epoch 7200, Loss Total: 60.21616744995117, Loss Train: 2.8375414331094362e-05, Loss Test: 42.42307662963867
Epoch 7300, Loss Total: 60.21616744995117, Loss Train: 2.8375414331094362e-05, Loss Test: 42.42307662963867
Epoch 7400, Loss Total: 60.21616744995117, Loss Train: 2.8375414331094362e-05, Loss Test: 42.42307662963867
Epoch 7500, Loss Total: 60.21616744995117, Loss Train: 2.8375414331094362e-05, Loss Test: 42.42307662963867
Epoch 7600, Loss Total: 60.21616744995117, Loss Train: 2.8375414331094362e-05, Loss Test: 42.42307662963867
Epoch 7700, Loss Total: 60.21616744995117, Loss Train: 2.8375414331094362e-05, Loss Test: 42.42307662963867
Epoch 7800, Loss Total: 60.21616744995117, Loss Train: 2.8375414331094362e-05, Loss Test: 42.42307662963867
Epoch 7900, Loss Total: 60.21616744995117, Loss Train: 2.8375414331094362e-05, Loss Test: 42.42307662963867
Epoch 8000, Loss Total: 60.21616744995117, Loss Train: 2.8375414331094362e-05, Loss Test: 42.42307662963867
Epoch 8100, Loss Total: 60.21616744995117, Loss Train: 2.8375414331094362e-05, Loss Test: 42.42307662963867
Epoch 8200, Loss Total: 60.21616744995117, Loss Train: 2.8375414331094362e-05, Loss Test: 42.42307662963867
Epoch 8300, Loss Total: 60.21616744995117, Loss Train: 2.8375414331094362e-05, Loss Test: 42.42307662963867
Epoch 8400, Loss Total: 60.21616744995117, Loss Train: 2.8375414331094362e-05, Loss Test: 42.42307662963867
Epoch 8500, Loss Total: 60.21616744995117, Loss Train: 2.8375414331094362e-05, Loss Test: 42.42307662963867
Epoch 8600, Loss Total: 60.21616744995117, Loss Train: 2.8375414331094362e-05, Loss Test: 42.42307662963867
Epoch 8700, Loss Total: 60.21616744995117, Loss Train: 2.8375414331094362e-05, Loss Test: 42.42307662963867
Epoch 8800, Loss Total: 60.21616744995117, Loss Train: 2.8375414331094362e-05, Loss Test: 42.42307662963867
Epoch 8900, Loss Total: 60.21616744995117, Loss Train: 2.8375414331094362e-05, Loss Test: 42.42307662963867
Epoch 9000, Loss Total: 60.21616744995117, Loss Train: 2.8375414331094362e-05, Loss Test: 42.42307662963867
Epoch 9100, Loss Total: 60.21616744995117, Loss Train: 2.8375414331094362e-05, Loss Test: 42.42307662963867
Epoch 9200, Loss Total: 60.21616744995117, Loss Train: 2.8375414331094362e-05, Loss Test: 42.42307662963867
Epoch 9300, Loss Total: 60.21616744995117, Loss Train: 2.8375414331094362e-05, Loss Test: 42.42307662963867
Epoch 9400, Loss Total: 60.21616744995117, Loss Train: 2.8375414331094362e-05, Loss Test: 42.42307662963867
Epoch 9500, Loss Total: 60.21616744995117, Loss Train: 2.8375414331094362e-05, Loss Test: 42.42307662963867
Epoch 9600, Loss Total: 60.21616744995117, Loss Train: 2.8375414331094362e-05, Loss Test: 42.42307662963867
Epoch 9700, Loss Total: 60.21616744995117, Loss Train: 2.8375414331094362e-05, Loss Test: 42.42307662963867
Epoch 9800, Loss Total: 60.21616744995117, Loss Train: 2.8375414331094362e-05, Loss Test: 42.42307662963867
Epoch 9900, Loss Total: 60.21616744995117, Loss Train: 2.8375414331094362e-05, Loss Test: 42.42307662963867
Epoch 10000, Loss Total: 60.21616744995117, Loss Train: 2.8375414331094362e-05, Loss Test: 42.42307662963867
Epoch 10100, Loss Total: 60.21616744995117, Loss Train: 2.8375414331094362e-05, Loss Test: 42.42307662963867
Epoch 10200, Loss Total: 60.21616744995117, Loss Train: 2.8375414331094362e-05, Loss Test: 42.42307662963867
Epoch 10300, Loss Total: 60.21616744995117, Loss Train: 2.8375414331094362e-05, Loss Test: 42.42307662963867
Epoch 10400, Loss Total: 60.21616744995117, Loss Train: 2.8375414331094362e-05, Loss Test: 42.42307662963867
Epoch 10500, Loss Total: 60.21616744995117, Loss Train: 2.8375414331094362e-05, Loss Test: 42.42307662963867
Epoch 10600, Loss Total: 60.21616744995117, Loss Train: 2.8375414331094362e-05, Loss Test: 42.42307662963867
Epoch 10700, Loss Total: 60.21616744995117, Loss Train: 2.8375414331094362e-05, Loss Test: 42.42307662963867
Epoch 10800, Loss Total: 60.21616744995117, Loss Train: 2.8375414331094362e-05, Loss Test: 42.42307662963867
Epoch 10900, Loss Total: 60.21616744995117, Loss Train: 2.8375414331094362e-05, Loss Test: 42.42307662963867
Epoch 11000, Loss Total: 60.21616744995117, Loss Train: 2.8375414331094362e-05, Loss Test: 42.42307662963867
Epoch 11100, Loss Total: 60.21616744995117, Loss Train: 2.8375414331094362e-05, Loss Test: 42.42307662963867
Epoch 11200, Loss Total: 60.21616744995117, Loss Train: 2.8375414331094362e-05, Loss Test: 42.42307662963867
Epoch 11300, Loss Total: 60.21616744995117, Loss Train: 2.8375414331094362e-05, Loss Test: 42.42307662963867
Epoch 11400, Loss Total: 60.21616744995117, Loss Train: 2.8375414331094362e-05, Loss Test: 42.42307662963867
Epoch 11500, Loss Total: 60.21616744995117, Loss Train: 2.8375414331094362e-05, Loss Test: 42.42307662963867
Epoch 11600, Loss Total: 60.21616744995117, Loss Train: 2.8375414331094362e-05, Loss Test: 42.42307662963867
Epoch 11700, Loss Total: 60.21616744995117, Loss Train: 2.8375414331094362e-05, Loss Test: 42.42307662963867
Epoch 11800, Loss Total: 60.21616744995117, Loss Train: 2.8375414331094362e-05, Loss Test: 42.42307662963867
Epoch 11900, Loss Total: 60.21616744995117, Loss Train: 2.8375414331094362e-05, Loss Test: 42.42307662963867
Epoch 12000, Loss Total: 60.21616744995117, Loss Train: 2.8375414331094362e-05, Loss Test: 42.42307662963867
Epoch 12100, Loss Total: 60.21616744995117, Loss Train: 2.8375414331094362e-05, Loss Test: 42.42307662963867
Epoch 12200, Loss Total: 60.21616744995117, Loss Train: 2.8375414331094362e-05, Loss Test: 42.42307662963867
Epoch 12300, Loss Total: 60.21616744995117, Loss Train: 2.8375414331094362e-05, Loss Test: 42.42307662963867
Epoch 12400, Loss Total: 60.21616744995117, Loss Train: 2.8375414331094362e-05, Loss Test: 42.42307662963867
Epoch 12500, Loss Total: 60.21616744995117, Loss Train: 2.8375414331094362e-05, Loss Test: 42.42307662963867
Epoch 12600, Loss Total: 60.21616744995117, Loss Train: 2.8375414331094362e-05, Loss Test: 42.42307662963867
Epoch 12700, Loss Total: 60.21616744995117, Loss Train: 2.8375414331094362e-05, Loss Test: 42.42307662963867
Epoch 12800, Loss Total: 60.21616744995117, Loss Train: 2.8375414331094362e-05, Loss Test: 42.42307662963867
Epoch 12900, Loss Total: 60.21616744995117, Loss Train: 2.8375414331094362e-05, Loss Test: 42.42307662963867
Epoch 13000, Loss Total: 60.21616744995117, Loss Train: 2.8375414331094362e-05, Loss Test: 42.42307662963867
Epoch 13100, Loss Total: 60.21616744995117, Loss Train: 2.8375414331094362e-05, Loss Test: 42.42307662963867
Epoch 13200, Loss Total: 60.21616744995117, Loss Train: 2.8375414331094362e-05, Loss Test: 42.42307662963867
Epoch 13300, Loss Total: 60.21616744995117, Loss Train: 2.8375414331094362e-05, Loss Test: 42.42307662963867
Epoch 13400, Loss Total: 60.21616744995117, Loss Train: 2.8375414331094362e-05, Loss Test: 42.42307662963867
Epoch 13500, Loss Total: 60.21616744995117, Loss Train: 2.8375414331094362e-05, Loss Test: 42.42307662963867
Epoch 13600, Loss Total: 60.21616744995117, Loss Train: 2.8375414331094362e-05, Loss Test: 42.42307662963867
Epoch 13700, Loss Total: 60.21616744995117, Loss Train: 2.8375414331094362e-05, Loss Test: 42.42307662963867
Epoch 13800, Loss Total: 60.21616744995117, Loss Train: 2.8375414331094362e-05, Loss Test: 42.42307662963867
Epoch 13900, Loss Total: 60.21616744995117, Loss Train: 2.8375414331094362e-05, Loss Test: 42.42307662963867
Epoch 14000, Loss Total: 60.21616744995117, Loss Train: 2.8375414331094362e-05, Loss Test: 42.42307662963867
Epoch 14100, Loss Total: 60.21616744995117, Loss Train: 2.8375414331094362e-05, Loss Test: 42.42307662963867
Epoch 14200, Loss Total: 60.21616744995117, Loss Train: 2.8375414331094362e-05, Loss Test: 42.42307662963867
Epoch 14300, Loss Total: 60.21616744995117, Loss Train: 2.8375414331094362e-05, Loss Test: 42.42307662963867
Epoch 14400, Loss Total: 60.21616744995117, Loss Train: 2.8375414331094362e-05, Loss Test: 42.42307662963867
Epoch 14500, Loss Total: 60.21616744995117, Loss Train: 2.8375414331094362e-05, Loss Test: 42.42307662963867
Epoch 14600, Loss Total: 60.21616744995117, Loss Train: 2.8375414331094362e-05, Loss Test: 42.42307662963867
Epoch 14700, Loss Total: 60.21616744995117, Loss Train: 2.8375414331094362e-05, Loss Test: 42.42307662963867
Epoch 14800, Loss Total: 60.21616744995117, Loss Train: 2.8375414331094362e-05, Loss Test: 42.42307662963867
Epoch 14900, Loss Total: 60.21616744995117, Loss Train: 2.8375414331094362e-05, Loss Test: 42.42307662963867
Epoch 15000, Loss Total: 60.21616744995117, Loss Train: 2.8375414331094362e-05, Loss Test: 42.42307662963867
Epoch 15100, Loss Total: 60.21616744995117, Loss Train: 2.8375414331094362e-05, Loss Test: 42.42307662963867
Epoch 15200, Loss Total: 60.21616744995117, Loss Train: 2.8375414331094362e-05, Loss Test: 42.42307662963867
Epoch 15300, Loss Total: 60.21616744995117, Loss Train: 2.8375414331094362e-05, Loss Test: 42.42307662963867
Epoch 15400, Loss Total: 60.21616744995117, Loss Train: 2.8375414331094362e-05, Loss Test: 42.42307662963867
Epoch 15500, Loss Total: 60.21616744995117, Loss Train: 2.8375414331094362e-05, Loss Test: 42.42307662963867
Epoch 15600, Loss Total: 60.21616744995117, Loss Train: 2.8375414331094362e-05, Loss Test: 42.42307662963867
Epoch 15700, Loss Total: 60.21616744995117, Loss Train: 2.8375414331094362e-05, Loss Test: 42.42307662963867
Epoch 15800, Loss Total: 60.21616744995117, Loss Train: 2.8375414331094362e-05, Loss Test: 42.42307662963867
Epoch 15900, Loss Total: 60.21616744995117, Loss Train: 2.8375414331094362e-05, Loss Test: 42.42307662963867
Epoch 16000, Loss Total: 60.21616744995117, Loss Train: 2.8375414331094362e-05, Loss Test: 42.42307662963867
Epoch 16100, Loss Total: 60.21616744995117, Loss Train: 2.8375414331094362e-05, Loss Test: 42.42307662963867
Epoch 16200, Loss Total: 60.21616744995117, Loss Train: 2.8375414331094362e-05, Loss Test: 42.42307662963867
Epoch 16300, Loss Total: 60.21616744995117, Loss Train: 2.8375414331094362e-05, Loss Test: 42.42307662963867
Epoch 16400, Loss Total: 60.21616744995117, Loss Train: 2.8375414331094362e-05, Loss Test: 42.42307662963867
Epoch 16500, Loss Total: 60.21616744995117, Loss Train: 2.8375414331094362e-05, Loss Test: 42.42307662963867
Epoch 16600, Loss Total: 60.21616744995117, Loss Train: 2.8375414331094362e-05, Loss Test: 42.42307662963867
Epoch 16700, Loss Total: 60.21616744995117, Loss Train: 2.8375414331094362e-05, Loss Test: 42.42307662963867
Epoch 16800, Loss Total: 60.21616744995117, Loss Train: 2.8375414331094362e-05, Loss Test: 42.42307662963867
Epoch 16900, Loss Total: 60.21616744995117, Loss Train: 2.8375414331094362e-05, Loss Test: 42.42307662963867
Epoch 17000, Loss Total: 60.21616744995117, Loss Train: 2.8375414331094362e-05, Loss Test: 42.42307662963867
Epoch 17100, Loss Total: 60.21616744995117, Loss Train: 2.8375414331094362e-05, Loss Test: 42.42307662963867
Epoch 17200, Loss Total: 60.21616744995117, Loss Train: 2.8375414331094362e-05, Loss Test: 42.42307662963867
Epoch 17300, Loss Total: 60.21616744995117, Loss Train: 2.8375414331094362e-05, Loss Test: 42.42307662963867
Epoch 17400, Loss Total: 60.21616744995117, Loss Train: 2.8375414331094362e-05, Loss Test: 42.42307662963867
Epoch 17500, Loss Total: 60.21616744995117, Loss Train: 2.8375414331094362e-05, Loss Test: 42.42307662963867
Epoch 17600, Loss Total: 60.21616744995117, Loss Train: 2.8375414331094362e-05, Loss Test: 42.42307662963867
Epoch 17700, Loss Total: 60.21616744995117, Loss Train: 2.8375414331094362e-05, Loss Test: 42.42307662963867
Epoch 17800, Loss Total: 60.21616744995117, Loss Train: 2.8375414331094362e-05, Loss Test: 42.42307662963867
Epoch 17900, Loss Total: 60.21616744995117, Loss Train: 2.8375414331094362e-05, Loss Test: 42.42307662963867
Epoch 18000, Loss Total: 60.21616744995117, Loss Train: 2.8375414331094362e-05, Loss Test: 42.42307662963867
Epoch 18100, Loss Total: 60.21616744995117, Loss Train: 2.8375414331094362e-05, Loss Test: 42.42307662963867
Epoch 18200, Loss Total: 60.21616744995117, Loss Train: 2.8375414331094362e-05, Loss Test: 42.42307662963867
Epoch 18300, Loss Total: 60.21616744995117, Loss Train: 2.8375414331094362e-05, Loss Test: 42.42307662963867
Epoch 18400, Loss Total: 60.21616744995117, Loss Train: 2.8375414331094362e-05, Loss Test: 42.42307662963867
Epoch 18500, Loss Total: 60.21616744995117, Loss Train: 2.8375414331094362e-05, Loss Test: 42.42307662963867
Epoch 18600, Loss Total: 60.21616744995117, Loss Train: 2.8375414331094362e-05, Loss Test: 42.42307662963867
Epoch 18700, Loss Total: 60.21616744995117, Loss Train: 2.8375414331094362e-05, Loss Test: 42.42307662963867
Epoch 18800, Loss Total: 60.21616744995117, Loss Train: 2.8375414331094362e-05, Loss Test: 42.42307662963867
Epoch 18900, Loss Total: 60.21616744995117, Loss Train: 2.8375414331094362e-05, Loss Test: 42.42307662963867
Epoch 19000, Loss Total: 60.21616744995117, Loss Train: 2.8375414331094362e-05, Loss Test: 42.42307662963867
Epoch 19100, Loss Total: 60.21616744995117, Loss Train: 2.8375414331094362e-05, Loss Test: 42.42307662963867
Epoch 19200, Loss Total: 60.21616744995117, Loss Train: 2.8375414331094362e-05, Loss Test: 42.42307662963867
Epoch 19300, Loss Total: 60.21616744995117, Loss Train: 2.8375414331094362e-05, Loss Test: 42.42307662963867
Epoch 19400, Loss Total: 60.21616744995117, Loss Train: 2.8375414331094362e-05, Loss Test: 42.42307662963867
Epoch 19500, Loss Total: 60.21616744995117, Loss Train: 2.8375414331094362e-05, Loss Test: 42.42307662963867
Epoch 19600, Loss Total: 60.21616744995117, Loss Train: 2.8375414331094362e-05, Loss Test: 42.42307662963867
Epoch 19700, Loss Total: 60.21616744995117, Loss Train: 2.8375414331094362e-05, Loss Test: 42.42307662963867
Epoch 19800, Loss Total: 60.21616744995117, Loss Train: 2.8375414331094362e-05, Loss Test: 42.42307662963867
Epoch 19900, Loss Total: 60.21616744995117, Loss Train: 2.8375414331094362e-05, Loss Test: 42.42307662963867
Added results for seed=70 and percentage=0.1
Finished task 630
