Running task 378 with seed=42 and percentage=0.10
Epoch 0, Loss Total: 84.33919525146484, Loss Train: 115.92826080322266, Loss Test: 133.43894958496094
Epoch 100, Loss Total: 56.26804733276367, Loss Train: 29.31327247619629, Loss Test: 89.99351501464844
Epoch 200, Loss Total: 45.29219436645508, Loss Train: 10.487995147705078, Loss Test: 58.05947494506836
Epoch 300, Loss Total: 45.91132354736328, Loss Train: 4.336556911468506, Loss Test: 46.03187561035156
Epoch 400, Loss Total: 48.94728469848633, Loss Train: 1.8882495164871216, Loss Test: 41.7786865234375
Epoch 500, Loss Total: 51.91038131713867, Loss Train: 0.829527735710144, Loss Test: 40.34503173828125
Epoch 600, Loss Total: 54.29639434814453, Loss Train: 0.3579900562763214, Loss Test: 39.90127182006836
Epoch 700, Loss Total: 56.11125946044922, Loss Train: 0.14895501732826233, Loss Test: 39.79076385498047
Epoch 800, Loss Total: 57.47087097167969, Loss Train: 0.05901620164513588, Loss Test: 39.79092025756836
Epoch 900, Loss Total: 58.490028381347656, Loss Train: 0.022091949358582497, Loss Test: 39.82996368408203
Epoch 1000, Loss Total: 59.25836944580078, Loss Train: 0.007784797344356775, Loss Test: 39.8835563659668
Epoch 1100, Loss Total: 59.84122085571289, Loss Train: 0.0025883486960083246, Loss Test: 39.94129180908203
Epoch 1200, Loss Total: 60.285423278808594, Loss Train: 0.0008249889360740781, Loss Test: 39.997318267822266
Epoch 1300, Loss Total: 60.62477493286133, Loss Train: 0.00026532221818342805, Loss Test: 40.048126220703125
Epoch 1400, Loss Total: 60.884117126464844, Loss Train: 9.784256690181792e-05, Loss Test: 40.091888427734375
Epoch 1500, Loss Total: 61.08203887939453, Loss Train: 4.968226494383998e-05, Loss Test: 40.1280403137207
Epoch 1600, Loss Total: 61.23270034790039, Loss Train: 3.591381391743198e-05, Loss Test: 40.15687942504883
Epoch 1700, Loss Total: 61.34702682495117, Loss Train: 3.181422653142363e-05, Loss Test: 40.17920684814453
Epoch 1800, Loss Total: 61.43348693847656, Loss Train: 3.0507961128023453e-05, Loss Test: 40.196014404296875
Epoch 1900, Loss Total: 61.4986686706543, Loss Train: 3.0060204153414816e-05, Loss Test: 40.208343505859375
Epoch 2000, Loss Total: 61.54764938354492, Loss Train: 2.9900365916546434e-05, Loss Test: 40.21712875366211
Epoch 2100, Loss Total: 61.584346771240234, Loss Train: 2.9850723876734264e-05, Loss Test: 40.223182678222656
Epoch 2200, Loss Total: 61.611793518066406, Loss Train: 2.9837334295734763e-05, Loss Test: 40.22718048095703
Epoch 2300, Loss Total: 61.632259368896484, Loss Train: 2.983086415042635e-05, Loss Test: 40.22965621948242
Epoch 2400, Loss Total: 61.6417236328125, Loss Train: 2.983241392939817e-05, Loss Test: 40.230560302734375
Epoch 2500, Loss Total: 61.64586639404297, Loss Train: 2.983242302434519e-05, Loss Test: 40.230892181396484
Epoch 2600, Loss Total: 61.64781188964844, Loss Train: 2.983242302434519e-05, Loss Test: 40.23102951049805
Epoch 2700, Loss Total: 61.64876174926758, Loss Train: 2.983242302434519e-05, Loss Test: 40.23109436035156
Epoch 2800, Loss Total: 61.64923095703125, Loss Train: 2.983242302434519e-05, Loss Test: 40.23112487792969
Epoch 2900, Loss Total: 61.64946365356445, Loss Train: 2.983242302434519e-05, Loss Test: 40.23114013671875
Epoch 3000, Loss Total: 61.649574279785156, Loss Train: 2.983242302434519e-05, Loss Test: 40.23114776611328
Epoch 3100, Loss Total: 61.64962387084961, Loss Train: 2.983242302434519e-05, Loss Test: 40.23114776611328
Epoch 3200, Loss Total: 61.649635314941406, Loss Train: 2.983242302434519e-05, Loss Test: 40.231143951416016
Epoch 3300, Loss Total: 61.649635314941406, Loss Train: 2.983242302434519e-05, Loss Test: 40.23114013671875
Epoch 3400, Loss Total: 61.649635314941406, Loss Train: 2.983242302434519e-05, Loss Test: 40.23114013671875
Epoch 3500, Loss Total: 61.649635314941406, Loss Train: 2.983242302434519e-05, Loss Test: 40.23114013671875
Epoch 3600, Loss Total: 61.649635314941406, Loss Train: 2.983242302434519e-05, Loss Test: 40.23114013671875
Epoch 3700, Loss Total: 61.649635314941406, Loss Train: 2.983242302434519e-05, Loss Test: 40.23114013671875
Epoch 3800, Loss Total: 61.649635314941406, Loss Train: 2.983242302434519e-05, Loss Test: 40.23114013671875
Epoch 3900, Loss Total: 61.649635314941406, Loss Train: 2.983242302434519e-05, Loss Test: 40.23114013671875
Epoch 4000, Loss Total: 61.649635314941406, Loss Train: 2.983242302434519e-05, Loss Test: 40.23114013671875
Epoch 4100, Loss Total: 61.649635314941406, Loss Train: 2.983242302434519e-05, Loss Test: 40.23114013671875
Epoch 4200, Loss Total: 61.649635314941406, Loss Train: 2.983242302434519e-05, Loss Test: 40.23114013671875
Epoch 4300, Loss Total: 61.649635314941406, Loss Train: 2.983242302434519e-05, Loss Test: 40.23114013671875
Epoch 4400, Loss Total: 61.649635314941406, Loss Train: 2.983242302434519e-05, Loss Test: 40.23114013671875
Epoch 4500, Loss Total: 61.649635314941406, Loss Train: 2.983242302434519e-05, Loss Test: 40.23114013671875
Epoch 4600, Loss Total: 61.649635314941406, Loss Train: 2.983242302434519e-05, Loss Test: 40.23114013671875
Epoch 4700, Loss Total: 61.649635314941406, Loss Train: 2.983242302434519e-05, Loss Test: 40.23114013671875
Epoch 4800, Loss Total: 61.649635314941406, Loss Train: 2.983242302434519e-05, Loss Test: 40.23114013671875
Epoch 4900, Loss Total: 61.649635314941406, Loss Train: 2.983242302434519e-05, Loss Test: 40.23114013671875
Epoch 5000, Loss Total: 61.649635314941406, Loss Train: 2.983242302434519e-05, Loss Test: 40.23114013671875
Epoch 5100, Loss Total: 61.649635314941406, Loss Train: 2.983242302434519e-05, Loss Test: 40.23114013671875
Epoch 5200, Loss Total: 61.649635314941406, Loss Train: 2.983242302434519e-05, Loss Test: 40.23114013671875
Epoch 5300, Loss Total: 61.649635314941406, Loss Train: 2.983242302434519e-05, Loss Test: 40.23114013671875
Epoch 5400, Loss Total: 61.649635314941406, Loss Train: 2.983242302434519e-05, Loss Test: 40.23114013671875
Epoch 5500, Loss Total: 61.649635314941406, Loss Train: 2.983242302434519e-05, Loss Test: 40.23114013671875
Epoch 5600, Loss Total: 61.649635314941406, Loss Train: 2.983242302434519e-05, Loss Test: 40.23114013671875
Epoch 5700, Loss Total: 61.649635314941406, Loss Train: 2.983242302434519e-05, Loss Test: 40.23114013671875
Epoch 5800, Loss Total: 61.649635314941406, Loss Train: 2.983242302434519e-05, Loss Test: 40.23114013671875
Epoch 5900, Loss Total: 61.649635314941406, Loss Train: 2.983242302434519e-05, Loss Test: 40.23114013671875
Epoch 6000, Loss Total: 61.649635314941406, Loss Train: 2.983242302434519e-05, Loss Test: 40.23114013671875
Epoch 6100, Loss Total: 61.649635314941406, Loss Train: 2.983242302434519e-05, Loss Test: 40.23114013671875
Epoch 6200, Loss Total: 61.649635314941406, Loss Train: 2.983242302434519e-05, Loss Test: 40.23114013671875
Epoch 6300, Loss Total: 61.649635314941406, Loss Train: 2.983242302434519e-05, Loss Test: 40.23114013671875
Epoch 6400, Loss Total: 61.649635314941406, Loss Train: 2.983242302434519e-05, Loss Test: 40.23114013671875
Epoch 6500, Loss Total: 61.649635314941406, Loss Train: 2.983242302434519e-05, Loss Test: 40.23114013671875
Epoch 6600, Loss Total: 61.649635314941406, Loss Train: 2.983242302434519e-05, Loss Test: 40.23114013671875
Epoch 6700, Loss Total: 61.649635314941406, Loss Train: 2.983242302434519e-05, Loss Test: 40.23114013671875
Epoch 6800, Loss Total: 61.649635314941406, Loss Train: 2.983242302434519e-05, Loss Test: 40.23114013671875
Epoch 6900, Loss Total: 61.649635314941406, Loss Train: 2.983242302434519e-05, Loss Test: 40.23114013671875
Epoch 7000, Loss Total: 61.649635314941406, Loss Train: 2.983242302434519e-05, Loss Test: 40.23114013671875
Epoch 7100, Loss Total: 61.649635314941406, Loss Train: 2.983242302434519e-05, Loss Test: 40.23114013671875
Epoch 7200, Loss Total: 61.649635314941406, Loss Train: 2.983242302434519e-05, Loss Test: 40.23114013671875
Epoch 7300, Loss Total: 61.649635314941406, Loss Train: 2.983242302434519e-05, Loss Test: 40.23114013671875
Epoch 7400, Loss Total: 61.649635314941406, Loss Train: 2.983242302434519e-05, Loss Test: 40.23114013671875
Epoch 7500, Loss Total: 61.649635314941406, Loss Train: 2.983242302434519e-05, Loss Test: 40.23114013671875
Epoch 7600, Loss Total: 61.649635314941406, Loss Train: 2.983242302434519e-05, Loss Test: 40.23114013671875
Epoch 7700, Loss Total: 61.649635314941406, Loss Train: 2.983242302434519e-05, Loss Test: 40.23114013671875
Epoch 7800, Loss Total: 61.649635314941406, Loss Train: 2.983242302434519e-05, Loss Test: 40.23114013671875
Epoch 7900, Loss Total: 61.649635314941406, Loss Train: 2.983242302434519e-05, Loss Test: 40.23114013671875
Epoch 8000, Loss Total: 61.649635314941406, Loss Train: 2.983242302434519e-05, Loss Test: 40.23114013671875
Epoch 8100, Loss Total: 61.649635314941406, Loss Train: 2.983242302434519e-05, Loss Test: 40.23114013671875
Epoch 8200, Loss Total: 61.649635314941406, Loss Train: 2.983242302434519e-05, Loss Test: 40.23114013671875
Epoch 8300, Loss Total: 61.649635314941406, Loss Train: 2.983242302434519e-05, Loss Test: 40.23114013671875
Epoch 8400, Loss Total: 61.649635314941406, Loss Train: 2.983242302434519e-05, Loss Test: 40.23114013671875
Epoch 8500, Loss Total: 61.649635314941406, Loss Train: 2.983242302434519e-05, Loss Test: 40.23114013671875
Epoch 8600, Loss Total: 61.649635314941406, Loss Train: 2.983242302434519e-05, Loss Test: 40.23114013671875
Epoch 8700, Loss Total: 61.649635314941406, Loss Train: 2.983242302434519e-05, Loss Test: 40.23114013671875
Epoch 8800, Loss Total: 61.649635314941406, Loss Train: 2.983242302434519e-05, Loss Test: 40.23114013671875
Epoch 8900, Loss Total: 61.649635314941406, Loss Train: 2.983242302434519e-05, Loss Test: 40.23114013671875
Epoch 9000, Loss Total: 61.649635314941406, Loss Train: 2.983242302434519e-05, Loss Test: 40.23114013671875
Epoch 9100, Loss Total: 61.649635314941406, Loss Train: 2.983242302434519e-05, Loss Test: 40.23114013671875
Epoch 9200, Loss Total: 61.649635314941406, Loss Train: 2.983242302434519e-05, Loss Test: 40.23114013671875
Epoch 9300, Loss Total: 61.649635314941406, Loss Train: 2.983242302434519e-05, Loss Test: 40.23114013671875
Epoch 9400, Loss Total: 61.649635314941406, Loss Train: 2.983242302434519e-05, Loss Test: 40.23114013671875
Epoch 9500, Loss Total: 61.649635314941406, Loss Train: 2.983242302434519e-05, Loss Test: 40.23114013671875
Epoch 9600, Loss Total: 61.649635314941406, Loss Train: 2.983242302434519e-05, Loss Test: 40.23114013671875
Epoch 9700, Loss Total: 61.649635314941406, Loss Train: 2.983242302434519e-05, Loss Test: 40.23114013671875
Epoch 9800, Loss Total: 61.649635314941406, Loss Train: 2.983242302434519e-05, Loss Test: 40.23114013671875
Epoch 9900, Loss Total: 61.649635314941406, Loss Train: 2.983242302434519e-05, Loss Test: 40.23114013671875
Epoch 10000, Loss Total: 61.649635314941406, Loss Train: 2.983242302434519e-05, Loss Test: 40.23114013671875
Epoch 10100, Loss Total: 61.649635314941406, Loss Train: 2.983242302434519e-05, Loss Test: 40.23114013671875
Epoch 10200, Loss Total: 61.649635314941406, Loss Train: 2.983242302434519e-05, Loss Test: 40.23114013671875
Epoch 10300, Loss Total: 61.649635314941406, Loss Train: 2.983242302434519e-05, Loss Test: 40.23114013671875
Epoch 10400, Loss Total: 61.649635314941406, Loss Train: 2.983242302434519e-05, Loss Test: 40.23114013671875
Epoch 10500, Loss Total: 61.649635314941406, Loss Train: 2.983242302434519e-05, Loss Test: 40.23114013671875
Epoch 10600, Loss Total: 61.649635314941406, Loss Train: 2.983242302434519e-05, Loss Test: 40.23114013671875
Epoch 10700, Loss Total: 61.649635314941406, Loss Train: 2.983242302434519e-05, Loss Test: 40.23114013671875
Epoch 10800, Loss Total: 61.649635314941406, Loss Train: 2.983242302434519e-05, Loss Test: 40.23114013671875
Epoch 10900, Loss Total: 61.649635314941406, Loss Train: 2.983242302434519e-05, Loss Test: 40.23114013671875
Epoch 11000, Loss Total: 61.649635314941406, Loss Train: 2.983242302434519e-05, Loss Test: 40.23114013671875
Epoch 11100, Loss Total: 61.649635314941406, Loss Train: 2.983242302434519e-05, Loss Test: 40.23114013671875
Epoch 11200, Loss Total: 61.649635314941406, Loss Train: 2.983242302434519e-05, Loss Test: 40.23114013671875
Epoch 11300, Loss Total: 61.649635314941406, Loss Train: 2.983242302434519e-05, Loss Test: 40.23114013671875
Epoch 11400, Loss Total: 61.649635314941406, Loss Train: 2.983242302434519e-05, Loss Test: 40.23114013671875
Epoch 11500, Loss Total: 61.649635314941406, Loss Train: 2.983242302434519e-05, Loss Test: 40.23114013671875
Epoch 11600, Loss Total: 61.649635314941406, Loss Train: 2.983242302434519e-05, Loss Test: 40.23114013671875
Epoch 11700, Loss Total: 61.649635314941406, Loss Train: 2.983242302434519e-05, Loss Test: 40.23114013671875
Epoch 11800, Loss Total: 61.649635314941406, Loss Train: 2.983242302434519e-05, Loss Test: 40.23114013671875
Epoch 11900, Loss Total: 61.649635314941406, Loss Train: 2.983242302434519e-05, Loss Test: 40.23114013671875
Epoch 12000, Loss Total: 61.649635314941406, Loss Train: 2.983242302434519e-05, Loss Test: 40.23114013671875
Epoch 12100, Loss Total: 61.649635314941406, Loss Train: 2.983242302434519e-05, Loss Test: 40.23114013671875
Epoch 12200, Loss Total: 61.649635314941406, Loss Train: 2.983242302434519e-05, Loss Test: 40.23114013671875
Epoch 12300, Loss Total: 61.649635314941406, Loss Train: 2.983242302434519e-05, Loss Test: 40.23114013671875
Epoch 12400, Loss Total: 61.649635314941406, Loss Train: 2.983242302434519e-05, Loss Test: 40.23114013671875
Epoch 12500, Loss Total: 61.649635314941406, Loss Train: 2.983242302434519e-05, Loss Test: 40.23114013671875
Epoch 12600, Loss Total: 61.649635314941406, Loss Train: 2.983242302434519e-05, Loss Test: 40.23114013671875
Epoch 12700, Loss Total: 61.649635314941406, Loss Train: 2.983242302434519e-05, Loss Test: 40.23114013671875
Epoch 12800, Loss Total: 61.649635314941406, Loss Train: 2.983242302434519e-05, Loss Test: 40.23114013671875
Epoch 12900, Loss Total: 61.649635314941406, Loss Train: 2.983242302434519e-05, Loss Test: 40.23114013671875
Epoch 13000, Loss Total: 61.649635314941406, Loss Train: 2.983242302434519e-05, Loss Test: 40.23114013671875
Epoch 13100, Loss Total: 61.649635314941406, Loss Train: 2.983242302434519e-05, Loss Test: 40.23114013671875
Epoch 13200, Loss Total: 61.649635314941406, Loss Train: 2.983242302434519e-05, Loss Test: 40.23114013671875
Epoch 13300, Loss Total: 61.649635314941406, Loss Train: 2.983242302434519e-05, Loss Test: 40.23114013671875
Epoch 13400, Loss Total: 61.649635314941406, Loss Train: 2.983242302434519e-05, Loss Test: 40.23114013671875
Epoch 13500, Loss Total: 61.649635314941406, Loss Train: 2.983242302434519e-05, Loss Test: 40.23114013671875
Epoch 13600, Loss Total: 61.649635314941406, Loss Train: 2.983242302434519e-05, Loss Test: 40.23114013671875
Epoch 13700, Loss Total: 61.649635314941406, Loss Train: 2.983242302434519e-05, Loss Test: 40.23114013671875
Epoch 13800, Loss Total: 61.649635314941406, Loss Train: 2.983242302434519e-05, Loss Test: 40.23114013671875
Epoch 13900, Loss Total: 61.649635314941406, Loss Train: 2.983242302434519e-05, Loss Test: 40.23114013671875
Epoch 14000, Loss Total: 61.649635314941406, Loss Train: 2.983242302434519e-05, Loss Test: 40.23114013671875
Epoch 14100, Loss Total: 61.649635314941406, Loss Train: 2.983242302434519e-05, Loss Test: 40.23114013671875
Epoch 14200, Loss Total: 61.649635314941406, Loss Train: 2.983242302434519e-05, Loss Test: 40.23114013671875
Epoch 14300, Loss Total: 61.649635314941406, Loss Train: 2.983242302434519e-05, Loss Test: 40.23114013671875
Epoch 14400, Loss Total: 61.649635314941406, Loss Train: 2.983242302434519e-05, Loss Test: 40.23114013671875
Epoch 14500, Loss Total: 61.649635314941406, Loss Train: 2.983242302434519e-05, Loss Test: 40.23114013671875
Epoch 14600, Loss Total: 61.649635314941406, Loss Train: 2.983242302434519e-05, Loss Test: 40.23114013671875
Epoch 14700, Loss Total: 61.649635314941406, Loss Train: 2.983242302434519e-05, Loss Test: 40.23114013671875
Epoch 14800, Loss Total: 61.649635314941406, Loss Train: 2.983242302434519e-05, Loss Test: 40.23114013671875
Epoch 14900, Loss Total: 61.649635314941406, Loss Train: 2.983242302434519e-05, Loss Test: 40.23114013671875
Epoch 15000, Loss Total: 61.649635314941406, Loss Train: 2.983242302434519e-05, Loss Test: 40.23114013671875
Epoch 15100, Loss Total: 61.649635314941406, Loss Train: 2.983242302434519e-05, Loss Test: 40.23114013671875
Epoch 15200, Loss Total: 61.649635314941406, Loss Train: 2.983242302434519e-05, Loss Test: 40.23114013671875
Epoch 15300, Loss Total: 61.649635314941406, Loss Train: 2.983242302434519e-05, Loss Test: 40.23114013671875
Epoch 15400, Loss Total: 61.649635314941406, Loss Train: 2.983242302434519e-05, Loss Test: 40.23114013671875
Epoch 15500, Loss Total: 61.649635314941406, Loss Train: 2.983242302434519e-05, Loss Test: 40.23114013671875
Epoch 15600, Loss Total: 61.649635314941406, Loss Train: 2.983242302434519e-05, Loss Test: 40.23114013671875
Epoch 15700, Loss Total: 61.649635314941406, Loss Train: 2.983242302434519e-05, Loss Test: 40.23114013671875
Epoch 15800, Loss Total: 61.649635314941406, Loss Train: 2.983242302434519e-05, Loss Test: 40.23114013671875
Epoch 15900, Loss Total: 61.649635314941406, Loss Train: 2.983242302434519e-05, Loss Test: 40.23114013671875
Epoch 16000, Loss Total: 61.649635314941406, Loss Train: 2.983242302434519e-05, Loss Test: 40.23114013671875
Epoch 16100, Loss Total: 61.649635314941406, Loss Train: 2.983242302434519e-05, Loss Test: 40.23114013671875
Epoch 16200, Loss Total: 61.649635314941406, Loss Train: 2.983242302434519e-05, Loss Test: 40.23114013671875
Epoch 16300, Loss Total: 61.649635314941406, Loss Train: 2.983242302434519e-05, Loss Test: 40.23114013671875
Epoch 16400, Loss Total: 61.649635314941406, Loss Train: 2.983242302434519e-05, Loss Test: 40.23114013671875
Epoch 16500, Loss Total: 61.649635314941406, Loss Train: 2.983242302434519e-05, Loss Test: 40.23114013671875
Epoch 16600, Loss Total: 61.649635314941406, Loss Train: 2.983242302434519e-05, Loss Test: 40.23114013671875
Epoch 16700, Loss Total: 61.649635314941406, Loss Train: 2.983242302434519e-05, Loss Test: 40.23114013671875
Epoch 16800, Loss Total: 61.649635314941406, Loss Train: 2.983242302434519e-05, Loss Test: 40.23114013671875
Epoch 16900, Loss Total: 61.649635314941406, Loss Train: 2.983242302434519e-05, Loss Test: 40.23114013671875
Epoch 17000, Loss Total: 61.649635314941406, Loss Train: 2.983242302434519e-05, Loss Test: 40.23114013671875
Epoch 17100, Loss Total: 61.649635314941406, Loss Train: 2.983242302434519e-05, Loss Test: 40.23114013671875
Epoch 17200, Loss Total: 61.649635314941406, Loss Train: 2.983242302434519e-05, Loss Test: 40.23114013671875
Epoch 17300, Loss Total: 61.649635314941406, Loss Train: 2.983242302434519e-05, Loss Test: 40.23114013671875
Epoch 17400, Loss Total: 61.649635314941406, Loss Train: 2.983242302434519e-05, Loss Test: 40.23114013671875
Epoch 17500, Loss Total: 61.649635314941406, Loss Train: 2.983242302434519e-05, Loss Test: 40.23114013671875
Epoch 17600, Loss Total: 61.649635314941406, Loss Train: 2.983242302434519e-05, Loss Test: 40.23114013671875
Epoch 17700, Loss Total: 61.649635314941406, Loss Train: 2.983242302434519e-05, Loss Test: 40.23114013671875
Epoch 17800, Loss Total: 61.649635314941406, Loss Train: 2.983242302434519e-05, Loss Test: 40.23114013671875
Epoch 17900, Loss Total: 61.649635314941406, Loss Train: 2.983242302434519e-05, Loss Test: 40.23114013671875
Epoch 18000, Loss Total: 61.649635314941406, Loss Train: 2.983242302434519e-05, Loss Test: 40.23114013671875
Epoch 18100, Loss Total: 61.649635314941406, Loss Train: 2.983242302434519e-05, Loss Test: 40.23114013671875
Epoch 18200, Loss Total: 61.649635314941406, Loss Train: 2.983242302434519e-05, Loss Test: 40.23114013671875
Epoch 18300, Loss Total: 61.649635314941406, Loss Train: 2.983242302434519e-05, Loss Test: 40.23114013671875
Epoch 18400, Loss Total: 61.649635314941406, Loss Train: 2.983242302434519e-05, Loss Test: 40.23114013671875
Epoch 18500, Loss Total: 61.649635314941406, Loss Train: 2.983242302434519e-05, Loss Test: 40.23114013671875
Epoch 18600, Loss Total: 61.649635314941406, Loss Train: 2.983242302434519e-05, Loss Test: 40.23114013671875
Epoch 18700, Loss Total: 61.649635314941406, Loss Train: 2.983242302434519e-05, Loss Test: 40.23114013671875
Epoch 18800, Loss Total: 61.649635314941406, Loss Train: 2.983242302434519e-05, Loss Test: 40.23114013671875
Epoch 18900, Loss Total: 61.649635314941406, Loss Train: 2.983242302434519e-05, Loss Test: 40.23114013671875
Epoch 19000, Loss Total: 61.649635314941406, Loss Train: 2.983242302434519e-05, Loss Test: 40.23114013671875
Epoch 19100, Loss Total: 61.649635314941406, Loss Train: 2.983242302434519e-05, Loss Test: 40.23114013671875
Epoch 19200, Loss Total: 61.649635314941406, Loss Train: 2.983242302434519e-05, Loss Test: 40.23114013671875
Epoch 19300, Loss Total: 61.649635314941406, Loss Train: 2.983242302434519e-05, Loss Test: 40.23114013671875
Epoch 19400, Loss Total: 61.649635314941406, Loss Train: 2.983242302434519e-05, Loss Test: 40.23114013671875
Epoch 19500, Loss Total: 61.649635314941406, Loss Train: 2.983242302434519e-05, Loss Test: 40.23114013671875
Epoch 19600, Loss Total: 61.649635314941406, Loss Train: 2.983242302434519e-05, Loss Test: 40.23114013671875
Epoch 19700, Loss Total: 61.649635314941406, Loss Train: 2.983242302434519e-05, Loss Test: 40.23114013671875
Epoch 19800, Loss Total: 61.649635314941406, Loss Train: 2.983242302434519e-05, Loss Test: 40.23114013671875
Epoch 19900, Loss Total: 61.649635314941406, Loss Train: 2.983242302434519e-05, Loss Test: 40.23114013671875
Added results for seed=42 and percentage=0.1
Finished task 378
