Running task 44 with seed=4 and percentage=0.50
Epoch 0, Loss Total: 84.02230072021484, Loss Train: 131.33241271972656, Loss Test: 131.0475616455078
Epoch 100, Loss Total: 40.33905792236328, Loss Train: 40.710594177246094, Loss Test: 57.9759407043457
Epoch 200, Loss Total: 39.44385528564453, Loss Train: 18.012481689453125, Loss Test: 35.60677719116211
Epoch 300, Loss Total: 42.10134506225586, Loss Train: 9.143447875976562, Loss Test: 29.2410888671875
Epoch 400, Loss Total: 44.46564865112305, Loss Train: 4.995481014251709, Loss Test: 26.859811782836914
Epoch 500, Loss Total: 46.36137390136719, Loss Train: 2.879427194595337, Loss Test: 25.838729858398438
Epoch 600, Loss Total: 47.81245040893555, Loss Train: 1.7254124879837036, Loss Test: 25.365358352661133
Epoch 700, Loss Total: 48.895545959472656, Loss Train: 1.0615123510360718, Loss Test: 25.137725830078125
Epoch 800, Loss Total: 49.69997787475586, Loss Train: 0.6642184853553772, Loss Test: 25.03110694885254
Epoch 900, Loss Total: 50.30133819580078, Loss Train: 0.4196754992008209, Loss Test: 24.988378524780273
Epoch 1000, Loss Total: 50.75537109375, Loss Train: 0.2661183774471283, Loss Test: 24.980539321899414
Epoch 1100, Loss Total: 51.10135269165039, Loss Train: 0.16841059923171997, Loss Test: 24.991628646850586
Epoch 1200, Loss Total: 51.36692428588867, Loss Train: 0.10581411421298981, Loss Test: 25.012346267700195
Epoch 1300, Loss Total: 51.571922302246094, Loss Train: 0.06569710373878479, Loss Test: 25.037109375
Epoch 1400, Loss Total: 51.730751037597656, Loss Train: 0.040140096098184586, Loss Test: 25.06253433227539
Epoch 1500, Loss Total: 51.85405731201172, Loss Train: 0.024050885811448097, Loss Test: 25.086606979370117
Epoch 1600, Loss Total: 51.94977951049805, Loss Train: 0.014093154110014439, Loss Test: 25.108230590820312
Epoch 1700, Loss Total: 52.023902893066406, Loss Train: 0.008060585707426071, Loss Test: 25.126903533935547
Epoch 1800, Loss Total: 52.08101272583008, Loss Train: 0.004495869390666485, Loss Test: 25.142526626586914
Epoch 1900, Loss Total: 52.12469482421875, Loss Train: 0.0024468540214002132, Loss Test: 25.155242919921875
Epoch 2000, Loss Total: 52.15778350830078, Loss Train: 0.0013038321631029248, Loss Test: 25.16534423828125
Epoch 2100, Loss Total: 52.182552337646484, Loss Train: 0.0006861197180114686, Loss Test: 25.173187255859375
Epoch 2200, Loss Total: 52.200843811035156, Loss Train: 0.0003632153966464102, Loss Test: 25.179153442382812
Epoch 2300, Loss Total: 52.214149475097656, Loss Train: 0.00020011840388178825, Loss Test: 25.183595657348633
Epoch 2400, Loss Total: 52.22367477416992, Loss Train: 0.0001206853921758011, Loss Test: 25.18683433532715
Epoch 2500, Loss Total: 52.23038864135742, Loss Train: 8.325677481479943e-05, Loss Test: 25.18915557861328
Epoch 2600, Loss Total: 52.23503112792969, Loss Train: 6.624776870012283e-05, Loss Test: 25.190786361694336
Epoch 2700, Loss Total: 52.23818588256836, Loss Train: 5.879532182007097e-05, Loss Test: 25.191904067993164
Epoch 2800, Loss Total: 52.240299224853516, Loss Train: 5.559467535931617e-05, Loss Test: 25.192663192749023
Epoch 2900, Loss Total: 52.24169158935547, Loss Train: 5.430840246845037e-05, Loss Test: 25.193161010742188
Epoch 3000, Loss Total: 52.24259567260742, Loss Train: 5.372988016461022e-05, Loss Test: 25.193490982055664
Epoch 3100, Loss Total: 52.2431755065918, Loss Train: 5.3539388318313286e-05, Loss Test: 25.193700790405273
Epoch 3200, Loss Total: 52.24354934692383, Loss Train: 5.3406194638228044e-05, Loss Test: 25.193836212158203
Epoch 3300, Loss Total: 52.2437744140625, Loss Train: 5.329625491867773e-05, Loss Test: 25.19392204284668
Epoch 3400, Loss Total: 52.243865966796875, Loss Train: 5.331206921255216e-05, Loss Test: 25.19395637512207
Epoch 3500, Loss Total: 52.24390411376953, Loss Train: 5.330727799446322e-05, Loss Test: 25.1939754486084
Epoch 3600, Loss Total: 52.24391555786133, Loss Train: 5.3306357585825026e-05, Loss Test: 25.1939754486084
Epoch 3700, Loss Total: 52.24391555786133, Loss Train: 5.3306357585825026e-05, Loss Test: 25.19397735595703
Epoch 3800, Loss Total: 52.24391555786133, Loss Train: 5.3306357585825026e-05, Loss Test: 25.19397735595703
Epoch 3900, Loss Total: 52.24391555786133, Loss Train: 5.3306357585825026e-05, Loss Test: 25.19397735595703
Epoch 4000, Loss Total: 52.24391555786133, Loss Train: 5.3306357585825026e-05, Loss Test: 25.19397735595703
Epoch 4100, Loss Total: 52.24391555786133, Loss Train: 5.3306357585825026e-05, Loss Test: 25.19397735595703
Epoch 4200, Loss Total: 52.24391555786133, Loss Train: 5.3306357585825026e-05, Loss Test: 25.19397735595703
Epoch 4300, Loss Total: 52.24391555786133, Loss Train: 5.3306357585825026e-05, Loss Test: 25.19397735595703
Epoch 4400, Loss Total: 52.24391555786133, Loss Train: 5.3306357585825026e-05, Loss Test: 25.19397735595703
Epoch 4500, Loss Total: 52.24391555786133, Loss Train: 5.3306357585825026e-05, Loss Test: 25.19397735595703
Epoch 4600, Loss Total: 52.24391555786133, Loss Train: 5.3306357585825026e-05, Loss Test: 25.19397735595703
Epoch 4700, Loss Total: 52.24391555786133, Loss Train: 5.3306357585825026e-05, Loss Test: 25.19397735595703
Epoch 4800, Loss Total: 52.24391555786133, Loss Train: 5.3306357585825026e-05, Loss Test: 25.19397735595703
Epoch 4900, Loss Total: 52.24391555786133, Loss Train: 5.3306357585825026e-05, Loss Test: 25.19397735595703
Epoch 5000, Loss Total: 52.24391555786133, Loss Train: 5.3306357585825026e-05, Loss Test: 25.19397735595703
Epoch 5100, Loss Total: 52.24391555786133, Loss Train: 5.3306357585825026e-05, Loss Test: 25.19397735595703
Epoch 5200, Loss Total: 52.24391555786133, Loss Train: 5.3306357585825026e-05, Loss Test: 25.19397735595703
Epoch 5300, Loss Total: 52.24391555786133, Loss Train: 5.3306357585825026e-05, Loss Test: 25.19397735595703
Epoch 5400, Loss Total: 52.24391555786133, Loss Train: 5.3306357585825026e-05, Loss Test: 25.19397735595703
Epoch 5500, Loss Total: 52.24391555786133, Loss Train: 5.3306357585825026e-05, Loss Test: 25.19397735595703
Epoch 5600, Loss Total: 52.24391555786133, Loss Train: 5.3306357585825026e-05, Loss Test: 25.19397735595703
Epoch 5700, Loss Total: 52.24391555786133, Loss Train: 5.3306357585825026e-05, Loss Test: 25.19397735595703
Epoch 5800, Loss Total: 52.24391555786133, Loss Train: 5.3306357585825026e-05, Loss Test: 25.19397735595703
Epoch 5900, Loss Total: 52.24391555786133, Loss Train: 5.3306357585825026e-05, Loss Test: 25.19397735595703
Epoch 6000, Loss Total: 52.24391555786133, Loss Train: 5.3306357585825026e-05, Loss Test: 25.19397735595703
Epoch 6100, Loss Total: 52.24391555786133, Loss Train: 5.3306357585825026e-05, Loss Test: 25.19397735595703
Epoch 6200, Loss Total: 52.24391555786133, Loss Train: 5.3306357585825026e-05, Loss Test: 25.19397735595703
Epoch 6300, Loss Total: 52.24391555786133, Loss Train: 5.3306357585825026e-05, Loss Test: 25.19397735595703
Epoch 6400, Loss Total: 52.24391555786133, Loss Train: 5.3306357585825026e-05, Loss Test: 25.19397735595703
Epoch 6500, Loss Total: 52.24391555786133, Loss Train: 5.3306357585825026e-05, Loss Test: 25.19397735595703
Epoch 6600, Loss Total: 52.24391555786133, Loss Train: 5.3306357585825026e-05, Loss Test: 25.19397735595703
Epoch 6700, Loss Total: 52.24391555786133, Loss Train: 5.3306357585825026e-05, Loss Test: 25.19397735595703
Epoch 6800, Loss Total: 52.24391555786133, Loss Train: 5.3306357585825026e-05, Loss Test: 25.19397735595703
Epoch 6900, Loss Total: 52.24391555786133, Loss Train: 5.3306357585825026e-05, Loss Test: 25.19397735595703
Epoch 7000, Loss Total: 52.24391555786133, Loss Train: 5.3306357585825026e-05, Loss Test: 25.19397735595703
Epoch 7100, Loss Total: 52.24391555786133, Loss Train: 5.3306357585825026e-05, Loss Test: 25.19397735595703
Epoch 7200, Loss Total: 52.24391555786133, Loss Train: 5.3306357585825026e-05, Loss Test: 25.19397735595703
Epoch 7300, Loss Total: 52.24391555786133, Loss Train: 5.3306357585825026e-05, Loss Test: 25.19397735595703
Epoch 7400, Loss Total: 52.24391555786133, Loss Train: 5.3306357585825026e-05, Loss Test: 25.19397735595703
Epoch 7500, Loss Total: 52.24391555786133, Loss Train: 5.3306357585825026e-05, Loss Test: 25.19397735595703
Epoch 7600, Loss Total: 52.24391555786133, Loss Train: 5.3306357585825026e-05, Loss Test: 25.19397735595703
Epoch 7700, Loss Total: 52.24391555786133, Loss Train: 5.3306357585825026e-05, Loss Test: 25.19397735595703
Epoch 7800, Loss Total: 52.24391555786133, Loss Train: 5.3306357585825026e-05, Loss Test: 25.19397735595703
Epoch 7900, Loss Total: 52.24391555786133, Loss Train: 5.3306357585825026e-05, Loss Test: 25.19397735595703
Epoch 8000, Loss Total: 52.24391555786133, Loss Train: 5.3306357585825026e-05, Loss Test: 25.19397735595703
Epoch 8100, Loss Total: 52.24391555786133, Loss Train: 5.3306357585825026e-05, Loss Test: 25.19397735595703
Epoch 8200, Loss Total: 52.24391555786133, Loss Train: 5.3306357585825026e-05, Loss Test: 25.19397735595703
Epoch 8300, Loss Total: 52.24391555786133, Loss Train: 5.3306357585825026e-05, Loss Test: 25.19397735595703
Epoch 8400, Loss Total: 52.24391555786133, Loss Train: 5.3306357585825026e-05, Loss Test: 25.19397735595703
Epoch 8500, Loss Total: 52.24391555786133, Loss Train: 5.3306357585825026e-05, Loss Test: 25.19397735595703
Epoch 8600, Loss Total: 52.24391555786133, Loss Train: 5.3306357585825026e-05, Loss Test: 25.19397735595703
Epoch 8700, Loss Total: 52.24391555786133, Loss Train: 5.3306357585825026e-05, Loss Test: 25.19397735595703
Epoch 8800, Loss Total: 52.24391555786133, Loss Train: 5.3306357585825026e-05, Loss Test: 25.19397735595703
Epoch 8900, Loss Total: 52.24391555786133, Loss Train: 5.3306357585825026e-05, Loss Test: 25.19397735595703
Epoch 9000, Loss Total: 52.24391555786133, Loss Train: 5.3306357585825026e-05, Loss Test: 25.19397735595703
Epoch 9100, Loss Total: 52.24391555786133, Loss Train: 5.3306357585825026e-05, Loss Test: 25.19397735595703
Epoch 9200, Loss Total: 52.24391555786133, Loss Train: 5.3306357585825026e-05, Loss Test: 25.19397735595703
Epoch 9300, Loss Total: 52.24391555786133, Loss Train: 5.3306357585825026e-05, Loss Test: 25.19397735595703
Epoch 9400, Loss Total: 52.24391555786133, Loss Train: 5.3306357585825026e-05, Loss Test: 25.19397735595703
Epoch 9500, Loss Total: 52.24391555786133, Loss Train: 5.3306357585825026e-05, Loss Test: 25.19397735595703
Epoch 9600, Loss Total: 52.24391555786133, Loss Train: 5.3306357585825026e-05, Loss Test: 25.19397735595703
Epoch 9700, Loss Total: 52.24391555786133, Loss Train: 5.3306357585825026e-05, Loss Test: 25.19397735595703
Epoch 9800, Loss Total: 52.24391555786133, Loss Train: 5.3306357585825026e-05, Loss Test: 25.19397735595703
Epoch 9900, Loss Total: 52.24391555786133, Loss Train: 5.3306357585825026e-05, Loss Test: 25.19397735595703
Epoch 10000, Loss Total: 52.24391555786133, Loss Train: 5.3306357585825026e-05, Loss Test: 25.19397735595703
Epoch 10100, Loss Total: 52.24391555786133, Loss Train: 5.3306357585825026e-05, Loss Test: 25.19397735595703
Epoch 10200, Loss Total: 52.24391555786133, Loss Train: 5.3306357585825026e-05, Loss Test: 25.19397735595703
Epoch 10300, Loss Total: 52.24391555786133, Loss Train: 5.3306357585825026e-05, Loss Test: 25.19397735595703
Epoch 10400, Loss Total: 52.24391555786133, Loss Train: 5.3306357585825026e-05, Loss Test: 25.19397735595703
Epoch 10500, Loss Total: 52.24391555786133, Loss Train: 5.3306357585825026e-05, Loss Test: 25.19397735595703
Epoch 10600, Loss Total: 52.24391555786133, Loss Train: 5.3306357585825026e-05, Loss Test: 25.19397735595703
Epoch 10700, Loss Total: 52.24391555786133, Loss Train: 5.3306357585825026e-05, Loss Test: 25.19397735595703
Epoch 10800, Loss Total: 52.24391555786133, Loss Train: 5.3306357585825026e-05, Loss Test: 25.19397735595703
Epoch 10900, Loss Total: 52.24391555786133, Loss Train: 5.3306357585825026e-05, Loss Test: 25.19397735595703
Epoch 11000, Loss Total: 52.24391555786133, Loss Train: 5.3306357585825026e-05, Loss Test: 25.19397735595703
Epoch 11100, Loss Total: 52.24391555786133, Loss Train: 5.3306357585825026e-05, Loss Test: 25.19397735595703
Epoch 11200, Loss Total: 52.24391555786133, Loss Train: 5.3306357585825026e-05, Loss Test: 25.19397735595703
Epoch 11300, Loss Total: 52.24391555786133, Loss Train: 5.3306357585825026e-05, Loss Test: 25.19397735595703
Epoch 11400, Loss Total: 52.24391555786133, Loss Train: 5.3306357585825026e-05, Loss Test: 25.19397735595703
Epoch 11500, Loss Total: 52.24391555786133, Loss Train: 5.3306357585825026e-05, Loss Test: 25.19397735595703
Epoch 11600, Loss Total: 52.24391555786133, Loss Train: 5.3306357585825026e-05, Loss Test: 25.19397735595703
Epoch 11700, Loss Total: 52.24391555786133, Loss Train: 5.3306357585825026e-05, Loss Test: 25.19397735595703
Epoch 11800, Loss Total: 52.24391555786133, Loss Train: 5.3306357585825026e-05, Loss Test: 25.19397735595703
Epoch 11900, Loss Total: 52.24391555786133, Loss Train: 5.3306357585825026e-05, Loss Test: 25.19397735595703
Epoch 12000, Loss Total: 52.24391555786133, Loss Train: 5.3306357585825026e-05, Loss Test: 25.19397735595703
Epoch 12100, Loss Total: 52.24391555786133, Loss Train: 5.3306357585825026e-05, Loss Test: 25.19397735595703
Epoch 12200, Loss Total: 52.24391555786133, Loss Train: 5.3306357585825026e-05, Loss Test: 25.19397735595703
Epoch 12300, Loss Total: 52.24391555786133, Loss Train: 5.3306357585825026e-05, Loss Test: 25.19397735595703
Epoch 12400, Loss Total: 52.24391555786133, Loss Train: 5.3306357585825026e-05, Loss Test: 25.19397735595703
Epoch 12500, Loss Total: 52.24391555786133, Loss Train: 5.3306357585825026e-05, Loss Test: 25.19397735595703
Epoch 12600, Loss Total: 52.24391555786133, Loss Train: 5.3306357585825026e-05, Loss Test: 25.19397735595703
Epoch 12700, Loss Total: 52.24391555786133, Loss Train: 5.3306357585825026e-05, Loss Test: 25.19397735595703
Epoch 12800, Loss Total: 52.24391555786133, Loss Train: 5.3306357585825026e-05, Loss Test: 25.19397735595703
Epoch 12900, Loss Total: 52.24391555786133, Loss Train: 5.3306357585825026e-05, Loss Test: 25.19397735595703
Epoch 13000, Loss Total: 52.24391555786133, Loss Train: 5.3306357585825026e-05, Loss Test: 25.19397735595703
Epoch 13100, Loss Total: 52.24391555786133, Loss Train: 5.3306357585825026e-05, Loss Test: 25.19397735595703
Epoch 13200, Loss Total: 52.24391555786133, Loss Train: 5.3306357585825026e-05, Loss Test: 25.19397735595703
Epoch 13300, Loss Total: 52.24391555786133, Loss Train: 5.3306357585825026e-05, Loss Test: 25.19397735595703
Epoch 13400, Loss Total: 52.24391555786133, Loss Train: 5.3306357585825026e-05, Loss Test: 25.19397735595703
Epoch 13500, Loss Total: 52.24391555786133, Loss Train: 5.3306357585825026e-05, Loss Test: 25.19397735595703
Epoch 13600, Loss Total: 52.24391555786133, Loss Train: 5.3306357585825026e-05, Loss Test: 25.19397735595703
Epoch 13700, Loss Total: 52.24391555786133, Loss Train: 5.3306357585825026e-05, Loss Test: 25.19397735595703
Epoch 13800, Loss Total: 52.24391555786133, Loss Train: 5.3306357585825026e-05, Loss Test: 25.19397735595703
Epoch 13900, Loss Total: 52.24391555786133, Loss Train: 5.3306357585825026e-05, Loss Test: 25.19397735595703
Epoch 14000, Loss Total: 52.24391555786133, Loss Train: 5.3306357585825026e-05, Loss Test: 25.19397735595703
Epoch 14100, Loss Total: 52.24391555786133, Loss Train: 5.3306357585825026e-05, Loss Test: 25.19397735595703
Epoch 14200, Loss Total: 52.24391555786133, Loss Train: 5.3306357585825026e-05, Loss Test: 25.19397735595703
Epoch 14300, Loss Total: 52.24391555786133, Loss Train: 5.3306357585825026e-05, Loss Test: 25.19397735595703
Epoch 14400, Loss Total: 52.24391555786133, Loss Train: 5.3306357585825026e-05, Loss Test: 25.19397735595703
Epoch 14500, Loss Total: 52.24391555786133, Loss Train: 5.3306357585825026e-05, Loss Test: 25.19397735595703
Epoch 14600, Loss Total: 52.24391555786133, Loss Train: 5.3306357585825026e-05, Loss Test: 25.19397735595703
Epoch 14700, Loss Total: 52.24391555786133, Loss Train: 5.3306357585825026e-05, Loss Test: 25.19397735595703
Epoch 14800, Loss Total: 52.24391555786133, Loss Train: 5.3306357585825026e-05, Loss Test: 25.19397735595703
Epoch 14900, Loss Total: 52.24391555786133, Loss Train: 5.3306357585825026e-05, Loss Test: 25.19397735595703
Epoch 15000, Loss Total: 52.24391555786133, Loss Train: 5.3306357585825026e-05, Loss Test: 25.19397735595703
Epoch 15100, Loss Total: 52.24391555786133, Loss Train: 5.3306357585825026e-05, Loss Test: 25.19397735595703
Epoch 15200, Loss Total: 52.24391555786133, Loss Train: 5.3306357585825026e-05, Loss Test: 25.19397735595703
Epoch 15300, Loss Total: 52.24391555786133, Loss Train: 5.3306357585825026e-05, Loss Test: 25.19397735595703
Epoch 15400, Loss Total: 52.24391555786133, Loss Train: 5.3306357585825026e-05, Loss Test: 25.19397735595703
Epoch 15500, Loss Total: 52.24391555786133, Loss Train: 5.3306357585825026e-05, Loss Test: 25.19397735595703
Epoch 15600, Loss Total: 52.24391555786133, Loss Train: 5.3306357585825026e-05, Loss Test: 25.19397735595703
Epoch 15700, Loss Total: 52.24391555786133, Loss Train: 5.3306357585825026e-05, Loss Test: 25.19397735595703
Epoch 15800, Loss Total: 52.24391555786133, Loss Train: 5.3306357585825026e-05, Loss Test: 25.19397735595703
Epoch 15900, Loss Total: 52.24391555786133, Loss Train: 5.3306357585825026e-05, Loss Test: 25.19397735595703
Epoch 16000, Loss Total: 52.24391555786133, Loss Train: 5.3306357585825026e-05, Loss Test: 25.19397735595703
Epoch 16100, Loss Total: 52.24391555786133, Loss Train: 5.3306357585825026e-05, Loss Test: 25.19397735595703
Epoch 16200, Loss Total: 52.24391555786133, Loss Train: 5.3306357585825026e-05, Loss Test: 25.19397735595703
Epoch 16300, Loss Total: 52.24391555786133, Loss Train: 5.3306357585825026e-05, Loss Test: 25.19397735595703
Epoch 16400, Loss Total: 52.24391555786133, Loss Train: 5.3306357585825026e-05, Loss Test: 25.19397735595703
Epoch 16500, Loss Total: 52.24391555786133, Loss Train: 5.3306357585825026e-05, Loss Test: 25.19397735595703
Epoch 16600, Loss Total: 52.24391555786133, Loss Train: 5.3306357585825026e-05, Loss Test: 25.19397735595703
Epoch 16700, Loss Total: 52.24391555786133, Loss Train: 5.3306357585825026e-05, Loss Test: 25.19397735595703
Epoch 16800, Loss Total: 52.24391555786133, Loss Train: 5.3306357585825026e-05, Loss Test: 25.19397735595703
Epoch 16900, Loss Total: 52.24391555786133, Loss Train: 5.3306357585825026e-05, Loss Test: 25.19397735595703
Epoch 17000, Loss Total: 52.24391555786133, Loss Train: 5.3306357585825026e-05, Loss Test: 25.19397735595703
Epoch 17100, Loss Total: 52.24391555786133, Loss Train: 5.3306357585825026e-05, Loss Test: 25.19397735595703
Epoch 17200, Loss Total: 52.24391555786133, Loss Train: 5.3306357585825026e-05, Loss Test: 25.19397735595703
Epoch 17300, Loss Total: 52.24391555786133, Loss Train: 5.3306357585825026e-05, Loss Test: 25.19397735595703
Epoch 17400, Loss Total: 52.24391555786133, Loss Train: 5.3306357585825026e-05, Loss Test: 25.19397735595703
Epoch 17500, Loss Total: 52.24391555786133, Loss Train: 5.3306357585825026e-05, Loss Test: 25.19397735595703
Epoch 17600, Loss Total: 52.24391555786133, Loss Train: 5.3306357585825026e-05, Loss Test: 25.19397735595703
Epoch 17700, Loss Total: 52.24391555786133, Loss Train: 5.3306357585825026e-05, Loss Test: 25.19397735595703
Epoch 17800, Loss Total: 52.24391555786133, Loss Train: 5.3306357585825026e-05, Loss Test: 25.19397735595703
Epoch 17900, Loss Total: 52.24391555786133, Loss Train: 5.3306357585825026e-05, Loss Test: 25.19397735595703
Epoch 18000, Loss Total: 52.24391555786133, Loss Train: 5.3306357585825026e-05, Loss Test: 25.19397735595703
Epoch 18100, Loss Total: 52.24391555786133, Loss Train: 5.3306357585825026e-05, Loss Test: 25.19397735595703
Epoch 18200, Loss Total: 52.24391555786133, Loss Train: 5.3306357585825026e-05, Loss Test: 25.19397735595703
Epoch 18300, Loss Total: 52.24391555786133, Loss Train: 5.3306357585825026e-05, Loss Test: 25.19397735595703
Epoch 18400, Loss Total: 52.24391555786133, Loss Train: 5.3306357585825026e-05, Loss Test: 25.19397735595703
Epoch 18500, Loss Total: 52.24391555786133, Loss Train: 5.3306357585825026e-05, Loss Test: 25.19397735595703
Epoch 18600, Loss Total: 52.24391555786133, Loss Train: 5.3306357585825026e-05, Loss Test: 25.19397735595703
Epoch 18700, Loss Total: 52.24391555786133, Loss Train: 5.3306357585825026e-05, Loss Test: 25.19397735595703
Epoch 18800, Loss Total: 52.24391555786133, Loss Train: 5.3306357585825026e-05, Loss Test: 25.19397735595703
Epoch 18900, Loss Total: 52.24391555786133, Loss Train: 5.3306357585825026e-05, Loss Test: 25.19397735595703
Epoch 19000, Loss Total: 52.24391555786133, Loss Train: 5.3306357585825026e-05, Loss Test: 25.19397735595703
Epoch 19100, Loss Total: 52.24391555786133, Loss Train: 5.3306357585825026e-05, Loss Test: 25.19397735595703
Epoch 19200, Loss Total: 52.24391555786133, Loss Train: 5.3306357585825026e-05, Loss Test: 25.19397735595703
Epoch 19300, Loss Total: 52.24391555786133, Loss Train: 5.3306357585825026e-05, Loss Test: 25.19397735595703
Epoch 19400, Loss Total: 52.24391555786133, Loss Train: 5.3306357585825026e-05, Loss Test: 25.19397735595703
Epoch 19500, Loss Total: 52.24391555786133, Loss Train: 5.3306357585825026e-05, Loss Test: 25.19397735595703
Epoch 19600, Loss Total: 52.24391555786133, Loss Train: 5.3306357585825026e-05, Loss Test: 25.19397735595703
Epoch 19700, Loss Total: 52.24391555786133, Loss Train: 5.3306357585825026e-05, Loss Test: 25.19397735595703
Epoch 19800, Loss Total: 52.24391555786133, Loss Train: 5.3306357585825026e-05, Loss Test: 25.19397735595703
Epoch 19900, Loss Total: 52.24391555786133, Loss Train: 5.3306357585825026e-05, Loss Test: 25.19397735595703
Results for seed=4 and percentage=0.5 already exist, skipping.
Finished task 44
