Running task 410 with seed=45 and percentage=0.35
Epoch 0, Loss Total: 83.98773193359375, Loss Train: 127.75177764892578, Loss Test: 132.99000549316406
Epoch 100, Loss Total: 42.700599670410156, Loss Train: 38.328224182128906, Loss Test: 64.67022705078125
Epoch 200, Loss Total: 40.726505279541016, Loss Train: 16.55449104309082, Loss Test: 39.43483352661133
Epoch 300, Loss Total: 44.21587371826172, Loss Train: 8.251984596252441, Loss Test: 32.316139221191406
Epoch 400, Loss Total: 47.29756164550781, Loss Train: 4.425795078277588, Loss Test: 29.91741371154785
Epoch 500, Loss Total: 49.55799865722656, Loss Train: 2.4880361557006836, Loss Test: 29.032543182373047
Epoch 600, Loss Total: 51.13819122314453, Loss Train: 1.4408434629440308, Loss Test: 28.679058074951172
Epoch 700, Loss Total: 52.232391357421875, Loss Train: 0.8482120037078857, Loss Test: 28.52800750732422
Epoch 800, Loss Total: 52.995426177978516, Loss Train: 0.5026500225067139, Loss Test: 28.461833953857422
Epoch 900, Loss Total: 53.533145904541016, Loss Train: 0.29764997959136963, Loss Test: 28.434391021728516
Epoch 1000, Loss Total: 53.915035247802734, Loss Train: 0.1750912368297577, Loss Test: 28.42559814453125
Epoch 1100, Loss Total: 54.1873664855957, Loss Train: 0.10180142521858215, Loss Test: 28.425941467285156
Epoch 1200, Loss Total: 54.38188171386719, Loss Train: 0.058241188526153564, Loss Test: 28.430627822875977
Epoch 1300, Loss Total: 54.520835876464844, Loss Train: 0.032654792070388794, Loss Test: 28.437124252319336
Epoch 1400, Loss Total: 54.62006378173828, Loss Train: 0.017880739644169807, Loss Test: 28.444021224975586
Epoch 1500, Loss Total: 54.69084167480469, Loss Train: 0.009535134769976139, Loss Test: 28.450563430786133
Epoch 1600, Loss Total: 54.74125289916992, Loss Train: 0.004943378269672394, Loss Test: 28.456363677978516
Epoch 1700, Loss Total: 54.77709197998047, Loss Train: 0.002492181258276105, Loss Test: 28.461275100708008
Epoch 1800, Loss Total: 54.80251693725586, Loss Train: 0.0012267592828720808, Loss Test: 28.465299606323242
Epoch 1900, Loss Total: 54.82051086425781, Loss Train: 0.0005966456956230104, Loss Test: 28.46851348876953
Epoch 2000, Loss Total: 54.833213806152344, Loss Train: 0.000294574216241017, Loss Test: 28.471031188964844
Epoch 2100, Loss Total: 54.84215545654297, Loss Train: 0.00015519467706326395, Loss Test: 28.472972869873047
Epoch 2200, Loss Total: 54.84843826293945, Loss Train: 9.324846905656159e-05, Loss Test: 28.474451065063477
Epoch 2300, Loss Total: 54.85283660888672, Loss Train: 6.661699444521219e-05, Loss Test: 28.475568771362305
Epoch 2400, Loss Total: 54.85590744018555, Loss Train: 5.5458382121287286e-05, Loss Test: 28.476409912109375
Epoch 2500, Loss Total: 54.85805130004883, Loss Train: 5.089286059956066e-05, Loss Test: 28.477033615112305
Epoch 2600, Loss Total: 54.859554290771484, Loss Train: 4.892423748970032e-05, Loss Test: 28.477495193481445
Epoch 2700, Loss Total: 54.860595703125, Loss Train: 4.810381869901903e-05, Loss Test: 28.477832794189453
Epoch 2800, Loss Total: 54.86132049560547, Loss Train: 4.7752684622537345e-05, Loss Test: 28.47808074951172
Epoch 2900, Loss Total: 54.86183547973633, Loss Train: 4.757611168315634e-05, Loss Test: 28.47826385498047
Epoch 3000, Loss Total: 54.8621940612793, Loss Train: 4.7498990170424804e-05, Loss Test: 28.4783935546875
Epoch 3100, Loss Total: 54.8624382019043, Loss Train: 4.7490368160652e-05, Loss Test: 28.47848892211914
Epoch 3200, Loss Total: 54.86262130737305, Loss Train: 4.745870683109388e-05, Loss Test: 28.478557586669922
Epoch 3300, Loss Total: 54.86269760131836, Loss Train: 4.743558747577481e-05, Loss Test: 28.478586196899414
Epoch 3400, Loss Total: 54.86272048950195, Loss Train: 4.74356857012026e-05, Loss Test: 28.478599548339844
Epoch 3500, Loss Total: 54.86273193359375, Loss Train: 4.74356857012026e-05, Loss Test: 28.478605270385742
Epoch 3600, Loss Total: 54.86273193359375, Loss Train: 4.74356857012026e-05, Loss Test: 28.478607177734375
Epoch 3700, Loss Total: 54.86273193359375, Loss Train: 4.74356857012026e-05, Loss Test: 28.478607177734375
Epoch 3800, Loss Total: 54.86273193359375, Loss Train: 4.74356857012026e-05, Loss Test: 28.478607177734375
Epoch 3900, Loss Total: 54.86273193359375, Loss Train: 4.74356857012026e-05, Loss Test: 28.478607177734375
Epoch 4000, Loss Total: 54.86273193359375, Loss Train: 4.74356857012026e-05, Loss Test: 28.478607177734375
Epoch 4100, Loss Total: 54.86273193359375, Loss Train: 4.74356857012026e-05, Loss Test: 28.478607177734375
Epoch 4200, Loss Total: 54.86273193359375, Loss Train: 4.74356857012026e-05, Loss Test: 28.478607177734375
Epoch 4300, Loss Total: 54.86273193359375, Loss Train: 4.74356857012026e-05, Loss Test: 28.478607177734375
Epoch 4400, Loss Total: 54.86273193359375, Loss Train: 4.74356857012026e-05, Loss Test: 28.478607177734375
Epoch 4500, Loss Total: 54.86273193359375, Loss Train: 4.74356857012026e-05, Loss Test: 28.478607177734375
Epoch 4600, Loss Total: 54.86273193359375, Loss Train: 4.74356857012026e-05, Loss Test: 28.478607177734375
Epoch 4700, Loss Total: 54.86273193359375, Loss Train: 4.74356857012026e-05, Loss Test: 28.478607177734375
Epoch 4800, Loss Total: 54.86273193359375, Loss Train: 4.74356857012026e-05, Loss Test: 28.478607177734375
Epoch 4900, Loss Total: 54.86273193359375, Loss Train: 4.74356857012026e-05, Loss Test: 28.478607177734375
Epoch 5000, Loss Total: 54.86273193359375, Loss Train: 4.74356857012026e-05, Loss Test: 28.478607177734375
Epoch 5100, Loss Total: 54.86273193359375, Loss Train: 4.74356857012026e-05, Loss Test: 28.478607177734375
Epoch 5200, Loss Total: 54.86273193359375, Loss Train: 4.74356857012026e-05, Loss Test: 28.478607177734375
Epoch 5300, Loss Total: 54.86273193359375, Loss Train: 4.74356857012026e-05, Loss Test: 28.478607177734375
Epoch 5400, Loss Total: 54.86273193359375, Loss Train: 4.74356857012026e-05, Loss Test: 28.478607177734375
Epoch 5500, Loss Total: 54.86273193359375, Loss Train: 4.74356857012026e-05, Loss Test: 28.478607177734375
Epoch 5600, Loss Total: 54.86273193359375, Loss Train: 4.74356857012026e-05, Loss Test: 28.478607177734375
Epoch 5700, Loss Total: 54.86273193359375, Loss Train: 4.74356857012026e-05, Loss Test: 28.478607177734375
Epoch 5800, Loss Total: 54.86273193359375, Loss Train: 4.74356857012026e-05, Loss Test: 28.478607177734375
Epoch 5900, Loss Total: 54.86273193359375, Loss Train: 4.74356857012026e-05, Loss Test: 28.478607177734375
Epoch 6000, Loss Total: 54.86273193359375, Loss Train: 4.74356857012026e-05, Loss Test: 28.478607177734375
Epoch 6100, Loss Total: 54.86273193359375, Loss Train: 4.74356857012026e-05, Loss Test: 28.478607177734375
Epoch 6200, Loss Total: 54.86273193359375, Loss Train: 4.74356857012026e-05, Loss Test: 28.478607177734375
Epoch 6300, Loss Total: 54.86273193359375, Loss Train: 4.74356857012026e-05, Loss Test: 28.478607177734375
Epoch 6400, Loss Total: 54.86273193359375, Loss Train: 4.74356857012026e-05, Loss Test: 28.478607177734375
Epoch 6500, Loss Total: 54.86273193359375, Loss Train: 4.74356857012026e-05, Loss Test: 28.478607177734375
Epoch 6600, Loss Total: 54.86273193359375, Loss Train: 4.74356857012026e-05, Loss Test: 28.478607177734375
Epoch 6700, Loss Total: 54.86273193359375, Loss Train: 4.74356857012026e-05, Loss Test: 28.478607177734375
Epoch 6800, Loss Total: 54.86273193359375, Loss Train: 4.74356857012026e-05, Loss Test: 28.478607177734375
Epoch 6900, Loss Total: 54.86273193359375, Loss Train: 4.74356857012026e-05, Loss Test: 28.478607177734375
Epoch 7000, Loss Total: 54.86273193359375, Loss Train: 4.74356857012026e-05, Loss Test: 28.478607177734375
Epoch 7100, Loss Total: 54.86273193359375, Loss Train: 4.74356857012026e-05, Loss Test: 28.478607177734375
Epoch 7200, Loss Total: 54.86273193359375, Loss Train: 4.74356857012026e-05, Loss Test: 28.478607177734375
Epoch 7300, Loss Total: 54.86273193359375, Loss Train: 4.74356857012026e-05, Loss Test: 28.478607177734375
Epoch 7400, Loss Total: 54.86273193359375, Loss Train: 4.74356857012026e-05, Loss Test: 28.478607177734375
Epoch 7500, Loss Total: 54.86273193359375, Loss Train: 4.74356857012026e-05, Loss Test: 28.478607177734375
Epoch 7600, Loss Total: 54.86273193359375, Loss Train: 4.74356857012026e-05, Loss Test: 28.478607177734375
Epoch 7700, Loss Total: 54.86273193359375, Loss Train: 4.74356857012026e-05, Loss Test: 28.478607177734375
Epoch 7800, Loss Total: 54.86273193359375, Loss Train: 4.74356857012026e-05, Loss Test: 28.478607177734375
Epoch 7900, Loss Total: 54.86273193359375, Loss Train: 4.74356857012026e-05, Loss Test: 28.478607177734375
Epoch 8000, Loss Total: 54.86273193359375, Loss Train: 4.74356857012026e-05, Loss Test: 28.478607177734375
Epoch 8100, Loss Total: 54.86273193359375, Loss Train: 4.74356857012026e-05, Loss Test: 28.478607177734375
Epoch 8200, Loss Total: 54.86273193359375, Loss Train: 4.74356857012026e-05, Loss Test: 28.478607177734375
Epoch 8300, Loss Total: 54.86273193359375, Loss Train: 4.74356857012026e-05, Loss Test: 28.478607177734375
Epoch 8400, Loss Total: 54.86273193359375, Loss Train: 4.74356857012026e-05, Loss Test: 28.478607177734375
Epoch 8500, Loss Total: 54.86273193359375, Loss Train: 4.74356857012026e-05, Loss Test: 28.478607177734375
Epoch 8600, Loss Total: 54.86273193359375, Loss Train: 4.74356857012026e-05, Loss Test: 28.478607177734375
Epoch 8700, Loss Total: 54.86273193359375, Loss Train: 4.74356857012026e-05, Loss Test: 28.478607177734375
Epoch 8800, Loss Total: 54.86273193359375, Loss Train: 4.74356857012026e-05, Loss Test: 28.478607177734375
Epoch 8900, Loss Total: 54.86273193359375, Loss Train: 4.74356857012026e-05, Loss Test: 28.478607177734375
Epoch 9000, Loss Total: 54.86273193359375, Loss Train: 4.74356857012026e-05, Loss Test: 28.478607177734375
Epoch 9100, Loss Total: 54.86273193359375, Loss Train: 4.74356857012026e-05, Loss Test: 28.478607177734375
Epoch 9200, Loss Total: 54.86273193359375, Loss Train: 4.74356857012026e-05, Loss Test: 28.478607177734375
Epoch 9300, Loss Total: 54.86273193359375, Loss Train: 4.74356857012026e-05, Loss Test: 28.478607177734375
Epoch 9400, Loss Total: 54.86273193359375, Loss Train: 4.74356857012026e-05, Loss Test: 28.478607177734375
Epoch 9500, Loss Total: 54.86273193359375, Loss Train: 4.74356857012026e-05, Loss Test: 28.478607177734375
Epoch 9600, Loss Total: 54.86273193359375, Loss Train: 4.74356857012026e-05, Loss Test: 28.478607177734375
Epoch 9700, Loss Total: 54.86273193359375, Loss Train: 4.74356857012026e-05, Loss Test: 28.478607177734375
Epoch 9800, Loss Total: 54.86273193359375, Loss Train: 4.74356857012026e-05, Loss Test: 28.478607177734375
Epoch 9900, Loss Total: 54.86273193359375, Loss Train: 4.74356857012026e-05, Loss Test: 28.478607177734375
Epoch 10000, Loss Total: 54.86273193359375, Loss Train: 4.74356857012026e-05, Loss Test: 28.478607177734375
Epoch 10100, Loss Total: 54.86273193359375, Loss Train: 4.74356857012026e-05, Loss Test: 28.478607177734375
Epoch 10200, Loss Total: 54.86273193359375, Loss Train: 4.74356857012026e-05, Loss Test: 28.478607177734375
Epoch 10300, Loss Total: 54.86273193359375, Loss Train: 4.74356857012026e-05, Loss Test: 28.478607177734375
Epoch 10400, Loss Total: 54.86273193359375, Loss Train: 4.74356857012026e-05, Loss Test: 28.478607177734375
Epoch 10500, Loss Total: 54.86273193359375, Loss Train: 4.74356857012026e-05, Loss Test: 28.478607177734375
Epoch 10600, Loss Total: 54.86273193359375, Loss Train: 4.74356857012026e-05, Loss Test: 28.478607177734375
Epoch 10700, Loss Total: 54.86273193359375, Loss Train: 4.74356857012026e-05, Loss Test: 28.478607177734375
Epoch 10800, Loss Total: 54.86273193359375, Loss Train: 4.74356857012026e-05, Loss Test: 28.478607177734375
Epoch 10900, Loss Total: 54.86273193359375, Loss Train: 4.74356857012026e-05, Loss Test: 28.478607177734375
Epoch 11000, Loss Total: 54.86273193359375, Loss Train: 4.74356857012026e-05, Loss Test: 28.478607177734375
Epoch 11100, Loss Total: 54.86273193359375, Loss Train: 4.74356857012026e-05, Loss Test: 28.478607177734375
Epoch 11200, Loss Total: 54.86273193359375, Loss Train: 4.74356857012026e-05, Loss Test: 28.478607177734375
Epoch 11300, Loss Total: 54.86273193359375, Loss Train: 4.74356857012026e-05, Loss Test: 28.478607177734375
Epoch 11400, Loss Total: 54.86273193359375, Loss Train: 4.74356857012026e-05, Loss Test: 28.478607177734375
Epoch 11500, Loss Total: 54.86273193359375, Loss Train: 4.74356857012026e-05, Loss Test: 28.478607177734375
Epoch 11600, Loss Total: 54.86273193359375, Loss Train: 4.74356857012026e-05, Loss Test: 28.478607177734375
Epoch 11700, Loss Total: 54.86273193359375, Loss Train: 4.74356857012026e-05, Loss Test: 28.478607177734375
Epoch 11800, Loss Total: 54.86273193359375, Loss Train: 4.74356857012026e-05, Loss Test: 28.478607177734375
Epoch 11900, Loss Total: 54.86273193359375, Loss Train: 4.74356857012026e-05, Loss Test: 28.478607177734375
Epoch 12000, Loss Total: 54.86273193359375, Loss Train: 4.74356857012026e-05, Loss Test: 28.478607177734375
Epoch 12100, Loss Total: 54.86273193359375, Loss Train: 4.74356857012026e-05, Loss Test: 28.478607177734375
Epoch 12200, Loss Total: 54.86273193359375, Loss Train: 4.74356857012026e-05, Loss Test: 28.478607177734375
Epoch 12300, Loss Total: 54.86273193359375, Loss Train: 4.74356857012026e-05, Loss Test: 28.478607177734375
Epoch 12400, Loss Total: 54.86273193359375, Loss Train: 4.74356857012026e-05, Loss Test: 28.478607177734375
Epoch 12500, Loss Total: 54.86273193359375, Loss Train: 4.74356857012026e-05, Loss Test: 28.478607177734375
Epoch 12600, Loss Total: 54.86273193359375, Loss Train: 4.74356857012026e-05, Loss Test: 28.478607177734375
Epoch 12700, Loss Total: 54.86273193359375, Loss Train: 4.74356857012026e-05, Loss Test: 28.478607177734375
Epoch 12800, Loss Total: 54.86273193359375, Loss Train: 4.74356857012026e-05, Loss Test: 28.478607177734375
Epoch 12900, Loss Total: 54.86273193359375, Loss Train: 4.74356857012026e-05, Loss Test: 28.478607177734375
Epoch 13000, Loss Total: 54.86273193359375, Loss Train: 4.74356857012026e-05, Loss Test: 28.478607177734375
Epoch 13100, Loss Total: 54.86273193359375, Loss Train: 4.74356857012026e-05, Loss Test: 28.478607177734375
Epoch 13200, Loss Total: 54.86273193359375, Loss Train: 4.74356857012026e-05, Loss Test: 28.478607177734375
Epoch 13300, Loss Total: 54.86273193359375, Loss Train: 4.74356857012026e-05, Loss Test: 28.478607177734375
Epoch 13400, Loss Total: 54.86273193359375, Loss Train: 4.74356857012026e-05, Loss Test: 28.478607177734375
Epoch 13500, Loss Total: 54.86273193359375, Loss Train: 4.74356857012026e-05, Loss Test: 28.478607177734375
Epoch 13600, Loss Total: 54.86273193359375, Loss Train: 4.74356857012026e-05, Loss Test: 28.478607177734375
Epoch 13700, Loss Total: 54.86273193359375, Loss Train: 4.74356857012026e-05, Loss Test: 28.478607177734375
Epoch 13800, Loss Total: 54.86273193359375, Loss Train: 4.74356857012026e-05, Loss Test: 28.478607177734375
Epoch 13900, Loss Total: 54.86273193359375, Loss Train: 4.74356857012026e-05, Loss Test: 28.478607177734375
Epoch 14000, Loss Total: 54.86273193359375, Loss Train: 4.74356857012026e-05, Loss Test: 28.478607177734375
Epoch 14100, Loss Total: 54.86273193359375, Loss Train: 4.74356857012026e-05, Loss Test: 28.478607177734375
Epoch 14200, Loss Total: 54.86273193359375, Loss Train: 4.74356857012026e-05, Loss Test: 28.478607177734375
Epoch 14300, Loss Total: 54.86273193359375, Loss Train: 4.74356857012026e-05, Loss Test: 28.478607177734375
Epoch 14400, Loss Total: 54.86273193359375, Loss Train: 4.74356857012026e-05, Loss Test: 28.478607177734375
Epoch 14500, Loss Total: 54.86273193359375, Loss Train: 4.74356857012026e-05, Loss Test: 28.478607177734375
Epoch 14600, Loss Total: 54.86273193359375, Loss Train: 4.74356857012026e-05, Loss Test: 28.478607177734375
Epoch 14700, Loss Total: 54.86273193359375, Loss Train: 4.74356857012026e-05, Loss Test: 28.478607177734375
Epoch 14800, Loss Total: 54.86273193359375, Loss Train: 4.74356857012026e-05, Loss Test: 28.478607177734375
Epoch 14900, Loss Total: 54.86273193359375, Loss Train: 4.74356857012026e-05, Loss Test: 28.478607177734375
Epoch 15000, Loss Total: 54.86273193359375, Loss Train: 4.74356857012026e-05, Loss Test: 28.478607177734375
Epoch 15100, Loss Total: 54.86273193359375, Loss Train: 4.74356857012026e-05, Loss Test: 28.478607177734375
Epoch 15200, Loss Total: 54.86273193359375, Loss Train: 4.74356857012026e-05, Loss Test: 28.478607177734375
Epoch 15300, Loss Total: 54.86273193359375, Loss Train: 4.74356857012026e-05, Loss Test: 28.478607177734375
Epoch 15400, Loss Total: 54.86273193359375, Loss Train: 4.74356857012026e-05, Loss Test: 28.478607177734375
Epoch 15500, Loss Total: 54.86273193359375, Loss Train: 4.74356857012026e-05, Loss Test: 28.478607177734375
Epoch 15600, Loss Total: 54.86273193359375, Loss Train: 4.74356857012026e-05, Loss Test: 28.478607177734375
Epoch 15700, Loss Total: 54.86273193359375, Loss Train: 4.74356857012026e-05, Loss Test: 28.478607177734375
Epoch 15800, Loss Total: 54.86273193359375, Loss Train: 4.74356857012026e-05, Loss Test: 28.478607177734375
Epoch 15900, Loss Total: 54.86273193359375, Loss Train: 4.74356857012026e-05, Loss Test: 28.478607177734375
Epoch 16000, Loss Total: 54.86273193359375, Loss Train: 4.74356857012026e-05, Loss Test: 28.478607177734375
Epoch 16100, Loss Total: 54.86273193359375, Loss Train: 4.74356857012026e-05, Loss Test: 28.478607177734375
Epoch 16200, Loss Total: 54.86273193359375, Loss Train: 4.74356857012026e-05, Loss Test: 28.478607177734375
Epoch 16300, Loss Total: 54.86273193359375, Loss Train: 4.74356857012026e-05, Loss Test: 28.478607177734375
Epoch 16400, Loss Total: 54.86273193359375, Loss Train: 4.74356857012026e-05, Loss Test: 28.478607177734375
Epoch 16500, Loss Total: 54.86273193359375, Loss Train: 4.74356857012026e-05, Loss Test: 28.478607177734375
Epoch 16600, Loss Total: 54.86273193359375, Loss Train: 4.74356857012026e-05, Loss Test: 28.478607177734375
Epoch 16700, Loss Total: 54.86273193359375, Loss Train: 4.74356857012026e-05, Loss Test: 28.478607177734375
Epoch 16800, Loss Total: 54.86273193359375, Loss Train: 4.74356857012026e-05, Loss Test: 28.478607177734375
Epoch 16900, Loss Total: 54.86273193359375, Loss Train: 4.74356857012026e-05, Loss Test: 28.478607177734375
Epoch 17000, Loss Total: 54.86273193359375, Loss Train: 4.74356857012026e-05, Loss Test: 28.478607177734375
Epoch 17100, Loss Total: 54.86273193359375, Loss Train: 4.74356857012026e-05, Loss Test: 28.478607177734375
Epoch 17200, Loss Total: 54.86273193359375, Loss Train: 4.74356857012026e-05, Loss Test: 28.478607177734375
Epoch 17300, Loss Total: 54.86273193359375, Loss Train: 4.74356857012026e-05, Loss Test: 28.478607177734375
Epoch 17400, Loss Total: 54.86273193359375, Loss Train: 4.74356857012026e-05, Loss Test: 28.478607177734375
Epoch 17500, Loss Total: 54.86273193359375, Loss Train: 4.74356857012026e-05, Loss Test: 28.478607177734375
Epoch 17600, Loss Total: 54.86273193359375, Loss Train: 4.74356857012026e-05, Loss Test: 28.478607177734375
Epoch 17700, Loss Total: 54.86273193359375, Loss Train: 4.74356857012026e-05, Loss Test: 28.478607177734375
Epoch 17800, Loss Total: 54.86273193359375, Loss Train: 4.74356857012026e-05, Loss Test: 28.478607177734375
Epoch 17900, Loss Total: 54.86273193359375, Loss Train: 4.74356857012026e-05, Loss Test: 28.478607177734375
Epoch 18000, Loss Total: 54.86273193359375, Loss Train: 4.74356857012026e-05, Loss Test: 28.478607177734375
Epoch 18100, Loss Total: 54.86273193359375, Loss Train: 4.74356857012026e-05, Loss Test: 28.478607177734375
Epoch 18200, Loss Total: 54.86273193359375, Loss Train: 4.74356857012026e-05, Loss Test: 28.478607177734375
Epoch 18300, Loss Total: 54.86273193359375, Loss Train: 4.74356857012026e-05, Loss Test: 28.478607177734375
Epoch 18400, Loss Total: 54.86273193359375, Loss Train: 4.74356857012026e-05, Loss Test: 28.478607177734375
Epoch 18500, Loss Total: 54.86273193359375, Loss Train: 4.74356857012026e-05, Loss Test: 28.478607177734375
Epoch 18600, Loss Total: 54.86273193359375, Loss Train: 4.74356857012026e-05, Loss Test: 28.478607177734375
Epoch 18700, Loss Total: 54.86273193359375, Loss Train: 4.74356857012026e-05, Loss Test: 28.478607177734375
Epoch 18800, Loss Total: 54.86273193359375, Loss Train: 4.74356857012026e-05, Loss Test: 28.478607177734375
Epoch 18900, Loss Total: 54.86273193359375, Loss Train: 4.74356857012026e-05, Loss Test: 28.478607177734375
Epoch 19000, Loss Total: 54.86273193359375, Loss Train: 4.74356857012026e-05, Loss Test: 28.478607177734375
Epoch 19100, Loss Total: 54.86273193359375, Loss Train: 4.74356857012026e-05, Loss Test: 28.478607177734375
Epoch 19200, Loss Total: 54.86273193359375, Loss Train: 4.74356857012026e-05, Loss Test: 28.478607177734375
Epoch 19300, Loss Total: 54.86273193359375, Loss Train: 4.74356857012026e-05, Loss Test: 28.478607177734375
Epoch 19400, Loss Total: 54.86273193359375, Loss Train: 4.74356857012026e-05, Loss Test: 28.478607177734375
Epoch 19500, Loss Total: 54.86273193359375, Loss Train: 4.74356857012026e-05, Loss Test: 28.478607177734375
Epoch 19600, Loss Total: 54.86273193359375, Loss Train: 4.74356857012026e-05, Loss Test: 28.478607177734375
Epoch 19700, Loss Total: 54.86273193359375, Loss Train: 4.74356857012026e-05, Loss Test: 28.478607177734375
Epoch 19800, Loss Total: 54.86273193359375, Loss Train: 4.74356857012026e-05, Loss Test: 28.478607177734375
Epoch 19900, Loss Total: 54.86273193359375, Loss Train: 4.74356857012026e-05, Loss Test: 28.478607177734375
Added results for seed=45 and percentage=0.35
Finished task 410
