Running task 707 with seed=78 and percentage=0.35
Epoch 0, Loss Total: 84.09568786621094, Loss Train: 128.4283905029297, Loss Test: 132.86221313476562
Epoch 100, Loss Total: 42.80832290649414, Loss Train: 39.68006896972656, Loss Test: 64.29489135742188
Epoch 200, Loss Total: 40.90945053100586, Loss Train: 17.887685775756836, Loss Test: 39.500389099121094
Epoch 300, Loss Total: 44.18071746826172, Loss Train: 9.264710426330566, Loss Test: 32.5054931640625
Epoch 400, Loss Total: 47.073280334472656, Loss Train: 5.125434398651123, Loss Test: 30.024131774902344
Epoch 500, Loss Total: 49.320823669433594, Loss Train: 2.960641622543335, Loss Test: 29.063419342041016
Epoch 600, Loss Total: 51.0374870300293, Loss Train: 1.7576518058776855, Loss Test: 28.706069946289062
Epoch 700, Loss Total: 52.35335922241211, Loss Train: 1.0583053827285767, Loss Test: 28.61844253540039
Epoch 800, Loss Total: 53.371944427490234, Loss Train: 0.6398321390151978, Loss Test: 28.662445068359375
Epoch 900, Loss Total: 54.168060302734375, Loss Train: 0.3855873644351959, Loss Test: 28.772520065307617
Epoch 1000, Loss Total: 54.794857025146484, Loss Train: 0.23032765090465546, Loss Test: 28.91344451904297
Epoch 1100, Loss Total: 55.29042053222656, Loss Train: 0.13574589788913727, Loss Test: 29.064542770385742
Epoch 1200, Loss Total: 55.68263244628906, Loss Train: 0.07861845195293427, Loss Test: 29.21309471130371
Epoch 1300, Loss Total: 55.99235153198242, Loss Train: 0.044586580246686935, Loss Test: 29.351266860961914
Epoch 1400, Loss Total: 56.235618591308594, Loss Train: 0.024684378877282143, Loss Test: 29.474519729614258
Epoch 1500, Loss Total: 56.4251708984375, Loss Train: 0.013306776061654091, Loss Test: 29.580665588378906
Epoch 1600, Loss Total: 56.571346282958984, Loss Train: 0.006972585339099169, Loss Test: 29.669265747070312
Epoch 1700, Loss Total: 56.68272399902344, Loss Train: 0.0035498333163559437, Loss Test: 29.741104125976562
Epoch 1800, Loss Total: 56.76646041870117, Loss Train: 0.001759911421686411, Loss Test: 29.797765731811523
Epoch 1900, Loss Total: 56.828521728515625, Loss Train: 0.0008560401620343328, Loss Test: 29.84129524230957
Epoch 2000, Loss Total: 56.87385940551758, Loss Train: 0.0004160090466029942, Loss Test: 29.87388801574707
Epoch 2100, Loss Total: 56.90650177001953, Loss Train: 0.0002097573596984148, Loss Test: 29.89769744873047
Epoch 2200, Loss Total: 56.929649353027344, Loss Train: 0.00011654972331598401, Loss Test: 29.9146728515625
Epoch 2300, Loss Total: 56.945858001708984, Loss Train: 7.586798164993525e-05, Loss Test: 29.92649269104004
Epoch 2400, Loss Total: 56.95705032348633, Loss Train: 5.8684458053903654e-05, Loss Test: 29.93453025817871
Epoch 2500, Loss Total: 56.964698791503906, Loss Train: 5.1570870709838346e-05, Loss Test: 29.93987274169922
Epoch 2600, Loss Total: 56.96986770629883, Loss Train: 4.872336648986675e-05, Loss Test: 29.943355560302734
Epoch 2700, Loss Total: 56.97334671020508, Loss Train: 4.744804391521029e-05, Loss Test: 29.94556999206543
Epoch 2800, Loss Total: 56.97566604614258, Loss Train: 4.7063211241038516e-05, Loss Test: 29.946950912475586
Epoch 2900, Loss Total: 56.97722625732422, Loss Train: 4.6774002839811146e-05, Loss Test: 29.947799682617188
Epoch 3000, Loss Total: 56.97826385498047, Loss Train: 4.6633616875624284e-05, Loss Test: 29.948314666748047
Epoch 3100, Loss Total: 56.978965759277344, Loss Train: 4.651170820579864e-05, Loss Test: 29.94862174987793
Epoch 3200, Loss Total: 56.97944259643555, Loss Train: 4.645615990739316e-05, Loss Test: 29.948802947998047
Epoch 3300, Loss Total: 56.979766845703125, Loss Train: 4.648292451747693e-05, Loss Test: 29.94890594482422
Epoch 3400, Loss Total: 56.9798698425293, Loss Train: 4.6481720346491784e-05, Loss Test: 29.948936462402344
Epoch 3500, Loss Total: 56.97991180419922, Loss Train: 4.648174945032224e-05, Loss Test: 29.948945999145508
Epoch 3600, Loss Total: 56.97993087768555, Loss Train: 4.648174945032224e-05, Loss Test: 29.948951721191406
Epoch 3700, Loss Total: 56.97993850708008, Loss Train: 4.648174945032224e-05, Loss Test: 29.948951721191406
Epoch 3800, Loss Total: 56.979942321777344, Loss Train: 4.648174945032224e-05, Loss Test: 29.948951721191406
Epoch 3900, Loss Total: 56.979942321777344, Loss Train: 4.648174945032224e-05, Loss Test: 29.948951721191406
Epoch 4000, Loss Total: 56.979942321777344, Loss Train: 4.648174945032224e-05, Loss Test: 29.948951721191406
Epoch 4100, Loss Total: 56.979942321777344, Loss Train: 4.648174945032224e-05, Loss Test: 29.948951721191406
Epoch 4200, Loss Total: 56.979942321777344, Loss Train: 4.648174945032224e-05, Loss Test: 29.948951721191406
Epoch 4300, Loss Total: 56.979942321777344, Loss Train: 4.648174945032224e-05, Loss Test: 29.948951721191406
Epoch 4400, Loss Total: 56.979942321777344, Loss Train: 4.648174945032224e-05, Loss Test: 29.948951721191406
Epoch 4500, Loss Total: 56.979942321777344, Loss Train: 4.648174945032224e-05, Loss Test: 29.948951721191406
Epoch 4600, Loss Total: 56.979942321777344, Loss Train: 4.648174945032224e-05, Loss Test: 29.948951721191406
Epoch 4700, Loss Total: 56.979942321777344, Loss Train: 4.648174945032224e-05, Loss Test: 29.948951721191406
Epoch 4800, Loss Total: 56.979942321777344, Loss Train: 4.648174945032224e-05, Loss Test: 29.948951721191406
Epoch 4900, Loss Total: 56.979942321777344, Loss Train: 4.648174945032224e-05, Loss Test: 29.948951721191406
Epoch 5000, Loss Total: 56.979942321777344, Loss Train: 4.648174945032224e-05, Loss Test: 29.948951721191406
Epoch 5100, Loss Total: 56.979942321777344, Loss Train: 4.648174945032224e-05, Loss Test: 29.948951721191406
Epoch 5200, Loss Total: 56.979942321777344, Loss Train: 4.648174945032224e-05, Loss Test: 29.948951721191406
Epoch 5300, Loss Total: 56.979942321777344, Loss Train: 4.648174945032224e-05, Loss Test: 29.948951721191406
Epoch 5400, Loss Total: 56.979942321777344, Loss Train: 4.648174945032224e-05, Loss Test: 29.948951721191406
Epoch 5500, Loss Total: 56.979942321777344, Loss Train: 4.648174945032224e-05, Loss Test: 29.948951721191406
Epoch 5600, Loss Total: 56.979942321777344, Loss Train: 4.648174945032224e-05, Loss Test: 29.948951721191406
Epoch 5700, Loss Total: 56.979942321777344, Loss Train: 4.648174945032224e-05, Loss Test: 29.948951721191406
Epoch 5800, Loss Total: 56.979942321777344, Loss Train: 4.648174945032224e-05, Loss Test: 29.948951721191406
Epoch 5900, Loss Total: 56.979942321777344, Loss Train: 4.648174945032224e-05, Loss Test: 29.948951721191406
Epoch 6000, Loss Total: 56.979942321777344, Loss Train: 4.648174945032224e-05, Loss Test: 29.948951721191406
Epoch 6100, Loss Total: 56.979942321777344, Loss Train: 4.648174945032224e-05, Loss Test: 29.948951721191406
Epoch 6200, Loss Total: 56.979942321777344, Loss Train: 4.648174945032224e-05, Loss Test: 29.948951721191406
Epoch 6300, Loss Total: 56.979942321777344, Loss Train: 4.648174945032224e-05, Loss Test: 29.948951721191406
Epoch 6400, Loss Total: 56.979942321777344, Loss Train: 4.648174945032224e-05, Loss Test: 29.948951721191406
Epoch 6500, Loss Total: 56.979942321777344, Loss Train: 4.648174945032224e-05, Loss Test: 29.948951721191406
Epoch 6600, Loss Total: 56.979942321777344, Loss Train: 4.648174945032224e-05, Loss Test: 29.948951721191406
Epoch 6700, Loss Total: 56.979942321777344, Loss Train: 4.648174945032224e-05, Loss Test: 29.948951721191406
Epoch 6800, Loss Total: 56.979942321777344, Loss Train: 4.648174945032224e-05, Loss Test: 29.948951721191406
Epoch 6900, Loss Total: 56.979942321777344, Loss Train: 4.648174945032224e-05, Loss Test: 29.948951721191406
Epoch 7000, Loss Total: 56.979942321777344, Loss Train: 4.648174945032224e-05, Loss Test: 29.948951721191406
Epoch 7100, Loss Total: 56.979942321777344, Loss Train: 4.648174945032224e-05, Loss Test: 29.948951721191406
Epoch 7200, Loss Total: 56.979942321777344, Loss Train: 4.648174945032224e-05, Loss Test: 29.948951721191406
Epoch 7300, Loss Total: 56.979942321777344, Loss Train: 4.648174945032224e-05, Loss Test: 29.948951721191406
Epoch 7400, Loss Total: 56.979942321777344, Loss Train: 4.648174945032224e-05, Loss Test: 29.948951721191406
Epoch 7500, Loss Total: 56.979942321777344, Loss Train: 4.648174945032224e-05, Loss Test: 29.948951721191406
Epoch 7600, Loss Total: 56.979942321777344, Loss Train: 4.648174945032224e-05, Loss Test: 29.948951721191406
Epoch 7700, Loss Total: 56.979942321777344, Loss Train: 4.648174945032224e-05, Loss Test: 29.948951721191406
Epoch 7800, Loss Total: 56.979942321777344, Loss Train: 4.648174945032224e-05, Loss Test: 29.948951721191406
Epoch 7900, Loss Total: 56.979942321777344, Loss Train: 4.648174945032224e-05, Loss Test: 29.948951721191406
Epoch 8000, Loss Total: 56.979942321777344, Loss Train: 4.648174945032224e-05, Loss Test: 29.948951721191406
Epoch 8100, Loss Total: 56.979942321777344, Loss Train: 4.648174945032224e-05, Loss Test: 29.948951721191406
Epoch 8200, Loss Total: 56.979942321777344, Loss Train: 4.648174945032224e-05, Loss Test: 29.948951721191406
Epoch 8300, Loss Total: 56.979942321777344, Loss Train: 4.648174945032224e-05, Loss Test: 29.948951721191406
Epoch 8400, Loss Total: 56.979942321777344, Loss Train: 4.648174945032224e-05, Loss Test: 29.948951721191406
Epoch 8500, Loss Total: 56.979942321777344, Loss Train: 4.648174945032224e-05, Loss Test: 29.948951721191406
Epoch 8600, Loss Total: 56.979942321777344, Loss Train: 4.648174945032224e-05, Loss Test: 29.948951721191406
Epoch 8700, Loss Total: 56.979942321777344, Loss Train: 4.648174945032224e-05, Loss Test: 29.948951721191406
Epoch 8800, Loss Total: 56.979942321777344, Loss Train: 4.648174945032224e-05, Loss Test: 29.948951721191406
Epoch 8900, Loss Total: 56.979942321777344, Loss Train: 4.648174945032224e-05, Loss Test: 29.948951721191406
Epoch 9000, Loss Total: 56.979942321777344, Loss Train: 4.648174945032224e-05, Loss Test: 29.948951721191406
Epoch 9100, Loss Total: 56.979942321777344, Loss Train: 4.648174945032224e-05, Loss Test: 29.948951721191406
Epoch 9200, Loss Total: 56.979942321777344, Loss Train: 4.648174945032224e-05, Loss Test: 29.948951721191406
Epoch 9300, Loss Total: 56.979942321777344, Loss Train: 4.648174945032224e-05, Loss Test: 29.948951721191406
Epoch 9400, Loss Total: 56.979942321777344, Loss Train: 4.648174945032224e-05, Loss Test: 29.948951721191406
Epoch 9500, Loss Total: 56.979942321777344, Loss Train: 4.648174945032224e-05, Loss Test: 29.948951721191406
Epoch 9600, Loss Total: 56.979942321777344, Loss Train: 4.648174945032224e-05, Loss Test: 29.948951721191406
Epoch 9700, Loss Total: 56.979942321777344, Loss Train: 4.648174945032224e-05, Loss Test: 29.948951721191406
Epoch 9800, Loss Total: 56.979942321777344, Loss Train: 4.648174945032224e-05, Loss Test: 29.948951721191406
Epoch 9900, Loss Total: 56.979942321777344, Loss Train: 4.648174945032224e-05, Loss Test: 29.948951721191406
Epoch 10000, Loss Total: 56.979942321777344, Loss Train: 4.648174945032224e-05, Loss Test: 29.948951721191406
Epoch 10100, Loss Total: 56.979942321777344, Loss Train: 4.648174945032224e-05, Loss Test: 29.948951721191406
Epoch 10200, Loss Total: 56.979942321777344, Loss Train: 4.648174945032224e-05, Loss Test: 29.948951721191406
Epoch 10300, Loss Total: 56.979942321777344, Loss Train: 4.648174945032224e-05, Loss Test: 29.948951721191406
Epoch 10400, Loss Total: 56.979942321777344, Loss Train: 4.648174945032224e-05, Loss Test: 29.948951721191406
Epoch 10500, Loss Total: 56.979942321777344, Loss Train: 4.648174945032224e-05, Loss Test: 29.948951721191406
Epoch 10600, Loss Total: 56.979942321777344, Loss Train: 4.648174945032224e-05, Loss Test: 29.948951721191406
Epoch 10700, Loss Total: 56.979942321777344, Loss Train: 4.648174945032224e-05, Loss Test: 29.948951721191406
Epoch 10800, Loss Total: 56.979942321777344, Loss Train: 4.648174945032224e-05, Loss Test: 29.948951721191406
Epoch 10900, Loss Total: 56.979942321777344, Loss Train: 4.648174945032224e-05, Loss Test: 29.948951721191406
Epoch 11000, Loss Total: 56.979942321777344, Loss Train: 4.648174945032224e-05, Loss Test: 29.948951721191406
Epoch 11100, Loss Total: 56.979942321777344, Loss Train: 4.648174945032224e-05, Loss Test: 29.948951721191406
Epoch 11200, Loss Total: 56.979942321777344, Loss Train: 4.648174945032224e-05, Loss Test: 29.948951721191406
Epoch 11300, Loss Total: 56.979942321777344, Loss Train: 4.648174945032224e-05, Loss Test: 29.948951721191406
Epoch 11400, Loss Total: 56.979942321777344, Loss Train: 4.648174945032224e-05, Loss Test: 29.948951721191406
Epoch 11500, Loss Total: 56.979942321777344, Loss Train: 4.648174945032224e-05, Loss Test: 29.948951721191406
Epoch 11600, Loss Total: 56.979942321777344, Loss Train: 4.648174945032224e-05, Loss Test: 29.948951721191406
Epoch 11700, Loss Total: 56.979942321777344, Loss Train: 4.648174945032224e-05, Loss Test: 29.948951721191406
Epoch 11800, Loss Total: 56.979942321777344, Loss Train: 4.648174945032224e-05, Loss Test: 29.948951721191406
Epoch 11900, Loss Total: 56.979942321777344, Loss Train: 4.648174945032224e-05, Loss Test: 29.948951721191406
Epoch 12000, Loss Total: 56.979942321777344, Loss Train: 4.648174945032224e-05, Loss Test: 29.948951721191406
Epoch 12100, Loss Total: 56.979942321777344, Loss Train: 4.648174945032224e-05, Loss Test: 29.948951721191406
Epoch 12200, Loss Total: 56.979942321777344, Loss Train: 4.648174945032224e-05, Loss Test: 29.948951721191406
Epoch 12300, Loss Total: 56.979942321777344, Loss Train: 4.648174945032224e-05, Loss Test: 29.948951721191406
Epoch 12400, Loss Total: 56.979942321777344, Loss Train: 4.648174945032224e-05, Loss Test: 29.948951721191406
Epoch 12500, Loss Total: 56.979942321777344, Loss Train: 4.648174945032224e-05, Loss Test: 29.948951721191406
Epoch 12600, Loss Total: 56.979942321777344, Loss Train: 4.648174945032224e-05, Loss Test: 29.948951721191406
Epoch 12700, Loss Total: 56.979942321777344, Loss Train: 4.648174945032224e-05, Loss Test: 29.948951721191406
Epoch 12800, Loss Total: 56.979942321777344, Loss Train: 4.648174945032224e-05, Loss Test: 29.948951721191406
Epoch 12900, Loss Total: 56.979942321777344, Loss Train: 4.648174945032224e-05, Loss Test: 29.948951721191406
Epoch 13000, Loss Total: 56.979942321777344, Loss Train: 4.648174945032224e-05, Loss Test: 29.948951721191406
Epoch 13100, Loss Total: 56.979942321777344, Loss Train: 4.648174945032224e-05, Loss Test: 29.948951721191406
Epoch 13200, Loss Total: 56.979942321777344, Loss Train: 4.648174945032224e-05, Loss Test: 29.948951721191406
Epoch 13300, Loss Total: 56.979942321777344, Loss Train: 4.648174945032224e-05, Loss Test: 29.948951721191406
Epoch 13400, Loss Total: 56.979942321777344, Loss Train: 4.648174945032224e-05, Loss Test: 29.948951721191406
Epoch 13500, Loss Total: 56.979942321777344, Loss Train: 4.648174945032224e-05, Loss Test: 29.948951721191406
Epoch 13600, Loss Total: 56.979942321777344, Loss Train: 4.648174945032224e-05, Loss Test: 29.948951721191406
Epoch 13700, Loss Total: 56.979942321777344, Loss Train: 4.648174945032224e-05, Loss Test: 29.948951721191406
Epoch 13800, Loss Total: 56.979942321777344, Loss Train: 4.648174945032224e-05, Loss Test: 29.948951721191406
Epoch 13900, Loss Total: 56.979942321777344, Loss Train: 4.648174945032224e-05, Loss Test: 29.948951721191406
Epoch 14000, Loss Total: 56.979942321777344, Loss Train: 4.648174945032224e-05, Loss Test: 29.948951721191406
Epoch 14100, Loss Total: 56.979942321777344, Loss Train: 4.648174945032224e-05, Loss Test: 29.948951721191406
Epoch 14200, Loss Total: 56.979942321777344, Loss Train: 4.648174945032224e-05, Loss Test: 29.948951721191406
Epoch 14300, Loss Total: 56.979942321777344, Loss Train: 4.648174945032224e-05, Loss Test: 29.948951721191406
Epoch 14400, Loss Total: 56.979942321777344, Loss Train: 4.648174945032224e-05, Loss Test: 29.948951721191406
Epoch 14500, Loss Total: 56.979942321777344, Loss Train: 4.648174945032224e-05, Loss Test: 29.948951721191406
Epoch 14600, Loss Total: 56.979942321777344, Loss Train: 4.648174945032224e-05, Loss Test: 29.948951721191406
Epoch 14700, Loss Total: 56.979942321777344, Loss Train: 4.648174945032224e-05, Loss Test: 29.948951721191406
Epoch 14800, Loss Total: 56.979942321777344, Loss Train: 4.648174945032224e-05, Loss Test: 29.948951721191406
Epoch 14900, Loss Total: 56.979942321777344, Loss Train: 4.648174945032224e-05, Loss Test: 29.948951721191406
Epoch 15000, Loss Total: 56.979942321777344, Loss Train: 4.648174945032224e-05, Loss Test: 29.948951721191406
Epoch 15100, Loss Total: 56.979942321777344, Loss Train: 4.648174945032224e-05, Loss Test: 29.948951721191406
Epoch 15200, Loss Total: 56.979942321777344, Loss Train: 4.648174945032224e-05, Loss Test: 29.948951721191406
Epoch 15300, Loss Total: 56.979942321777344, Loss Train: 4.648174945032224e-05, Loss Test: 29.948951721191406
Epoch 15400, Loss Total: 56.979942321777344, Loss Train: 4.648174945032224e-05, Loss Test: 29.948951721191406
Epoch 15500, Loss Total: 56.979942321777344, Loss Train: 4.648174945032224e-05, Loss Test: 29.948951721191406
Epoch 15600, Loss Total: 56.979942321777344, Loss Train: 4.648174945032224e-05, Loss Test: 29.948951721191406
Epoch 15700, Loss Total: 56.979942321777344, Loss Train: 4.648174945032224e-05, Loss Test: 29.948951721191406
Epoch 15800, Loss Total: 56.979942321777344, Loss Train: 4.648174945032224e-05, Loss Test: 29.948951721191406
Epoch 15900, Loss Total: 56.979942321777344, Loss Train: 4.648174945032224e-05, Loss Test: 29.948951721191406
Epoch 16000, Loss Total: 56.979942321777344, Loss Train: 4.648174945032224e-05, Loss Test: 29.948951721191406
Epoch 16100, Loss Total: 56.979942321777344, Loss Train: 4.648174945032224e-05, Loss Test: 29.948951721191406
Epoch 16200, Loss Total: 56.979942321777344, Loss Train: 4.648174945032224e-05, Loss Test: 29.948951721191406
Epoch 16300, Loss Total: 56.979942321777344, Loss Train: 4.648174945032224e-05, Loss Test: 29.948951721191406
Epoch 16400, Loss Total: 56.979942321777344, Loss Train: 4.648174945032224e-05, Loss Test: 29.948951721191406
Epoch 16500, Loss Total: 56.979942321777344, Loss Train: 4.648174945032224e-05, Loss Test: 29.948951721191406
Epoch 16600, Loss Total: 56.979942321777344, Loss Train: 4.648174945032224e-05, Loss Test: 29.948951721191406
Epoch 16700, Loss Total: 56.979942321777344, Loss Train: 4.648174945032224e-05, Loss Test: 29.948951721191406
Epoch 16800, Loss Total: 56.979942321777344, Loss Train: 4.648174945032224e-05, Loss Test: 29.948951721191406
Epoch 16900, Loss Total: 56.979942321777344, Loss Train: 4.648174945032224e-05, Loss Test: 29.948951721191406
Epoch 17000, Loss Total: 56.979942321777344, Loss Train: 4.648174945032224e-05, Loss Test: 29.948951721191406
Epoch 17100, Loss Total: 56.979942321777344, Loss Train: 4.648174945032224e-05, Loss Test: 29.948951721191406
Epoch 17200, Loss Total: 56.979942321777344, Loss Train: 4.648174945032224e-05, Loss Test: 29.948951721191406
Epoch 17300, Loss Total: 56.979942321777344, Loss Train: 4.648174945032224e-05, Loss Test: 29.948951721191406
Epoch 17400, Loss Total: 56.979942321777344, Loss Train: 4.648174945032224e-05, Loss Test: 29.948951721191406
Epoch 17500, Loss Total: 56.979942321777344, Loss Train: 4.648174945032224e-05, Loss Test: 29.948951721191406
Epoch 17600, Loss Total: 56.979942321777344, Loss Train: 4.648174945032224e-05, Loss Test: 29.948951721191406
Epoch 17700, Loss Total: 56.979942321777344, Loss Train: 4.648174945032224e-05, Loss Test: 29.948951721191406
Epoch 17800, Loss Total: 56.979942321777344, Loss Train: 4.648174945032224e-05, Loss Test: 29.948951721191406
Epoch 17900, Loss Total: 56.979942321777344, Loss Train: 4.648174945032224e-05, Loss Test: 29.948951721191406
Epoch 18000, Loss Total: 56.979942321777344, Loss Train: 4.648174945032224e-05, Loss Test: 29.948951721191406
Epoch 18100, Loss Total: 56.979942321777344, Loss Train: 4.648174945032224e-05, Loss Test: 29.948951721191406
Epoch 18200, Loss Total: 56.979942321777344, Loss Train: 4.648174945032224e-05, Loss Test: 29.948951721191406
Epoch 18300, Loss Total: 56.979942321777344, Loss Train: 4.648174945032224e-05, Loss Test: 29.948951721191406
Epoch 18400, Loss Total: 56.979942321777344, Loss Train: 4.648174945032224e-05, Loss Test: 29.948951721191406
Epoch 18500, Loss Total: 56.979942321777344, Loss Train: 4.648174945032224e-05, Loss Test: 29.948951721191406
Epoch 18600, Loss Total: 56.979942321777344, Loss Train: 4.648174945032224e-05, Loss Test: 29.948951721191406
Epoch 18700, Loss Total: 56.979942321777344, Loss Train: 4.648174945032224e-05, Loss Test: 29.948951721191406
Epoch 18800, Loss Total: 56.979942321777344, Loss Train: 4.648174945032224e-05, Loss Test: 29.948951721191406
Epoch 18900, Loss Total: 56.979942321777344, Loss Train: 4.648174945032224e-05, Loss Test: 29.948951721191406
Epoch 19000, Loss Total: 56.979942321777344, Loss Train: 4.648174945032224e-05, Loss Test: 29.948951721191406
Epoch 19100, Loss Total: 56.979942321777344, Loss Train: 4.648174945032224e-05, Loss Test: 29.948951721191406
Epoch 19200, Loss Total: 56.979942321777344, Loss Train: 4.648174945032224e-05, Loss Test: 29.948951721191406
Epoch 19300, Loss Total: 56.979942321777344, Loss Train: 4.648174945032224e-05, Loss Test: 29.948951721191406
Epoch 19400, Loss Total: 56.979942321777344, Loss Train: 4.648174945032224e-05, Loss Test: 29.948951721191406
Epoch 19500, Loss Total: 56.979942321777344, Loss Train: 4.648174945032224e-05, Loss Test: 29.948951721191406
Epoch 19600, Loss Total: 56.979942321777344, Loss Train: 4.648174945032224e-05, Loss Test: 29.948951721191406
Epoch 19700, Loss Total: 56.979942321777344, Loss Train: 4.648174945032224e-05, Loss Test: 29.948951721191406
Epoch 19800, Loss Total: 56.979942321777344, Loss Train: 4.648174945032224e-05, Loss Test: 29.948951721191406
Epoch 19900, Loss Total: 56.979942321777344, Loss Train: 4.648174945032224e-05, Loss Test: 29.948951721191406
Added results for seed=78 and percentage=0.35
Finished task 707
