Running task 196 with seed=21 and percentage=0.45
Epoch 0, Loss Total: 83.91899108886719, Loss Train: 129.34727478027344, Loss Test: 132.44900512695312
Epoch 100, Loss Total: 41.041996002197266, Loss Train: 39.52227783203125, Loss Test: 60.33919143676758
Epoch 200, Loss Total: 40.0939826965332, Loss Train: 17.391189575195312, Loss Test: 37.29951095581055
Epoch 300, Loss Total: 43.150901794433594, Loss Train: 8.847236633300781, Loss Test: 30.668977737426758
Epoch 400, Loss Total: 45.71696472167969, Loss Train: 4.821401119232178, Loss Test: 28.1402530670166
Epoch 500, Loss Total: 47.636619567871094, Loss Train: 2.735354423522949, Loss Test: 26.99013328552246
Epoch 600, Loss Total: 49.039955139160156, Loss Train: 1.588117241859436, Loss Test: 26.39420509338379
Epoch 700, Loss Total: 50.06831359863281, Loss Train: 0.933605968952179, Loss Test: 26.058345794677734
Epoch 800, Loss Total: 50.829837799072266, Loss Train: 0.552588939666748, Loss Test: 25.860855102539062
Epoch 900, Loss Total: 51.39732360839844, Loss Train: 0.32842862606048584, Loss Test: 25.74160385131836
Epoch 1000, Loss Total: 51.819618225097656, Loss Train: 0.19571475684642792, Loss Test: 25.667158126831055
Epoch 1100, Loss Total: 52.13157272338867, Loss Train: 0.11674721539020538, Loss Test: 25.61838722229004
Epoch 1200, Loss Total: 52.3596305847168, Loss Train: 0.06954751163721085, Loss Test: 25.58453941345215
Epoch 1300, Loss Total: 52.524436950683594, Loss Train: 0.041240546852350235, Loss Test: 25.559770584106445
Epoch 1400, Loss Total: 52.64226531982422, Loss Train: 0.02424830198287964, Loss Test: 25.54094886779785
Epoch 1500, Loss Total: 52.725685119628906, Loss Train: 0.0140784727409482, Loss Test: 25.52635955810547
Epoch 1600, Loss Total: 52.78428268432617, Loss Train: 0.008039990440011024, Loss Test: 25.515005111694336
Epoch 1700, Loss Total: 52.8252067565918, Loss Train: 0.004502241034060717, Loss Test: 25.50621795654297
Epoch 1800, Loss Total: 52.85367965698242, Loss Train: 0.002468343358486891, Loss Test: 25.499502182006836
Epoch 1900, Loss Total: 52.873435974121094, Loss Train: 0.0013266229070723057, Loss Test: 25.49444580078125
Epoch 2000, Loss Total: 52.88712692260742, Loss Train: 0.0007034867885522544, Loss Test: 25.49071502685547
Epoch 2100, Loss Total: 52.89662170410156, Loss Train: 0.00037397025153040886, Loss Test: 25.48801612854004
Epoch 2200, Loss Total: 52.90321350097656, Loss Train: 0.00020546131418086588, Loss Test: 25.48611831665039
Epoch 2300, Loss Total: 52.90779113769531, Loss Train: 0.0001223361468873918, Loss Test: 25.484817504882812
Epoch 2400, Loss Total: 52.910972595214844, Loss Train: 8.270718535641208e-05, Loss Test: 25.483959197998047
Epoch 2500, Loss Total: 52.9132080078125, Loss Train: 6.441168079618365e-05, Loss Test: 25.48341941833496
Epoch 2600, Loss Total: 52.914756774902344, Loss Train: 5.6212753406725824e-05, Loss Test: 25.483102798461914
Epoch 2700, Loss Total: 52.915836334228516, Loss Train: 5.258349847281352e-05, Loss Test: 25.482927322387695
Epoch 2800, Loss Total: 52.91659927368164, Loss Train: 5.0984886911464855e-05, Loss Test: 25.48284912109375
Epoch 2900, Loss Total: 52.917137145996094, Loss Train: 5.035616413806565e-05, Loss Test: 25.482826232910156
Epoch 3000, Loss Total: 52.917510986328125, Loss Train: 4.991934110876173e-05, Loss Test: 25.482831954956055
Epoch 3100, Loss Total: 52.91777801513672, Loss Train: 4.9784310249378905e-05, Loss Test: 25.482851028442383
Epoch 3200, Loss Total: 52.91796112060547, Loss Train: 4.9701626267051324e-05, Loss Test: 25.48287582397461
Epoch 3300, Loss Total: 52.91809844970703, Loss Train: 4.962553066434339e-05, Loss Test: 25.48289680480957
Epoch 3400, Loss Total: 52.91819381713867, Loss Train: 4.969011934008449e-05, Loss Test: 25.482919692993164
Epoch 3500, Loss Total: 52.91822052001953, Loss Train: 4.9634600145509467e-05, Loss Test: 25.482933044433594
Epoch 3600, Loss Total: 52.91823196411133, Loss Train: 4.9634625611361116e-05, Loss Test: 25.482934951782227
Epoch 3700, Loss Total: 52.91823196411133, Loss Train: 4.963462924933992e-05, Loss Test: 25.482934951782227
Epoch 3800, Loss Total: 52.91823196411133, Loss Train: 4.963462924933992e-05, Loss Test: 25.482934951782227
Epoch 3900, Loss Total: 52.91823196411133, Loss Train: 4.963462924933992e-05, Loss Test: 25.482934951782227
Epoch 4000, Loss Total: 52.91823196411133, Loss Train: 4.963462924933992e-05, Loss Test: 25.482934951782227
Epoch 4100, Loss Total: 52.91823196411133, Loss Train: 4.963462924933992e-05, Loss Test: 25.482934951782227
Epoch 4200, Loss Total: 52.91823196411133, Loss Train: 4.963462924933992e-05, Loss Test: 25.482934951782227
Epoch 4300, Loss Total: 52.91823196411133, Loss Train: 4.963462924933992e-05, Loss Test: 25.482934951782227
Epoch 4400, Loss Total: 52.91823196411133, Loss Train: 4.963462924933992e-05, Loss Test: 25.482934951782227
Epoch 4500, Loss Total: 52.91823196411133, Loss Train: 4.963462924933992e-05, Loss Test: 25.482934951782227
Epoch 4600, Loss Total: 52.91823196411133, Loss Train: 4.963462924933992e-05, Loss Test: 25.482934951782227
Epoch 4700, Loss Total: 52.91823196411133, Loss Train: 4.963462924933992e-05, Loss Test: 25.482934951782227
Epoch 4800, Loss Total: 52.91823196411133, Loss Train: 4.963462924933992e-05, Loss Test: 25.482934951782227
Epoch 4900, Loss Total: 52.91823196411133, Loss Train: 4.963462924933992e-05, Loss Test: 25.482934951782227
Epoch 5000, Loss Total: 52.91823196411133, Loss Train: 4.963462924933992e-05, Loss Test: 25.482934951782227
Epoch 5100, Loss Total: 52.91823196411133, Loss Train: 4.963462924933992e-05, Loss Test: 25.482934951782227
Epoch 5200, Loss Total: 52.91823196411133, Loss Train: 4.963462924933992e-05, Loss Test: 25.482934951782227
Epoch 5300, Loss Total: 52.91823196411133, Loss Train: 4.963462924933992e-05, Loss Test: 25.482934951782227
Epoch 5400, Loss Total: 52.91823196411133, Loss Train: 4.963462924933992e-05, Loss Test: 25.482934951782227
Epoch 5500, Loss Total: 52.91823196411133, Loss Train: 4.963462924933992e-05, Loss Test: 25.482934951782227
Epoch 5600, Loss Total: 52.91823196411133, Loss Train: 4.963462924933992e-05, Loss Test: 25.482934951782227
Epoch 5700, Loss Total: 52.91823196411133, Loss Train: 4.963462924933992e-05, Loss Test: 25.482934951782227
Epoch 5800, Loss Total: 52.91823196411133, Loss Train: 4.963462924933992e-05, Loss Test: 25.482934951782227
Epoch 5900, Loss Total: 52.91823196411133, Loss Train: 4.963462924933992e-05, Loss Test: 25.482934951782227
Epoch 6000, Loss Total: 52.91823196411133, Loss Train: 4.963462924933992e-05, Loss Test: 25.482934951782227
Epoch 6100, Loss Total: 52.91823196411133, Loss Train: 4.963462924933992e-05, Loss Test: 25.482934951782227
Epoch 6200, Loss Total: 52.91823196411133, Loss Train: 4.963462924933992e-05, Loss Test: 25.482934951782227
Epoch 6300, Loss Total: 52.91823196411133, Loss Train: 4.963462924933992e-05, Loss Test: 25.482934951782227
Epoch 6400, Loss Total: 52.91823196411133, Loss Train: 4.963462924933992e-05, Loss Test: 25.482934951782227
Epoch 6500, Loss Total: 52.91823196411133, Loss Train: 4.963462924933992e-05, Loss Test: 25.482934951782227
Epoch 6600, Loss Total: 52.91823196411133, Loss Train: 4.963462924933992e-05, Loss Test: 25.482934951782227
Epoch 6700, Loss Total: 52.91823196411133, Loss Train: 4.963462924933992e-05, Loss Test: 25.482934951782227
Epoch 6800, Loss Total: 52.91823196411133, Loss Train: 4.963462924933992e-05, Loss Test: 25.482934951782227
Epoch 6900, Loss Total: 52.91823196411133, Loss Train: 4.963462924933992e-05, Loss Test: 25.482934951782227
Epoch 7000, Loss Total: 52.91823196411133, Loss Train: 4.963462924933992e-05, Loss Test: 25.482934951782227
Epoch 7100, Loss Total: 52.91823196411133, Loss Train: 4.963462924933992e-05, Loss Test: 25.482934951782227
Epoch 7200, Loss Total: 52.91823196411133, Loss Train: 4.963462924933992e-05, Loss Test: 25.482934951782227
Epoch 7300, Loss Total: 52.91823196411133, Loss Train: 4.963462924933992e-05, Loss Test: 25.482934951782227
Epoch 7400, Loss Total: 52.91823196411133, Loss Train: 4.963462924933992e-05, Loss Test: 25.482934951782227
Epoch 7500, Loss Total: 52.91823196411133, Loss Train: 4.963462924933992e-05, Loss Test: 25.482934951782227
Epoch 7600, Loss Total: 52.91823196411133, Loss Train: 4.963462924933992e-05, Loss Test: 25.482934951782227
Epoch 7700, Loss Total: 52.91823196411133, Loss Train: 4.963462924933992e-05, Loss Test: 25.482934951782227
Epoch 7800, Loss Total: 52.91823196411133, Loss Train: 4.963462924933992e-05, Loss Test: 25.482934951782227
Epoch 7900, Loss Total: 52.91823196411133, Loss Train: 4.963462924933992e-05, Loss Test: 25.482934951782227
Epoch 8000, Loss Total: 52.91823196411133, Loss Train: 4.963462924933992e-05, Loss Test: 25.482934951782227
Epoch 8100, Loss Total: 52.91823196411133, Loss Train: 4.963462924933992e-05, Loss Test: 25.482934951782227
Epoch 8200, Loss Total: 52.91823196411133, Loss Train: 4.963462924933992e-05, Loss Test: 25.482934951782227
Epoch 8300, Loss Total: 52.91823196411133, Loss Train: 4.963462924933992e-05, Loss Test: 25.482934951782227
Epoch 8400, Loss Total: 52.91823196411133, Loss Train: 4.963462924933992e-05, Loss Test: 25.482934951782227
Epoch 8500, Loss Total: 52.91823196411133, Loss Train: 4.963462924933992e-05, Loss Test: 25.482934951782227
Epoch 8600, Loss Total: 52.91823196411133, Loss Train: 4.963462924933992e-05, Loss Test: 25.482934951782227
Epoch 8700, Loss Total: 52.91823196411133, Loss Train: 4.963462924933992e-05, Loss Test: 25.482934951782227
Epoch 8800, Loss Total: 52.91823196411133, Loss Train: 4.963462924933992e-05, Loss Test: 25.482934951782227
Epoch 8900, Loss Total: 52.91823196411133, Loss Train: 4.963462924933992e-05, Loss Test: 25.482934951782227
Epoch 9000, Loss Total: 52.91823196411133, Loss Train: 4.963462924933992e-05, Loss Test: 25.482934951782227
Epoch 9100, Loss Total: 52.91823196411133, Loss Train: 4.963462924933992e-05, Loss Test: 25.482934951782227
Epoch 9200, Loss Total: 52.91823196411133, Loss Train: 4.963462924933992e-05, Loss Test: 25.482934951782227
Epoch 9300, Loss Total: 52.91823196411133, Loss Train: 4.963462924933992e-05, Loss Test: 25.482934951782227
Epoch 9400, Loss Total: 52.91823196411133, Loss Train: 4.963462924933992e-05, Loss Test: 25.482934951782227
Epoch 9500, Loss Total: 52.91823196411133, Loss Train: 4.963462924933992e-05, Loss Test: 25.482934951782227
Epoch 9600, Loss Total: 52.91823196411133, Loss Train: 4.963462924933992e-05, Loss Test: 25.482934951782227
Epoch 9700, Loss Total: 52.91823196411133, Loss Train: 4.963462924933992e-05, Loss Test: 25.482934951782227
Epoch 9800, Loss Total: 52.91823196411133, Loss Train: 4.963462924933992e-05, Loss Test: 25.482934951782227
Epoch 9900, Loss Total: 52.91823196411133, Loss Train: 4.963462924933992e-05, Loss Test: 25.482934951782227
Epoch 10000, Loss Total: 52.91823196411133, Loss Train: 4.963462924933992e-05, Loss Test: 25.482934951782227
Epoch 10100, Loss Total: 52.91823196411133, Loss Train: 4.963462924933992e-05, Loss Test: 25.482934951782227
Epoch 10200, Loss Total: 52.91823196411133, Loss Train: 4.963462924933992e-05, Loss Test: 25.482934951782227
Epoch 10300, Loss Total: 52.91823196411133, Loss Train: 4.963462924933992e-05, Loss Test: 25.482934951782227
Epoch 10400, Loss Total: 52.91823196411133, Loss Train: 4.963462924933992e-05, Loss Test: 25.482934951782227
Epoch 10500, Loss Total: 52.91823196411133, Loss Train: 4.963462924933992e-05, Loss Test: 25.482934951782227
Epoch 10600, Loss Total: 52.91823196411133, Loss Train: 4.963462924933992e-05, Loss Test: 25.482934951782227
Epoch 10700, Loss Total: 52.91823196411133, Loss Train: 4.963462924933992e-05, Loss Test: 25.482934951782227
Epoch 10800, Loss Total: 52.91823196411133, Loss Train: 4.963462924933992e-05, Loss Test: 25.482934951782227
Epoch 10900, Loss Total: 52.91823196411133, Loss Train: 4.963462924933992e-05, Loss Test: 25.482934951782227
Epoch 11000, Loss Total: 52.91823196411133, Loss Train: 4.963462924933992e-05, Loss Test: 25.482934951782227
Epoch 11100, Loss Total: 52.91823196411133, Loss Train: 4.963462924933992e-05, Loss Test: 25.482934951782227
Epoch 11200, Loss Total: 52.91823196411133, Loss Train: 4.963462924933992e-05, Loss Test: 25.482934951782227
Epoch 11300, Loss Total: 52.91823196411133, Loss Train: 4.963462924933992e-05, Loss Test: 25.482934951782227
Epoch 11400, Loss Total: 52.91823196411133, Loss Train: 4.963462924933992e-05, Loss Test: 25.482934951782227
Epoch 11500, Loss Total: 52.91823196411133, Loss Train: 4.963462924933992e-05, Loss Test: 25.482934951782227
Epoch 11600, Loss Total: 52.91823196411133, Loss Train: 4.963462924933992e-05, Loss Test: 25.482934951782227
Epoch 11700, Loss Total: 52.91823196411133, Loss Train: 4.963462924933992e-05, Loss Test: 25.482934951782227
Epoch 11800, Loss Total: 52.91823196411133, Loss Train: 4.963462924933992e-05, Loss Test: 25.482934951782227
Epoch 11900, Loss Total: 52.91823196411133, Loss Train: 4.963462924933992e-05, Loss Test: 25.482934951782227
Epoch 12000, Loss Total: 52.91823196411133, Loss Train: 4.963462924933992e-05, Loss Test: 25.482934951782227
Epoch 12100, Loss Total: 52.91823196411133, Loss Train: 4.963462924933992e-05, Loss Test: 25.482934951782227
Epoch 12200, Loss Total: 52.91823196411133, Loss Train: 4.963462924933992e-05, Loss Test: 25.482934951782227
Epoch 12300, Loss Total: 52.91823196411133, Loss Train: 4.963462924933992e-05, Loss Test: 25.482934951782227
Epoch 12400, Loss Total: 52.91823196411133, Loss Train: 4.963462924933992e-05, Loss Test: 25.482934951782227
Epoch 12500, Loss Total: 52.91823196411133, Loss Train: 4.963462924933992e-05, Loss Test: 25.482934951782227
Epoch 12600, Loss Total: 52.91823196411133, Loss Train: 4.963462924933992e-05, Loss Test: 25.482934951782227
Epoch 12700, Loss Total: 52.91823196411133, Loss Train: 4.963462924933992e-05, Loss Test: 25.482934951782227
Epoch 12800, Loss Total: 52.91823196411133, Loss Train: 4.963462924933992e-05, Loss Test: 25.482934951782227
Epoch 12900, Loss Total: 52.91823196411133, Loss Train: 4.963462924933992e-05, Loss Test: 25.482934951782227
Epoch 13000, Loss Total: 52.91823196411133, Loss Train: 4.963462924933992e-05, Loss Test: 25.482934951782227
Epoch 13100, Loss Total: 52.91823196411133, Loss Train: 4.963462924933992e-05, Loss Test: 25.482934951782227
Epoch 13200, Loss Total: 52.91823196411133, Loss Train: 4.963462924933992e-05, Loss Test: 25.482934951782227
Epoch 13300, Loss Total: 52.91823196411133, Loss Train: 4.963462924933992e-05, Loss Test: 25.482934951782227
Epoch 13400, Loss Total: 52.91823196411133, Loss Train: 4.963462924933992e-05, Loss Test: 25.482934951782227
Epoch 13500, Loss Total: 52.91823196411133, Loss Train: 4.963462924933992e-05, Loss Test: 25.482934951782227
Epoch 13600, Loss Total: 52.91823196411133, Loss Train: 4.963462924933992e-05, Loss Test: 25.482934951782227
Epoch 13700, Loss Total: 52.91823196411133, Loss Train: 4.963462924933992e-05, Loss Test: 25.482934951782227
Epoch 13800, Loss Total: 52.91823196411133, Loss Train: 4.963462924933992e-05, Loss Test: 25.482934951782227
Epoch 13900, Loss Total: 52.91823196411133, Loss Train: 4.963462924933992e-05, Loss Test: 25.482934951782227
Epoch 14000, Loss Total: 52.91823196411133, Loss Train: 4.963462924933992e-05, Loss Test: 25.482934951782227
Epoch 14100, Loss Total: 52.91823196411133, Loss Train: 4.963462924933992e-05, Loss Test: 25.482934951782227
Epoch 14200, Loss Total: 52.91823196411133, Loss Train: 4.963462924933992e-05, Loss Test: 25.482934951782227
Epoch 14300, Loss Total: 52.91823196411133, Loss Train: 4.963462924933992e-05, Loss Test: 25.482934951782227
Epoch 14400, Loss Total: 52.91823196411133, Loss Train: 4.963462924933992e-05, Loss Test: 25.482934951782227
Epoch 14500, Loss Total: 52.91823196411133, Loss Train: 4.963462924933992e-05, Loss Test: 25.482934951782227
Epoch 14600, Loss Total: 52.91823196411133, Loss Train: 4.963462924933992e-05, Loss Test: 25.482934951782227
Epoch 14700, Loss Total: 52.91823196411133, Loss Train: 4.963462924933992e-05, Loss Test: 25.482934951782227
Epoch 14800, Loss Total: 52.91823196411133, Loss Train: 4.963462924933992e-05, Loss Test: 25.482934951782227
Epoch 14900, Loss Total: 52.91823196411133, Loss Train: 4.963462924933992e-05, Loss Test: 25.482934951782227
Epoch 15000, Loss Total: 52.91823196411133, Loss Train: 4.963462924933992e-05, Loss Test: 25.482934951782227
Epoch 15100, Loss Total: 52.91823196411133, Loss Train: 4.963462924933992e-05, Loss Test: 25.482934951782227
Epoch 15200, Loss Total: 52.91823196411133, Loss Train: 4.963462924933992e-05, Loss Test: 25.482934951782227
Epoch 15300, Loss Total: 52.91823196411133, Loss Train: 4.963462924933992e-05, Loss Test: 25.482934951782227
Epoch 15400, Loss Total: 52.91823196411133, Loss Train: 4.963462924933992e-05, Loss Test: 25.482934951782227
Epoch 15500, Loss Total: 52.91823196411133, Loss Train: 4.963462924933992e-05, Loss Test: 25.482934951782227
Epoch 15600, Loss Total: 52.91823196411133, Loss Train: 4.963462924933992e-05, Loss Test: 25.482934951782227
Epoch 15700, Loss Total: 52.91823196411133, Loss Train: 4.963462924933992e-05, Loss Test: 25.482934951782227
Epoch 15800, Loss Total: 52.91823196411133, Loss Train: 4.963462924933992e-05, Loss Test: 25.482934951782227
Epoch 15900, Loss Total: 52.91823196411133, Loss Train: 4.963462924933992e-05, Loss Test: 25.482934951782227
Epoch 16000, Loss Total: 52.91823196411133, Loss Train: 4.963462924933992e-05, Loss Test: 25.482934951782227
Epoch 16100, Loss Total: 52.91823196411133, Loss Train: 4.963462924933992e-05, Loss Test: 25.482934951782227
Epoch 16200, Loss Total: 52.91823196411133, Loss Train: 4.963462924933992e-05, Loss Test: 25.482934951782227
Epoch 16300, Loss Total: 52.91823196411133, Loss Train: 4.963462924933992e-05, Loss Test: 25.482934951782227
Epoch 16400, Loss Total: 52.91823196411133, Loss Train: 4.963462924933992e-05, Loss Test: 25.482934951782227
Epoch 16500, Loss Total: 52.91823196411133, Loss Train: 4.963462924933992e-05, Loss Test: 25.482934951782227
Epoch 16600, Loss Total: 52.91823196411133, Loss Train: 4.963462924933992e-05, Loss Test: 25.482934951782227
Epoch 16700, Loss Total: 52.91823196411133, Loss Train: 4.963462924933992e-05, Loss Test: 25.482934951782227
Epoch 16800, Loss Total: 52.91823196411133, Loss Train: 4.963462924933992e-05, Loss Test: 25.482934951782227
Epoch 16900, Loss Total: 52.91823196411133, Loss Train: 4.963462924933992e-05, Loss Test: 25.482934951782227
Epoch 17000, Loss Total: 52.91823196411133, Loss Train: 4.963462924933992e-05, Loss Test: 25.482934951782227
Epoch 17100, Loss Total: 52.91823196411133, Loss Train: 4.963462924933992e-05, Loss Test: 25.482934951782227
Epoch 17200, Loss Total: 52.91823196411133, Loss Train: 4.963462924933992e-05, Loss Test: 25.482934951782227
Epoch 17300, Loss Total: 52.91823196411133, Loss Train: 4.963462924933992e-05, Loss Test: 25.482934951782227
Epoch 17400, Loss Total: 52.91823196411133, Loss Train: 4.963462924933992e-05, Loss Test: 25.482934951782227
Epoch 17500, Loss Total: 52.91823196411133, Loss Train: 4.963462924933992e-05, Loss Test: 25.482934951782227
Epoch 17600, Loss Total: 52.91823196411133, Loss Train: 4.963462924933992e-05, Loss Test: 25.482934951782227
Epoch 17700, Loss Total: 52.91823196411133, Loss Train: 4.963462924933992e-05, Loss Test: 25.482934951782227
Epoch 17800, Loss Total: 52.91823196411133, Loss Train: 4.963462924933992e-05, Loss Test: 25.482934951782227
Epoch 17900, Loss Total: 52.91823196411133, Loss Train: 4.963462924933992e-05, Loss Test: 25.482934951782227
Epoch 18000, Loss Total: 52.91823196411133, Loss Train: 4.963462924933992e-05, Loss Test: 25.482934951782227
Epoch 18100, Loss Total: 52.91823196411133, Loss Train: 4.963462924933992e-05, Loss Test: 25.482934951782227
Epoch 18200, Loss Total: 52.91823196411133, Loss Train: 4.963462924933992e-05, Loss Test: 25.482934951782227
Epoch 18300, Loss Total: 52.91823196411133, Loss Train: 4.963462924933992e-05, Loss Test: 25.482934951782227
Epoch 18400, Loss Total: 52.91823196411133, Loss Train: 4.963462924933992e-05, Loss Test: 25.482934951782227
Epoch 18500, Loss Total: 52.91823196411133, Loss Train: 4.963462924933992e-05, Loss Test: 25.482934951782227
Epoch 18600, Loss Total: 52.91823196411133, Loss Train: 4.963462924933992e-05, Loss Test: 25.482934951782227
Epoch 18700, Loss Total: 52.91823196411133, Loss Train: 4.963462924933992e-05, Loss Test: 25.482934951782227
Epoch 18800, Loss Total: 52.91823196411133, Loss Train: 4.963462924933992e-05, Loss Test: 25.482934951782227
Epoch 18900, Loss Total: 52.91823196411133, Loss Train: 4.963462924933992e-05, Loss Test: 25.482934951782227
Epoch 19000, Loss Total: 52.91823196411133, Loss Train: 4.963462924933992e-05, Loss Test: 25.482934951782227
Epoch 19100, Loss Total: 52.91823196411133, Loss Train: 4.963462924933992e-05, Loss Test: 25.482934951782227
Epoch 19200, Loss Total: 52.91823196411133, Loss Train: 4.963462924933992e-05, Loss Test: 25.482934951782227
Epoch 19300, Loss Total: 52.91823196411133, Loss Train: 4.963462924933992e-05, Loss Test: 25.482934951782227
Epoch 19400, Loss Total: 52.91823196411133, Loss Train: 4.963462924933992e-05, Loss Test: 25.482934951782227
Epoch 19500, Loss Total: 52.91823196411133, Loss Train: 4.963462924933992e-05, Loss Test: 25.482934951782227
Epoch 19600, Loss Total: 52.91823196411133, Loss Train: 4.963462924933992e-05, Loss Test: 25.482934951782227
Epoch 19700, Loss Total: 52.91823196411133, Loss Train: 4.963462924933992e-05, Loss Test: 25.482934951782227
Epoch 19800, Loss Total: 52.91823196411133, Loss Train: 4.963462924933992e-05, Loss Test: 25.482934951782227
Epoch 19900, Loss Total: 52.91823196411133, Loss Train: 4.963462924933992e-05, Loss Test: 25.482934951782227
Added results for seed=21 and percentage=0.45
Finished task 196
