Running task 450 with seed=50 and percentage=0.10
Epoch 0, Loss Total: 82.95467376708984, Loss Train: 106.61458587646484, Loss Test: 132.32965087890625
Epoch 100, Loss Total: 53.27106475830078, Loss Train: 0.0029198138508945704, Loss Test: 27.320913314819336
Epoch 200, Loss Total: 54.65977478027344, Loss Train: 4.1336676076753065e-05, Loss Test: 27.398183822631836
Epoch 300, Loss Total: 54.903018951416016, Loss Train: 4.0723523852648214e-05, Loss Test: 27.38503074645996
Epoch 400, Loss Total: 54.96818161010742, Loss Train: 4.072782030561939e-05, Loss Test: 27.38192367553711
Epoch 500, Loss Total: 54.99263381958008, Loss Train: 4.072795854881406e-05, Loss Test: 27.3808650970459
Epoch 600, Loss Total: 55.00339889526367, Loss Train: 4.072802767041139e-05, Loss Test: 27.380420684814453
Epoch 700, Loss Total: 55.00851821899414, Loss Train: 4.072805313626304e-05, Loss Test: 27.380220413208008
Epoch 800, Loss Total: 55.01105880737305, Loss Train: 4.072805677424185e-05, Loss Test: 27.380123138427734
Epoch 900, Loss Total: 55.0123405456543, Loss Train: 4.072806041222066e-05, Loss Test: 27.38007164001465
Epoch 1000, Loss Total: 55.01300811767578, Loss Train: 4.072806041222066e-05, Loss Test: 27.380050659179688
Epoch 1100, Loss Total: 55.013336181640625, Loss Train: 4.072806041222066e-05, Loss Test: 27.380035400390625
Epoch 1200, Loss Total: 55.01351547241211, Loss Train: 4.072806041222066e-05, Loss Test: 27.38002586364746
Epoch 1300, Loss Total: 55.01359558105469, Loss Train: 4.072806041222066e-05, Loss Test: 27.380023956298828
Epoch 1400, Loss Total: 55.01363754272461, Loss Train: 4.072806041222066e-05, Loss Test: 27.380023956298828
Epoch 1500, Loss Total: 55.0136604309082, Loss Train: 4.072806041222066e-05, Loss Test: 27.38001823425293
Epoch 1600, Loss Total: 55.013668060302734, Loss Train: 4.072806041222066e-05, Loss Test: 27.38001823425293
Epoch 1700, Loss Total: 55.013675689697266, Loss Train: 4.072806041222066e-05, Loss Test: 27.38001823425293
Epoch 1800, Loss Total: 55.013675689697266, Loss Train: 4.072806041222066e-05, Loss Test: 27.38001823425293
Epoch 1900, Loss Total: 55.013675689697266, Loss Train: 4.072806041222066e-05, Loss Test: 27.38001823425293
Epoch 2000, Loss Total: 55.013675689697266, Loss Train: 4.072806041222066e-05, Loss Test: 27.38001823425293
Epoch 2100, Loss Total: 55.013675689697266, Loss Train: 4.072806041222066e-05, Loss Test: 27.38001823425293
Epoch 2200, Loss Total: 55.013675689697266, Loss Train: 4.072806041222066e-05, Loss Test: 27.38001823425293
Epoch 2300, Loss Total: 55.013675689697266, Loss Train: 4.072806041222066e-05, Loss Test: 27.38001823425293
Epoch 2400, Loss Total: 55.013675689697266, Loss Train: 4.072806041222066e-05, Loss Test: 27.38001823425293
Epoch 2500, Loss Total: 55.013675689697266, Loss Train: 4.072806041222066e-05, Loss Test: 27.38001823425293
Epoch 2600, Loss Total: 55.013675689697266, Loss Train: 4.072806041222066e-05, Loss Test: 27.38001823425293
Epoch 2700, Loss Total: 55.013675689697266, Loss Train: 4.072806041222066e-05, Loss Test: 27.38001823425293
Epoch 2800, Loss Total: 55.013675689697266, Loss Train: 4.072806041222066e-05, Loss Test: 27.38001823425293
Epoch 2900, Loss Total: 55.013675689697266, Loss Train: 4.072806041222066e-05, Loss Test: 27.38001823425293
Epoch 3000, Loss Total: 55.013675689697266, Loss Train: 4.072806041222066e-05, Loss Test: 27.38001823425293
Epoch 3100, Loss Total: 55.013675689697266, Loss Train: 4.072806041222066e-05, Loss Test: 27.38001823425293
Epoch 3200, Loss Total: 55.013675689697266, Loss Train: 4.072806041222066e-05, Loss Test: 27.38001823425293
Epoch 3300, Loss Total: 55.013675689697266, Loss Train: 4.072806041222066e-05, Loss Test: 27.38001823425293
Epoch 3400, Loss Total: 55.013675689697266, Loss Train: 4.072806041222066e-05, Loss Test: 27.38001823425293
Epoch 3500, Loss Total: 55.013675689697266, Loss Train: 4.072806041222066e-05, Loss Test: 27.38001823425293
Epoch 3600, Loss Total: 55.013675689697266, Loss Train: 4.072806041222066e-05, Loss Test: 27.38001823425293
Epoch 3700, Loss Total: 55.013675689697266, Loss Train: 4.072806041222066e-05, Loss Test: 27.38001823425293
Epoch 3800, Loss Total: 55.013675689697266, Loss Train: 4.072806041222066e-05, Loss Test: 27.38001823425293
Epoch 3900, Loss Total: 55.013675689697266, Loss Train: 4.072806041222066e-05, Loss Test: 27.38001823425293
Epoch 4000, Loss Total: 55.013675689697266, Loss Train: 4.072806041222066e-05, Loss Test: 27.38001823425293
Epoch 4100, Loss Total: 55.013675689697266, Loss Train: 4.072806041222066e-05, Loss Test: 27.38001823425293
Epoch 4200, Loss Total: 55.013675689697266, Loss Train: 4.072806041222066e-05, Loss Test: 27.38001823425293
Epoch 4300, Loss Total: 55.013675689697266, Loss Train: 4.072806041222066e-05, Loss Test: 27.38001823425293
Epoch 4400, Loss Total: 55.013675689697266, Loss Train: 4.072806041222066e-05, Loss Test: 27.38001823425293
Epoch 4500, Loss Total: 55.013675689697266, Loss Train: 4.072806041222066e-05, Loss Test: 27.38001823425293
Epoch 4600, Loss Total: 55.013675689697266, Loss Train: 4.072806041222066e-05, Loss Test: 27.38001823425293
Epoch 4700, Loss Total: 55.013675689697266, Loss Train: 4.072806041222066e-05, Loss Test: 27.38001823425293
Epoch 4800, Loss Total: 55.013675689697266, Loss Train: 4.072806041222066e-05, Loss Test: 27.38001823425293
Epoch 4900, Loss Total: 55.013675689697266, Loss Train: 4.072806041222066e-05, Loss Test: 27.38001823425293
Epoch 5000, Loss Total: 55.013675689697266, Loss Train: 4.072806041222066e-05, Loss Test: 27.38001823425293
Epoch 5100, Loss Total: 55.013675689697266, Loss Train: 4.072806041222066e-05, Loss Test: 27.38001823425293
Epoch 5200, Loss Total: 55.013675689697266, Loss Train: 4.072806041222066e-05, Loss Test: 27.38001823425293
Epoch 5300, Loss Total: 55.013675689697266, Loss Train: 4.072806041222066e-05, Loss Test: 27.38001823425293
Epoch 5400, Loss Total: 55.013675689697266, Loss Train: 4.072806041222066e-05, Loss Test: 27.38001823425293
Epoch 5500, Loss Total: 55.013675689697266, Loss Train: 4.072806041222066e-05, Loss Test: 27.38001823425293
Epoch 5600, Loss Total: 55.013675689697266, Loss Train: 4.072806041222066e-05, Loss Test: 27.38001823425293
Epoch 5700, Loss Total: 55.013675689697266, Loss Train: 4.072806041222066e-05, Loss Test: 27.38001823425293
Epoch 5800, Loss Total: 55.013675689697266, Loss Train: 4.072806041222066e-05, Loss Test: 27.38001823425293
Epoch 5900, Loss Total: 55.013675689697266, Loss Train: 4.072806041222066e-05, Loss Test: 27.38001823425293
Epoch 6000, Loss Total: 55.013675689697266, Loss Train: 4.072806041222066e-05, Loss Test: 27.38001823425293
Epoch 6100, Loss Total: 55.013675689697266, Loss Train: 4.072806041222066e-05, Loss Test: 27.38001823425293
Epoch 6200, Loss Total: 55.013675689697266, Loss Train: 4.072806041222066e-05, Loss Test: 27.38001823425293
Epoch 6300, Loss Total: 55.013675689697266, Loss Train: 4.072806041222066e-05, Loss Test: 27.38001823425293
Epoch 6400, Loss Total: 55.013675689697266, Loss Train: 4.072806041222066e-05, Loss Test: 27.38001823425293
Epoch 6500, Loss Total: 55.013675689697266, Loss Train: 4.072806041222066e-05, Loss Test: 27.38001823425293
Epoch 6600, Loss Total: 55.013675689697266, Loss Train: 4.072806041222066e-05, Loss Test: 27.38001823425293
Epoch 6700, Loss Total: 55.013675689697266, Loss Train: 4.072806041222066e-05, Loss Test: 27.38001823425293
Epoch 6800, Loss Total: 55.013675689697266, Loss Train: 4.072806041222066e-05, Loss Test: 27.38001823425293
Epoch 6900, Loss Total: 55.013675689697266, Loss Train: 4.072806041222066e-05, Loss Test: 27.38001823425293
Epoch 7000, Loss Total: 55.013675689697266, Loss Train: 4.072806041222066e-05, Loss Test: 27.38001823425293
Epoch 7100, Loss Total: 55.013675689697266, Loss Train: 4.072806041222066e-05, Loss Test: 27.38001823425293
Epoch 7200, Loss Total: 55.013675689697266, Loss Train: 4.072806041222066e-05, Loss Test: 27.38001823425293
Epoch 7300, Loss Total: 55.013675689697266, Loss Train: 4.072806041222066e-05, Loss Test: 27.38001823425293
Epoch 7400, Loss Total: 55.013675689697266, Loss Train: 4.072806041222066e-05, Loss Test: 27.38001823425293
Epoch 7500, Loss Total: 55.013675689697266, Loss Train: 4.072806041222066e-05, Loss Test: 27.38001823425293
Epoch 7600, Loss Total: 55.013675689697266, Loss Train: 4.072806041222066e-05, Loss Test: 27.38001823425293
Epoch 7700, Loss Total: 55.013675689697266, Loss Train: 4.072806041222066e-05, Loss Test: 27.38001823425293
Epoch 7800, Loss Total: 55.013675689697266, Loss Train: 4.072806041222066e-05, Loss Test: 27.38001823425293
Epoch 7900, Loss Total: 55.013675689697266, Loss Train: 4.072806041222066e-05, Loss Test: 27.38001823425293
Epoch 8000, Loss Total: 55.013675689697266, Loss Train: 4.072806041222066e-05, Loss Test: 27.38001823425293
Epoch 8100, Loss Total: 55.013675689697266, Loss Train: 4.072806041222066e-05, Loss Test: 27.38001823425293
Epoch 8200, Loss Total: 55.013675689697266, Loss Train: 4.072806041222066e-05, Loss Test: 27.38001823425293
Epoch 8300, Loss Total: 55.013675689697266, Loss Train: 4.072806041222066e-05, Loss Test: 27.38001823425293
Epoch 8400, Loss Total: 55.013675689697266, Loss Train: 4.072806041222066e-05, Loss Test: 27.38001823425293
Epoch 8500, Loss Total: 55.013675689697266, Loss Train: 4.072806041222066e-05, Loss Test: 27.38001823425293
Epoch 8600, Loss Total: 55.013675689697266, Loss Train: 4.072806041222066e-05, Loss Test: 27.38001823425293
Epoch 8700, Loss Total: 55.013675689697266, Loss Train: 4.072806041222066e-05, Loss Test: 27.38001823425293
Epoch 8800, Loss Total: 55.013675689697266, Loss Train: 4.072806041222066e-05, Loss Test: 27.38001823425293
Epoch 8900, Loss Total: 55.013675689697266, Loss Train: 4.072806041222066e-05, Loss Test: 27.38001823425293
Epoch 9000, Loss Total: 55.013675689697266, Loss Train: 4.072806041222066e-05, Loss Test: 27.38001823425293
Epoch 9100, Loss Total: 55.013675689697266, Loss Train: 4.072806041222066e-05, Loss Test: 27.38001823425293
Epoch 9200, Loss Total: 55.013675689697266, Loss Train: 4.072806041222066e-05, Loss Test: 27.38001823425293
Epoch 9300, Loss Total: 55.013675689697266, Loss Train: 4.072806041222066e-05, Loss Test: 27.38001823425293
Epoch 9400, Loss Total: 55.013675689697266, Loss Train: 4.072806041222066e-05, Loss Test: 27.38001823425293
Epoch 9500, Loss Total: 55.013675689697266, Loss Train: 4.072806041222066e-05, Loss Test: 27.38001823425293
Epoch 9600, Loss Total: 55.013675689697266, Loss Train: 4.072806041222066e-05, Loss Test: 27.38001823425293
Epoch 9700, Loss Total: 55.013675689697266, Loss Train: 4.072806041222066e-05, Loss Test: 27.38001823425293
Epoch 9800, Loss Total: 55.013675689697266, Loss Train: 4.072806041222066e-05, Loss Test: 27.38001823425293
Epoch 9900, Loss Total: 55.013675689697266, Loss Train: 4.072806041222066e-05, Loss Test: 27.38001823425293
Epoch 10000, Loss Total: 55.013675689697266, Loss Train: 4.072806041222066e-05, Loss Test: 27.38001823425293
Epoch 10100, Loss Total: 55.013675689697266, Loss Train: 4.072806041222066e-05, Loss Test: 27.38001823425293
Epoch 10200, Loss Total: 55.013675689697266, Loss Train: 4.072806041222066e-05, Loss Test: 27.38001823425293
Epoch 10300, Loss Total: 55.013675689697266, Loss Train: 4.072806041222066e-05, Loss Test: 27.38001823425293
Epoch 10400, Loss Total: 55.013675689697266, Loss Train: 4.072806041222066e-05, Loss Test: 27.38001823425293
Epoch 10500, Loss Total: 55.013675689697266, Loss Train: 4.072806041222066e-05, Loss Test: 27.38001823425293
Epoch 10600, Loss Total: 55.013675689697266, Loss Train: 4.072806041222066e-05, Loss Test: 27.38001823425293
Epoch 10700, Loss Total: 55.013675689697266, Loss Train: 4.072806041222066e-05, Loss Test: 27.38001823425293
Epoch 10800, Loss Total: 55.013675689697266, Loss Train: 4.072806041222066e-05, Loss Test: 27.38001823425293
Epoch 10900, Loss Total: 55.013675689697266, Loss Train: 4.072806041222066e-05, Loss Test: 27.38001823425293
Epoch 11000, Loss Total: 55.013675689697266, Loss Train: 4.072806041222066e-05, Loss Test: 27.38001823425293
Epoch 11100, Loss Total: 55.013675689697266, Loss Train: 4.072806041222066e-05, Loss Test: 27.38001823425293
Epoch 11200, Loss Total: 55.013675689697266, Loss Train: 4.072806041222066e-05, Loss Test: 27.38001823425293
Epoch 11300, Loss Total: 55.013675689697266, Loss Train: 4.072806041222066e-05, Loss Test: 27.38001823425293
Epoch 11400, Loss Total: 55.013675689697266, Loss Train: 4.072806041222066e-05, Loss Test: 27.38001823425293
Epoch 11500, Loss Total: 55.013675689697266, Loss Train: 4.072806041222066e-05, Loss Test: 27.38001823425293
Epoch 11600, Loss Total: 55.013675689697266, Loss Train: 4.072806041222066e-05, Loss Test: 27.38001823425293
Epoch 11700, Loss Total: 55.013675689697266, Loss Train: 4.072806041222066e-05, Loss Test: 27.38001823425293
Epoch 11800, Loss Total: 55.013675689697266, Loss Train: 4.072806041222066e-05, Loss Test: 27.38001823425293
Epoch 11900, Loss Total: 55.013675689697266, Loss Train: 4.072806041222066e-05, Loss Test: 27.38001823425293
Epoch 12000, Loss Total: 55.013675689697266, Loss Train: 4.072806041222066e-05, Loss Test: 27.38001823425293
Epoch 12100, Loss Total: 55.013675689697266, Loss Train: 4.072806041222066e-05, Loss Test: 27.38001823425293
Epoch 12200, Loss Total: 55.013675689697266, Loss Train: 4.072806041222066e-05, Loss Test: 27.38001823425293
Epoch 12300, Loss Total: 55.013675689697266, Loss Train: 4.072806041222066e-05, Loss Test: 27.38001823425293
Epoch 12400, Loss Total: 55.013675689697266, Loss Train: 4.072806041222066e-05, Loss Test: 27.38001823425293
Epoch 12500, Loss Total: 55.013675689697266, Loss Train: 4.072806041222066e-05, Loss Test: 27.38001823425293
Epoch 12600, Loss Total: 55.013675689697266, Loss Train: 4.072806041222066e-05, Loss Test: 27.38001823425293
Epoch 12700, Loss Total: 55.013675689697266, Loss Train: 4.072806041222066e-05, Loss Test: 27.38001823425293
Epoch 12800, Loss Total: 55.013675689697266, Loss Train: 4.072806041222066e-05, Loss Test: 27.38001823425293
Epoch 12900, Loss Total: 55.013675689697266, Loss Train: 4.072806041222066e-05, Loss Test: 27.38001823425293
Epoch 13000, Loss Total: 55.013675689697266, Loss Train: 4.072806041222066e-05, Loss Test: 27.38001823425293
Epoch 13100, Loss Total: 55.013675689697266, Loss Train: 4.072806041222066e-05, Loss Test: 27.38001823425293
Epoch 13200, Loss Total: 55.013675689697266, Loss Train: 4.072806041222066e-05, Loss Test: 27.38001823425293
Epoch 13300, Loss Total: 55.013675689697266, Loss Train: 4.072806041222066e-05, Loss Test: 27.38001823425293
Epoch 13400, Loss Total: 55.013675689697266, Loss Train: 4.072806041222066e-05, Loss Test: 27.38001823425293
Epoch 13500, Loss Total: 55.013675689697266, Loss Train: 4.072806041222066e-05, Loss Test: 27.38001823425293
Epoch 13600, Loss Total: 55.013675689697266, Loss Train: 4.072806041222066e-05, Loss Test: 27.38001823425293
Epoch 13700, Loss Total: 55.013675689697266, Loss Train: 4.072806041222066e-05, Loss Test: 27.38001823425293
Epoch 13800, Loss Total: 55.013675689697266, Loss Train: 4.072806041222066e-05, Loss Test: 27.38001823425293
Epoch 13900, Loss Total: 55.013675689697266, Loss Train: 4.072806041222066e-05, Loss Test: 27.38001823425293
Epoch 14000, Loss Total: 55.013675689697266, Loss Train: 4.072806041222066e-05, Loss Test: 27.38001823425293
Epoch 14100, Loss Total: 55.013675689697266, Loss Train: 4.072806041222066e-05, Loss Test: 27.38001823425293
Epoch 14200, Loss Total: 55.013675689697266, Loss Train: 4.072806041222066e-05, Loss Test: 27.38001823425293
Epoch 14300, Loss Total: 55.013675689697266, Loss Train: 4.072806041222066e-05, Loss Test: 27.38001823425293
Epoch 14400, Loss Total: 55.013675689697266, Loss Train: 4.072806041222066e-05, Loss Test: 27.38001823425293
Epoch 14500, Loss Total: 55.013675689697266, Loss Train: 4.072806041222066e-05, Loss Test: 27.38001823425293
Epoch 14600, Loss Total: 55.013675689697266, Loss Train: 4.072806041222066e-05, Loss Test: 27.38001823425293
Epoch 14700, Loss Total: 55.013675689697266, Loss Train: 4.072806041222066e-05, Loss Test: 27.38001823425293
Epoch 14800, Loss Total: 55.013675689697266, Loss Train: 4.072806041222066e-05, Loss Test: 27.38001823425293
Epoch 14900, Loss Total: 55.013675689697266, Loss Train: 4.072806041222066e-05, Loss Test: 27.38001823425293
Epoch 15000, Loss Total: 55.013675689697266, Loss Train: 4.072806041222066e-05, Loss Test: 27.38001823425293
Epoch 15100, Loss Total: 55.013675689697266, Loss Train: 4.072806041222066e-05, Loss Test: 27.38001823425293
Epoch 15200, Loss Total: 55.013675689697266, Loss Train: 4.072806041222066e-05, Loss Test: 27.38001823425293
Epoch 15300, Loss Total: 55.013675689697266, Loss Train: 4.072806041222066e-05, Loss Test: 27.38001823425293
Epoch 15400, Loss Total: 55.013675689697266, Loss Train: 4.072806041222066e-05, Loss Test: 27.38001823425293
Epoch 15500, Loss Total: 55.013675689697266, Loss Train: 4.072806041222066e-05, Loss Test: 27.38001823425293
Epoch 15600, Loss Total: 55.013675689697266, Loss Train: 4.072806041222066e-05, Loss Test: 27.38001823425293
Epoch 15700, Loss Total: 55.013675689697266, Loss Train: 4.072806041222066e-05, Loss Test: 27.38001823425293
Epoch 15800, Loss Total: 55.013675689697266, Loss Train: 4.072806041222066e-05, Loss Test: 27.38001823425293
Epoch 15900, Loss Total: 55.013675689697266, Loss Train: 4.072806041222066e-05, Loss Test: 27.38001823425293
Epoch 16000, Loss Total: 55.013675689697266, Loss Train: 4.072806041222066e-05, Loss Test: 27.38001823425293
Epoch 16100, Loss Total: 55.013675689697266, Loss Train: 4.072806041222066e-05, Loss Test: 27.38001823425293
Epoch 16200, Loss Total: 55.013675689697266, Loss Train: 4.072806041222066e-05, Loss Test: 27.38001823425293
Epoch 16300, Loss Total: 55.013675689697266, Loss Train: 4.072806041222066e-05, Loss Test: 27.38001823425293
Epoch 16400, Loss Total: 55.013675689697266, Loss Train: 4.072806041222066e-05, Loss Test: 27.38001823425293
Epoch 16500, Loss Total: 55.013675689697266, Loss Train: 4.072806041222066e-05, Loss Test: 27.38001823425293
Epoch 16600, Loss Total: 55.013675689697266, Loss Train: 4.072806041222066e-05, Loss Test: 27.38001823425293
Epoch 16700, Loss Total: 55.013675689697266, Loss Train: 4.072806041222066e-05, Loss Test: 27.38001823425293
Epoch 16800, Loss Total: 55.013675689697266, Loss Train: 4.072806041222066e-05, Loss Test: 27.38001823425293
Epoch 16900, Loss Total: 55.013675689697266, Loss Train: 4.072806041222066e-05, Loss Test: 27.38001823425293
Epoch 17000, Loss Total: 55.013675689697266, Loss Train: 4.072806041222066e-05, Loss Test: 27.38001823425293
Epoch 17100, Loss Total: 55.013675689697266, Loss Train: 4.072806041222066e-05, Loss Test: 27.38001823425293
Epoch 17200, Loss Total: 55.013675689697266, Loss Train: 4.072806041222066e-05, Loss Test: 27.38001823425293
Epoch 17300, Loss Total: 55.013675689697266, Loss Train: 4.072806041222066e-05, Loss Test: 27.38001823425293
Epoch 17400, Loss Total: 55.013675689697266, Loss Train: 4.072806041222066e-05, Loss Test: 27.38001823425293
Epoch 17500, Loss Total: 55.013675689697266, Loss Train: 4.072806041222066e-05, Loss Test: 27.38001823425293
Epoch 17600, Loss Total: 55.013675689697266, Loss Train: 4.072806041222066e-05, Loss Test: 27.38001823425293
Epoch 17700, Loss Total: 55.013675689697266, Loss Train: 4.072806041222066e-05, Loss Test: 27.38001823425293
Epoch 17800, Loss Total: 55.013675689697266, Loss Train: 4.072806041222066e-05, Loss Test: 27.38001823425293
Epoch 17900, Loss Total: 55.013675689697266, Loss Train: 4.072806041222066e-05, Loss Test: 27.38001823425293
Epoch 18000, Loss Total: 55.013675689697266, Loss Train: 4.072806041222066e-05, Loss Test: 27.38001823425293
Epoch 18100, Loss Total: 55.013675689697266, Loss Train: 4.072806041222066e-05, Loss Test: 27.38001823425293
Epoch 18200, Loss Total: 55.013675689697266, Loss Train: 4.072806041222066e-05, Loss Test: 27.38001823425293
Epoch 18300, Loss Total: 55.013675689697266, Loss Train: 4.072806041222066e-05, Loss Test: 27.38001823425293
Epoch 18400, Loss Total: 55.013675689697266, Loss Train: 4.072806041222066e-05, Loss Test: 27.38001823425293
Epoch 18500, Loss Total: 55.013675689697266, Loss Train: 4.072806041222066e-05, Loss Test: 27.38001823425293
Epoch 18600, Loss Total: 55.013675689697266, Loss Train: 4.072806041222066e-05, Loss Test: 27.38001823425293
Epoch 18700, Loss Total: 55.013675689697266, Loss Train: 4.072806041222066e-05, Loss Test: 27.38001823425293
Epoch 18800, Loss Total: 55.013675689697266, Loss Train: 4.072806041222066e-05, Loss Test: 27.38001823425293
Epoch 18900, Loss Total: 55.013675689697266, Loss Train: 4.072806041222066e-05, Loss Test: 27.38001823425293
Epoch 19000, Loss Total: 55.013675689697266, Loss Train: 4.072806041222066e-05, Loss Test: 27.38001823425293
Epoch 19100, Loss Total: 55.013675689697266, Loss Train: 4.072806041222066e-05, Loss Test: 27.38001823425293
Epoch 19200, Loss Total: 55.013675689697266, Loss Train: 4.072806041222066e-05, Loss Test: 27.38001823425293
Epoch 19300, Loss Total: 55.013675689697266, Loss Train: 4.072806041222066e-05, Loss Test: 27.38001823425293
Epoch 19400, Loss Total: 55.013675689697266, Loss Train: 4.072806041222066e-05, Loss Test: 27.38001823425293
Epoch 19500, Loss Total: 55.013675689697266, Loss Train: 4.072806041222066e-05, Loss Test: 27.38001823425293
Epoch 19600, Loss Total: 55.013675689697266, Loss Train: 4.072806041222066e-05, Loss Test: 27.38001823425293
Epoch 19700, Loss Total: 55.013675689697266, Loss Train: 4.072806041222066e-05, Loss Test: 27.38001823425293
Epoch 19800, Loss Total: 55.013675689697266, Loss Train: 4.072806041222066e-05, Loss Test: 27.38001823425293
Epoch 19900, Loss Total: 55.013675689697266, Loss Train: 4.072806041222066e-05, Loss Test: 27.38001823425293
Added results for seed=50 and percentage=0.1
Finished task 450
