Running task 644 with seed=71 and percentage=0.35
Epoch 0, Loss Total: 84.02436828613281, Loss Train: 132.4488067626953, Loss Test: 130.5421905517578
Epoch 100, Loss Total: 42.37655258178711, Loss Train: 41.88713836669922, Loss Test: 61.923301696777344
Epoch 200, Loss Total: 40.34490966796875, Loss Train: 18.815706253051758, Loss Test: 37.759517669677734
Epoch 300, Loss Total: 43.6687126159668, Loss Train: 9.637956619262695, Loss Test: 31.279760360717773
Epoch 400, Loss Total: 46.60316848754883, Loss Train: 5.262328147888184, Loss Test: 29.195476531982422
Epoch 500, Loss Total: 48.76091384887695, Loss Train: 2.9873645305633545, Loss Test: 28.456262588500977
Epoch 600, Loss Total: 50.27088928222656, Loss Train: 1.7308486700057983, Loss Test: 28.178302764892578
Epoch 700, Loss Total: 51.323509216308594, Loss Train: 1.009182095527649, Loss Test: 28.078981399536133
Epoch 800, Loss Total: 52.07011795043945, Loss Train: 0.5866811871528625, Loss Test: 28.05624008178711
Epoch 900, Loss Total: 52.609764099121094, Loss Train: 0.33807289600372314, Loss Test: 28.065948486328125
Epoch 1000, Loss Total: 53.00414276123047, Loss Train: 0.19230522215366364, Loss Test: 28.086671829223633
Epoch 1100, Loss Total: 53.29309844970703, Loss Train: 0.10759732127189636, Loss Test: 28.10820960998535
Epoch 1200, Loss Total: 53.50418472290039, Loss Train: 0.05901305004954338, Loss Test: 28.126474380493164
Epoch 1300, Loss Total: 53.65751647949219, Loss Train: 0.0316176600754261, Loss Test: 28.14051055908203
Epoch 1400, Loss Total: 53.7681770324707, Loss Train: 0.016494708135724068, Loss Test: 28.150747299194336
Epoch 1500, Loss Total: 53.8475341796875, Loss Train: 0.008356878533959389, Loss Test: 28.158031463623047
Epoch 1600, Loss Total: 53.904083251953125, Loss Train: 0.004106113221496344, Loss Test: 28.163211822509766
Epoch 1700, Loss Total: 53.944149017333984, Loss Train: 0.0019594551995396614, Loss Test: 28.166942596435547
Epoch 1800, Loss Total: 53.972381591796875, Loss Train: 0.0009146998054347932, Loss Test: 28.169696807861328
Epoch 1900, Loss Total: 53.99216842651367, Loss Train: 0.0004259069391991943, Loss Test: 28.171791076660156
Epoch 2000, Loss Total: 54.0059700012207, Loss Train: 0.0002062730200123042, Loss Test: 28.173418045043945
Epoch 2100, Loss Total: 54.01555633544922, Loss Train: 0.00011144487507408485, Loss Test: 28.174707412719727
Epoch 2200, Loss Total: 54.02219009399414, Loss Train: 7.193614146672189e-05, Loss Test: 28.17572784423828
Epoch 2300, Loss Total: 54.02678298950195, Loss Train: 5.595578841166571e-05, Loss Test: 28.176544189453125
Epoch 2400, Loss Total: 54.02996063232422, Loss Train: 4.957941564498469e-05, Loss Test: 28.17719268798828
Epoch 2500, Loss Total: 54.03215408325195, Loss Train: 4.701977741206065e-05, Loss Test: 28.177703857421875
Epoch 2600, Loss Total: 54.03367614746094, Loss Train: 4.594337588059716e-05, Loss Test: 28.178096771240234
Epoch 2700, Loss Total: 54.03474044799805, Loss Train: 4.5596807467518374e-05, Loss Test: 28.17839813232422
Epoch 2800, Loss Total: 54.035484313964844, Loss Train: 4.537030326901004e-05, Loss Test: 28.178627014160156
Epoch 2900, Loss Total: 54.0360107421875, Loss Train: 4.519147114478983e-05, Loss Test: 28.178794860839844
Epoch 3000, Loss Total: 54.036376953125, Loss Train: 4.5137199776945636e-05, Loss Test: 28.17892074584961
Epoch 3100, Loss Total: 54.0366325378418, Loss Train: 4.510790677159093e-05, Loss Test: 28.179014205932617
Epoch 3200, Loss Total: 54.03680419921875, Loss Train: 4.512149462243542e-05, Loss Test: 28.179075241088867
Epoch 3300, Loss Total: 54.036865234375, Loss Train: 4.5125831093173474e-05, Loss Test: 28.179101943969727
Epoch 3400, Loss Total: 54.036888122558594, Loss Train: 4.512584928306751e-05, Loss Test: 28.17911148071289
Epoch 3500, Loss Total: 54.036903381347656, Loss Train: 4.512585292104632e-05, Loss Test: 28.179119110107422
Epoch 3600, Loss Total: 54.036903381347656, Loss Train: 4.512585292104632e-05, Loss Test: 28.179119110107422
Epoch 3700, Loss Total: 54.036903381347656, Loss Train: 4.512585292104632e-05, Loss Test: 28.179119110107422
Epoch 3800, Loss Total: 54.036903381347656, Loss Train: 4.512585292104632e-05, Loss Test: 28.179119110107422
Epoch 3900, Loss Total: 54.036903381347656, Loss Train: 4.512585292104632e-05, Loss Test: 28.179119110107422
Epoch 4000, Loss Total: 54.036903381347656, Loss Train: 4.512585292104632e-05, Loss Test: 28.179119110107422
Epoch 4100, Loss Total: 54.036903381347656, Loss Train: 4.512585292104632e-05, Loss Test: 28.179119110107422
Epoch 4200, Loss Total: 54.036903381347656, Loss Train: 4.512585292104632e-05, Loss Test: 28.179119110107422
Epoch 4300, Loss Total: 54.036903381347656, Loss Train: 4.512585292104632e-05, Loss Test: 28.179119110107422
Epoch 4400, Loss Total: 54.036903381347656, Loss Train: 4.512585292104632e-05, Loss Test: 28.179119110107422
Epoch 4500, Loss Total: 54.036903381347656, Loss Train: 4.512585292104632e-05, Loss Test: 28.179119110107422
Epoch 4600, Loss Total: 54.036903381347656, Loss Train: 4.512585292104632e-05, Loss Test: 28.179119110107422
Epoch 4700, Loss Total: 54.036903381347656, Loss Train: 4.512585292104632e-05, Loss Test: 28.179119110107422
Epoch 4800, Loss Total: 54.036903381347656, Loss Train: 4.512585292104632e-05, Loss Test: 28.179119110107422
Epoch 4900, Loss Total: 54.036903381347656, Loss Train: 4.512585292104632e-05, Loss Test: 28.179119110107422
Epoch 5000, Loss Total: 54.036903381347656, Loss Train: 4.512585292104632e-05, Loss Test: 28.179119110107422
Epoch 5100, Loss Total: 54.036903381347656, Loss Train: 4.512585292104632e-05, Loss Test: 28.179119110107422
Epoch 5200, Loss Total: 54.036903381347656, Loss Train: 4.512585292104632e-05, Loss Test: 28.179119110107422
Epoch 5300, Loss Total: 54.036903381347656, Loss Train: 4.512585292104632e-05, Loss Test: 28.179119110107422
Epoch 5400, Loss Total: 54.036903381347656, Loss Train: 4.512585292104632e-05, Loss Test: 28.179119110107422
Epoch 5500, Loss Total: 54.036903381347656, Loss Train: 4.512585292104632e-05, Loss Test: 28.179119110107422
Epoch 5600, Loss Total: 54.036903381347656, Loss Train: 4.512585292104632e-05, Loss Test: 28.179119110107422
Epoch 5700, Loss Total: 54.036903381347656, Loss Train: 4.512585292104632e-05, Loss Test: 28.179119110107422
Epoch 5800, Loss Total: 54.036903381347656, Loss Train: 4.512585292104632e-05, Loss Test: 28.179119110107422
Epoch 5900, Loss Total: 54.036903381347656, Loss Train: 4.512585292104632e-05, Loss Test: 28.179119110107422
Epoch 6000, Loss Total: 54.036903381347656, Loss Train: 4.512585292104632e-05, Loss Test: 28.179119110107422
Epoch 6100, Loss Total: 54.036903381347656, Loss Train: 4.512585292104632e-05, Loss Test: 28.179119110107422
Epoch 6200, Loss Total: 54.036903381347656, Loss Train: 4.512585292104632e-05, Loss Test: 28.179119110107422
Epoch 6300, Loss Total: 54.036903381347656, Loss Train: 4.512585292104632e-05, Loss Test: 28.179119110107422
Epoch 6400, Loss Total: 54.036903381347656, Loss Train: 4.512585292104632e-05, Loss Test: 28.179119110107422
Epoch 6500, Loss Total: 54.036903381347656, Loss Train: 4.512585292104632e-05, Loss Test: 28.179119110107422
Epoch 6600, Loss Total: 54.036903381347656, Loss Train: 4.512585292104632e-05, Loss Test: 28.179119110107422
Epoch 6700, Loss Total: 54.036903381347656, Loss Train: 4.512585292104632e-05, Loss Test: 28.179119110107422
Epoch 6800, Loss Total: 54.036903381347656, Loss Train: 4.512585292104632e-05, Loss Test: 28.179119110107422
Epoch 6900, Loss Total: 54.036903381347656, Loss Train: 4.512585292104632e-05, Loss Test: 28.179119110107422
Epoch 7000, Loss Total: 54.036903381347656, Loss Train: 4.512585292104632e-05, Loss Test: 28.179119110107422
Epoch 7100, Loss Total: 54.036903381347656, Loss Train: 4.512585292104632e-05, Loss Test: 28.179119110107422
Epoch 7200, Loss Total: 54.036903381347656, Loss Train: 4.512585292104632e-05, Loss Test: 28.179119110107422
Epoch 7300, Loss Total: 54.036903381347656, Loss Train: 4.512585292104632e-05, Loss Test: 28.179119110107422
Epoch 7400, Loss Total: 54.036903381347656, Loss Train: 4.512585292104632e-05, Loss Test: 28.179119110107422
Epoch 7500, Loss Total: 54.036903381347656, Loss Train: 4.512585292104632e-05, Loss Test: 28.179119110107422
Epoch 7600, Loss Total: 54.036903381347656, Loss Train: 4.512585292104632e-05, Loss Test: 28.179119110107422
Epoch 7700, Loss Total: 54.036903381347656, Loss Train: 4.512585292104632e-05, Loss Test: 28.179119110107422
Epoch 7800, Loss Total: 54.036903381347656, Loss Train: 4.512585292104632e-05, Loss Test: 28.179119110107422
Epoch 7900, Loss Total: 54.036903381347656, Loss Train: 4.512585292104632e-05, Loss Test: 28.179119110107422
Epoch 8000, Loss Total: 54.036903381347656, Loss Train: 4.512585292104632e-05, Loss Test: 28.179119110107422
Epoch 8100, Loss Total: 54.036903381347656, Loss Train: 4.512585292104632e-05, Loss Test: 28.179119110107422
Epoch 8200, Loss Total: 54.036903381347656, Loss Train: 4.512585292104632e-05, Loss Test: 28.179119110107422
Epoch 8300, Loss Total: 54.036903381347656, Loss Train: 4.512585292104632e-05, Loss Test: 28.179119110107422
Epoch 8400, Loss Total: 54.036903381347656, Loss Train: 4.512585292104632e-05, Loss Test: 28.179119110107422
Epoch 8500, Loss Total: 54.036903381347656, Loss Train: 4.512585292104632e-05, Loss Test: 28.179119110107422
Epoch 8600, Loss Total: 54.036903381347656, Loss Train: 4.512585292104632e-05, Loss Test: 28.179119110107422
Epoch 8700, Loss Total: 54.036903381347656, Loss Train: 4.512585292104632e-05, Loss Test: 28.179119110107422
Epoch 8800, Loss Total: 54.036903381347656, Loss Train: 4.512585292104632e-05, Loss Test: 28.179119110107422
Epoch 8900, Loss Total: 54.036903381347656, Loss Train: 4.512585292104632e-05, Loss Test: 28.179119110107422
Epoch 9000, Loss Total: 54.036903381347656, Loss Train: 4.512585292104632e-05, Loss Test: 28.179119110107422
Epoch 9100, Loss Total: 54.036903381347656, Loss Train: 4.512585292104632e-05, Loss Test: 28.179119110107422
Epoch 9200, Loss Total: 54.036903381347656, Loss Train: 4.512585292104632e-05, Loss Test: 28.179119110107422
Epoch 9300, Loss Total: 54.036903381347656, Loss Train: 4.512585292104632e-05, Loss Test: 28.179119110107422
Epoch 9400, Loss Total: 54.036903381347656, Loss Train: 4.512585292104632e-05, Loss Test: 28.179119110107422
Epoch 9500, Loss Total: 54.036903381347656, Loss Train: 4.512585292104632e-05, Loss Test: 28.179119110107422
Epoch 9600, Loss Total: 54.036903381347656, Loss Train: 4.512585292104632e-05, Loss Test: 28.179119110107422
Epoch 9700, Loss Total: 54.036903381347656, Loss Train: 4.512585292104632e-05, Loss Test: 28.179119110107422
Epoch 9800, Loss Total: 54.036903381347656, Loss Train: 4.512585292104632e-05, Loss Test: 28.179119110107422
Epoch 9900, Loss Total: 54.036903381347656, Loss Train: 4.512585292104632e-05, Loss Test: 28.179119110107422
Epoch 10000, Loss Total: 54.036903381347656, Loss Train: 4.512585292104632e-05, Loss Test: 28.179119110107422
Epoch 10100, Loss Total: 54.036903381347656, Loss Train: 4.512585292104632e-05, Loss Test: 28.179119110107422
Epoch 10200, Loss Total: 54.036903381347656, Loss Train: 4.512585292104632e-05, Loss Test: 28.179119110107422
Epoch 10300, Loss Total: 54.036903381347656, Loss Train: 4.512585292104632e-05, Loss Test: 28.179119110107422
Epoch 10400, Loss Total: 54.036903381347656, Loss Train: 4.512585292104632e-05, Loss Test: 28.179119110107422
Epoch 10500, Loss Total: 54.036903381347656, Loss Train: 4.512585292104632e-05, Loss Test: 28.179119110107422
Epoch 10600, Loss Total: 54.036903381347656, Loss Train: 4.512585292104632e-05, Loss Test: 28.179119110107422
Epoch 10700, Loss Total: 54.036903381347656, Loss Train: 4.512585292104632e-05, Loss Test: 28.179119110107422
Epoch 10800, Loss Total: 54.036903381347656, Loss Train: 4.512585292104632e-05, Loss Test: 28.179119110107422
Epoch 10900, Loss Total: 54.036903381347656, Loss Train: 4.512585292104632e-05, Loss Test: 28.179119110107422
Epoch 11000, Loss Total: 54.036903381347656, Loss Train: 4.512585292104632e-05, Loss Test: 28.179119110107422
Epoch 11100, Loss Total: 54.036903381347656, Loss Train: 4.512585292104632e-05, Loss Test: 28.179119110107422
Epoch 11200, Loss Total: 54.036903381347656, Loss Train: 4.512585292104632e-05, Loss Test: 28.179119110107422
Epoch 11300, Loss Total: 54.036903381347656, Loss Train: 4.512585292104632e-05, Loss Test: 28.179119110107422
Epoch 11400, Loss Total: 54.036903381347656, Loss Train: 4.512585292104632e-05, Loss Test: 28.179119110107422
Epoch 11500, Loss Total: 54.036903381347656, Loss Train: 4.512585292104632e-05, Loss Test: 28.179119110107422
Epoch 11600, Loss Total: 54.036903381347656, Loss Train: 4.512585292104632e-05, Loss Test: 28.179119110107422
Epoch 11700, Loss Total: 54.036903381347656, Loss Train: 4.512585292104632e-05, Loss Test: 28.179119110107422
Epoch 11800, Loss Total: 54.036903381347656, Loss Train: 4.512585292104632e-05, Loss Test: 28.179119110107422
Epoch 11900, Loss Total: 54.036903381347656, Loss Train: 4.512585292104632e-05, Loss Test: 28.179119110107422
Epoch 12000, Loss Total: 54.036903381347656, Loss Train: 4.512585292104632e-05, Loss Test: 28.179119110107422
Epoch 12100, Loss Total: 54.036903381347656, Loss Train: 4.512585292104632e-05, Loss Test: 28.179119110107422
Epoch 12200, Loss Total: 54.036903381347656, Loss Train: 4.512585292104632e-05, Loss Test: 28.179119110107422
Epoch 12300, Loss Total: 54.036903381347656, Loss Train: 4.512585292104632e-05, Loss Test: 28.179119110107422
Epoch 12400, Loss Total: 54.036903381347656, Loss Train: 4.512585292104632e-05, Loss Test: 28.179119110107422
Epoch 12500, Loss Total: 54.036903381347656, Loss Train: 4.512585292104632e-05, Loss Test: 28.179119110107422
Epoch 12600, Loss Total: 54.036903381347656, Loss Train: 4.512585292104632e-05, Loss Test: 28.179119110107422
Epoch 12700, Loss Total: 54.036903381347656, Loss Train: 4.512585292104632e-05, Loss Test: 28.179119110107422
Epoch 12800, Loss Total: 54.036903381347656, Loss Train: 4.512585292104632e-05, Loss Test: 28.179119110107422
Epoch 12900, Loss Total: 54.036903381347656, Loss Train: 4.512585292104632e-05, Loss Test: 28.179119110107422
Epoch 13000, Loss Total: 54.036903381347656, Loss Train: 4.512585292104632e-05, Loss Test: 28.179119110107422
Epoch 13100, Loss Total: 54.036903381347656, Loss Train: 4.512585292104632e-05, Loss Test: 28.179119110107422
Epoch 13200, Loss Total: 54.036903381347656, Loss Train: 4.512585292104632e-05, Loss Test: 28.179119110107422
Epoch 13300, Loss Total: 54.036903381347656, Loss Train: 4.512585292104632e-05, Loss Test: 28.179119110107422
Epoch 13400, Loss Total: 54.036903381347656, Loss Train: 4.512585292104632e-05, Loss Test: 28.179119110107422
Epoch 13500, Loss Total: 54.036903381347656, Loss Train: 4.512585292104632e-05, Loss Test: 28.179119110107422
Epoch 13600, Loss Total: 54.036903381347656, Loss Train: 4.512585292104632e-05, Loss Test: 28.179119110107422
Epoch 13700, Loss Total: 54.036903381347656, Loss Train: 4.512585292104632e-05, Loss Test: 28.179119110107422
Epoch 13800, Loss Total: 54.036903381347656, Loss Train: 4.512585292104632e-05, Loss Test: 28.179119110107422
Epoch 13900, Loss Total: 54.036903381347656, Loss Train: 4.512585292104632e-05, Loss Test: 28.179119110107422
Epoch 14000, Loss Total: 54.036903381347656, Loss Train: 4.512585292104632e-05, Loss Test: 28.179119110107422
Epoch 14100, Loss Total: 54.036903381347656, Loss Train: 4.512585292104632e-05, Loss Test: 28.179119110107422
Epoch 14200, Loss Total: 54.036903381347656, Loss Train: 4.512585292104632e-05, Loss Test: 28.179119110107422
Epoch 14300, Loss Total: 54.036903381347656, Loss Train: 4.512585292104632e-05, Loss Test: 28.179119110107422
Epoch 14400, Loss Total: 54.036903381347656, Loss Train: 4.512585292104632e-05, Loss Test: 28.179119110107422
Epoch 14500, Loss Total: 54.036903381347656, Loss Train: 4.512585292104632e-05, Loss Test: 28.179119110107422
Epoch 14600, Loss Total: 54.036903381347656, Loss Train: 4.512585292104632e-05, Loss Test: 28.179119110107422
Epoch 14700, Loss Total: 54.036903381347656, Loss Train: 4.512585292104632e-05, Loss Test: 28.179119110107422
Epoch 14800, Loss Total: 54.036903381347656, Loss Train: 4.512585292104632e-05, Loss Test: 28.179119110107422
Epoch 14900, Loss Total: 54.036903381347656, Loss Train: 4.512585292104632e-05, Loss Test: 28.179119110107422
Epoch 15000, Loss Total: 54.036903381347656, Loss Train: 4.512585292104632e-05, Loss Test: 28.179119110107422
Epoch 15100, Loss Total: 54.036903381347656, Loss Train: 4.512585292104632e-05, Loss Test: 28.179119110107422
Epoch 15200, Loss Total: 54.036903381347656, Loss Train: 4.512585292104632e-05, Loss Test: 28.179119110107422
Epoch 15300, Loss Total: 54.036903381347656, Loss Train: 4.512585292104632e-05, Loss Test: 28.179119110107422
Epoch 15400, Loss Total: 54.036903381347656, Loss Train: 4.512585292104632e-05, Loss Test: 28.179119110107422
Epoch 15500, Loss Total: 54.036903381347656, Loss Train: 4.512585292104632e-05, Loss Test: 28.179119110107422
Epoch 15600, Loss Total: 54.036903381347656, Loss Train: 4.512585292104632e-05, Loss Test: 28.179119110107422
Epoch 15700, Loss Total: 54.036903381347656, Loss Train: 4.512585292104632e-05, Loss Test: 28.179119110107422
Epoch 15800, Loss Total: 54.036903381347656, Loss Train: 4.512585292104632e-05, Loss Test: 28.179119110107422
Epoch 15900, Loss Total: 54.036903381347656, Loss Train: 4.512585292104632e-05, Loss Test: 28.179119110107422
Epoch 16000, Loss Total: 54.036903381347656, Loss Train: 4.512585292104632e-05, Loss Test: 28.179119110107422
Epoch 16100, Loss Total: 54.036903381347656, Loss Train: 4.512585292104632e-05, Loss Test: 28.179119110107422
Epoch 16200, Loss Total: 54.036903381347656, Loss Train: 4.512585292104632e-05, Loss Test: 28.179119110107422
Epoch 16300, Loss Total: 54.036903381347656, Loss Train: 4.512585292104632e-05, Loss Test: 28.179119110107422
Epoch 16400, Loss Total: 54.036903381347656, Loss Train: 4.512585292104632e-05, Loss Test: 28.179119110107422
Epoch 16500, Loss Total: 54.036903381347656, Loss Train: 4.512585292104632e-05, Loss Test: 28.179119110107422
Epoch 16600, Loss Total: 54.036903381347656, Loss Train: 4.512585292104632e-05, Loss Test: 28.179119110107422
Epoch 16700, Loss Total: 54.036903381347656, Loss Train: 4.512585292104632e-05, Loss Test: 28.179119110107422
Epoch 16800, Loss Total: 54.036903381347656, Loss Train: 4.512585292104632e-05, Loss Test: 28.179119110107422
Epoch 16900, Loss Total: 54.036903381347656, Loss Train: 4.512585292104632e-05, Loss Test: 28.179119110107422
Epoch 17000, Loss Total: 54.036903381347656, Loss Train: 4.512585292104632e-05, Loss Test: 28.179119110107422
Epoch 17100, Loss Total: 54.036903381347656, Loss Train: 4.512585292104632e-05, Loss Test: 28.179119110107422
Epoch 17200, Loss Total: 54.036903381347656, Loss Train: 4.512585292104632e-05, Loss Test: 28.179119110107422
Epoch 17300, Loss Total: 54.036903381347656, Loss Train: 4.512585292104632e-05, Loss Test: 28.179119110107422
Epoch 17400, Loss Total: 54.036903381347656, Loss Train: 4.512585292104632e-05, Loss Test: 28.179119110107422
Epoch 17500, Loss Total: 54.036903381347656, Loss Train: 4.512585292104632e-05, Loss Test: 28.179119110107422
Epoch 17600, Loss Total: 54.036903381347656, Loss Train: 4.512585292104632e-05, Loss Test: 28.179119110107422
Epoch 17700, Loss Total: 54.036903381347656, Loss Train: 4.512585292104632e-05, Loss Test: 28.179119110107422
Epoch 17800, Loss Total: 54.036903381347656, Loss Train: 4.512585292104632e-05, Loss Test: 28.179119110107422
Epoch 17900, Loss Total: 54.036903381347656, Loss Train: 4.512585292104632e-05, Loss Test: 28.179119110107422
Epoch 18000, Loss Total: 54.036903381347656, Loss Train: 4.512585292104632e-05, Loss Test: 28.179119110107422
Epoch 18100, Loss Total: 54.036903381347656, Loss Train: 4.512585292104632e-05, Loss Test: 28.179119110107422
Epoch 18200, Loss Total: 54.036903381347656, Loss Train: 4.512585292104632e-05, Loss Test: 28.179119110107422
Epoch 18300, Loss Total: 54.036903381347656, Loss Train: 4.512585292104632e-05, Loss Test: 28.179119110107422
Epoch 18400, Loss Total: 54.036903381347656, Loss Train: 4.512585292104632e-05, Loss Test: 28.179119110107422
Epoch 18500, Loss Total: 54.036903381347656, Loss Train: 4.512585292104632e-05, Loss Test: 28.179119110107422
Epoch 18600, Loss Total: 54.036903381347656, Loss Train: 4.512585292104632e-05, Loss Test: 28.179119110107422
Epoch 18700, Loss Total: 54.036903381347656, Loss Train: 4.512585292104632e-05, Loss Test: 28.179119110107422
Epoch 18800, Loss Total: 54.036903381347656, Loss Train: 4.512585292104632e-05, Loss Test: 28.179119110107422
Epoch 18900, Loss Total: 54.036903381347656, Loss Train: 4.512585292104632e-05, Loss Test: 28.179119110107422
Epoch 19000, Loss Total: 54.036903381347656, Loss Train: 4.512585292104632e-05, Loss Test: 28.179119110107422
Epoch 19100, Loss Total: 54.036903381347656, Loss Train: 4.512585292104632e-05, Loss Test: 28.179119110107422
Epoch 19200, Loss Total: 54.036903381347656, Loss Train: 4.512585292104632e-05, Loss Test: 28.179119110107422
Epoch 19300, Loss Total: 54.036903381347656, Loss Train: 4.512585292104632e-05, Loss Test: 28.179119110107422
Epoch 19400, Loss Total: 54.036903381347656, Loss Train: 4.512585292104632e-05, Loss Test: 28.179119110107422
Epoch 19500, Loss Total: 54.036903381347656, Loss Train: 4.512585292104632e-05, Loss Test: 28.179119110107422
Epoch 19600, Loss Total: 54.036903381347656, Loss Train: 4.512585292104632e-05, Loss Test: 28.179119110107422
Epoch 19700, Loss Total: 54.036903381347656, Loss Train: 4.512585292104632e-05, Loss Test: 28.179119110107422
Epoch 19800, Loss Total: 54.036903381347656, Loss Train: 4.512585292104632e-05, Loss Test: 28.179119110107422
Epoch 19900, Loss Total: 54.036903381347656, Loss Train: 4.512585292104632e-05, Loss Test: 28.179119110107422
Added results for seed=71 and percentage=0.35
Finished task 644
