Running task 129 with seed=14 and percentage=0.25
Epoch 0, Loss Total: 83.92220306396484, Loss Train: 132.16412353515625, Loss Test: 130.6726837158203
Epoch 100, Loss Total: 44.83064651489258, Loss Train: 41.82229995727539, Loss Test: 67.60601806640625
Epoch 200, Loss Total: 40.84041976928711, Loss Train: 19.003339767456055, Loss Test: 40.81037902832031
Epoch 300, Loss Total: 44.24321365356445, Loss Train: 9.889116287231445, Loss Test: 33.45033645629883
Epoch 400, Loss Total: 47.37247085571289, Loss Train: 5.520898818969727, Loss Test: 31.068742752075195
Epoch 500, Loss Total: 49.65363311767578, Loss Train: 3.2300922870635986, Loss Test: 30.186094284057617
Epoch 600, Loss Total: 51.27304458618164, Loss Train: 1.9491301774978638, Loss Test: 29.821949005126953
Epoch 700, Loss Total: 52.43910217285156, Loss Train: 1.2011725902557373, Loss Test: 29.6639404296875
Epoch 800, Loss Total: 53.30174255371094, Loss Train: 0.752429723739624, Loss Test: 29.601919174194336
Epoch 900, Loss Total: 53.95576858520508, Loss Train: 0.4779289960861206, Loss Test: 29.590547561645508
Epoch 1000, Loss Total: 54.45945358276367, Loss Train: 0.30696535110473633, Loss Test: 29.607145309448242
Epoch 1100, Loss Total: 54.85026931762695, Loss Train: 0.1984943002462387, Loss Test: 29.63854217529297
Epoch 1200, Loss Total: 55.15428924560547, Loss Train: 0.1284615695476532, Loss Test: 29.676555633544922
Epoch 1300, Loss Total: 55.39085006713867, Loss Train: 0.08265713602304459, Loss Test: 29.716083526611328
Epoch 1400, Loss Total: 55.5748291015625, Loss Train: 0.052536942064762115, Loss Test: 29.753999710083008
Epoch 1500, Loss Total: 55.717811584472656, Loss Train: 0.032798685133457184, Loss Test: 29.788524627685547
Epoch 1600, Loss Total: 55.828765869140625, Loss Train: 0.020019249990582466, Loss Test: 29.81879425048828
Epoch 1700, Loss Total: 55.914649963378906, Loss Train: 0.011904070153832436, Loss Test: 29.844524383544922
Epoch 1800, Loss Total: 55.98088455200195, Loss Train: 0.006878792308270931, Loss Test: 29.865833282470703
Epoch 1900, Loss Total: 56.031673431396484, Loss Train: 0.0038577623199671507, Loss Test: 29.883075714111328
Epoch 2000, Loss Total: 56.070316314697266, Loss Train: 0.0021004648879170418, Loss Test: 29.896726608276367
Epoch 2100, Loss Total: 56.09943771362305, Loss Train: 0.0011141004506498575, Loss Test: 29.907318115234375
Epoch 2200, Loss Total: 56.12112808227539, Loss Train: 0.0005810352740809321, Loss Test: 29.915386199951172
Epoch 2300, Loss Total: 56.13707733154297, Loss Train: 0.0003039667208213359, Loss Test: 29.921415328979492
Epoch 2400, Loss Total: 56.148643493652344, Loss Train: 0.0001658553519519046, Loss Test: 29.925840377807617
Epoch 2500, Loss Total: 56.156898498535156, Loss Train: 9.980067989090458e-05, Loss Test: 29.929033279418945
Epoch 2600, Loss Total: 56.162696838378906, Loss Train: 6.960649625398219e-05, Loss Test: 29.931299209594727
Epoch 2700, Loss Total: 56.166690826416016, Loss Train: 5.6173787015723065e-05, Loss Test: 29.932876586914062
Epoch 2800, Loss Total: 56.169410705566406, Loss Train: 5.061191041022539e-05, Loss Test: 29.933961868286133
Epoch 2900, Loss Total: 56.17123794555664, Loss Train: 4.813867781194858e-05, Loss Test: 29.934696197509766
Epoch 3000, Loss Total: 56.17243576049805, Loss Train: 4.7324399929493666e-05, Loss Test: 29.93518829345703
Epoch 3100, Loss Total: 56.1732177734375, Loss Train: 4.690665446105413e-05, Loss Test: 29.935514450073242
Epoch 3200, Loss Total: 56.1737174987793, Loss Train: 4.667057510232553e-05, Loss Test: 29.93572425842285
Epoch 3300, Loss Total: 56.174049377441406, Loss Train: 4.668507244787179e-05, Loss Test: 29.93586540222168
Epoch 3400, Loss Total: 56.17425537109375, Loss Train: 4.657182580558583e-05, Loss Test: 29.935955047607422
Epoch 3500, Loss Total: 56.174339294433594, Loss Train: 4.6584078518208116e-05, Loss Test: 29.935993194580078
Epoch 3600, Loss Total: 56.17436599731445, Loss Train: 4.6582892537117004e-05, Loss Test: 29.936004638671875
Epoch 3700, Loss Total: 56.17436599731445, Loss Train: 4.658289981307462e-05, Loss Test: 29.93600845336914
Epoch 3800, Loss Total: 56.17436599731445, Loss Train: 4.658289981307462e-05, Loss Test: 29.93600845336914
Epoch 3900, Loss Total: 56.17436599731445, Loss Train: 4.658289981307462e-05, Loss Test: 29.93600845336914
Epoch 4000, Loss Total: 56.17436599731445, Loss Train: 4.658289981307462e-05, Loss Test: 29.93600845336914
Epoch 4100, Loss Total: 56.17436599731445, Loss Train: 4.658289981307462e-05, Loss Test: 29.93600845336914
Epoch 4200, Loss Total: 56.17436599731445, Loss Train: 4.658289981307462e-05, Loss Test: 29.93600845336914
Epoch 4300, Loss Total: 56.17436599731445, Loss Train: 4.658289981307462e-05, Loss Test: 29.93600845336914
Epoch 4400, Loss Total: 56.17436599731445, Loss Train: 4.658289981307462e-05, Loss Test: 29.93600845336914
Epoch 4500, Loss Total: 56.17436599731445, Loss Train: 4.658289981307462e-05, Loss Test: 29.93600845336914
Epoch 4600, Loss Total: 56.17436599731445, Loss Train: 4.658289981307462e-05, Loss Test: 29.93600845336914
Epoch 4700, Loss Total: 56.17436599731445, Loss Train: 4.658289981307462e-05, Loss Test: 29.93600845336914
Epoch 4800, Loss Total: 56.17436599731445, Loss Train: 4.658289981307462e-05, Loss Test: 29.93600845336914
Epoch 4900, Loss Total: 56.17436599731445, Loss Train: 4.658289981307462e-05, Loss Test: 29.93600845336914
Epoch 5000, Loss Total: 56.17436599731445, Loss Train: 4.658289981307462e-05, Loss Test: 29.93600845336914
Epoch 5100, Loss Total: 56.17436599731445, Loss Train: 4.658289981307462e-05, Loss Test: 29.93600845336914
Epoch 5200, Loss Total: 56.17436599731445, Loss Train: 4.658289981307462e-05, Loss Test: 29.93600845336914
Epoch 5300, Loss Total: 56.17436599731445, Loss Train: 4.658289981307462e-05, Loss Test: 29.93600845336914
Epoch 5400, Loss Total: 56.17436599731445, Loss Train: 4.658289981307462e-05, Loss Test: 29.93600845336914
Epoch 5500, Loss Total: 56.17436599731445, Loss Train: 4.658289981307462e-05, Loss Test: 29.93600845336914
Epoch 5600, Loss Total: 56.17436599731445, Loss Train: 4.658289981307462e-05, Loss Test: 29.93600845336914
Epoch 5700, Loss Total: 56.17436599731445, Loss Train: 4.658289981307462e-05, Loss Test: 29.93600845336914
Epoch 5800, Loss Total: 56.17436599731445, Loss Train: 4.658289981307462e-05, Loss Test: 29.93600845336914
Epoch 5900, Loss Total: 56.17436599731445, Loss Train: 4.658289981307462e-05, Loss Test: 29.93600845336914
Epoch 6000, Loss Total: 56.17436599731445, Loss Train: 4.658289981307462e-05, Loss Test: 29.93600845336914
Epoch 6100, Loss Total: 56.17436599731445, Loss Train: 4.658289981307462e-05, Loss Test: 29.93600845336914
Epoch 6200, Loss Total: 56.17436599731445, Loss Train: 4.658289981307462e-05, Loss Test: 29.93600845336914
Epoch 6300, Loss Total: 56.17436599731445, Loss Train: 4.658289981307462e-05, Loss Test: 29.93600845336914
Epoch 6400, Loss Total: 56.17436599731445, Loss Train: 4.658289981307462e-05, Loss Test: 29.93600845336914
Epoch 6500, Loss Total: 56.17436599731445, Loss Train: 4.658289981307462e-05, Loss Test: 29.93600845336914
Epoch 6600, Loss Total: 56.17436599731445, Loss Train: 4.658289981307462e-05, Loss Test: 29.93600845336914
Epoch 6700, Loss Total: 56.17436599731445, Loss Train: 4.658289981307462e-05, Loss Test: 29.93600845336914
Epoch 6800, Loss Total: 56.17436599731445, Loss Train: 4.658289981307462e-05, Loss Test: 29.93600845336914
Epoch 6900, Loss Total: 56.17436599731445, Loss Train: 4.658289981307462e-05, Loss Test: 29.93600845336914
Epoch 7000, Loss Total: 56.17436599731445, Loss Train: 4.658289981307462e-05, Loss Test: 29.93600845336914
Epoch 7100, Loss Total: 56.17436599731445, Loss Train: 4.658289981307462e-05, Loss Test: 29.93600845336914
Epoch 7200, Loss Total: 56.17436599731445, Loss Train: 4.658289981307462e-05, Loss Test: 29.93600845336914
Epoch 7300, Loss Total: 56.17436599731445, Loss Train: 4.658289981307462e-05, Loss Test: 29.93600845336914
Epoch 7400, Loss Total: 56.17436599731445, Loss Train: 4.658289981307462e-05, Loss Test: 29.93600845336914
Epoch 7500, Loss Total: 56.17436599731445, Loss Train: 4.658289981307462e-05, Loss Test: 29.93600845336914
Epoch 7600, Loss Total: 56.17436599731445, Loss Train: 4.658289981307462e-05, Loss Test: 29.93600845336914
Epoch 7700, Loss Total: 56.17436599731445, Loss Train: 4.658289981307462e-05, Loss Test: 29.93600845336914
Epoch 7800, Loss Total: 56.17436599731445, Loss Train: 4.658289981307462e-05, Loss Test: 29.93600845336914
Epoch 7900, Loss Total: 56.17436599731445, Loss Train: 4.658289981307462e-05, Loss Test: 29.93600845336914
Epoch 8000, Loss Total: 56.17436599731445, Loss Train: 4.658289981307462e-05, Loss Test: 29.93600845336914
Epoch 8100, Loss Total: 56.17436599731445, Loss Train: 4.658289981307462e-05, Loss Test: 29.93600845336914
Epoch 8200, Loss Total: 56.17436599731445, Loss Train: 4.658289981307462e-05, Loss Test: 29.93600845336914
Epoch 8300, Loss Total: 56.17436599731445, Loss Train: 4.658289981307462e-05, Loss Test: 29.93600845336914
Epoch 8400, Loss Total: 56.17436599731445, Loss Train: 4.658289981307462e-05, Loss Test: 29.93600845336914
Epoch 8500, Loss Total: 56.17436599731445, Loss Train: 4.658289981307462e-05, Loss Test: 29.93600845336914
Epoch 8600, Loss Total: 56.17436599731445, Loss Train: 4.658289981307462e-05, Loss Test: 29.93600845336914
Epoch 8700, Loss Total: 56.17436599731445, Loss Train: 4.658289981307462e-05, Loss Test: 29.93600845336914
Epoch 8800, Loss Total: 56.17436599731445, Loss Train: 4.658289981307462e-05, Loss Test: 29.93600845336914
Epoch 8900, Loss Total: 56.17436599731445, Loss Train: 4.658289981307462e-05, Loss Test: 29.93600845336914
Epoch 9000, Loss Total: 56.17436599731445, Loss Train: 4.658289981307462e-05, Loss Test: 29.93600845336914
Epoch 9100, Loss Total: 56.17436599731445, Loss Train: 4.658289981307462e-05, Loss Test: 29.93600845336914
Epoch 9200, Loss Total: 56.17436599731445, Loss Train: 4.658289981307462e-05, Loss Test: 29.93600845336914
Epoch 9300, Loss Total: 56.17436599731445, Loss Train: 4.658289981307462e-05, Loss Test: 29.93600845336914
Epoch 9400, Loss Total: 56.17436599731445, Loss Train: 4.658289981307462e-05, Loss Test: 29.93600845336914
Epoch 9500, Loss Total: 56.17436599731445, Loss Train: 4.658289981307462e-05, Loss Test: 29.93600845336914
Epoch 9600, Loss Total: 56.17436599731445, Loss Train: 4.658289981307462e-05, Loss Test: 29.93600845336914
Epoch 9700, Loss Total: 56.17436599731445, Loss Train: 4.658289981307462e-05, Loss Test: 29.93600845336914
Epoch 9800, Loss Total: 56.17436599731445, Loss Train: 4.658289981307462e-05, Loss Test: 29.93600845336914
Epoch 9900, Loss Total: 56.17436599731445, Loss Train: 4.658289981307462e-05, Loss Test: 29.93600845336914
Epoch 10000, Loss Total: 56.17436599731445, Loss Train: 4.658289981307462e-05, Loss Test: 29.93600845336914
Epoch 10100, Loss Total: 56.17436599731445, Loss Train: 4.658289981307462e-05, Loss Test: 29.93600845336914
Epoch 10200, Loss Total: 56.17436599731445, Loss Train: 4.658289981307462e-05, Loss Test: 29.93600845336914
Epoch 10300, Loss Total: 56.17436599731445, Loss Train: 4.658289981307462e-05, Loss Test: 29.93600845336914
Epoch 10400, Loss Total: 56.17436599731445, Loss Train: 4.658289981307462e-05, Loss Test: 29.93600845336914
Epoch 10500, Loss Total: 56.17436599731445, Loss Train: 4.658289981307462e-05, Loss Test: 29.93600845336914
Epoch 10600, Loss Total: 56.17436599731445, Loss Train: 4.658289981307462e-05, Loss Test: 29.93600845336914
Epoch 10700, Loss Total: 56.17436599731445, Loss Train: 4.658289981307462e-05, Loss Test: 29.93600845336914
Epoch 10800, Loss Total: 56.17436599731445, Loss Train: 4.658289981307462e-05, Loss Test: 29.93600845336914
Epoch 10900, Loss Total: 56.17436599731445, Loss Train: 4.658289981307462e-05, Loss Test: 29.93600845336914
Epoch 11000, Loss Total: 56.17436599731445, Loss Train: 4.658289981307462e-05, Loss Test: 29.93600845336914
Epoch 11100, Loss Total: 56.17436599731445, Loss Train: 4.658289981307462e-05, Loss Test: 29.93600845336914
Epoch 11200, Loss Total: 56.17436599731445, Loss Train: 4.658289981307462e-05, Loss Test: 29.93600845336914
Epoch 11300, Loss Total: 56.17436599731445, Loss Train: 4.658289981307462e-05, Loss Test: 29.93600845336914
Epoch 11400, Loss Total: 56.17436599731445, Loss Train: 4.658289981307462e-05, Loss Test: 29.93600845336914
Epoch 11500, Loss Total: 56.17436599731445, Loss Train: 4.658289981307462e-05, Loss Test: 29.93600845336914
Epoch 11600, Loss Total: 56.17436599731445, Loss Train: 4.658289981307462e-05, Loss Test: 29.93600845336914
Epoch 11700, Loss Total: 56.17436599731445, Loss Train: 4.658289981307462e-05, Loss Test: 29.93600845336914
Epoch 11800, Loss Total: 56.17436599731445, Loss Train: 4.658289981307462e-05, Loss Test: 29.93600845336914
Epoch 11900, Loss Total: 56.17436599731445, Loss Train: 4.658289981307462e-05, Loss Test: 29.93600845336914
Epoch 12000, Loss Total: 56.17436599731445, Loss Train: 4.658289981307462e-05, Loss Test: 29.93600845336914
Epoch 12100, Loss Total: 56.17436599731445, Loss Train: 4.658289981307462e-05, Loss Test: 29.93600845336914
Epoch 12200, Loss Total: 56.17436599731445, Loss Train: 4.658289981307462e-05, Loss Test: 29.93600845336914
Epoch 12300, Loss Total: 56.17436599731445, Loss Train: 4.658289981307462e-05, Loss Test: 29.93600845336914
Epoch 12400, Loss Total: 56.17436599731445, Loss Train: 4.658289981307462e-05, Loss Test: 29.93600845336914
Epoch 12500, Loss Total: 56.17436599731445, Loss Train: 4.658289981307462e-05, Loss Test: 29.93600845336914
Epoch 12600, Loss Total: 56.17436599731445, Loss Train: 4.658289981307462e-05, Loss Test: 29.93600845336914
Epoch 12700, Loss Total: 56.17436599731445, Loss Train: 4.658289981307462e-05, Loss Test: 29.93600845336914
Epoch 12800, Loss Total: 56.17436599731445, Loss Train: 4.658289981307462e-05, Loss Test: 29.93600845336914
Epoch 12900, Loss Total: 56.17436599731445, Loss Train: 4.658289981307462e-05, Loss Test: 29.93600845336914
Epoch 13000, Loss Total: 56.17436599731445, Loss Train: 4.658289981307462e-05, Loss Test: 29.93600845336914
Epoch 13100, Loss Total: 56.17436599731445, Loss Train: 4.658289981307462e-05, Loss Test: 29.93600845336914
Epoch 13200, Loss Total: 56.17436599731445, Loss Train: 4.658289981307462e-05, Loss Test: 29.93600845336914
Epoch 13300, Loss Total: 56.17436599731445, Loss Train: 4.658289981307462e-05, Loss Test: 29.93600845336914
Epoch 13400, Loss Total: 56.17436599731445, Loss Train: 4.658289981307462e-05, Loss Test: 29.93600845336914
Epoch 13500, Loss Total: 56.17436599731445, Loss Train: 4.658289981307462e-05, Loss Test: 29.93600845336914
Epoch 13600, Loss Total: 56.17436599731445, Loss Train: 4.658289981307462e-05, Loss Test: 29.93600845336914
Epoch 13700, Loss Total: 56.17436599731445, Loss Train: 4.658289981307462e-05, Loss Test: 29.93600845336914
Epoch 13800, Loss Total: 56.17436599731445, Loss Train: 4.658289981307462e-05, Loss Test: 29.93600845336914
Epoch 13900, Loss Total: 56.17436599731445, Loss Train: 4.658289981307462e-05, Loss Test: 29.93600845336914
Epoch 14000, Loss Total: 56.17436599731445, Loss Train: 4.658289981307462e-05, Loss Test: 29.93600845336914
Epoch 14100, Loss Total: 56.17436599731445, Loss Train: 4.658289981307462e-05, Loss Test: 29.93600845336914
Epoch 14200, Loss Total: 56.17436599731445, Loss Train: 4.658289981307462e-05, Loss Test: 29.93600845336914
Epoch 14300, Loss Total: 56.17436599731445, Loss Train: 4.658289981307462e-05, Loss Test: 29.93600845336914
Epoch 14400, Loss Total: 56.17436599731445, Loss Train: 4.658289981307462e-05, Loss Test: 29.93600845336914
Epoch 14500, Loss Total: 56.17436599731445, Loss Train: 4.658289981307462e-05, Loss Test: 29.93600845336914
Epoch 14600, Loss Total: 56.17436599731445, Loss Train: 4.658289981307462e-05, Loss Test: 29.93600845336914
Epoch 14700, Loss Total: 56.17436599731445, Loss Train: 4.658289981307462e-05, Loss Test: 29.93600845336914
Epoch 14800, Loss Total: 56.17436599731445, Loss Train: 4.658289981307462e-05, Loss Test: 29.93600845336914
Epoch 14900, Loss Total: 56.17436599731445, Loss Train: 4.658289981307462e-05, Loss Test: 29.93600845336914
Epoch 15000, Loss Total: 56.17436599731445, Loss Train: 4.658289981307462e-05, Loss Test: 29.93600845336914
Epoch 15100, Loss Total: 56.17436599731445, Loss Train: 4.658289981307462e-05, Loss Test: 29.93600845336914
Epoch 15200, Loss Total: 56.17436599731445, Loss Train: 4.658289981307462e-05, Loss Test: 29.93600845336914
Epoch 15300, Loss Total: 56.17436599731445, Loss Train: 4.658289981307462e-05, Loss Test: 29.93600845336914
Epoch 15400, Loss Total: 56.17436599731445, Loss Train: 4.658289981307462e-05, Loss Test: 29.93600845336914
Epoch 15500, Loss Total: 56.17436599731445, Loss Train: 4.658289981307462e-05, Loss Test: 29.93600845336914
Epoch 15600, Loss Total: 56.17436599731445, Loss Train: 4.658289981307462e-05, Loss Test: 29.93600845336914
Epoch 15700, Loss Total: 56.17436599731445, Loss Train: 4.658289981307462e-05, Loss Test: 29.93600845336914
Epoch 15800, Loss Total: 56.17436599731445, Loss Train: 4.658289981307462e-05, Loss Test: 29.93600845336914
Epoch 15900, Loss Total: 56.17436599731445, Loss Train: 4.658289981307462e-05, Loss Test: 29.93600845336914
Epoch 16000, Loss Total: 56.17436599731445, Loss Train: 4.658289981307462e-05, Loss Test: 29.93600845336914
Epoch 16100, Loss Total: 56.17436599731445, Loss Train: 4.658289981307462e-05, Loss Test: 29.93600845336914
Epoch 16200, Loss Total: 56.17436599731445, Loss Train: 4.658289981307462e-05, Loss Test: 29.93600845336914
Epoch 16300, Loss Total: 56.17436599731445, Loss Train: 4.658289981307462e-05, Loss Test: 29.93600845336914
Epoch 16400, Loss Total: 56.17436599731445, Loss Train: 4.658289981307462e-05, Loss Test: 29.93600845336914
Epoch 16500, Loss Total: 56.17436599731445, Loss Train: 4.658289981307462e-05, Loss Test: 29.93600845336914
Epoch 16600, Loss Total: 56.17436599731445, Loss Train: 4.658289981307462e-05, Loss Test: 29.93600845336914
Epoch 16700, Loss Total: 56.17436599731445, Loss Train: 4.658289981307462e-05, Loss Test: 29.93600845336914
Epoch 16800, Loss Total: 56.17436599731445, Loss Train: 4.658289981307462e-05, Loss Test: 29.93600845336914
Epoch 16900, Loss Total: 56.17436599731445, Loss Train: 4.658289981307462e-05, Loss Test: 29.93600845336914
Epoch 17000, Loss Total: 56.17436599731445, Loss Train: 4.658289981307462e-05, Loss Test: 29.93600845336914
Epoch 17100, Loss Total: 56.17436599731445, Loss Train: 4.658289981307462e-05, Loss Test: 29.93600845336914
Epoch 17200, Loss Total: 56.17436599731445, Loss Train: 4.658289981307462e-05, Loss Test: 29.93600845336914
Epoch 17300, Loss Total: 56.17436599731445, Loss Train: 4.658289981307462e-05, Loss Test: 29.93600845336914
Epoch 17400, Loss Total: 56.17436599731445, Loss Train: 4.658289981307462e-05, Loss Test: 29.93600845336914
Epoch 17500, Loss Total: 56.17436599731445, Loss Train: 4.658289981307462e-05, Loss Test: 29.93600845336914
Epoch 17600, Loss Total: 56.17436599731445, Loss Train: 4.658289981307462e-05, Loss Test: 29.93600845336914
Epoch 17700, Loss Total: 56.17436599731445, Loss Train: 4.658289981307462e-05, Loss Test: 29.93600845336914
Epoch 17800, Loss Total: 56.17436599731445, Loss Train: 4.658289981307462e-05, Loss Test: 29.93600845336914
Epoch 17900, Loss Total: 56.17436599731445, Loss Train: 4.658289981307462e-05, Loss Test: 29.93600845336914
Epoch 18000, Loss Total: 56.17436599731445, Loss Train: 4.658289981307462e-05, Loss Test: 29.93600845336914
Epoch 18100, Loss Total: 56.17436599731445, Loss Train: 4.658289981307462e-05, Loss Test: 29.93600845336914
Epoch 18200, Loss Total: 56.17436599731445, Loss Train: 4.658289981307462e-05, Loss Test: 29.93600845336914
Epoch 18300, Loss Total: 56.17436599731445, Loss Train: 4.658289981307462e-05, Loss Test: 29.93600845336914
Epoch 18400, Loss Total: 56.17436599731445, Loss Train: 4.658289981307462e-05, Loss Test: 29.93600845336914
Epoch 18500, Loss Total: 56.17436599731445, Loss Train: 4.658289981307462e-05, Loss Test: 29.93600845336914
Epoch 18600, Loss Total: 56.17436599731445, Loss Train: 4.658289981307462e-05, Loss Test: 29.93600845336914
Epoch 18700, Loss Total: 56.17436599731445, Loss Train: 4.658289981307462e-05, Loss Test: 29.93600845336914
Epoch 18800, Loss Total: 56.17436599731445, Loss Train: 4.658289981307462e-05, Loss Test: 29.93600845336914
Epoch 18900, Loss Total: 56.17436599731445, Loss Train: 4.658289981307462e-05, Loss Test: 29.93600845336914
Epoch 19000, Loss Total: 56.17436599731445, Loss Train: 4.658289981307462e-05, Loss Test: 29.93600845336914
Epoch 19100, Loss Total: 56.17436599731445, Loss Train: 4.658289981307462e-05, Loss Test: 29.93600845336914
Epoch 19200, Loss Total: 56.17436599731445, Loss Train: 4.658289981307462e-05, Loss Test: 29.93600845336914
Epoch 19300, Loss Total: 56.17436599731445, Loss Train: 4.658289981307462e-05, Loss Test: 29.93600845336914
Epoch 19400, Loss Total: 56.17436599731445, Loss Train: 4.658289981307462e-05, Loss Test: 29.93600845336914
Epoch 19500, Loss Total: 56.17436599731445, Loss Train: 4.658289981307462e-05, Loss Test: 29.93600845336914
Epoch 19600, Loss Total: 56.17436599731445, Loss Train: 4.658289981307462e-05, Loss Test: 29.93600845336914
Epoch 19700, Loss Total: 56.17436599731445, Loss Train: 4.658289981307462e-05, Loss Test: 29.93600845336914
Epoch 19800, Loss Total: 56.17436599731445, Loss Train: 4.658289981307462e-05, Loss Test: 29.93600845336914
Epoch 19900, Loss Total: 56.17436599731445, Loss Train: 4.658289981307462e-05, Loss Test: 29.93600845336914
Added results for seed=14 and percentage=0.25
Finished task 129
